1 0.0471272 0.0471272 0
2 0.0470279 0.0470776 4.96429e-05
3 0.0444106 0.0461886 0.000889455
4 0.0513361 0.0474755 0.00143236
5 0.0449291 0.0469662 0.0012208
6 0.046507 0.0468897 0.000999714
7 0.0517018 0.0475771 0.00108925
8 0.0487951 0.0477293 0.000955526
9 0.0441456 0.0473312 0.000932035
10 0.0494029 0.0475383 0.000858996
11 0.050664 0.0478225 0.000827319
12 0.0454359 0.0476236 0.000780984
13 0.0478627 0.047642 0.000718636
14 0.0439094 0.0473754 0.000716761
15 0.0446269 0.0471921 0.000691969
16 0.0467784 0.0471663 0.000647794
17 0.0435477 0.0469534 0.000644653
18 0.0490262 0.0470686 0.000618597
19 0.0518661 0.0473211 0.000637291
20 0.0477548 0.0473428 0.000604976
21 0.0475106 0.0473508 0.000575503
22 0.0451507 0.0472508 0.000557759
23 0.0475352 0.0472631 0.000533101
24 0.0500908 0.0473809 0.000523827
25 0.0480372 0.0474072 0.000503122
26 0.0448821 0.0473101 0.000493044
27 0.0500089 0.04741 0.000484847
28 0.049124 0.0474712 0.000471203
29 0.0461986 0.0474274 0.000456777
30 0.0496413 0.0475012 0.000447417
31 0.0495188 0.0475662 0.000437611
32 0.0454491 0.0475001 0.000428849
33 0.0528549 0.0476623 0.000446202
34 0.0501993 0.047737 0.000439263
35 0.0477132 0.0477363 0.000426529
36 0.050331 0.0478084 0.000420731
37 0.048799 0.0478351 0.000410077
38 0.0472239 0.0478191 0.000399464
39 0.0496227 0.0478653 0.000391825
40 0.0490579 0.0478951 0.000383066
41 0.0511069 0.0479734 0.000381731
42 0.0501452 0.0480252 0.000376102
43 0.0460108 0.0479783 0.000370227
44 0.0535341 0.0481046 0.000383121
45 0.048876 0.0481217 0.000374902
46 0.0483248 0.0481261 0.000366688
47 0.0523619 0.0482163 0.000369947
48 0.0529624 0.0483151 0.000375413
49 0.0507874 0.0483656 0.000371118
50 0.0469434 0.0483371 0.00036473
51 0.0542125 0.0484524 0.00037561
52 0.0498379 0.048479 0.000369279
53 0.0540192 0.0485835 0.000377025
54 0.0509754 0.0486278 0.000372619
55 0.044988 0.0485616 0.00037172
56 0.0506127 0.0485983 0.000366855
57 0.044729 0.0485304 0.000366699
58 0.0460448 0.0484875 0.000362861
59 0.0518302 0.0485442 0.000361129
60 0.0497648 0.0485645 0.000355642
61 0.0512998 0.0486094 0.000352625
62 0.0467943 0.0485801 0.000348124
63 0.0461205 0.0485411 0.000344772
64 0.044861 0.0484836 0.000344179
65 0.0510818 0.0485235 0.000341192
66 0.0446952 0.0484655 0.000340953
67 0.0417343 0.0483651 0.000350532
68 0.0455557 0.0483237 0.000347801
69 0.047056 0.0483054 0.000343215
70 0.0459995 0.0482724 0.000339877
71 0.0533593 0.0483441 0.00034263
72 0.0439335 0.0482828 0.000343347
73 0.0438284 0.0482218 0.000344065
74 0.0555036 0.0483202 0.000353361
75 0.0545182 0.0484028 0.000358279
76 0.0501389 0.0484257 0.00035427
77 0.0508786 0.0484575 0.000351087
78 0.051991 0.0485028 0.000349505
79 0.0449078 0.0484573 0.000348041
80 0.0511428 0.0484909 0.000345298
81 0.0466923 0.0484687 0.000341731
82 0.0577311 0.0485817 0.000355936
83 0.0471353 0.0485642 0.000352053
84 0.0466774 0.0485418 0.000348562
85 0.0459597 0.0485114 0.000345773
86 0.0498803 0.0485273 0.0003421
87 0.0520731 0.0485681 0.000340592
88 0.0477383 0.0485586 0.000336831
89 0.0553189 0.0486346 0.000341578
90 0.0538142 0.0486921 0.000342629
91 0.0514708 0.0487227 0.000340216
92 0.0439546 0.0486709 0.000340466
93 0.0562522 0.0487524 0.00034651
94 0.0464162 0.0487275 0.000343704
95 0.0475324 0.0487149 0.000340299
96 0.0464136 0.048691 0.000337588
97 0.0504582 0.0487092 0.000334586
98 0.0490172 0.0487123 0.000331169
99 0.0483697 0.0487089 0.000327825
100 0.0551462 0.0487732 0.000330854
