1 -0.415922 -0.415922 0
2 -0.43567 -0.425796 0.00987424
3 -0.44895 -0.433514 0.0095953
4 -0.473528 -0.443517 0.0120873
5 -0.450179 -0.44485 0.00945714
6 -0.463274 -0.44792 0.00830989
7 -0.47417 -0.45167 0.00796153
8 -0.459153 -0.452606 0.00695804
9 -0.440943 -0.45131 0.00627174
10 -0.46002 -0.452181 0.00567683
11 -0.412349 -0.44856 0.00628325
12 -0.421543 -0.446308 0.00616182
13 -0.483778 -0.449191 0.00635879
14 -0.509731 -0.453515 0.00730464
15 -0.517218 -0.457762 0.00801745
16 -0.505708 -0.460758 0.00807615
17 -0.414578 -0.458042 0.00805791
18 -0.480086 -0.459267 0.00769516
19 -0.516927 -0.462301 0.00788619
20 -0.499198 -0.464146 0.00770559
21 -0.489 -0.46533 0.00742441
22 -0.47047 -0.465563 0.00708276
23 -0.445203 -0.464678 0.00682546
24 -0.430054 -0.463236 0.00669223
25 -0.457216 -0.462995 0.00642348
26 -0.45801 -0.462803 0.00617445
27 -0.441652 -0.46202 0.00599279
28 -0.391676 -0.459507 0.0062976
29 -0.446921 -0.459073 0.00609204
30 -0.50354 -0.460556 0.00606924
31 -0.511056 -0.462185 0.00609204
32 -0.453663 -0.461918 0.0059046
33 -0.440824 -0.461279 0.00575847
34 -0.445847 -0.460825 0.00560494
35 -0.374245 -0.458351 0.00597826
36 -0.416547 -0.45719 0.00592474
37 -0.504381 -0.458466 0.00590185
38 -0.419037 -0.457428 0.00583739
39 -0.393572 -0.455791 0.00591681
40 -0.445206 -0.455526 0.00577306
41 -0.40422 -0.454275 0.00576787
42 -0.375581 -0.452401 0.00593252
43 -0.352788 -0.450084 0.00623894
44 -0.392582 -0.448778 0.00623402
45 -0.34721 -0.446521 0.00649847
46 -0.40426 -0.445602 0.00642168
47 -0.43585 -0.445394 0.00628699
48 -0.368291 -0.443788 0.00636078
49 -0.390659 -0.442704 0.00632327
50 -0.371119 -0.441272 0.00635879
51 -0.35133 -0.439508 0.00647756
52 -0.361363 -0.438006 0.00652713
53 -0.383717 -0.436981 0.00648421
54 -0.369634 -0.435734 0.00648407
55 -0.407044 -0.435213 0.00638642
56 -0.419067 -0.434924 0.00627797
57 -0.410548 -0.434497 0.00618166
58 -0.425365 -0.434339 0.00607618
59 -0.403178 -0.433811 0.00599561
60 -0.392066 -0.433115 0.00593576
61 -0.407505 -0.432695 0.00585271
62 -0.408671 -0.432308 0.00577057
63 -0.427835 -0.432237 0.00567868
64 -0.448302 -0.432488 0.00559488
65 -0.480364 -0.433224 0.00555716
66 -0.506833 -0.43434 0.0055848
67 -0.495577 -0.435254 0.00557623
68 -0.51313 -0.436399 0.00561172
69 -0.521793 -0.437637 0.00566659
70 -0.462056 -0.437985 0.00559594
71 -0.443613 -0.438065 0.00551713
72 -0.45017 -0.438233 0.00544256
73 -0.425697 -0.438061 0.00537023
74 -0.453386 -0.438268 0.00530121
75 -0.476913 -0.438783 0.00525537
76 -0.464395 -0.43912 0.0051967
77 -0.438943 -0.439118 0.00512876
78 -0.44779 -0.439229 0.0050638
79 -0.429037 -0.4391 0.00500096
80 -0.477652 -0.439582 0.00496151
81 -0.53069 -0.440707 0.00502732
82 -0.519953 -0.441673 0.0050588
83 -0.453037 -0.44181 0.00499935
84 -0.425358 -0.441614 0.00494336
85 -0.409019 -0.441231 0.00489988
86 -0.443417 -0.441256 0.00484264
87 -0.401478 -0.440799 0.00480844
88 -0.413727 -0.440492 0.00476343
89 -0.452328 -0.440625 0.00471148
90 -0.396538 -0.440135 0.00468452
91 -0.390136 -0.439585 0.00466522
92 -0.383024 -0.43897 0.00465501
93 -0.4219 -0.438787 0.00460834
94 -0.425125 -0.438642 0.00456137
95 -0.390149 -0.438131 0.00454188
96 -0.36304 -0.437349 0.00456188
97 -0.412402 -0.437092 0.00452192
98 -0.449823 -0.437222 0.00447743
99 -0.433913 -0.437188 0.0044321
100 -0.441485 -0.437231 0.00438776
