-4.21362
-3.38918
-2.77985
-2.64575
-2.17169
-1.72279
-1.32967
-0.902259
-0.596998
-0.769827
-0.618067
-1.06156
-1.08554
-0.695979
-0.546976
-0.190157
-0.214656
0.164724
0.19694
1.04414
0.610663
0.563708
0.0244526
-0.224894
-0.577721
-0.090085
-0.159674
-0.133345
-0.283034
-0.160656
-0.00110813
-0.0397123
-0.0869038
0.0641127
0.0300122
0.225846
0.425538
0.504959
0.29821
0.254265
0.256183
0.579376
0.450843
0.380912
0.387479
0.212306
0.11373
0.0134496
-0.15203
0.0494367
0.105359
0.0521003
0.141749
0.167491
0.273088
-0.102381
-0.159158
-0.257888
-0.190226
0.0132995
0.0612288
0.766184
0.794958
0.549342
0.611374
0.318717
0.592912
0.592331
0.588729
0.968329
0.860156
1.09713
0.995127
0.939007
0.849913
0.863386
0.470868
0.158392
0.121711
0.114047
0.260434
0.168837
-0.126391
0.291786
0.783945
0.391603
0.139984
0.184625
0.546537
0.608369
1.056
1.03359
0.730689
0.492151
0.447901
0.502094
0.932963
0.539203
0.903281
0.771923
1.10994
1.17219
1.09179
0.840006
0.827513
0.953369
1.04648
1.2029
1.09566
1.09012
1.04382
0.83832
0.952508
1.12973
0.759757
0.304534
0.364467
0.530456
0.684548
0.486553
0.972484
1.15522
1.40307
1.4431
1.75231
1.51092
1.17092
1.44242
1.53039
1.19427
1.26836
1.58894
1.36556
0.77846
0.937057
0.723234
0.675402
0.923493
0.855013
0.825983
0.851541
0.790811
0.881747
0.811684
0.966919
0.971269
1.11272
1.02266
1.023
0.85731
1.08025
1.01786
1.29387
1.74848
1.6181
1.5203
1.2687
1.22676
1.59094
1.92156
1.14349
1.05833
1.25293
1.02019
1.13441
1.30565
1.4678
1.56391
1.33855
1.72804
1.16553
1.39108
1.12165
1.34305
1.27866
1.42131
1.3662
1.52382
1.51166
1.8635
2.04051
2.08545
2.26268
2.51515
1.8261
2.46491
2.6836
2.24021
1.9057
2.04274
2.0745
1.96813
1.83298
1.45219
2.09768
2.02192
2.52082
1.91664
1.8638
1.92876
1.63162
1.70888
1.61634
1.71568
1.57185
1.43202
1.29498
1.5039
1.54679
1.59576
1.24593
1.53585
1.83065
2.08683
2.15778
2.12208
1.87009
2.08293
1.85146
1.48283
1.5768
1.34053
1.48849
1.40102
1.55802
1.74506
1.61219
2.16409
2.1416
2.14044
2.20771
2.54681
2.57557
2.57095
2.66446
2.22258
2.42165
2.97637
3.38023
3.38295
3.05531
2.53748
1.95302
1.97584
2.22558
2.18704
1.6497
1.22734
1.75288
1.5634
2.1043
2.10914
2.21377
1.86065
1.54434
1.57721
1.87711
2.19336
1.71685
1.36781
1.42555
1.20517
1.45701
2.08624
1.85428
2.15004
1.83763
2.11997
1.95206
1.87387
2.00782
2.05103
2.2759
2.02545
1.94802
1.95952
1.87169
2.05848
2.31835
2.18824
1.96763
2.19319
2.32094
1.61018
1.40713
1.41437
1.57363
1.87258
1.8372
1.41985
1.94181
1.79021
2.32268
2.04886
2.10207
1.73297
2.03296
1.90759
1.80588
1.60807
1.97994
1.8105
1.48185
2.05909
1.86854
1.38467
1.61002
1.92041
2.2468
2.36561
2.67593
2.38811
1.83514
1.95502
2.08795
1.72286
1.4962
1.32578
1.41147
1.55437
2.14705
1.90516
2.53839
2.3053
2.18639
2.22243
2.22688
1.9418
1.88615
2.06055
1.82146
1.49226
1.74782
1.95233
1.87291
1.93009
1.78552
2.00818
1.74518
1.3945
0.956361
1.54225
1.47717
1.81326
1.54801
1.64189
1.92747
2.06137
1.90456
1.54432
1.42547
1.57429
1.55852
2.09105
2.21055
2.2741
2.45329
2.2809
2.54181
2.49241
2.1912
2.214
2.31816
2.89583
2.53737
2.35299
2.71171
2.26773
2.29885
2.37399
2.35064
2.62829
2.40821
1.88576
2.18867
1.80879
1.63082
1.70873
2.21794
2.08098
2.2893
2.36387
2.18098
2.09446
1.87571
1.53365
1.43991
2.13687
1.75012
1.79873
2.01934
2.393
2.35509
2.05759
2.19035
1.65087
1.72821
1.46519
1.21632
1.23454
1.45867
1.76068
1.55532
1.17843
1.24941
1.28834
1.09499
1.30669
1.27386
1.20342
1.21183
1.47162
2.1054
2.05946
2.24409
1.92934
2.74508
2.3875
2.61983
2.28256
1.86018
1.78449
1.96301
1.97566
2.17932
2.54814
2.83102
3.05924
3.24833
2.88606
2.46776
2.7525
2.77077
2.83047
2.71549
2.62917
2.84468
2.70051
2.63553
2.43816
2.11096
1.76413
1.17434
1.28876
1.78104
1.48512
1.9494
1.45998
1.88258
1.98251
2.25304
1.99814
1.95926
1.86688
1.80186
1.63963
1.81785
2.14324
1.60789
1.48934
1.44903
1.60318
1.63564
1.68379
1.35646
1.5471
1.28837
1.53839
1.33993
1.34884
1.84531
1.44797
1.70054
1.83619
1.92499
2.0119
2.20236
2.06739
1.69836
1.99377
2.0838
2.14905
2.05378
2.22651
2.30422
2.29643
2.13729
1.77877
2.08237
1.9686
1.3921
1.72528
1.46072
1.40981
1.49415
1.4775
1.4335
1.77781
1.54782
1.79977
