-0.208286
-0.376928
-0.454272
-0.401888
-0.340057
-0.451138
-0.50749
-0.483139
-0.479864
-0.417285
-0.376042
-0.433378
-0.388666
-0.343783
-0.36211
-0.391506
-0.386074
-0.438802
-0.465866
-0.337123
-0.384312
-0.486807
-0.442194
-0.36281
-0.486762
-0.514245
-0.495958
-0.476474
-0.43672
-0.464651
-0.458043
-0.404866
-0.408742
-0.381281
-0.390432
-0.44696
-0.458942
-0.431577
-0.380619
-0.36976
-0.426065
-0.496509
-0.440101
-0.419521
-0.460187
-0.458041
-0.416677
-0.392179
-0.488503
-0.487803
-0.371946
-0.460477
-0.44604
-0.322187
-0.360984
-0.425758
-0.42847
-0.414303
-0.453234
-0.487319
-0.474216
-0.4364
-0.406557
-0.458006
-0.360758
-0.395971
-0.367795
-0.390051
-0.42995
-0.482775
-0.436593
-0.486724
-0.494773
-0.495408
-0.447845
-0.475043
-0.420188
-0.367322
-0.450084
-0.401971
-0.416035
-0.372411
-0.468289
-0.437462
-0.421104
-0.478714
-0.436778
-0.471513
-0.456819
-0.439404
-0.438697
-0.436437
-0.480533
-0.521557
-0.571098
-0.527151
-0.540484
-0.505512
-0.478303
-0.452314
-0.376694
-0.342755
-0.349158
-0.324101
-0.398535
-0.426676
-0.386958
-0.353473
-0.360027
-0.405557
-0.40286
-0.368106
-0.351426
-0.385718
-0.383627
-0.431171
-0.421891
-0.422104
-0.375777
-0.366275
-0.436827
-0.406205
-0.367256
-0.377273
-0.39689
-0.395417
-0.39014
-0.36002
-0.441144
-0.421738
-0.433618
-0.375475
-0.380305
-0.407749
-0.373149
-0.469825
-0.440725
-0.418031
-0.453443
-0.426709
-0.425581
-0.382139
-0.37837
-0.355218
-0.410813
-0.395807
-0.385867
-0.369219
-0.464638
-0.479966
-0.461507
-0.409144
-0.452483
-0.400336
-0.384303
-0.384119
-0.387448
-0.363111
-0.368364
-0.412166
-0.429221
-0.463985
-0.459139
-0.463003
-0.40672
-0.34791
-0.32853
-0.326364
-0.387215
-0.326778
-0.401635
-0.411894
-0.440357
-0.396978
-0.446115
-0.463302
-0.457758
-0.432902
-0.498481
-0.492631
-0.402825
-0.420509
-0.454511
-0.402284
-0.401684
-0.374987
-0.440762
-0.44232
-0.499643
-0.427028
-0.443033
-0.458874
-0.420698
-0.477485
-0.464607
-0.427543
-0.407963
-0.379681
-0.384859
-0.431668
-0.366148
-0.447147
-0.440993
-0.457638
-0.457876
-0.51507
-0.443523
-0.419553
-0.442117
-0.417736
-0.444168
-0.398416
-0.365006
-0.383327
-0.37534
-0.444036
-0.463834
-0.45598
-0.485842
-0.462951
-0.495723
-0.484384
-0.502538
-0.453886
-0.436636
-0.415327
-0.376261
-0.394824
-0.414063
-0.390458
-0.428193
-0.419029
-0.396854
-0.3714
-0.371541
-0.357352
-0.41424
-0.396392
-0.363115
-0.364597
-0.435296
-0.392911
-0.414741
-0.439144
-0.418705
-0.432845
-0.424811
-0.484457
-0.412282
-0.386452
-0.468822
-0.410664
-0.384005
-0.468943
-0.469857
-0.442475
-0.445586
-0.462904
-0.424732
-0.475408
-0.472315
-0.459187
-0.508086
-0.416481
-0.561772
-0.460051
-0.405724
-0.38861
-0.431738
-0.460892
-0.440856
-0.419244
-0.448617
-0.391374
-0.45872
-0.391776
-0.39898
-0.341377
-0.375555
-0.425901
-0.400138
-0.395043
-0.417495
-0.419035
-0.468108
-0.423761
-0.412534
-0.435251
-0.341298
-0.316002
-0.376857
-0.460832
-0.353506
-0.406533
-0.367423
-0.385562
-0.40573
-0.372133
-0.303259
-0.342546
-0.368713
-0.395017
-0.35693
-0.381625
-0.43253
-0.395561
-0.346581
-0.364988
-0.349469
-0.326429
-0.446492
-0.493381
-0.419117
-0.539993
-0.494351
-0.486279
-0.357797
-0.326656
-0.379274
-0.40993
-0.477403
-0.497122
-0.378226
-0.353262
-0.350714
-0.359018
-0.367474
-0.376098
-0.363171
-0.358307
-0.291951
-0.430631
-0.42236
-0.388395
-0.425171
-0.415409
-0.405126
-0.40887
-0.486917
-0.460841
-0.414629
-0.386484
-0.38529
-0.383725
-0.442751
-0.427719
-0.406975
-0.373832
-0.408798
-0.405386
-0.392507
-0.394912
-0.378767
-0.382949
-0.319628
-0.364013
-0.435567
-0.355907
-0.349446
-0.339853
-0.390782
-0.361482
-0.360663
-0.312039
-0.32166
-0.352601
-0.392181
-0.44753
-0.45783
-0.446746
-0.43569
-0.37441
-0.32187
-0.403124
-0.408685
-0.421637
-0.445182
-0.448088
-0.446331
-0.326521
-0.375537
-0.39146
-0.477261
-0.46565
-0.422136
-0.367227
-0.365439
-0.358957
-0.381402
-0.453999
-0.432588
-0.340095
-0.381775
-0.431347
-0.439445
-0.453238
-0.495719
-0.476022
-0.432787
-0.4113
-0.393588
-0.444903
-0.427829
-0.412056
-0.4555
-0.363069
-0.403408
-0.419584
-0.373295
-0.380317
-0.366369
-0.41159
-0.478837
-0.377337
-0.354371
-0.364376
-0.35072
-0.38564
-0.411599
-0.407822
-0.379712
-0.421627
-0.385911
-0.427346
-0.368931
-0.403136
-0.403809
-0.458161
-0.508365
-0.496019
-0.533008
-0.463579
-0.391488
-0.393655
-0.485595
-0.42428
-0.415162
-0.412079
-0.468478
-0.415498
-0.404882
-0.392752
-0.386496
-0.47245
-0.467031
-0.406151
-0.374899
-0.390162
-0.40021
-0.400802
-0.399805
-0.376754
-0.426854
-0.442256
-0.41306
-0.414866
-0.461681
-0.403256
-0.402499
-0.396705
-0.42272
-0.427409
-0.399744
-0.367179
-0.480888
-0.456098
-0.426619
-0.39927
-0.366946
-0.351531
-0.327203
-0.348569
-0.354832
-0.42214
-0.307732
-0.343627
-0.392912
-0.407133
-0.329153
-0.343126
-0.37433
-0.396366
-0.418116
-0.483851
-0.404364
-0.470893
-0.395326
-0.396165
-0.36814
-0.484387
-0.429952
-0.34567
-0.370959
-0.414167
-0.419807
-0.448407
-0.431066
-0.444098
-0.404254
-0.364167
