0.0582002
0.0443912
0.050165
0.0444283
0.0474285
0.0424256
0.0408186
0.0405751
0.0527821
0.0570695
0.0587166
0.0411351
0.0482433
0.043211
0.0452826
0.0427233
0.0443764
0.0581238
0.050144
0.0620079
0.0451813
0.0615559
0.0673872
0.0528591
0.0427898
0.0413105
0.0529536
0.0476225
0.0389522
0.0386067
0.0454499
0.045796
0.0430113
0.0529349
0.0622084
0.0429569
0.0505054
0.0422079
0.0545059
0.0548993
0.0686254
0.0646805
0.048775
0.0513652
0.050147
0.0551663
0.0607251
0.0496895
0.0503391
0.0617842
0.0642276
0.0528324
0.056698
0.0603555
0.0634525
0.0475362
0.047577
0.0464125
0.0411721
0.0566897
0.0508841
0.0545212
0.040602
0.0415584
0.0415284
0.0422103
0.0596968
0.0448881
0.0402798
0.0468334
0.0483783
0.0537211
0.0489674
0.0565136
0.0565636
0.0474705
0.0470393
0.0576027
0.0473082
0.040902
0.0471047
0.048233
0.0465263
0.0582652
0.0497172
0.0505487
0.0598277
0.0537969
0.0537257
0.0544051
0.0421549
0.0548668
0.0534577
0.0412369
0.0487682
0.0417375
0.0393983
0.0429049
0.0375122
0.0422716
0.0406006
0.055662
0.0469425
0.0415759
0.0520199
0.0681592
0.0469156
0.0510648
0.0389096
0.0337973
0.0500741
0.0511858
0.0657214
0.0478593
0.0514732
0.0366311
0.0339358
0.041902
0.043641
0.0514744
0.0330684
0.0386861
0.0480015
0.0652845
0.0526606
0.0494954
0.0487853
0.0524839
0.042821
0.0470631
0.0435832
0.0587548
0.0528659
0.0612536
0.0453044
0.0505605
0.0476464
0.0530359
0.0407583
0.0499913
0.0451446
0.0552468
0.0485735
0.0458273
0.059447
0.0754039
0.0789537
0.046267
0.0467674
0.0456223
0.0474716
0.0600934
0.0479331
0.0423463
0.0442646
0.0458448
0.0419553
0.0466108
0.0378518
0.0418418
0.0423683
0.0551161
0.0812345
0.0600143
0.051596
0.0453634
0.0451957
0.073863
0.0659799
0.0632869
0.053062
0.0529218
0.0418083
0.055062
0.0448516
0.0310816
0.0395392
0.0523124
0.0429024
0.0408108
0.0579012
0.0537839
0.0356423
0.0396569
0.0456088
0.0467388
0.0394275
0.0576832
0.0463472
0.0395137
0.0410345
0.0490807
0.0404026
0.0420212
0.0505918
0.0555138
0.0501729
0.0514786
0.0513599
0.0572009
0.051993
0.0474545
0.0482355
0.0459432
0.0434124
0.0434688
0.0482542
0.0456988
0.0355278
0.0474958
0.0368463
0.0473173
0.059711
0.0538064
0.0604138
0.0555512
0.040664
0.0401221
0.0457638
0.0470575
0.0324421
0.0519615
0.0495354
0.0429373
0.0550914
0.0503449
0.0498029
0.0575947
0.0538654
0.0502113
0.0591264
0.0626584
0.0569633
0.0572817
0.049488
0.0475863
0.0534518
0.0394646
0.0464392
0.0509698
0.049819
0.0435533
0.0440443
0.0414621
0.0371293
0.0374581
0.0450695
0.0417541
0.0475863
0.0578852
0.0584705
0.0477092
0.0527694
0.0458145
0.0377941
0.0403354
0.054555
0.040117
0.0458438
0.0470583
0.0451021
0.0463002
0.0595438
0.0535916
0.041975
0.0432202
0.0677301
0.0417631
0.0385189
0.0401968
0.0421662
0.0405751
0.0467514
0.0524029
0.0401507
0.0420119
0.0510909
0.0430807
0.039237
0.0443068
0.0405015
0.0444403
0.0519928
0.0444737
0.0612403
0.0449546
0.0397711
0.0422936
0.0610689
0.0595295
0.0480121
0.0493937
0.0547341
0.0412665
0.0536451
0.0403818
0.0449009
0.0422249
0.0529962
0.0574855
0.0549251
0.052707
0.0587873
0.0422122
0.0486843
0.0405494
0.0443816
0.0520597
0.0487581
0.0517256
0.0524476
0.0469244
0.0592221
0.0463628
0.0364664
0.0406539
0.043663
0.0504352
0.046608
0.0417632
0.0393069
0.0358416
0.036697
0.0451393
0.0460784
0.0549348
0.0468729
0.0431602
0.0514015
0.0432722
0.0517998
0.0407374
0.0512812
0.0470475
0.0536139
0.0462808
0.0495288
0.0440923
0.036649
0.0403571
0.048022
0.0461098
0.037067
0.0521342
0.0536895
0.0445334
0.0426028
0.048922
0.0544368
0.0517979
0.0632653
0.0504273
0.0596224
0.0473477
0.0434607
0.0564833
0.0354264
0.0405521
0.0479662
0.0533618
0.0493271
0.0432291
0.0380574
0.0403291
0.0403628
0.0630857
0.0591238
0.0558885
0.0517658
0.0517776
0.0481266
0.0560516
0.0493247
0.0508678
0.0469008
0.0544932
0.0472762
0.0624372
0.0553019
0.0546193
0.0432022
0.0521164
0.0544924
0.0578886
0.0444199
0.0429481
0.0392297
0.0521361
0.0532725
0.0604886
0.0512349
0.0644189
0.0647363
0.0450823
0.0588247
0.0538032
0.0415985
0.0496453
0.0430773
0.0407496
0.0431923
0.0423253
0.0408828
0.050261
0.0458546
0.0516747
0.0432014
0.0468318
0.045519
0.0373482
0.0513861
0.0522269
0.0438838
0.0422107
0.0601694
0.0463089
0.0477515
0.0675616
0.0535772
0.0476281
0.0574867
0.0556444
0.0493328
0.0557417
0.0481207
0.0397396
0.0458919
0.0515809
0.0370179
0.0547567
0.0469005
0.0493283
0.0539401
0.0598591
0.0425032
0.0455269
0.0462858
0.0423482
0.042005
0.0459772
0.0436306
0.0449876
0.0433312
0.0521588
0.0551147
0.0517351
0.0413146
0.0578065
0.044217
0.0415485
0.0503127
0.0364632
0.052611
0.0468419
0.0501331
0.0480055
0.0507109
0.0483253
0.0416802
0.0361846
0.0412996
0.0449373
0.0568973
0.0597979
0.0506729
0.0429417
0.0487308
0.0447183
0.0615205
0.060164
0.0692352
0.0664317
0.0603828
0.0666363
0.0541448
0.0621501
0.0615116
0.058474
0.0599602
0.0492027
0.0425299
0.0509345
0.0430458
0.0535352
0.0456133
0.0370217
0.0429157
0.0395305
0.0437582
0.0435009
0.0491444
0.048569
0.0437279
0.0475622
0.0547825
0.0498802
0.0598995
0.0582942
0.0566098
0.0517134
