-7.59783
-7.44674
-7.40462
-7.31978
-7.25087
-7.12101
-7.11474
-7.08855
-6.99147
-6.91474
-6.91393
-6.95117
-6.9516
-6.98989
-6.98142
-6.90464
-6.8754
-6.75116
-6.7233
-6.57595
-6.69119
-6.63958
-6.70992
-6.7546
-6.79888
-6.72653
-6.7042
-6.71798
-6.74271
-6.72986
-6.71546
-6.70963
-6.71556
-6.76915
-6.79301
-6.75535
-6.77539
-6.76532
-6.8071
-6.88448
-6.84788
-6.7939
-6.78401
-6.82399
-6.87321
-6.84843
-6.77497
-6.79641
-6.77905
-6.72325
-6.7159
-6.77735
-6.75386
-6.67602
-6.74524
-6.81614
-6.94601
-6.87317
-6.91444
-6.84334
-6.89744
-6.85201
-6.81366
-6.7468
-6.64851
-6.63208
-6.63225
-6.63012
-6.68261
-6.66382
-6.69855
-6.68828
-6.71469
-6.77426
-6.81323
-6.77608
-6.76764
-6.84131
-6.88867
-6.89764
-6.91945
-6.90726
-6.89054
-6.83923
-6.74477
-6.75274
-6.792
-6.78779
-6.80555
-6.79289
-6.7938
-6.76752
-6.78558
-6.75525
-6.75727
-6.74219
-6.68088
-6.70088
-6.68547
-6.75324
-6.66806
-6.63282
-6.61568
-6.62487
-6.67393
-6.69681
-6.70395
-6.66821
-6.72057
-6.66853
-6.69064
-6.77131
-6.77755
-6.72799
-6.74729
-6.79259
-6.83028
-6.77201
-6.78953
-6.74837
-6.60868
-6.69975
-6.67326
-6.65533
-6.69785
-6.76594
-6.79382
-6.75152
-6.73261
-6.88911
-6.86086
-6.79762
-6.81877
-6.8713
-6.75437
-6.76051
-6.76704
-6.75527
-6.73506
-6.68492
-6.74252
-6.76005
-6.72355
-6.72722
-6.71588
-6.68527
-6.65457
-6.68291
-6.73847
-6.73771
-6.70196
-6.70702
-6.72327
-6.70837
-6.75638
-6.76156
-6.70426
-6.78132
-6.67854
-6.65987
-6.73999
-6.7469
-6.67898
-6.71525
-6.68857
-6.64933
-6.61447
-6.59859
-6.6763
-6.65884
-6.67978
-6.66093
-6.71199
-6.72762
-6.78728
-6.73144
-6.76258
-6.81386
-6.76429
-6.75241
-6.75987
-6.82316
-6.78228
-6.73113
-6.78043
-6.76416
-6.71012
-6.73147
-6.69482
-6.71579
-6.65608
-6.60513
-6.67699
-6.80614
-6.74567
-6.7544
-6.67338
-6.8009
-6.79999
-6.77874
-6.76865
-6.71833
-6.7474
-6.78435
-6.81943
-6.77331
-6.72484
-6.66179
-6.67641
-6.69373
-6.77033
-6.67865
-6.65369
-6.59956
-6.53308
-6.63824
-6.70774
-6.64613
-6.7413
-6.82339
-6.81858
-6.84067
-6.82534
-6.78522
-6.80169
-6.79283
-6.77834
-6.78373
-6.73894
-6.68408
-6.65227
-6.69114
-6.6614
-6.69672
-6.73017
-6.72513
-6.71152
-6.62464
-6.54042
-6.57926
-6.63145
-6.65508
-6.71555
-6.70012
-6.64997
-6.59105
-6.51681
-6.60174
-6.51665
-6.5989
-6.50855
-6.54345
-6.5978
-6.64507
-6.74738
-6.73568
-6.68431
-6.73437
-6.83856
-6.88744
-6.92835
-6.92664
-6.89803
-6.86859
-6.79869
-6.75936
-6.75837
-6.73076
-6.72655
-6.69044
-6.60704
-6.67717
-6.73974
-6.74049
-6.70263
-6.67967
-6.71792
-6.68997
-6.5694
-6.52444
-6.559
-6.62852
-6.58613
-6.64426
-6.71803
-6.62207
-6.65169
-6.61754
-6.59478
-6.63178
-6.61001
-6.67556
-6.67279
-6.64748
-6.67551
-6.61153
-6.64353
-6.5861
-6.57743
-6.61321
-6.6232
-6.61471
-6.65584
-6.56798
-6.60151
-6.63169
-6.61284
-6.46343
-6.40731
-6.43285
-6.41932
-6.43204
-6.51017
-6.49849
-6.45921
-6.56108
-6.61141
-6.64932
-6.64861
-6.67156
-6.70535
-6.67962
-6.65604
-6.66967
-6.68924
-6.6304
-6.64071
-6.66173
-6.62241
-6.61515
-6.67689
-6.74059
-6.71825
-6.7143
-6.65568
-6.57805
-6.5483
-6.56218
-6.52089
-6.59041
-6.63977
-6.62381
-6.7037
-6.68447
-6.68559
-6.70014
-6.61269
-6.63431
-6.75709
-6.75753
-6.74575
-6.78366
-6.71306
-6.66568
-6.61445
-6.66861
-6.61033
-6.61565
-6.62128
-6.65277
-6.63827
-6.50873
-6.62059
-6.63663
-6.71064
-6.69939
-6.57668
-6.68535
-6.69673
-6.6494
-6.65543
-6.65365
-6.68394
-6.69542
-6.6435
-6.62163
-6.66191
-6.62446
-6.72698
-6.69535
-6.73742
-6.72076
-6.68022
-6.71385
-6.73813
-6.77467
-6.70888
-6.71767
-6.73671
-6.69938
-6.74757
-6.71349
-6.665
-6.65559
-6.60777
-6.65161
-6.72012
-6.72882
-6.81553
-6.77214
-6.77701
-6.74938
-6.72764
-6.75612
-6.77541
-6.74984
-6.77849
-6.76353
-6.78774
-6.81484
-6.79474
-6.80493
-6.78327
-6.82845
-6.76422
-6.73813
-6.59158
-6.65004
-6.7031
-6.71742
-6.78488
-6.89266
-6.79558
-6.76171
-6.7935
-6.82992
-6.73716
-6.74545
-6.70497
-6.73241
-6.72388
-6.6918
-6.66644
-6.62915
-6.74273
-6.80992
-6.72679
-6.69871
-6.67835
-6.70894
-6.73159
-6.75318
-6.83285
-6.82145
-6.72576
-6.773
-6.72306
-6.78201
-6.74688
-6.77304
-6.72784
-6.74741
-6.74399
-6.6733
-6.65441
-6.63424
-6.63945
-6.55936
-6.68832
-6.70129
-6.63086
-6.63146
-6.66482
-6.72568
-6.72289
-6.78405
-6.79361
-6.76012
-6.75936
-6.77153
-6.66621
-6.66333
-6.64715
-6.60928
-6.61752
-6.62878
-6.63298
-6.6935
-6.71039
-6.68089
-6.71742
-6.77672
-6.801
-6.70116
-6.73088
-6.7388
-6.66251
-6.73582
-6.7
-6.61523
-6.70829
-6.68166
-6.68067
-6.71959
-6.72893
-6.69042
-6.7995
-6.75493
-6.78067
-6.79537
