1 1.6947 1.6947 0
2 1.70042 1.69756 0.0028594
3 1.62671 1.67395 0.023674
4 1.66665 1.67212 0.0168393
5 1.62385 1.66247 0.0162281
6 1.66839 1.66345 0.013287
7 1.64752 1.66118 0.011458
8 1.65207 1.66004 0.00998802
9 1.66353 1.66043 0.00881714
10 1.67077 1.66146 0.00795388
11 1.68375 1.66349 0.00747439
12 1.66762 1.66383 0.00683182
13 1.69634 1.66633 0.00676357
14 1.62252 1.6632 0.00700026
15 1.66409 1.66326 0.00651716
16 1.62331 1.66077 0.00658783
17 1.71866 1.66417 0.0070634
18 1.6247 1.66198 0.00701119
19 1.67729 1.66278 0.00668073
20 1.63921 1.66161 0.00644655
21 1.59931 1.65864 0.00681171
22 1.67158 1.65923 0.00652128
23 1.60768 1.65699 0.00662215
24 1.63862 1.65622 0.00638626
25 1.66133 1.65642 0.0061289
26 1.62169 1.65509 0.0060381
27 1.69134 1.65643 0.00596328
28 1.65909 1.65653 0.00574715
29 1.63861 1.65591 0.00557976
30 1.64699 1.65561 0.00539875
31 1.63997 1.65511 0.005246
32 1.61197 1.65376 0.00525525
33 1.64037 1.65335 0.00510963
34 1.67312 1.65393 0.00499104
35 1.69623 1.65514 0.00499474
36 1.6589 1.65525 0.00485514
37 1.66187 1.65543 0.00472549
38 1.64461 1.65514 0.00460825
39 1.63027 1.6545 0.0045336
40 1.62909 1.65387 0.00446426
41 1.67285 1.65433 0.00437856
42 1.70534 1.65555 0.00444225
43 1.6457 1.65532 0.00434375
44 1.66113 1.65545 0.00424594
45 1.63875 1.65508 0.00416707
46 1.62296 1.65438 0.00413486
47 1.56106 1.65239 0.0045069
48 1.65223 1.65239 0.00441201
49 1.65747 1.65249 0.00432227
50 1.67324 1.65291 0.00425523
51 1.68675 1.65357 0.00422339
52 1.65871 1.65367 0.00414256
53 1.61431 1.65293 0.00413094
54 1.65111 1.6529 0.00405386
55 1.67937 1.65338 0.00400848
56 1.6914 1.65406 0.00399439
57 1.66931 1.65432 0.0039328
58 1.71437 1.65536 0.00400065
59 1.65977 1.65543 0.00393297
60 1.65862 1.65549 0.00386723
61 1.66884 1.65571 0.0038096
62 1.64457 1.65553 0.00375195
63 1.64883 1.65542 0.00369344
64 1.64098 1.65519 0.00364227
65 1.60101 1.65436 0.0036814
66 1.6589 1.65443 0.00362584
67 1.6196 1.65391 0.00360894
68 1.63098 1.65357 0.00357144
69 1.61237 1.65297 0.00356959
70 1.64686 1.65289 0.00351931
71 1.64991 1.65285 0.00346965
72 1.67995 1.65322 0.00344176
73 1.64798 1.65315 0.00339505
74 1.70826 1.6539 0.00343067
75 1.66532 1.65405 0.00338805
76 1.69586 1.6546 0.00338815
77 1.66857 1.65478 0.00334877
78 1.64063 1.6546 0.00331054
79 1.68601 1.655 0.00329247
80 1.69819 1.65554 0.00329559
81 1.70256 1.65612 0.00330603
82 1.64889 1.65603 0.00326665
83 1.68734 1.6564 0.00324904
84 1.65605 1.6564 0.00321013
85 1.65895 1.65643 0.00317228
86 1.67779 1.65668 0.00314499
87 1.64395 1.65653 0.00311208
88 1.64391 1.65639 0.00307985
89 1.70194 1.6569 0.00308776
90 1.69872 1.65737 0.00308841
91 1.66642 1.65747 0.0030559
92 1.61511 1.657 0.00305736
93 1.6786 1.65724 0.00303321
94 1.61392 1.65678 0.00303593
95 1.68193 1.65704 0.00301546
96 1.69789 1.65747 0.00301407
97 1.66734 1.65757 0.00298457
98 1.63536 1.65734 0.00296264
99 1.68838 1.65766 0.00294927
100 1.61693 1.65725 0.00294789
