1 1.92318 1.92318 0
2 1.94686 1.93502 0.0118418
3 2.37777 2.08261 0.147743
4 2.31291 2.14018 0.119286
5 2.23551 2.15925 0.0943448
6 2.15939 2.15927 0.0770322
7 2.26586 2.1745 0.0668609
8 2.27389 2.18692 0.0592212
9 2.04751 2.17143 0.054477
10 2.01863 2.15615 0.0510654
11 2.16235 2.15671 0.0461939
12 2.24514 2.16408 0.0428081
13 2.02667 2.15351 0.0407716
14 2.50827 2.17885 0.0454636
15 2.03926 2.16955 0.0433353
16 2.34301 2.18039 0.0419612
17 1.77821 2.15673 0.0459704
18 2.45184 2.17313 0.0463386
19 2.29899 2.17975 0.0443296
20 2.25655 2.18359 0.0422297
21 2.28093 2.18823 0.040435
22 2.06603 2.18267 0.0389514
23 2.52391 2.19751 0.0400674
24 2.2412 2.19933 0.0384048
25 2.08006 2.19456 0.0371442
26 2.26785 2.19738 0.0357982
27 2.13056 2.1949 0.0345356
28 2.21003 2.19544 0.0332837
29 2.23513 2.19681 0.0321447
30 2.21187 2.19731 0.0310587
31 2.46151 2.20583 0.0312257
32 2.4424 2.21323 0.0311248
33 2.26528 2.2148 0.0302081
34 2.06905 2.21052 0.029618
35 1.95652 2.20326 0.0296609
36 2.09926 2.20037 0.0289696
37 2.21742 2.20083 0.0281795
38 2.37867 2.20551 0.0278243
39 2.40819 2.21071 0.0275953
40 2.34591 2.21409 0.0271081
41 2.08561 2.21096 0.0266237
42 2.01024 2.20618 0.0264179
43 2.20493 2.20615 0.0257962
44 2.23866 2.20689 0.025214
45 2.14193 2.20544 0.0246895
46 2.2601 2.20663 0.024176
47 2.55152 2.21397 0.024768
48 2.05546 2.21067 0.0244704
49 2.16958 2.20983 0.0239805
50 2.08878 2.20741 0.0236204
51 1.93936 2.20215 0.0237417
52 2.19106 2.20194 0.0232816
53 2.2451 2.20275 0.0228526
54 2.3225 2.20497 0.0225348
55 1.92758 2.19993 0.0226889
56 1.9516 2.19549 0.0227171
57 2.10205 2.19385 0.0223751
58 1.86926 2.18826 0.022687
59 2.0265 2.18551 0.0224671
60 2.1352 2.18468 0.0221054
61 2.05397 2.18253 0.0218453
62 2.23535 2.18339 0.021507
63 2.28282 2.18496 0.0212216
64 2.13166 2.18413 0.020904
65 2.45781 2.18834 0.0210062
66 2.20042 2.18852 0.0206863
67 2.26086 2.1896 0.0204038
68 2.23421 2.19026 0.0201122
69 2.55051 2.19548 0.0204947
70 2.27935 2.19668 0.0202353
71 2.12886 2.19572 0.0199711
72 1.84929 2.19091 0.0202711
73 2.19557 2.19098 0.0199916
74 1.86003 2.1865 0.0202204
75 2.05187 2.18471 0.0200295
76 2.02735 2.18264 0.0198724
77 2.11871 2.18181 0.0196302
78 2.24457 2.18261 0.0193936
79 2.20063 2.18284 0.0191479
80 1.99404 2.18048 0.0190537
81 1.8756 2.17672 0.0191898
82 2.13594 2.17622 0.0189608
83 2.01079 2.17423 0.0188368
84 2.08242 2.17313 0.0186432
85 2.0778 2.17201 0.0184567
86 2.1079 2.17127 0.018256
87 2.28122 2.17253 0.0180892
88 2.04224 2.17105 0.0179436
89 1.97012 2.16879 0.0178839
90 1.95114 2.16637 0.0178487
91 1.9677 2.16419 0.017786
92 2.40145 2.16677 0.0177796
93 1.99749 2.16495 0.0176813
94 2.38344 2.16727 0.017646
95 2.09546 2.16652 0.0174756
96 2.08504 2.16567 0.0173134
97 2.14777 2.16548 0.017135
98 2.34651 2.16733 0.0170596
99 2.01558 2.1658 0.0169558
100 2.4019 2.16816 0.0169506
