1 0.851413
2 0.735859
3 0.645944
4 0.569022
5 0.506303
6 0.452477
7 0.409984
8 0.369273
9 0.339239
10 0.312941
11 0.283007
12 0.260959
13 0.245838
14 0.230877
15 0.205571
16 0.197666
17 0.189991
18 0.16773
19 0.162375
20 0.14955
21 0.148272
22 0.135041
23 0.130127
24 0.119343
25 0.106355
26 0.108031
27 0.0905684
28 0.0945335
29 0.0815754
30 0.0862755
31 0.0819722
32 0.0707258
33 0.0719512
34 0.0641211
35 0.0514299
36 0.0531765
37 0.0514034
38 0.0605728
39 0.0488558
40 0.0451941
41 0.0419132
42 0.0461043
43 0.0481164
44 0.0224552
45 0.0334804
46 0.0268022
47 0.0517204
48 0.0402349
49 0.0168391
50 0.0358207
51 0.0342205
52 0.0217645
53 0.0288956
54 0.0336488
55 0.0368178
56 0.0342543
57 0.0399512
58 0.00819276
59 0.0232744
60 0.0217823
61 0.0226004
62 -0.00229776
63 0.0370924
64 0.00842783
65 0.0343537
66 0.0337132
67 0.024076
68 0.0184443
69 0.0320588
70 0.0188414
71 -0.018207
72 0.00777447
73 0.00235676
74 -0.00115676
75 0.0252699
76 0.0131273
77 0.019128
78 0.0167246
79 0.0341254
80 0.0244828
81 0.00685011
82 -0.0134672
83 -0.00325173
84 0.0128068
85 0.000870964
86 0.00081063
87 0.0246297
88 0.00897528
89 0.00789681
90 0.0185877
91 0.024061
92 0.0247278
93 0.00376278
94 0.00790733
95 0.0192924
96 0.00940215
97 -0.00188232
98 0.000754791
99 0.0247474
100 0.0296408
