1 0.851486
2 0.73665
3 0.64709
4 0.570667
5 0.508687
6 0.454604
7 0.412232
8 0.373866
9 0.342188
10 0.316003
11 0.287223
12 0.266209
13 0.250075
14 0.232288
15 0.208234
16 0.200403
17 0.191776
18 0.16804
19 0.16283
20 0.150915
21 0.148229
22 0.138098
23 0.127142
24 0.124496
25 0.106506
26 0.108564
27 0.0893231
28 0.0915556
29 0.0797709
30 0.0856753
31 0.0730073
32 0.0653902
33 0.0733815
34 0.0581456
35 0.0494706
36 0.0470362
37 0.0583891
38 0.0539123
39 0.0476149
40 0.0364667
41 0.0399652
42 0.0376157
43 0.0419625
44 0.0178512
45 0.0299842
46 0.0286112
47 0.0451735
48 0.0296385
49 0.00750359
50 0.0181781
51 0.0184895
52 0.0185856
53 0.00513486
54 0.0239134
55 0.0173742
56 0.0216934
57 0.0266203
58 -0.00632734
59 0.0115562
60 0.0172657
61 0.00172885
62 -0.0188791
63 0.0219688
64 -0.00655566
65 0.0295001
66 0.0097499
67 0.00721535
68 0.0135262
69 0.0344903
70 0.0199023
71 -0.00477152
72 -0.0109098
73 -0.0121849
74 0.0124639
75 -0.00152518
76 -0.0124066
77 0.00673276
78 0.00860061
79 0.030404
80 0.00968404
81 -0.0073368
82 -0.0338802
83 0.00197614
84 -0.00956379
85 -0.0200721
86 -0.017551
87 0.0100518
88 -0.0229012
89 -0.021528
90 -0.0163412
91 0.00192416
92 -0.00848281
93 -0.0197873
94 -0.01172
95 0.00526029
96 -0.0151504
97 -0.00523479
98 -0.0198902
99 -0.0138297
100 0.0129096
