10 0.00180211
20 0.00222152
30 0.00245404
40 0.00259827
50 0.002712
60 0.00278479
70 0.00285666
80 0.00289771
90 0.0029338
100 0.00295185
110 0.00298918
120 0.00302061
130 0.00305019
140 0.00306072
150 0.00305764
160 0.00306001
170 0.00311542
180 0.00312959
190 0.00308657
200 0.0031596
210 0.00314684
220 0.00313625
230 0.00313396
240 0.00320107
250 0.00312867
260 0.00325018
270 0.00321106
280 0.00318635
290 0.00320188
300 0.00324155
310 0.00323509
320 0.00320351
330 0.00322856
340 0.00324706
350 0.00329979
360 0.00330992
370 0.00325809
380 0.00321713
390 0.00329562
400 0.00327977
410 0.00324905
420 0.00324015
430 0.00326821
440 0.0032797
450 0.00323811
460 0.00324841
470 0.003195
480 0.00329001
490 0.00327835
500 0.00329937
510 0.00332252
520 0.00336745
530 0.00328488
540 0.00330554
550 0.003267
560 0.00329097
570 0.00323953
580 0.00327958
590 0.00322412
600 0.00323564
610 0.00327423
620 0.00330251
630 0.00317283
640 0.00325699
650 0.00336526
660 0.00332368
670 0.00327154
680 0.00325078
690 0.00324195
700 0.00334
710 0.00326031
720 0.00331686
730 0.00317257
740 0.00324617
750 0.00330248
760 0.00324816
770 0.00332182
780 0.00325439
790 0.00319652
800 0.00322248
810 0.00333952
820 0.00323623
830 0.0032751
840 0.00324125
850 0.00335653
860 0.00320119
870 0.0033087
880 0.00329269
890 0.00335078
900 0.00321646
910 0.00324778
920 0.00328854
930 0.00319817
940 0.00320335
950 0.00323649
960 0.00326842
970 0.00324332
980 0.00322566
990 0.00339474
1000 0.00337118
1010 0.00329853
1020 0.00329707
1030 0.00319754
1040 0.00332411
1050 0.0031623
1060 0.00323842
1070 0.00322495
1080 0.00327842
1090 0.00332612
1100 0.00328975
1110 0.00324189
1120 0.00329888
1130 0.00324363
1140 0.0032151
1150 0.0033218
1160 0.00326189
1170 0.00344623
1180 0.00322657
1190 0.00327234
1200 0.00319358
1210 0.00312796
1220 0.0031902
1230 0.00327636
1240 0.00303141
1250 0.00314709
1260 0.00326649
1270 0.00328369
1280 0.00325664
1290 0.00333037
1300 0.00330672
1310 0.00325912
1320 0.00329063
1330 0.00335957
1340 0.00331554
1350 0.00328099
1360 0.00329938
1370 0.00313944
1380 0.00322952
1390 0.00336105
1400 0.00340183
1410 0.00315118
1420 0.00331772
1430 0.00340356
1440 0.0032603
1450 0.00331542
1460 0.00316774
1470 0.00326166
1480 0.00318452
1490 0.00340155
1500 0.00334263
1510 0.00340433
1520 0.00321528
1530 0.00349185
1540 0.00340871
1550 0.00327197
1560 0.00321699
1570 0.00331321
1580 0.00330209
1590 0.00334577
1600 0.00314436
1610 0.00326981
1620 0.00325915
1630 0.00319399
1640 0.00327506
1650 0.00325942
1660 0.00338271
1670 0.00325234
1680 0.0031724
1690 0.00336251
1700 0.00335658
1710 0.0033034
1720 0.00330473
1730 0.00320663
1740 0.0033245
1750 0.00320295
1760 0.00324876
1770 0.0031704
1780 0.00320034
1790 0.00332279
1800 0.00329356
1810 0.00327227
1820 0.00310485
1830 0.00318797
1840 0.00338787
1850 0.00315793
1860 0.00332735
1870 0.00328582
1880 0.00332947
1890 0.00331297
1900 0.00321594
1910 0.00324695
1920 0.00323481
1930 0.00319357
1940 0.00328189
1950 0.00339598
1960 0.00326184
1970 0.00319537
1980 0.00321599
1990 0.00335766
2000 0.00322459
2010 0.00336957
2020 0.00332143
2030 0.0033533
2040 0.00326522
2050 0.00329841
2060 0.00312388
2070 0.00319177
2080 0.00324449
2090 0.0032958
2100 0.00315518
2110 0.00332689
2120 0.00318525
2130 0.00331441
2140 0.00326547
2150 0.00323274
2160 0.00311144
2170 0.00332356
2180 0.0032152
2190 0.00326108
2200 0.00320562
2210 0.00325394
2220 0.00332356
2230 0.00338233
2240 0.00334536
2250 0.00342317
2260 0.00317922
2270 0.00334073
2280 0.00320682
2290 0.00313287
2300 0.00323637
2310 0.00325665
2320 0.0033305
2330 0.00311561
2340 0.00335653
2350 0.00318964
2360 0.00332181
2370 0.0032687
2380 0.00321222
2390 0.00332532
2400 0.00308808
2410 0.0031962
2420 0.00322398
2430 0.00323252
2440 0.00335726
2450 0.00315507
2460 0.00322862
2470 0.00319452
2480 0.00311941
2490 0.00332466
2500 0.00331072
2510 0.00331385
2520 0.00322704
2530 0.00335596
2540 0.0034125
2550 0.00318301
2560 0.00325578
2570 0.0032704
2580 0.00319127
2590 0.0032856
2600 0.00331302
2610 0.00328233
2620 0.00316283
2630 0.00338409
2640 0.00309323
2650 0.00331126
2660 0.00342872
2670 0.00331872
2680 0.00329805
2690 0.00345663
2700 0.00311223
2710 0.00344174
2720 0.00337648
2730 0.0031036
2740 0.00326061
2750 0.00313602
2760 0.00322751
2770 0.00331245
2780 0.00336603
2790 0.00314605
2800 0.00339099
2810 0.00329175
2820 0.0031529
2830 0.00333645
2840 0.00317953
2850 0.00319436
2860 0.00333948
2870 0.00323539
2880 0.00347367
2890 0.00319571
2900 0.00343538
2910 0.00330806
2920 0.00331509
2930 0.00337717
2940 0.00311082
2950 0.00329374
2960 0.00330021
2970 0.0033459
2980 0.00318653
2990 0.0033893
3000 0.0033306
3010 0.00318008
3020 0.00339831
3030 0.00316568
3040 0.00328652
3050 0.00347692
3060 0.00325593
3070 0.00328623
3080 0.00328914
3090 0.0032275
3100 0.003199
3110 0.00337977
3120 0.00331844
3130 0.00325614
3140 0.00331491
3150 0.00313391
3160 0.00328614
3170 0.00337231
3180 0.00338194
3190 0.00329027
3200 0.00321902
3210 0.00330113
3220 0.00334923
3230 0.00326644
3240 0.00327957
3250 0.00320397
3260 0.00314182
3270 0.00329948
3280 0.00338228
3290 0.0034548
3300 0.0031954
3310 0.00332536
3320 0.00340974
3330 0.00335328
3340 0.00323385
3350 0.00319323
3360 0.00332259
3370 0.0033022
3380 0.00318384
3390 0.003111
3400 0.00325602
3410 0.00318924
3420 0.00325719
3430 0.00323973
3440 0.00325811
3450 0.00332049
3460 0.0032314
3470 0.00338034
3480 0.00308159
3490 0.00322189
3500 0.00325557
3510 0.00321064
3520 0.00338022
3530 0.00321123
3540 0.00319999
3550 0.00344444
3560 0.00330362
3570 0.0033548
3580 0.00336168
3590 0.00334144
3600 0.00314228
3610 0.00322456
3620 0.00329053
3630 0.00328658
3640 0.00327434
3650 0.00327576
3660 0.00323931
3670 0.00319946
3680 0.00330877
3690 0.00332141
3700 0.00323724
3710 0.00318289
3720 0.00312717
3730 0.00325749
3740 0.00317823
3750 0.00317739
3760 0.0034067
3770 0.00324722
3780 0.00325757
3790 0.00345778
3800 0.00318734
3810 0.00319002
3820 0.00340217
3830 0.00319958
3840 0.00316442
3850 0.00334803
3860 0.00315768
3870 0.00315167
3880 0.00331067
3890 0.00328613
3900 0.00333801
3910 0.00344658
3920 0.00335284
3930 0.00319362
3940 0.00331736
3950 0.00318762
3960 0.00318394
3970 0.00343654
3980 0.00328297
3990 0.00313922
4000 0.00323184
4010 0.0033339
4020 0.00332033
4030 0.00337732
4040 0.00343251
4050 0.00329683
4060 0.00325408
4070 0.00350711
4080 0.00330546
4090 0.00315599
4100 0.00317871
4110 0.00335551
4120 0.00330522
4130 0.00321454
4140 0.00332035
4150 0.00346571
4160 0.00333095
4170 0.00334499
4180 0.00331152
4190 0.00320763
4200 0.0031829
4210 0.00343776
4220 0.00341998
4230 0.0032574
4240 0.00326991
4250 0.00335865
4260 0.00345128
4270 0.00321346
4280 0.00344861
4290 0.00349379
4300 0.00334233
4310 0.00329776
4320 0.00306866
4330 0.00330576
4340 0.00330689
4350 0.00347504
4360 0.00342056
4370 0.00337748
4380 0.00316186
4390 0.00345538
4400 0.00324692
4410 0.00329736
4420 0.00339051
4430 0.00339273
4440 0.0034212
4450 0.0031206
4460 0.0030885
4470 0.00314323
4480 0.00333315
4490 0.00335918
4500 0.0033354
4510 0.00344714
4520 0.00318729
4530 0.00333814
4540 0.00315655
4550 0.00328194
4560 0.00320046
4570 0.00339446
4580 0.00316875
4590 0.00342219
4600 0.00325322
4610 0.00342399
4620 0.0034135
4630 0.00339004
4640 0.00333545
4650 0.00332771
4660 0.00323967
4670 0.00326367
4680 0.00350905
4690 0.00342026
4700 0.00333426
4710 0.00327905
4720 0.00340141
4730 0.0032292
4740 0.0034438
4750 0.00339906
4760 0.00317661
4770 0.00338067
4780 0.00327545
4790 0.00325004
4800 0.00306913
4810 0.00309765
4820 0.00338375
4830 0.0034342
4840 0.00330494
4850 0.00303872
4860 0.0031153
4870 0.00349403
4880 0.00362092
4890 0.00338522
4900 0.0031311
4910 0.00329303
4920 0.00330235
4930 0.00346467
4940 0.00332828
4950 0.00312395
4960 0.00306512
4970 0.00334413
4980 0.00367778
4990 0.00348103
5000 0.00346667
