10 0.000325552
20 0.000401895
30 0.000444467
40 0.000470935
50 0.000491939
60 0.000505342
70 0.000518435
80 0.000526151
90 0.000533039
100 0.000536224
110 0.000543277
120 0.000548763
130 0.000554463
140 0.000556287
150 0.000555863
160 0.000556452
170 0.000566404
180 0.000569632
190 0.00056151
200 0.000574693
210 0.000572169
220 0.000570981
230 0.000570864
240 0.000582049
250 0.000569529
260 0.00059197
270 0.000584544
280 0.000579472
290 0.00058237
300 0.000589461
310 0.000588588
320 0.000582195
330 0.000587509
340 0.000590117
350 0.000600677
360 0.000602524
370 0.000593069
380 0.000586081
390 0.000599701
400 0.000596664
410 0.000591335
420 0.000589778
430 0.00059489
440 0.000596268
450 0.000589156
460 0.000591602
470 0.000581232
480 0.000597714
490 0.000597461
500 0.000601212
510 0.000603633
520 0.000612665
530 0.000597457
540 0.000601562
550 0.000594661
560 0.000597706
570 0.000589228
580 0.000596268
590 0.000586516
600 0.000588152
610 0.000595367
620 0.000600358
630 0.00057595
640 0.000591578
650 0.000611715
660 0.000603474
670 0.000595671
680 0.000589161
690 0.000589447
700 0.000607895
710 0.000592797
720 0.000602859
730 0.000576586
740 0.000590346
750 0.000600379
760 0.000590938
770 0.000605075
780 0.000592641
790 0.000580713
800 0.000585377
810 0.000606481
820 0.00058772
830 0.000595777
840 0.00058841
850 0.000610569
860 0.000582288
870 0.000600418
880 0.000597724
890 0.000608277
900 0.000584801
910 0.000589883
920 0.000597455
930 0.000580624
940 0.000582664
950 0.000588218
960 0.000593967
970 0.000589003
980 0.000587313
990 0.00061614
1000 0.000612646
1010 0.000598669
1020 0.000598727
1030 0.000579966
1040 0.000604242
1050 0.000574715
1060 0.00058817
1070 0.000584757
1080 0.000593316
1090 0.000604184
1100 0.000598879
1110 0.000587907
1120 0.000599418
1130 0.000588898
1140 0.000585186
1150 0.000603892
1160 0.000591216
1170 0.000626161
1180 0.000586685
1190 0.000593863
1200 0.00057985
1210 0.00056872
1220 0.000578401
1230 0.000594965
1240 0.000550174
1250 0.000572109
1260 0.00059281
1270 0.000595785
1280 0.000591178
1290 0.000603827
1300 0.000599449
1310 0.000591262
1320 0.000596126
1330 0.000609692
1340 0.000603272
1350 0.000594692
1360 0.000599026
1370 0.000569048
1380 0.000586815
1390 0.000610934
1400 0.000617739
1410 0.000571805
1420 0.000602418
1430 0.000618325
1440 0.000590989
1450 0.000600596
1460 0.000574705
1470 0.000594024
1480 0.000578478
1490 0.000617172
1500 0.000608184
1510 0.000617225
1520 0.000583795
1530 0.000635862
1540 0.000620653
1550 0.000592856
1560 0.000584017
1570 0.000601877
1580 0.000598543
1590 0.000606818
1600 0.00057043
1610 0.000592988
1620 0.000589909
1630 0.00057806
1640 0.000595059
1650 0.000591505
1660 0.00061423
1670 0.000589718
1680 0.000576226
1690 0.000608222
1700 0.00060964
1710 0.000599867
1720 0.00059948
1730 0.000580059
1740 0.000603678
1750 0.000582872
1760 0.000589733
1770 0.000574529
1780 0.000579333
1790 0.000602594
1800 0.000595961
1810 0.000593328
1820 0.00056283
1830 0.000578846
1840 0.000613753
1850 0.000572371
1860 0.000602331
1870 0.000595637
1880 0.000604105
1890 0.000601148
1900 0.000584151
1910 0.000588266
1920 0.00058568
1930 0.000578335
1940 0.000595552
1950 0.000616779
1960 0.000592706
1970 0.000578636
1980 0.000583642
1990 0.000609287
2000 0.000584968
2010 0.00061245
2020 0.000600911
2030 0.000607115
2040 0.000590328
2050 0.000599042
2060 0.000566125
2070 0.000577412
2080 0.000588356
2090 0.000596401
2100 0.000572183
2110 0.000603579
2120 0.000577322
2130 0.000602123
2140 0.000592475
2150 0.000585251
2160 0.000563483
2170 0.000603351
2180 0.000583501
2190 0.000590277
2200 0.000582383
2210 0.000589554
2220 0.000603218
2230 0.00061392
2240 0.000606627
2250 0.000620782
2260 0.000578174
2270 0.000604
2280 0.000581393
2290 0.000568888
2300 0.000585722
2310 0.000588778
2320 0.000603657
2330 0.000565352
2340 0.000609238
2350 0.000578796
2360 0.00060222
2370 0.000593014
2380 0.000582319
2390 0.000601992
2400 0.000558926
2410 0.000578759
2420 0.000584771
2430 0.000587452
2440 0.000607162
2450 0.000572323
2460 0.000585238
2470 0.000580147
2480 0.000565945
2490 0.000604137
2500 0.000599709
2510 0.000602387
2520 0.00058556
2530 0.000608626
2540 0.000617182
2550 0.000576799
2560 0.000590766
2570 0.000592621
2580 0.000579799
2590 0.000594022
2600 0.000598639
2610 0.00059704
2620 0.000570804
2630 0.00061521
2640 0.00056038
2650 0.000599426
2660 0.000619064
2670 0.000599993
2680 0.00059757
2690 0.000625738
2700 0.000565027
2710 0.000622922
2720 0.000612512
2730 0.000561358
2740 0.00059083
2750 0.000568794
2760 0.000584995
2770 0.000600345
2780 0.000611426
2790 0.000569725
2800 0.000615174
2810 0.000595795
2820 0.000570391
2830 0.000604933
2840 0.000576678
2850 0.000577801
2860 0.000606023
2870 0.000586521
2880 0.000628494
2890 0.000578496
2900 0.000621926
2910 0.000596997
2920 0.000599358
2930 0.000613071
2940 0.000564983
2950 0.000597253
2960 0.00059748
2970 0.000606042
2980 0.00057585
2990 0.000614005
3000 0.000603131
3010 0.000578497
3020 0.000615724
3030 0.000575533
3040 0.00059394
3050 0.000629616
3060 0.000590748
3070 0.000596988
3080 0.000596066
3090 0.000584199
3100 0.00057923
3110 0.000612639
3120 0.000600922
3130 0.000591426
3140 0.00060047
3150 0.000568094
3160 0.000596154
3170 0.000612409
3180 0.000611199
3190 0.000595225
3200 0.000582591
3210 0.000598198
3220 0.000608919
3230 0.000589934
3240 0.000592717
3250 0.000580578
3260 0.000568161
3270 0.000595281
3280 0.000611801
3290 0.000627925
3300 0.000578322
3310 0.000602281
3320 0.000617888
3330 0.000605429
3340 0.000585354
3350 0.000578048
3360 0.000602767
3370 0.000598704
3380 0.000574597
3390 0.000562563
3400 0.000588885
3410 0.000578109
3420 0.000590663
3430 0.000587065
3440 0.000590336
3450 0.000601107
3460 0.000583474
3470 0.000613105
3480 0.000555975
3490 0.000583875
3500 0.000593102
3510 0.000580691
3520 0.000612078
3530 0.000580215
3540 0.000577124
3550 0.000623887
3560 0.000596471
3570 0.000605145
3580 0.000608761
3590 0.000604426
3600 0.000566898
3610 0.000581838
3620 0.000595297
3630 0.000597156
3640 0.000591979
3650 0.000591857
3660 0.000585669
3670 0.000578794
3680 0.000597703
3690 0.000600564
3700 0.00058586
3710 0.000577879
3720 0.000568659
3730 0.00059053
3740 0.000577113
3750 0.000576749
3760 0.000616273
3770 0.000586346
3780 0.000589234
3790 0.000626132
3800 0.000577243
3810 0.000579994
3820 0.000620236
3830 0.000581106
3840 0.000570523
3850 0.000606906
3860 0.000572845
3870 0.00056968
3880 0.000597625
3890 0.000593906
3900 0.000602944
3910 0.000624162
3920 0.000608421
3930 0.000575868
3940 0.000599166
3950 0.000579432
3960 0.00057762
3970 0.000619419
3980 0.000593911
3990 0.0005681
4000 0.000585254
4010 0.000603826
4020 0.000603553
4030 0.000610693
4040 0.000619478
4050 0.000596467
4060 0.000589274
4070 0.000634952
4080 0.000594236
4090 0.000572106
4100 0.00057615
4110 0.000608565
4120 0.000597827
4130 0.000580483
4140 0.000599496
4150 0.000627994
4160 0.000603868
4170 0.000607392
4180 0.000600183
4190 0.000578814
4200 0.000575185
4210 0.000623927
4220 0.000620132
4230 0.000590126
4240 0.000590429
4250 0.000607546
4260 0.000624861
4270 0.000580567
4280 0.000625402
4290 0.000635202
4300 0.000604129
4310 0.00059593
4320 0.000555161
4330 0.000599491
4340 0.000599634
4350 0.000628912
4360 0.000619752
4370 0.00061162
4380 0.000572595
4390 0.000624396
4400 0.00058854
4410 0.000598537
4420 0.000613746
4430 0.000613484
4440 0.000621565
4450 0.000565926
4460 0.000556917
4470 0.000565549
4480 0.000603033
4490 0.000607561
4500 0.00060329
4510 0.000623135
4520 0.000577929
4530 0.000605336
4540 0.000573177
4550 0.000592628
4560 0.000576571
4570 0.000614596
4580 0.000574662
4590 0.000619141
4600 0.000587173
4610 0.000618853
4620 0.000616637
4630 0.000612065
4640 0.000602748
4650 0.000602497
4660 0.000586411
4670 0.00059054
4680 0.000632094
4690 0.000615567
4700 0.000604147
4710 0.0005954
4720 0.000616568
4730 0.000585354
4740 0.000623323
4750 0.000614405
4760 0.000572593
4770 0.000609401
4780 0.000590954
4790 0.000589181
4800 0.000554691
4810 0.000561532
4820 0.000612471
4830 0.000623439
4840 0.000598255
4850 0.000550342
4860 0.000563049
4870 0.00063072
4880 0.000654402
4890 0.000610565
4900 0.00056663
4910 0.000594885
4920 0.000596268
4930 0.0006291
4940 0.000602801
4950 0.000566249
4960 0.000553726
4970 0.000605058
4980 0.000667989
4990 0.000632769
5000 0.000629088
