1 9.6522 9.6522 0
2 9.62565 9.63892 0.0132723
3 9.64277 9.64021 0.00776923
4 9.69674 9.65434 0.0151633
5 9.73936 9.67134 0.0206662
6 9.54988 9.6511 0.0263548
7 9.77504 9.66881 0.028454
8 9.6236 9.66315 0.0252814
9 9.61788 9.65812 0.0228565
10 9.69357 9.66167 0.0207485
11 9.57828 9.65409 0.0202409
12 9.70079 9.65798 0.0188828
13 9.6023 9.6537 0.0178898
14 9.66382 9.65442 0.0165785
15 9.58372 9.64971 0.0161376
16 9.66263 9.65052 0.0151169
17 9.68042 9.65227 0.0143084
18 9.65955 9.65268 0.0134961
19 9.62297 9.65111 0.0128615
20 9.70688 9.6539 0.012516
21 9.65366 9.65389 0.0119051
22 9.67693 9.65494 0.0113993
23 9.63558 9.6541 0.0109249
24 9.65076 9.65396 0.0104607
25 9.68543 9.65522 0.0101122
26 9.59905 9.65306 0.00995271
27 9.6463 9.65281 0.00958027
28 9.64627 9.65257 0.00923473
29 9.66509 9.65301 0.00892106
30 9.62189 9.65197 0.00868075
31 9.6864 9.65308 0.0084692
32 9.61368 9.65185 0.00829218
33 9.66312 9.65219 0.00804424
34 9.62096 9.65127 0.00785793
35 9.66912 9.65178 0.00764715
36 9.69206 9.6529 0.00751546
37 9.64311 9.65263 0.00731431
38 9.65302 9.65264 0.00711923
39 9.56677 9.65044 0.00727545
40 9.58383 9.64878 0.00728414
41 9.59008 9.64735 0.0072471
42 9.70676 9.64876 0.00721254
43 9.58616 9.6473 0.00719171
44 9.66423 9.64769 0.00703688
45 9.70292 9.64892 0.00698735
46 9.64728 9.64888 0.00683385
47 9.61269 9.64811 0.00673105
48 9.63213 9.64778 0.00659773
49 9.63497 9.64752 0.00646697
50 9.63521 9.64727 0.00634109
51 9.64345 9.6472 0.00621596
52 9.70203 9.64825 0.0061858
53 9.62236 9.64776 0.00608761
54 9.64452 9.6477 0.00597411
55 9.69373 9.64854 0.00592391
56 9.72021 9.64982 0.00595629
57 9.69804 9.65066 0.0059117
58 9.61665 9.65008 0.0058384
59 9.70725 9.65105 0.00581982
60 9.64362 9.65092 0.00572334
61 9.63365 9.65064 0.00563585
62 9.65549 9.65072 0.00554476
63 9.6161 9.65017 0.00548364
64 9.67385 9.65054 0.00540995
65 9.62984 9.65022 0.00533558
66 9.67465 9.65059 0.00526714
67 9.64433 9.6505 0.00518877
68 9.694 9.65114 0.00515177
69 9.54854 9.64965 0.00528983
70 9.69207 9.65026 0.00524881
71 9.70852 9.65108 0.00523902
72 9.58721 9.65019 0.00524135
73 9.63905 9.65004 0.0051713
74 9.75666 9.65148 0.00530052
75 9.60886 9.65091 0.00526016
76 9.70932 9.65168 0.00524708
77 9.6206 9.65127 0.00519419
78 9.68934 9.65176 0.00515034
79 9.66097 9.65188 0.00508607
80 9.6717 9.65213 0.00502819
81 9.55167 9.65089 0.00511825
82 9.66361 9.65104 0.00505783
83 9.67729 9.65136 0.00500652
84 9.61297 9.6509 0.00496763
85 9.70087 9.65149 0.00494392
86 9.62798 9.65122 0.00489373
87 9.62832 9.65095 0.00484431
88 9.64496 9.65088 0.00478943
89 9.66869 9.65108 0.00473953
90 9.63697 9.65093 0.0046892
91 9.62381 9.65063 0.00464694
92 9.69513 9.65111 0.00462153
93 9.6675 9.65129 0.00457496
94 9.63425 9.65111 0.00452966
95 9.66141 9.65122 0.00448304
96 9.62645 9.65096 0.00444359
97 9.65375 9.65099 0.00439764
98 9.66261 9.65111 0.00435415
99 9.66528 9.65125 0.00431232
100 9.70366 9.65177 0.00430104
