1 1.20919 1.20919 0
2 1.21509 1.21214 0.00295313
3 1.21252 1.21227 0.00170964
4 1.20278 1.2099 0.00266155
5 1.19164 1.20624 0.00419297
6 1.22701 1.20971 0.00486845
7 1.18689 1.20645 0.00524886
8 1.21177 1.20711 0.00459404
9 1.21431 1.20791 0.00412967
10 1.19895 1.20701 0.00380093
11 1.22268 1.20844 0.00372136
12 1.19751 1.20753 0.00351704
13 1.21714 1.20827 0.00331868
14 1.20501 1.20804 0.00308129
15 1.22245 1.209 0.00302511
16 1.20629 1.20883 0.00283479
17 1.20433 1.20856 0.00267593
18 1.20937 1.20861 0.00252329
19 1.21344 1.20886 0.0024003
20 1.20098 1.20847 0.00231094
21 1.21045 1.20856 0.00220017
22 1.20641 1.20846 0.00210005
23 1.21192 1.20861 0.00201228
24 1.21403 1.20884 0.00193979
25 1.20343 1.20862 0.00187313
26 1.2205 1.20908 0.00185675
27 1.21008 1.20912 0.00178705
28 1.20701 1.20904 0.00172369
29 1.20441 1.20888 0.00167083
30 1.21075 1.20895 0.00161537
31 1.19936 1.20864 0.00159271
32 1.21123 1.20872 0.00154426
33 1.2026 1.20853 0.00150816
34 1.21445 1.20871 0.00147344
35 1.20712 1.20866 0.00143145
36 1.20312 1.20851 0.0013996
37 1.20549 1.20842 0.00136369
38 1.20555 1.20835 0.00132947
39 1.21571 1.20854 0.00130861
40 1.21576 1.20872 0.00128819
41 1.21421 1.20885 0.0012635
42 1.19723 1.20858 0.00126371
43 1.21831 1.2088 0.00125457
44 1.21154 1.20886 0.0012273
45 1.19975 1.20866 0.0012167
46 1.20902 1.20867 0.00118998
47 1.21466 1.2088 0.00117133
48 1.2134 1.20889 0.00115066
49 1.21414 1.209 0.00113202
50 1.21252 1.20907 0.00111138
51 1.21062 1.2091 0.00108979
52 1.20272 1.20898 0.00107566
53 1.21547 1.2091 0.00106225
54 1.20987 1.20911 0.00104249
55 1.20241 1.20899 0.00103059
56 1.20067 1.20884 0.00102287
57 1.2024 1.20873 0.00101109
58 1.21614 1.20886 0.00100168
59 1.19857 1.20868 0.000999874
60 1.21329 1.20876 0.000986065
61 1.21245 1.20882 0.000971646
62 1.21158 1.20887 0.000956884
63 1.21438 1.20895 0.000945628
64 1.20492 1.20889 0.000932865
65 1.21544 1.20899 0.000923908
66 1.2029 1.2089 0.00091447
67 1.20687 1.20887 0.000901227
68 1.1988 1.20872 0.000900138
69 1.2271 1.20899 0.000926109
70 1.20809 1.20897 0.000912873
71 1.19858 1.20883 0.000911749
72 1.21902 1.20897 0.000910067
73 1.20684 1.20894 0.000897989
74 1.18943 1.20868 0.000924182
75 1.21958 1.20882 0.000923301
76 1.1972 1.20867 0.000923811
77 1.21604 1.20876 0.000916745
78 1.20182 1.20868 0.000909288
79 1.2072 1.20866 0.000897899
80 1.20407 1.2086 0.000888459
81 1.22459 1.2088 0.000899343
82 1.20879 1.2088 0.000888308
83 1.20743 1.20878 0.000877695
84 1.21763 1.20889 0.000873565
85 1.20013 1.20878 0.000869354
86 1.21493 1.20885 0.00086215
87 1.21638 1.20894 0.000856557
88 1.21156 1.20897 0.000847292
89 1.20907 1.20897 0.000837719
90 1.2128 1.20901 0.000829452
91 1.21492 1.20908 0.00082285
92 1.20393 1.20902 0.000815777
93 1.20865 1.20902 0.000806967
94 1.21115 1.20904 0.000798658
95 1.20752 1.20903 0.000790368
96 1.21604 1.2091 0.000785493
97 1.20839 1.20909 0.000777387
98 1.20277 1.20903 0.000772113
99 1.20588 1.209 0.000764936
100 1.20299 1.20893 0.000759629
