-7.85033
-7.84995
-7.84933
-7.84845
-7.84733
-7.84595
-7.84434
-7.84247
-7.84036
-7.83801
-7.83541
-7.83258
-7.8295
-7.82619
-7.82231
-7.81853
-7.81387
-7.80865
-7.80385
-7.79754
-7.791
-7.78457
-7.77695
-7.77041
-7.76366
-7.75346
-7.745
-7.73763
-7.72844
-7.72002
-7.71075
-7.70291
-7.69391
-7.68536
-7.67566
-7.66707
-7.65732
-7.64773
-7.63797
-7.62901
-7.61923
-7.6093
-7.59889
-7.58768
-7.5773
-7.56613
-7.55644
-7.54564
-7.53569
-7.5253
-7.51414
-7.50319
-7.49214
-7.48132
-7.47007
-7.45875
-7.44637
-7.43424
-7.42333
-7.41237
-7.40006
-7.38802
-7.37627
-7.36415
-7.35234
-7.34019
-7.32802
-7.31649
-7.3053
-7.29314
-7.28197
-7.26953
-7.25842
-7.24703
-7.236
-7.22439
-7.21285
-7.20105
-7.1903
-7.17964
-7.16842
-7.15796
-7.14728
-7.1364
-7.12629
-7.11599
-7.10518
-7.09548
-7.08594
-7.07624
-7.06703
-7.05799
-7.0488
-7.04012
-7.03131
-7.0227
-7.01461
-7.00641
-6.99745
-6.98967
-6.98212
-6.97479
-6.96769
-6.96114
-6.95419
-6.94844
-6.94261
-6.93638
-6.93104
-6.92595
-6.92111
-6.91619
-6.91217
-6.90808
-6.90423
-6.89999
-6.89633
-6.89292
-6.88975
-6.88716
-6.88481
-6.8827
-6.88052
-6.87889
-6.87685
-6.87538
-6.87413
-6.87343
-6.87263
-6.87205
-6.87201
-6.87153
-6.87191
-6.87248
-6.87325
-6.87454
-6.87536
-6.87669
-6.8782
-6.8802
-6.88203
-6.88435
-6.8865
-6.88944
-6.89156
-6.8938
-6.8965
-6.899
-6.90194
-6.90499
-6.90847
-6.91172
-6.91538
-6.91881
-6.92265
-6.92558
-6.92891
-6.93198
-6.93607
-6.9399
-6.94376
-6.94767
-6.95161
-6.95558
-6.95925
-6.96326
-6.96696
-6.97099
-6.97503
-6.97906
-6.98277
-6.98678
-6.99079
-6.99445
-6.99841
-7.00169
-7.00591
-7.01043
-7.01458
-7.01836
-7.0221
-7.02579
-7.02878
-7.03236
-7.03589
-7.03903
-7.04275
-7.04609
-7.04871
-7.05223
-7.05503
-7.05808
-7.06105
-7.06362
-7.06643
-7.06917
-7.07182
-7.07438
-7.07687
-7.07959
-7.0819
-7.08315
-7.08528
-7.08733
-7.08961
-7.09148
-7.09326
-7.09527
-7.09655
-7.09839
-7.09981
-7.10082
-7.10206
-7.10322
-7.10429
-7.10559
-7.10649
-7.10762
-7.10867
-7.10931
-7.10987
-7.11035
-7.11042
-7.11106
-7.1113
-7.11147
-7.11155
-7.11189
-7.11183
-7.11169
-7.11085
-7.11025
-7.10927
-7.10919
-7.10841
-7.10853
-7.10795
-7.10764
-7.10695
-7.1062
-7.10476
-7.10359
-7.10237
-7.10143
-7.10078
-7.09976
-7.0987
-7.0976
-7.0968
-7.09531
-7.09412
-7.09323
-7.09198
-7.09072
-7.09007
-7.08909
-7.08777
-7.08644
-7.08477
-7.08341
-7.08237
-7.08132
-7.07963
-7.07826
-7.07721
-7.07616
-7.07448
-7.07313
-7.07178
-7.07045
-7.06946
-7.06881
-7.06688
-7.06627
-7.06536
-7.06448
-7.0633
-7.06183
-7.06103
-7.05962
-7.05857
-7.05755
-7.05658
-7.05564
-7.05442
-7.05358
-7.05245
-7.05202
-7.05067
-7.04904
-7.04877
-7.04854
-7.04773
-7.04762
-7.04725
-7.04693
-7.04636
-7.04552
-7.04604
-7.04598
-7.04599
-7.04573
-7.0462
-7.04576
-7.04604
-7.04672
-7.04682
-7.04731
-7.04756
-7.0482
-7.0486
-7.05004
-7.05156
-7.05251
-7.05354
-7.05464
-7.05614
-7.05772
-7.05905
-7.0611
-7.06291
-7.06448
-7.06579
-7.06751
-7.06897
-7.07116
-7.0731
-7.07479
-7.07687
-7.07871
-7.08126
-7.08453
-7.0869
-7.08934
-7.09152
-7.09475
-7.09771
-7.10041
-7.10285
-7.10535
-7.10888
-7.11182
-7.11481
-7.11753
-7.12096
-7.12443
-7.12762
-7.13086
-7.13414
-7.13746
-7.14114
-7.1455
-7.14861
-7.15239
-7.1562
-7.15972
-7.16326
-7.16682
-7.17073
-7.17465
-7.17794
-7.18156
-7.18519
-7.18915
-7.19279
-7.19643
-7.20039
-7.20403
-7.20798
-7.21127
-7.21519
-7.21813
-7.22138
-7.22428
-7.22812
-7.23195
-7.23509
-7.23853
-7.24226
-7.24563
-7.24896
-7.2529
-7.25615
-7.25904
-7.26252
-7.26563
-7.26901
-7.27267
-7.2753
-7.27787
-7.2807
-7.2838
-7.28781
-7.29046
-7.29337
-7.29654
-7.29931
-7.30137
-7.30335
-7.30592
-7.30776
-7.30888
-7.3109
-7.31251
-7.31503
-7.31746
-7.31917
-7.3208
-7.32235
-7.32349
-7.3252
-7.32683
-7.32838
-7.32952
-7.32993
-7.33059
-7.33084
-7.33101
-7.33207
-7.33272
-7.33395
-7.33445
-7.33486
-7.33487
-7.33545
-7.33595
-7.33572
-7.33607
-7.33634
-7.33686
-7.33698
-7.33637
-7.33602
-7.3356
-7.33479
-7.33455
-7.3336
-7.33323
-7.33247
-7.33132
-7.33108
-7.33111
-7.33043
-7.32969
-7.32889
-7.32739
-7.32681
-7.32521
-7.32453
-7.32251
-7.32109
-7.31994
-7.31941
-7.31721
-7.31465
-7.31335
-7.31169
-7.31064
-7.30859
-7.30716
-7.30602
-7.30389
-7.30205
-7.30019
-7.2983
-7.29607
-7.29383
-7.29254
-7.29188
-7.28991
-7.28761
-7.28497
-7.28265
-7.28098
-7.27832
-7.27761
-7.27527
-7.27261
-7.2706
-7.26859
-7.26659
-7.26427
-7.26292
-7.26094
-7.25896
-7.25602
-7.25374
-7.25212
-7.24986
-7.24762
-7.24572
-7.24415
-7.24163
-7.2401
-7.23793
-7.23611
-7.23399
-7.23155
-7.23011
-7.22837
-7.22665
-7.22462
-7.22262
-7.22064
-7.21836
-7.21675
-7.21516
-7.2136
-7.21108
-7.21021
-7.20872
-7.20757
-7.20677
-7.20535
-7.20395
-7.20128
-7.19993
-7.19828
-7.19665
-7.19505
-7.19412
-7.19256
-7.19071
-7.18952
-7.18804
-7.18625
-7.18449
-7.1834
-7.18298
-7.18193
-7.18058
-7.17957
-7.18021
-7.17893
-7.17799
-7.1774
-7.17683
-7.17628
-7.17543
-7.1746
-7.17379
-7.17267
-7.17222
-7.1718
-7.17139
-7.17133
-7.17096
-7.16997
-7.16835
-7.16837
-7.16712
-7.16621
-7.16597
-7.16542
-7.1649
-7.16439
-7.16391
-7.16312
-7.16235
-7.16192
-7.16119
-7.16146
-7.1611
-7.16075
-7.16076
-7.16046
-7.16051
-7.15993
-7.15969
-7.15981
-7.15962
-7.15913
-7.15866
-7.15854
-7.15845
-7.15837
-7.15767
-7.15829
-7.15829
-7.15798
-7.15738
-7.15745
-7.15722
-7.15734
-7.1578
-7.15668
-7.15687
-7.15742
-7.15766
-7.15825
-7.15855
-7.15951
-7.16018
-7.1599
-7.16062
-7.16071
-7.16116
-7.16195
-7.16212
-7.16263
-7.16317
-7.16341
-7.164
-7.16364
-7.16395
-7.16461
-7.16529
-7.16534
-7.16575
-7.16649
-7.16726
-7.16837
-7.16918
-7.17001
-7.17117
-7.17204
-7.17292
-7.17414
-7.17506
-7.17631
-7.17726
-7.17822
-7.17854
-7.17953
-7.18085
-7.18218
-7.1832
-7.18391
-7.18494
-7.18599
-7.18639
-7.18713
-7.18884
-7.19023
-7.19163
-7.19238
-7.19345
-7.19453
-7.19561
-7.19668
-7.19775
-7.19915
-7.20021
-7.20127
-7.20135
-7.20207
-7.20311
-7.20447
-7.20646
-7.20747
-7.20815
-7.20947
-7.21109
-7.21206
-7.21333
-7.21459
-7.21552
-7.21545
-7.21699
-7.21819
-7.21905
-7.2199
-7.2204
-7.22121
-7.22232
-7.22309
-7.22481
-7.22619
-7.22658
-7.2276
-7.22859
-7.2286
-7.22923
-7.23049
-7.23044
-7.23069
-7.23124
-7.23177
-7.23228
-7.23277
-7.23356
-7.23433
-7.23508
-7.23549
-7.2362
-7.23689
-7.23691
-7.2382
-7.23851
-7.23782
-7.23841
-7.2393
-7.23953
-7.23877
-7.23928
-7.2401
-7.24089
-7.24103
-7.24147
-7.24124
-7.24133
-7.24171
-7.24209
-7.24212
-7.2431
-7.24278
-7.24244
-7.2424
-7.24235
-7.24196
-7.24188
-7.24146
-7.24102
-7.24122
-7.24108
-7.24093
-7.24076
-7.24155
-7.242
-7.24212
-7.24222
-7.24167
-7.24078
-7.24084
-7.2409
-7.24094
-7.24097
-7.24002
-7.24035
-7.24003
-7.23969
-7.23902
-7.23769
-7.23765
-7.23728
-7.23592
-7.23617
-7.23512
-7.23471
-7.23397
-7.23451
-7.23343
-7.23364
-7.23286
-7.23176
-7.23129
-7.2305
-7.23002
-7.22921
-7.22904
-7.22757
-7.22804
-7.22753
-7.22701
-7.2265
-7.2263
-7.22642
-7.22524
-7.22471
-7.22482
-7.2246
-7.22438
-7.22384
-7.22362
-7.22274
-7.22219
-7.22164
-7.22077
-7.2199
-7.21999
-7.21944
-7.21857
-7.2177
-7.21715
-7.21725
-7.2167
-7.21615
-7.21496
-7.21442
-7.21388
-7.21366
-7.21313
-7.21227
-7.21142
-7.21089
-7.2107
-7.20953
-7.20967
-7.20884
-7.20866
-7.20784
-7.20768
-7.20719
-7.20672
-7.20657
-7.20578
-7.205
-7.20488
-7.20444
-7.20368
-7.20326
-7.20284
-7.20147
-7.20075
-7.20004
-7.19999
-7.19929
-7.19894
-7.19891
-7.19825
-7.19792
-7.19792
-7.19793
-7.19699
-7.19702
-7.19675
-7.19648
-7.1959
-7.19534
-7.19478
-7.19489
-7.19468
-7.19417
-7.19366
-7.19382
-7.19334
-7.1932
-7.19339
-7.19327
-7.19317
-7.19276
-7.19268
-7.19261
-7.19224
-7.1922
-7.19185
-7.19313
-7.19249
-7.19283
-7.19286
-7.19291
-7.19296
-7.19401
-7.19377
-7.19354
-7.19269
-7.19314
-7.1936
-7.19343
-7.19359
-7.19344
-7.19363
-7.19415
-7.19435
-7.19457
-7.1948
-7.19471
-7.19528
-7.19553
-7.1958
-7.19639
-7.19634
-7.1963
-7.19658
-7.19655
-7.19717
-7.19714
-7.19711
-7.19774
-7.19803
-7.19833
-7.19862
-7.19924
-7.19953
-7.19949
-7.19976
-7.19971
-7.19933
-7.19958
-7.19983
-7.20007
-7.19964
-7.20018
-7.20037
-7.20088
-7.20072
-7.20152
-7.20133
-7.20144
-7.20121
-7.20128
-7.20133
-7.20136
-7.20137
-7.20232
-7.20228
-7.20222
-7.20212
-7.20265
-7.20218
-7.202
-7.20212
-7.20189
-7.20194
-7.20132
-7.20067
-7.20032
-7.19993
-7.1995
-7.19905
-7.19856
-7.19805
-7.19749
-7.19659
-7.19597
-7.19532
-7.19399
-7.1936
-7.1922
-7.19208
-7.19159
-7.19108
-7.19021
-7.18899
-7.18806
-7.18646
-7.18515
-7.18415
-7.18344
-7.1827
-7.18194
-7.18084
-7.17939
-7.17792
-7.17707
-7.17556
-7.17468
-7.17346
-7.1719
-7.17097
-7.16971
-7.16779
-7.1665
-7.16585
-7.16455
-7.16324
-7.16193
-7.15997
-7.15865
-7.15799
-7.157
-7.15601
-7.15503
-7.15374
-7.15277
-7.15214
-7.15055
-7.14994
-7.14838
-7.14715
-7.14626
-7.14539
-7.14357
-7.14274
-7.14064
-7.13953
-7.13876
-7.1377
-7.13602
-7.13533
-7.13403
-7.13275
-7.13118
-7.12997
-7.12911
-7.12893
-7.12813
-7.12705
-7.12632
-7.12466
-7.12432
-7.12338
-7.12247
-7.1216
-7.12141
-7.12126
-7.12114
-7.12041
-7.12037
-7.11907
-7.1191
-7.11916
-7.11894
-7.11875
-7.1186
-7.11816
-7.11808
-7.11739
-7.11738
-7.11707
-7.11713
-7.11657
-7.11668
-7.11683
-7.11701
-7.11722
-7.11746
-7.11773
-7.11802
-7.11802
-7.11804
-7.11907
-7.11946
-7.11956
-7.11968
-7.11981
-7.1203
-7.12112
-7.12132
-7.12186
-7.12273
-7.1233
-7.12389
-7.12416
-7.12509
-7.12604
-7.12666
-7.12763
-7.12827
-7.12957
-7.13023
-7.13089
-7.13156
-7.13223
-7.13225
-7.13292
-7.13294
-7.13297
-7.13299
-7.13333
-7.13399
-7.13464
-7.13561
-7.13593
-7.13689
-7.13784
-7.13845
-7.13905
-7.13997
-7.14087
-7.14144
-7.14166
-7.14187
-7.14304
-7.14322
-7.14371
-7.14483
-7.14528
-7.14539
-7.14677
-7.14717
-7.14754
-7.14789
-7.14821
-7.14852
-7.14912
-7.14937
-7.14928
-7.14916
-7.14902
-7.14917
-7.14962
-7.14973
-7.15045
-7.1505
-7.15052
-7.14987
-7.14984
-7.14914
-7.14905
-7.14894
-7.14881
-7.14832
-7.14781
-7.14824
-7.14768
-7.14774
-7.14746
-7.14747
-7.14713
-7.14645
-7.14607
-7.14566
-7.14556
-7.14447
-7.14336
-7.14222
-7.14172
-7.1412
-7.14067
-7.14076
-7.1402
-7.13962
-7.13935
-7.13875
-7.13846
-7.13783
-7.13753
-7.13657
-7.13625
-7.1356
-7.13593
-7.1356
-7.13495
-7.13365
-7.13333
-7.13302
-7.13206
-7.13143
-7.13049
-7.12956
-7.12897
-7.12838
-7.12781
-7.12759
-7.1264
-7.12654
-7.12637
-7.1259
-7.1248
-7.12438
-7.12334
-7.12297
-7.12263
-7.12233
-7.12205
-7.12213
-7.12225
-7.12175
-7.12162
-7.1225
-7.12244
-7.12178
-7.12181
-7.1222
-7.12199
-7.12215
-7.12235
-7.12228
-7.1229
-7.12292
-7.12364
-7.12377
-7.12394
-7.12481
-7.12508
-7.12572
-7.12609
-7.12717
-7.12861
-7.12946
-7.13069
-7.13132
-7.13232
-7.13273
-7.13384
-7.13532
-7.13653
-7.13779
-7.1391
-7.14013
-7.14218
-7.14429
-7.14579
-7.14733
-7.14892
-7.15056
-7.15224
-7.15364
-7.15605
-7.15818
-7.1597
-7.16158
-7.16383
-7.16578
-7.16777
-7.16979
-7.1725
-7.17491
-7.17767
-7.18046
-7.18295
-7.18514
-7.18736
-7.1896
-7.19218
-7.19446
-7.19707
-7.201
-7.20332
-7.20534
-7.20768
-7.21036
-7.21272
-7.21541
-7.21811
-7.22113
-7.22351
-7.22588
-7.22793
-7.22997
-7.23266
-7.23501
-7.23768
-7.24066
-7.24233
-7.24464
-7.24726
-7.24954
-7.25213
-7.25405
-7.25627
-7.25879
-7.26129
-7.26409
-7.26653
-7.26831
-7.2707
-7.27273
-7.27474
-7.27703
-7.27896
-7.28086
-7.28305
-7.28552
-7.28764
-7.28906
-7.29044
-7.29211
-7.29341
-7.29499
-7.29653
-7.29867
-7.30044
-7.30151
-7.30319
-7.30514
-7.30607
-7.30663
-7.30747
-7.30858
-7.30931
-7.31064
-7.31127
-7.31152
-7.31237
-7.31316
-7.3139
-7.31427
-7.31555
-7.3158
-7.31697
-7.31808
-7.31882
-7.31983
-7.31916
-7.31974
-7.32058
-7.32169
-7.3221
-7.3231
-7.32308
-7.32268
-7.32255
-7.32204
-7.32213
-7.32184
-7.32118
-7.32046
-7.32001
-7.31984
-7.31833
-7.31806
-7.31709
-7.3164
-7.31566
-7.31423
-7.31275
-7.31187
-7.3103
-7.30997
-7.30864
-7.30758
-7.30584
-7.30502
-7.30384
-7.3023
-7.30137
-7.29943
-7.2981
-7.29706
-7.29534
-7.29327
-7.29213
-7.29032
-7.28848
-7.28758
-7.28568
-7.28441
-7.28278
-7.28113
-7.27914
-7.2781
-7.27607
-7.27402
-7.27228
-7.27085
-7.26908
-7.26762
-7.26583
-7.26403
-7.26222
-7.26008
-7.25826
-7.25676
-7.25462
-7.25247
-7.25097
-7.24882
-7.24701
-7.24455
-7.24307
-7.24159
-7.23981
-7.23803
-7.23691
-7.23516
-7.23343
-7.23236
-7.23099
-7.22963
-7.22797
-7.22569
-7.2244
-7.22249
-7.22028
-7.21778
-7.21627
-7.21448
-7.21336
-7.21162
-7.20992
-7.20858
-7.20792
-7.20698
-7.20542
-7.20423
-7.2021
-7.20034
-7.19927
-7.19824
-7.19725
-7.19662
-7.19637
-7.19616
-7.19534
-7.19489
-7.19352
-7.19317
-7.19253
-7.19162
-7.19238
-7.19188
-7.19111
-7.1907
-7.19002
-7.1897
-7.18911
-7.1892
-7.18902
-7.18855
-7.18877
-7.18935
-7.18901
-7.18902
-7.18842
-7.18819
-7.18831
-7.18814
-7.18865
-7.18886
-7.18845
-7.1884
-7.18869
-7.18836
-7.18805
-7.18809
-7.18815
-7.18854
-7.18896
-7.18971
-7.18983
-7.19028
-7.19138
-7.19185
-7.19264
-7.19312
-7.19359
-7.19439
-7.19487
-7.19567
-7.19614
-7.19693
-7.19771
-7.19881
-7.19926
-7.20034
-7.20109
-7.2015
-7.20223
-7.20295
-7.20332
-7.20303
-7.20306
-7.20371
-7.20369
-7.20399
-7.20523
-7.20517
-7.20508
-7.2053
-7.20518
-7.20568
-7.20584
-7.2063
-7.20577
-7.20489
-7.20496
-7.20436
-7.20504
-7.20505
-7.20568
-7.20565
-7.20527
-7.20487
-7.20445
-7.20433
-7.20387
-7.20306
-7.20256
-7.20171
-7.20053
-7.19997
-7.19971
-7.19944
-7.19947
-7.19916
-7.19883
-7.19848
-7.19812
-7.19806
-7.19799
-7.19757
-7.19714
-7.19701
-7.19558
-7.19477
-7.19428
-7.19344
-7.19324
-7.1927
-7.1928
-7.19223
-7.19132
-7.19041
-7.19012
-7.18918
-7.18855
-7.18791
-7.18693
-7.18659
-7.18624
-7.18555
-7.18453
-7.18383
-7.18311
-7.18272
-7.18231
-7.18157
-7.18082
-7.18006
-7.17995
-7.17918
-7.17808
-7.17633
-7.17554
-7.1754
-7.1746
-7.1738
-7.17268
-7.17252
-7.17171
-7.1709
-7.16977
-7.16895
-7.16782
-7.16701
-7.1662
-7.16506
-7.16361
-7.16377
-7.16265
-7.16185
-7.16073
-7.16027
-7.15981
-7.15935
-7.15858
-7.15749
-7.15544
-7.1547
-7.15428
-7.15388
-7.15316
-7.15245
-7.15143
-7.15075
-7.14975
-7.14909
-7.14813
-7.1475
-7.14591
-7.14628
-7.1457
-7.14481
-7.14394
-7.14244
-7.14193
-7.14176
-7.14097
-7.14084
-7.14073
-7.14
-7.13993
-7.13956
-7.13889
-7.13857
-7.13892
-7.1393
-7.13905
-7.13883
-7.13863
-7.13781
-7.13766
-7.13754
-7.13745
-7.13641
-7.13702
-7.13734
-7.13736
-7.13805
-7.13845
-7.13921
-7.13967
-7.13984
-7.14004
-7.14026
-7.14117
-7.14146
-7.14178
-7.14246
-7.1422
-7.14261
-7.14274
-7.14322
-7.14373
-7.1446
-7.1455
-7.14578
-7.14609
-7.14676
-7.14746
-7.14819
-7.1496
-7.14975
-7.15089
-7.15175
-7.15263
-7.15354
-7.15415
-7.15543
-7.15642
-7.15775
-7.15879
-7.15985
-7.16093
-7.16203
-7.16316
-7.16398
-7.16481
-7.16566
-7.16685
-7.16773
-7.16927
-7.16985
-7.17141
-7.17297
-7.1739
-7.17547
-7.1764
-7.17765
-7.17923
-7.1808
-7.18205
-7.18297
-7.18452
-7.18574
-7.18695
-7.18815
-7.18966
-7.19082
-7.19197
-7.19309
-7.19355
-7.19431
-7.19505
-7.1964
-7.19741
-7.19774
-7.19868
-7.20025
-7.20113
-7.2023
-7.20344
-7.20389
-7.20495
-7.20598
-7.20729
-7.20791
-7.20849
-7.20903
-7.20953
-7.20999
-7.21008
-7.21078
-7.21079
-7.21108
-7.211
-7.21152
-7.21136
-7.2118
-7.21187
-7.2119
-7.21156
-7.21151
-7.21141
-7.2116
-7.21207
-7.21153
-7.21127
-7.21098
-7.21065
-7.21029
-7.21054
-7.21011
-7.20932
-7.2085
-7.20798
-7.20743
-7.2062
-7.20624
-7.20561
-7.20463
-7.2046
-7.20487
-7.2035
-7.20244
-7.20136
-7.20091
-7.20013
-7.19965
-7.19916
-7.19867
-7.19751
-7.19635
-7.1955
-7.19465
-7.19379
-7.19261
-7.19142
-7.19023
-7.18937
-7.18786
-7.18667
-7.18549
-7.18398
-7.18313
-7.18293
-7.18241
-7.18125
-7.18042
-7.17992
-7.17911
-7.1783
-7.17782
-7.17671
-7.17528
-7.17451
-7.17375
-7.173
-7.17194
-7.17121
-7.17017
-7.16946
-7.16811
-7.1671
-7.16578
-7.16512
-7.16415
-7.16286
-7.16256
-7.1626
-7.16232
-7.16206
-7.16148
-7.1606
-7.16005
-7.15983
-7.15963
-7.15912
-7.15895
-7.15814
-7.15799
-7.15818
-7.15775
-7.15764
-7.15723
-7.15749
-7.15776
-7.15739
-7.15705
-7.15672
-7.15609
-7.1558
-7.1565
-7.15625
-7.15602
-7.15614
-7.15563
-7.15514
-7.15597
-7.1552
-7.15511
-7.15472
-7.15435
-7.15401
-7.15402
-7.15374
-7.15413
-7.15487
-7.15499
-7.15547
-7.15565
-7.15619
-7.15676
-7.15639
-7.15703
-7.1577
-7.1584
-7.15881
-7.15926
-7.15941
-7.16057
-7.16143
-7.16169
-7.16165
-7.16229
-7.16232
-7.16271
-7.16377
-7.16454
-7.166
-7.16748
-7.16835
-7.1699
-7.17083
-7.1718
-7.17214
-7.17316
-7.17421
-7.17594
-7.17704
-7.17785
-7.17933
-7.18019
-7.18139
-7.18295
-7.18387
-7.18483
-7.18612
-7.18711
-7.18877
-7.19013
-7.1915
-7.19289
-7.19462
-7.19604
-7.19812
-7.19956
-7.20069
-7.20183
-7.20298
-7.20446
-7.20595
-7.20745
-7.20927
-7.21077
-7.21358
-7.21541
-7.21725
-7.21844
-7.22059
-7.22243
-7.22426
-7.22608
-7.22823
-7.23069
-7.2325
-7.23333
-7.23545
-7.23691
-7.23835
-7.23979
-7.24121
-7.2423
-7.24401
-7.24571
-7.24675
-7.24809
-7.24909
-7.25007
-7.25135
-7.25228
-7.25319
-7.25408
-7.25495
-7.25579
-7.25563
-7.2561
-7.25686
-7.25857
-7.25928
-7.26028
-7.26061
-7.26187
-7.26311
-7.26399
-7.26418
-7.26532
-7.26577
-7.26652
-7.26723
-7.26757
-7.26886
-7.26913
-7.26969
-7.2699
-7.27071
-7.27148
-7.2719
-7.27259
-7.27292
-7.27321
-7.2725
-7.27239
-7.27288
-7.27269
-7.27278
-7.27316
-7.27317
-7.27315
-7.27308
-7.27264
-7.27185
-7.27101
-7.27078
-7.27084
-7.27054
-7.27019
-7.2698
-7.26938
-7.26989
-7.26907
-7.26853
-7.26796
-7.26735
-7.26703
-7.26602
-7.26498
-7.26358
-7.26312
-7.2623
-7.26177
-7.26057
-7.25966
-7.25807
-7.2571
-7.2561
-7.2554
-7.25499
-7.25391
-7.25249
-7.25169
-7.25054
-7.25034
-7.24915
-7.24794
-7.24639
-7.24547
-7.24421
-7.24229
-7.24067
-7.2397
-7.23774
-7.23738
-7.23573
-7.23504
-7.23304
-7.23201
-7.23065
-7.22994
-7.22858
-7.22689
-7.22553
-7.22417
-7.22313
-7.22178
-7.2214
-7.21974
-7.21873
-7.2174
-7.21577
-7.21479
-7.21447
-7.21287
-7.21226
-7.21135
-7.21012
-7.20827
-7.20676
-7.20528
-7.20446
-7.20399
-7.20322
-7.20215
-7.20079
-7.20042
-7.19976
-7.19912
-7.19787
-7.19697
-7.19545
-7.19461
-7.19446
-7.19368
-7.1923
-7.19191
-7.19157
-7.19028
-7.18935
-7.18911
-7.18923
-7.18905
-7.18892
-7.18817
-7.18778
-7.18775
-7.18776
-7.18748
-7.18691
-7.18669
-7.18652
-7.18702
-7.18659
-7.18619
-7.18583
-7.18582
-7.1852
-7.18558
-7.18535
-7.18418
-7.18465
-7.18484
-7.18537
-7.18593
-7.1862
-7.18649
-7.18713
-7.1878
-7.18784
-7.18963
-7.19014
-7.1902
-7.18982
-7.18932
-7.18934
-7.18858
-7.18803
-7.18799
-7.18782
-7.18655
-7.18548
-7.18427
-7.18391
-7.18277
-7.18053
-7.17881
-7.17761
-7.1753
-7.17287
-7.17161
-7.16989
-7.16773
-7.1648
-7.16304
-7.16018
-7.15721
-7.15443
-7.15122
-7.14789
-7.14412
-7.14089
-7.13722
-7.13344
-7.1302
-7.12621
-7.12245
-7.11858
-7.11397
-7.11024
-7.10577
-7.10219
-7.09819
-7.09412
-7.08932
-7.08542
-7.0808
-7.07643
-7.07168
-7.06622
-7.06103
-7.05579
-7.05082
-7.04549
-7.04011
-7.03438
-7.02958
-7.02443
-7.01894
-7.01311
-7.00823
-7.00334
-6.99813
-6.99291
-6.98802
-6.98248
-6.97826
-6.97276
-6.9676
-6.96246
-6.95768
-6.95261
-6.9479
-6.94291
-6.93699
-6.93177
-6.92726
-6.92183
-6.91712
-6.91215
-6.9079
-6.9034
-6.89866
-6.89432
-6.88974
-6.88493
-6.88086
-6.87688
-6.87333
-6.8702
-6.86652
-6.86327
-6.85981
-6.85646
-6.85322
-6.85009
-6.84642
-6.84417
-6.84139
-6.83873
-6.83618
-6.83441
-6.83178
-6.82992
-6.82785
-6.82559
-6.82344
-6.82173
-6.82047
-6.81802
-6.81731
-6.81639
-6.81591
-6.81489
-6.81333
-6.8122
-6.81149
-6.81089
-6.81038
-6.809
-6.80836
-6.80846
-6.80832
-6.80826
-6.80828
-6.80805
-6.8079
-6.80782
-6.80812
-6.80881
-6.80924
-6.80973
-6.81027
-6.81085
-6.81148
-6.81216
-6.81222
-6.81297
-6.81407
-6.81553
-6.81701
-6.81787
-6.8194
-6.82062
-6.82121
-6.82182
-6.82275
-6.82402
-6.824
-6.82527
-6.82558
-6.82588
-6.8265
-6.82712
-6.82773
-6.82834
-6.82958
-6.83048
-6.83137
-6.83224
-6.83309
-6.83426
-6.83475
-6.8349
-6.836
-6.83643
-6.83749
-6.8382
-6.83888
-6.83954
-6.84049
-6.84109
-6.84199
-6.84221
-6.8424
-6.84321
-6.84334
-6.84376
-6.84383
-6.84387
-6.8442
-6.84449
-6.84443
-6.84434
-6.84487
-6.84536
-6.8455
-6.8456
-6.84632
-6.84668
-6.84669
-6.84634
-6.84595
-6.84618
-6.84639
-6.84688
-6.84637
-6.84616
-6.84624
-6.84694
-6.84663
-6.84598
-6.84627
-6.84588
-6.84514
-6.8447
-6.84489
-6.84407
-6.84323
-6.84237
-6.84181
-6.84058
-6.83965
-6.83967
-6.83806
-6.83675
-6.83607
-6.83537
-6.83466
-6.83393
-6.83319
-6.8334
-6.83231
-6.83154
-6.83075
-6.8306
-6.82915
-6.82833
-6.82751
-6.82668
-6.82618
-6.82534
-6.82385
-6.82333
-6.82282
-6.82198
-6.82146
-6.82062
-6.81979
-6.81929
-6.81846
-6.81765
-6.81684
-6.81572
-6.81525
-6.81447
-6.81403
-6.81296
-6.8119
-6.81085
-6.80982
-6.80817
-6.8075
-6.80653
-6.80494
-6.80434
-6.80441
-6.80419
-6.80334
-6.80187
-6.8014
-6.80064
-6.80023
-6.80017
-6.79982
-6.7995
-6.79954
-6.79897
-6.79876
-6.79793
-6.79844
-6.79801
-6.7973
-6.79695
-6.79729
-6.79735
-6.79712
-6.79725
-6.79808
-6.79765
-6.79791
-6.79853
-6.79855
-6.79829
-6.79807
-6.79919
-6.79938
-6.79994
-6.80053
-6.80117
-6.80153
-6.80192
-6.80235
-6.80315
-6.80398
-6.80582
-6.8064
-6.80799
-6.80897
-6.80997
-6.81133
-6.8124
-6.81447
-6.81527
-6.81674
-6.81824
-6.81911
-6.81969
-6.82093
-6.82219
-6.82314
-6.82476
-6.82606
-6.82738
-6.82871
-6.83005
-6.83139
-6.83338
-6.83441
-6.83576
-6.83711
-6.83814
-6.8398
-6.84147
-6.84247
-6.84314
-6.84542
-6.84671
-6.84864
-6.84958
-6.8505
-6.8514
-6.85228
-6.85346
-6.85461
-6.85607
-6.85684
-6.85792
-6.85863
-6.85965
-6.86063
-6.86125
-6.86281
-6.86369
-6.86486
-6.86534
-6.86611
-6.86684
-6.86754
-6.86884
-6.86914
-6.86907
-6.87026
-6.87044
-6.87123
-6.87165
-6.87236
-6.87238
-6.87269
-6.87328
-6.87352
-6.87371
-6.87386
-6.8743
-6.87438
-6.8741
-6.87411
-6.87441
-6.87435
-6.87523
-6.87543
-6.8756
-6.87574
-6.87521
-6.87497
-6.87502
-6.87473
-6.87539
-6.8744
-6.87372
-6.87366
-6.87326
-6.87285
-6.87177
-6.87164
-6.87118
-6.87038
-6.86957
-6.8694
-6.86889
-6.86805
-6.86786
-6.86701
-6.86648
-6.86563
-6.86509
-6.86391
-6.86306
-6.86253
-6.86201
-6.86149
-6.86129
-6.86046
-6.85964
-6.85882
-6.85834
-6.85819
-6.85773
-6.85727
-6.85684
-6.85674
-6.85633
-6.85626
-6.85555
-6.85487
-6.8542
-6.85354
-6.85355
-6.85325
-6.85297
-6.85304
-6.85312
-6.85321
-6.85398
-6.85346
-6.85394
-6.85346
-6.85235
-6.85288
-6.8531
-6.85301
-6.85294
-6.8532
-6.85252
-6.85249
-6.85313
-6.85313
-6.85315
-6.85286
-6.85355
-6.85361
-6.85303
-6.85311
-6.85319
-6.85329
-6.85372
-6.85415
-6.85395
-6.85376
-6.85422
-6.85436
-6.85451
-6.85434
-6.85483
-6.85531
-6.85548
-6.85532
-6.85549
-6.85566
-6.85648
-6.85698
-6.85716
-6.85734
-6.85784
-6.85769
-6.85819
-6.85837
-6.85855
-6.86002
-6.8602
-6.86005
-6.86023
-6.86073
-6.86091
-6.86141
-6.86223
-6.86273
-6.86291
-6.86308
-6.86293
-6.86343
-6.8636
-6.86442
-6.86491
-6.86476
-6.86493
-6.86542
-6.86591
-6.86608
-6.86624
-6.86641
-6.86624
-6.86672
-6.86688
-6.86671
-6.86685
-6.86668
-6.86682
-6.86663
-6.86644
-6.86657
-6.86637
-6.86681
-6.8666
-6.86671
-6.86648
-6.86689
-6.86633
-6.8664
-6.86614
-6.86588
-6.86624
-6.86628
-6.8663
-6.86664
-6.86632
-6.86599
-6.86596
-6.86561
-6.86523
-6.86517
-6.86575
-6.86533
-6.86556
-6.86577
-6.86564
-6.86614
-6.86631
-6.86549
-6.86531
-6.86511
-6.86555
-6.86533
-6.8651
-6.86486
-6.86396
-6.86338
-6.86312
-6.86317
-6.86256
-6.86227
-6.86263
-6.86234
-6.86172
-6.86143
-6.86081
-6.86052
-6.86023
-6.85898
-6.85935
-6.85941
-6.85949
-6.85892
-6.85934
-6.85978
-6.85927
-6.8591
-6.85862
-6.85849
-6.85839
-6.85831
-6.85794
-6.85792
-6.85825
-6.85862
-6.85902
-6.85914
-6.85864
-6.85916
-6.85971
-6.85998
-6.86093
-6.86096
-6.86103
-6.86147
-6.86228
-6.86248
-6.86306
-6.86432
-6.86499
-6.86602
-6.86775
-6.8692
-6.86908
-6.86998
-6.8706
-6.87126
-6.87165
-6.87273
-6.8732
-6.87436
-6.87525
-6.87715
-6.87779
-6.8788
-6.88017
-6.88191
-6.88336
-6.88485
-6.88638
-6.88794
-6.88954
-6.89181
-6.89348
-6.89551
-6.89724
-6.89803
-6.89983
-6.90166
-6.90384
-6.90572
-6.90828
-6.91023
-6.9122
-6.91387
-6.91557
-6.91827
-6.92035
-6.92245
-6.92491
-6.92707
-6.92892
-6.9308
-6.93303
-6.93463
-6.93722
-6.93952
-6.94151
-6.94417
-6.94652
-6.94987
-6.95291
-6.95533
-6.95808
-6.96053
-6.963
-6.96484
-6.96701
-6.96887
-6.97204
-6.97425
-6.97648
-6.97935
-6.98224
-6.98449
-6.98739
-6.98964
-6.99255
-6.99513
-6.99804
-6.99997
-7.00384
-7.00608
-7.0093
-7.01185
-7.01407
-7.01692
-7.02008
-7.02257
-7.02472
-7.02652
-7.02895
-7.03134
-7.03339
-7.03637
-7.03802
-7.03995
-7.0425
-7.04403
-7.04617
-7.04793
-7.05094
-7.05326
-7.05552
-7.0574
-7.0589
-7.06066
-7.06237
-7.06433
-7.06558
-7.06742
-7.06951
-7.0712
-7.07283
-7.0747
-7.07586
-7.07726
-7.07924
-7.07984
-7.08069
-7.08179
-7.08217
-7.08278
-7.08333
-7.08379
-7.08352
-7.08318
-7.08308
-7.08258
-7.08297
-7.08361
-7.08353
-7.08272
-7.08249
-7.08154
-7.08084
-7.08104
-7.0802
-7.08026
-7.07993
-7.07954
-7.07876
-7.0776
-7.07703
-7.07575
-7.07572
-7.07595
-7.07452
-7.07369
-7.07249
-7.07157
-7.07061
-7.06799
-7.06696
-7.06589
-7.06414
-7.06075
-7.05895
-7.05745
-7.0556
-7.0534
-7.05184
-7.04993
-7.04802
-7.04673
-7.04544
-7.04381
-7.04186
-7.04022
-7.03857
-7.03725
-7.03528
-7.03396
-7.03263
-7.03034
-7.02838
-7.02642
-7.02446
-7.02316
-7.02187
-7.02025
-7.01865
-7.01705
-7.01513
-7.01387
-7.01294
-7.01072
-7.00981
-7.00761
-7.0051
-7.00389
-7.00204
-7.0002
-6.99869
-6.99718
-6.99633
-6.99386
-6.99205
-6.99088
-6.98973
-6.98792
-6.9871
-6.98563
-6.98383
-6.98237
-6.98058
-6.97879
-6.97635
-6.97554
-6.97343
-6.97165
-6.96954
-6.96841
-6.96631
-6.96452
-6.96274
-6.96226
-6.96047
-6.95901
-6.95723
-6.9561
-6.95432
-6.95124
-6.95044
-6.94963
-6.9485
-6.94705
-6.9456
-6.94415
-6.9427
-6.94092
-6.93883
-6.93837
-6.93628
-6.93518
-6.93343
-6.93266
-6.93093
-6.9292
-6.92813
-6.92739
-6.92536
-6.92367
-6.92199
-6.92032
-6.91899
-6.91735
-6.91604
-6.9141
-6.91315
-6.91189
-6.91064
-6.91006
-6.90853
-6.90701
-6.90552
-6.90436
-6.90323
-6.90244
-6.90103
-6.89964
-6.89762
-6.89595
-6.89463
-6.89366
-6.89271
-6.89146
-6.89089
-6.89001
-6.88949
-6.88867
-6.88756
-6.88712
-6.88573
-6.88535
-6.88467
-6.88434
-6.8834
-6.88281
-6.88258
-6.8814
-6.8809
-6.88044
-6.88032
-6.88056
-6.88019
-6.87952
-6.87921
-6.87892
-6.87899
-6.87876
-6.87889
-6.8784
-6.87859
-6.87848
-6.87839
-6.87801
-6.87766
-6.87765
-6.87767
-6.87836
-6.87907
-6.87916
-6.87895
-6.87941
-6.87956
-6.87973
-6.87959
-6.87979
-6.88
-6.87958
-6.87949
-6.87941
-6.87966
-6.87991
-6.87985
-6.88044
-6.88102
-6.88128
-6.88121
-6.88177
-6.88266
-6.8832
-6.88341
-6.88393
-6.8841
-6.88523
-6.88471
-6.88449
-6.88457
-6.88462
-6.88464
-6.88462
-6.88456
-6.88446
-6.884
-6.88381
-6.88358
-6.88459
-6.88427
-6.88356
-6.88377
-6.88328
-6.88209
-6.88213
-6.88147
-6.88171
-6.8806
-6.87976
-6.87917
-6.8782
-6.87651
-6.87574
-6.8749
-6.87367
-6.8714
-6.86972
-6.8683
-6.8665
-6.86495
-6.86335
-6.86104
-6.85899
-6.85689
-6.85506
-6.8522
-6.85027
-6.84894
-6.84723
-6.84419
-6.84208
-6.83994
-6.83776
-6.83523
-6.83266
-6.8304
-6.82812
-6.8255
-6.82351
-6.82119
-6.81886
-6.81621
-6.81324
-6.8106
-6.8083
-6.80537
-6.80278
-6.80053
-6.79864
-6.79646
-6.79399
-6.79254
-6.79048
-6.78945
-6.78782
-6.78657
-6.78409
-6.78232
-6.78094
-6.77898
-6.7771
-6.77595
-6.77455
-6.77323
-6.77199
-6.77117
-6.77044
-6.7698
-6.76926
-6.76848
-6.76845
-6.76722
-6.76739
-6.76701
-6.76673
-6.76623
-6.76616
-6.76651
-6.76696
-6.76654
-6.76623
-6.76698
-6.76784
-6.76879
-6.76952
-6.77067
-6.7716
-6.77261
-6.77372
-6.77525
-6.77654
-6.77792
-6.77938
-6.78093
-6.78288
-6.78492
-6.78702
-6.78889
-6.79114
-6.79282
-6.79554
-6.798
-6.8002
-6.80214
-6.80445
-6.80683
-6.80893
-6.81205
-6.81457
-6.81747
-6.81976
-6.82209
-6.82446
-6.82719
-6.8293
-6.83144
-6.83394
-6.83744
-6.83999
-6.84289
-6.8458
-6.84906
-6.85265
-6.85529
-6.85794
-6.86092
-6.86391
-6.86722
-6.87054
-6.87289
-6.87654
-6.87921
-6.88285
-6.88551
-6.88881
-6.89146
-6.89473
-6.89768
-6.90093
-6.90448
-6.90769
-6.91024
-6.91308
-6.91493
-6.91773
-6.92082
-6.92356
-6.92594
-6.92861
-6.93125
-6.93353
-6.93577
-6.93829
-6.94142
-6.94385
-6.94625
-6.94859
-6.95056
-6.95378
-6.95597
-6.95811
-6.96019
-6.96222
-6.96386
-6.96577
-6.96762
-6.9694
-6.97079
-6.97212
-6.97338
-6.97458
-6.97538
-6.97675
-6.97773
-6.97864
-6.97948
-6.98056
-6.98189
-6.98282
-6.98367
-6.98445
-6.98612
-6.98674
-6.98825
-6.98936
-6.98974
-6.99004
-6.98962
-6.98976
-6.99015
-6.98948
-6.98938
-6.98952
-6.98894
-6.9886
-6.98786
-6.98736
-6.98647
-6.98517
-6.98412
-6.98331
-6.98243
-6.98148
-6.98045
-6.97935
-6.97785
-6.97661
-6.97496
-6.97293
-6.97148
-6.96996
-6.9687
-6.9664
-6.96469
-6.96325
-6.96142
-6.95985
-6.95791
-6.95689
-6.95549
-6.95372
-6.95125
-6.94906
-6.94682
-6.94552
-6.9432
-6.94084
-6.93877
-6.93666
-6.93387
-6.93106
-6.92887
-6.92567
-6.92311
-6.9202
-6.9176
-6.91497
-6.91169
-6.90872
-6.90607
-6.90341
-6.90108
-6.89809
-6.89446
-6.89148
-6.88915
-6.88619
-6.88323
-6.88062
-6.8777
-6.87448
-6.8716
-6.86972
-6.86723
-6.86573
-6.86362
-6.8609
-6.85952
-6.85721
-6.85494
-6.85271
-6.85086
-6.84873
-6.84666
-6.84497
-6.843
-6.84142
-6.83926
-6.83683
-6.83577
-6.83412
-6.8319
-6.83072
-6.82896
-6.8276
-6.82599
-6.82478
-6.82365
-6.82195
-6.82131
-6.81977
-6.81896
-6.81823
-6.81693
-6.81636
-6.81588
-6.8158
-6.81581
-6.81557
-6.81606
-6.81631
-6.81631
-6.8164
-6.81656
-6.81712
-6.81679
-6.81718
-6.81797
-6.81916
-6.81977
-6.82013
-6.82119
-6.82265
-6.82224
-6.82317
-6.8245
-6.82523
-6.82732
-6.82816
-6.83002
-6.83162
-6.83325
-6.83461
-6.83601
-6.83745
-6.83893
-6.84077
-6.84167
-6.84292
-6.84485
-6.84712
-6.84878
-6.85078
-6.85247
-6.8545
-6.85623
-6.85861
-6.85972
-6.8618
-6.8639
-6.86567
-6.86745
-6.86988
-6.87133
-6.87246
-6.87456
-6.87601
-6.87777
-6.87953
-6.88127
-6.88333
-6.88538
-6.88677
-6.88847
-6.89015
-6.89149
-6.89379
-6.89607
-6.89703
-6.89798
-6.89955
-6.90045
-6.9023
-6.90413
-6.90528
-6.90803
-6.90946
-6.91119
-6.91257
-6.91392
-6.91556
-6.91686
-6.91812
-6.91935
-6.92056
-6.92206
-6.92353
-6.92464
-6.92605
-6.92743
-6.92846
-6.92881
-6.93009
-6.93103
-6.93193
-6.93312
-6.93396
-6.93542
-6.93555
-6.93629
-6.93701
-6.93737
-6.93835
-6.93865
-6.93925
-6.93982
-6.94069
-6.94055
-6.94104
-6.94215
-6.94226
-6.94267
-6.94273
-6.94276
-6.94342
-6.94406
-6.94467
-6.94462
-6.94487
-6.94542
-6.94563
-6.94517
-6.94535
-6.94583
-6.94598
-6.94578
-6.94558
-6.94536
-6.94513
-6.94521
-6.94495
-6.94502
-6.94572
-6.94544
-6.94548
-6.9439
-6.94426
-6.94429
-6.94432
-6.94434
-6.94502
-6.94472
-6.94539
-6.94574
-6.9461
-6.9458
-6.94584
-6.94652
-6.94624
-6.94661
-6.94699
-6.94737
-6.94743
-6.94782
-6.94758
-6.94831
-6.94808
-6.94753
-6.94829
-6.94744
-6.94757
-6.94739
-6.94754
-6.94835
-6.94853
-6.94903
-6.94923
-6.94976
-6.94933
-6.94956
-6.95044
-6.95069
-6.95128
-6.95156
-6.95152
-6.95182
-6.95181
-6.95148
-6.95182
-6.95216
-6.95348
-6.95417
-6.9539
-6.95461
-6.95468
-6.95476
-6.95518
-6.95593
-6.95603
-6.95647
-6.95724
-6.95769
-6.9575
-6.95763
-6.95842
-6.95889
-6.95937
-6.95952
-6.95967
-6.96015
-6.9603
-6.96078
-6.96061
-6.96109
-6.96157
-6.96236
-6.96283
-6.96329
-6.96407
-6.96452
-6.96464
-6.96443
-6.96518
-6.96527
-6.96567
-6.96606
-6.96709
-6.96746
-6.96813
-6.96912
-6.96944
-6.97007
-6.97134
-6.97194
-6.97252
-6.97276
-6.97265
-6.97252
-6.9727
-6.97349
-6.9733
-6.97405
-6.97413
-6.97386
-6.97519
-6.9752
-6.97486
-6.97515
-6.97508
-6.97595
-6.97616
-6.97601
-6.97616
-6.97628
-6.97572
-6.97449
-6.97421
-6.97422
-6.97323
-6.97319
-6.97247
-6.97108
-6.97063
-6.97113
-6.97095
-6.9701
-6.9702
-6.96962
-6.96902
-6.96839
-6.96677
-6.96577
-6.96475
-6.96435
-6.96328
-6.96284
-6.96172
-6.96156
-6.96073
-6.95923
-6.95933
-6.95844
-6.95753
-6.9566
-6.95598
-6.95534
-6.95371
-6.95207
-6.95106
-6.95068
-6.94866
-6.94728
-6.94589
-6.94481
-6.94403
-6.9426
-6.94116
-6.94002
-6.93856
-6.93805
-6.93657
-6.93507
-6.93325
-6.93272
-6.93185
-6.93066
-6.92881
-6.92761
-6.92674
-6.92553
-6.92433
-6.9228
-6.92193
-6.92138
-6.91986
-6.91899
-6.91749
-6.91631
-6.91514
-6.91398
-6.91316
-6.91203
-6.91059
-6.91013
-6.90904
-6.90765
-6.9066
-6.90557
-6.90456
-6.90358
-6.90262
-6.90201
-6.90142
-6.90054
-6.89904
-6.89886
-6.8971
-6.89667
-6.89594
-6.89492
-6.89394
-6.89365
-6.89306
-6.89251
-6.89199
-6.89152
-6.89107
-6.89067
-6.88998
-6.88932
-6.88935
-6.88877
-6.88855
-6.88837
-6.88757
-6.8881
-6.88802
-6.887
-6.88698
-6.887
-6.88639
-6.88647
-6.88592
-6.88637
-6.88652
-6.88669
-6.88688
-6.88645
-6.88668
-6.8866
-6.88686
-6.88649
-6.88742
-6.88707
-6.88769
-6.88735
-6.88765
-6.88829
-6.88892
-6.88987
-6.88984
-6.89014
-6.89042
-6.89102
-6.89128
-6.89185
-6.89208
-6.89197
-6.89151
-6.89168
-6.89248
-6.89261
-6.89238
-6.89213
-6.89185
-6.89121
-6.89119
-6.89114
-6.89106
-6.89094
-6.89047
-6.89028
-6.89038
-6.89013
-6.8895
-6.88852
-6.88848
-6.88807
-6.88828
-6.88747
-6.88695
-6.8864
-6.8858
-6.8855
-6.88515
-6.8851
-6.88436
-6.88359
-6.88343
-6.8826
-6.8814
-6.88051
-6.88022
-6.87894
-6.87796
-6.8763
-6.87527
-6.87421
-6.87313
-6.87202
-6.87123
-6.86976
-6.86764
-6.86615
-6.86497
-6.86377
-6.86257
-6.86136
-6.86014
-6.85859
-6.85704
-6.85614
-6.85524
-6.85369
-6.85214
-6.8506
-6.84971
-6.84948
-6.84828
-6.84645
-6.84528
-6.84444
-6.84362
-6.84216
-6.84137
-6.83995
-6.83822
-6.83716
-6.83645
-6.83576
-6.83476
-6.83346
-6.83251
-6.83288
-6.83132
-6.83012
-6.82927
-6.82876
-6.82828
-6.8275
-6.82643
-6.82602
-6.82564
-6.82529
-6.82431
-6.82336
-6.82308
-6.82282
-6.82194
-6.82173
-6.82123
-6.82106
-6.82093
-6.82049
-6.82007
-6.81935
-6.81833
-6.81799
-6.81766
-6.81735
-6.81706
-6.81648
-6.81656
-6.81666
-6.8171
-6.81627
-6.81611
-6.81597
-6.81617
-6.81607
-6.81534
-6.8156
-6.81556
-6.81586
-6.81554
-6.81523
-6.81527
-6.81566
-6.81638
-6.81648
-6.81692
-6.81674
-6.8169
-6.81708
-6.81761
-6.81751
-6.81743
-6.81706
-6.81735
-6.81735
-6.81769
-6.81903
-6.81942
-6.81984
-6.81963
-6.8201
-6.8206
-6.82047
-6.82038
-6.82161
-6.82254
-6.8235
-6.82417
-6.82487
-6.82625
-6.82733
-6.82813
-6.82895
-6.82949
-6.83038
-6.83163
-6.83356
-6.83488
-6.83559
-6.83633
-6.83711
-6.83792
-6.83908
-6.84061
-6.84218
-6.84345
-6.84508
-6.84611
-6.84684
-6.84761
-6.84842
-6.85056
-6.85176
-6.85365
-6.85524
-6.8572
-6.85886
-6.86056
-6.8623
-6.86374
-6.86586
-6.86705
-6.86891
-6.8708
-6.8724
-6.87402
-6.876
-6.87768
-6.88003
-6.88241
-6.88481
-6.88691
-6.88903
-6.89117
-6.89333
-6.89486
-6.89673
-6.89925
-6.90212
-6.90434
-6.90722
-6.90979
-6.91138
-6.9133
-6.91587
-6.91844
-6.921
-6.92323
-6.9261
-6.92799
-6.93019
-6.9327
-6.93422
-6.93702
-6.93882
-6.94092
-6.943
-6.94504
-6.94738
-6.94936
-6.9513
-6.95321
-6.9554
-6.95754
-6.95965
-6.96138
-6.96307
-6.96438
-6.96629
-6.96815
-6.9693
-6.97137
-6.97306
-6.97502
-6.97692
-6.97876
-6.97989
-6.98128
-6.98196
-6.98355
-6.98346
-6.98363
-6.98405
-6.98506
-6.98568
-6.98656
-6.98771
-6.98781
-6.9885
-6.98945
-6.9897
-6.98988
-6.99032
-6.9907
-6.99006
-6.98968
-6.9886
-6.98875
-6.98821
-6.98794
-6.98761
-6.98724
-6.98682
-6.98732
-6.98648
-6.9856
-6.98533
-6.98501
-6.98369
-6.98395
-6.98321
-6.98244
-6.98163
-6.98112
-6.97993
-6.97905
-6.97781
-6.9772
-6.97625
-6.97593
-6.97494
-6.97394
-6.97227
-6.97092
-6.96956
-6.96851
-6.9681
-6.96703
-6.96564
-6.96457
-6.96317
-6.96241
-6.96133
-6.95993
-6.95885
-6.9581
-6.95768
-6.95596
-6.95457
-6.95351
-6.95181
-6.9498
-6.94908
-6.94643
-6.9454
-6.94439
-6.94371
-6.94239
-6.94108
-6.93978
-6.93816
-6.93753
-6.93626
-6.93436
-6.93377
-6.93254
-6.93164
-6.93077
-6.93055
-6.92938
-6.92855
-6.92708
-6.92628
-6.92647
-6.9257
-6.92495
-6.92422
-6.92383
-6.92378
-6.92277
-6.92179
-6.92083
-6.91988
-6.91863
-6.91805
-6.91717
-6.91599
-6.9158
-6.91531
-6.91549
-6.91537
-6.91462
-6.91422
-6.91418
-6.91415
-6.9135
-6.91256
-6.91196
-6.91107
-6.91053
-6.91066
-6.91017
-6.91068
-6.91089
-6.91048
-6.91041
-6.91103
-6.91102
-6.91103
-6.9114
-6.91146
-6.91026
-6.91006
-6.90955
-6.91036
-6.91055
-6.91043
-6.91099
-6.91156
-6.91313
-6.91342
-6.91373
-6.91374
-6.91408
-6.91477
-6.91515
-6.91554
-6.91595
-6.91572
-6.91616
-6.91693
-6.91706
-6.91752
-6.91832
-6.91847
-6.91961
-6.92011
-6.92093
-6.92176
-6.9213
-6.92246
-6.92329
-6.92381
-6.92432
-6.92451
-6.9247
-6.92521
-6.92604
-6.92687
-6.9277
-6.92852
-6.92804
-6.9282
-6.92803
-6.92883
-6.92962
-6.93008
-6.93085
-6.93161
-6.93172
-6.93278
-6.93319
-6.93456
-6.93527
-6.93597
-6.93665
-6.93602
-6.93635
-6.93667
-6.93633
-6.93726
-6.93753
-6.93779
-6.93835
-6.93857
-6.93844
-6.93798
-6.93717
-6.93731
-6.93744
-6.93754
-6.93763
-6.93801
-6.93838
-6.93872
-6.93836
-6.93761
-6.93677
-6.93682
-6.93614
-6.93537
-6.93451
-6.93453
-6.93512
-6.93498
-6.9341
-6.93217
-6.9308
-6.92934
-6.92845
-6.92715
-6.92512
-6.92397
-6.92242
-6.92047
-6.91909
-6.91763
-6.91576
-6.91383
-6.91213
-6.91005
-6.90789
-6.90598
-6.90368
-6.90131
-6.89856
-6.89573
-6.89253
-6.88958
-6.88691
-6.88384
-6.88105
-6.87853
-6.8753
-6.8717
-6.8687
-6.86565
-6.86288
-6.85974
-6.85623
-6.85301
-6.84975
-6.84645
-6.84311
-6.83941
-6.83601
-6.83258
-6.82944
-6.82595
-6.82211
-6.81858
-6.81535
-6.81114
-6.80659
-6.80364
-6.80004
-6.79643
-6.79313
-6.79016
-6.78621
-6.78292
-6.77898
-6.77537
-6.7721
-6.76949
-6.76592
-6.7627
-6.75918
-6.75568
-6.75222
-6.74878
-6.74538
-6.74266
-6.73967
-6.73607
-6.73251
-6.72998
-6.72621
-6.72315
-6.71917
-6.7159
-6.71238
-6.70958
-6.70684
-6.70322
-6.70064
-6.69879
-6.69639
-6.69374
-6.69151
-6.68873
-6.6867
-6.68509
-6.68294
-6.68154
-6.67927
-6.67712
-6.67637
-6.67541
-6.67391
-6.67253
-6.67127
-6.6711
-6.67105
-6.6708
-6.67034
-6.66968
-6.67011
-6.66969
-6.6694
-6.66955
-6.67015
-6.67022
-6.67041
-6.67103
-6.6721
-6.67329
-6.67426
-6.67534
-6.67686
-6.67751
-6.67891
-6.68074
-6.68202
-6.68372
-6.68519
-6.68739
-6.68936
-6.69141
-6.69354
-6.69575
-6.69803
-6.70006
-6.70247
-6.70527
-6.70813
-6.71104
-6.714
-6.71669
-6.71942
-6.72284
-6.72565
-6.72816
-6.73168
-6.73457
-6.73814
-6.7414
-6.74403
-6.74699
-6.75029
-6.75425
-6.75691
-6.7599
-6.76289
-6.76653
-6.76951
-6.77249
-6.77545
-6.77776
-6.78102
-6.78395
-6.78751
-6.79137
-6.79424
-6.79676
-6.79927
-6.80174
-6.80484
-6.80725
-6.80997
-6.81297
-6.81626
-6.81855
-6.82081
-6.82335
-6.82618
-6.82929
-6.83236
-6.83539
-6.83773
-6.84101
-6.84294
-6.84515
-6.84699
-6.84846
-6.85053
-6.85255
-6.85484
-6.85643
-6.85861
-6.8601
-6.86185
-6.86387
-6.86518
-6.86677
-6.86796
-6.87007
-6.87147
-6.87249
-6.87344
-6.87498
-6.87547
-6.87655
-6.87692
-6.87851
-6.87939
-6.88052
-6.88158
-6.88224
-6.88251
-6.88302
-6.88314
-6.88384
-6.88413
-6.88403
-6.88385
-6.88359
-6.88358
-6.88349
-6.88366
-6.88342
-6.88245
-6.88174
-6.88127
-6.88039
-6.87977
-6.87874
-6.87763
-6.8771
-6.8765
-6.87517
-6.87376
-6.87228
-6.87106
-6.86943
-6.86871
-6.86759
-6.86575
-6.86417
-6.86252
-6.85983
-6.8587
-6.85653
-6.85527
-6.85396
-6.85193
-6.85018
-6.84739
-6.84553
-6.84296
-6.84099
-6.83833
-6.83627
-6.83417
-6.83203
-6.82887
-6.82601
-6.82343
-6.82083
-6.81819
-6.81618
-6.81381
-6.8111
-6.80805
-6.8053
-6.80286
-6.8004
-6.79729
-6.79417
-6.79137
-6.78921
-6.78641
-6.78328
-6.78113
-6.77737
-6.77459
-6.77247
-6.77004
-6.76762
-6.76458
-6.76253
-6.75953
-6.75752
-6.75393
-6.75134
-6.74878
-6.7469
-6.74441
-6.74196
-6.73987
-6.73749
-6.73516
-6.73255
-6.72999
-6.72845
-6.72598
-6.72487
-6.72218
-6.72085
-6.71893
-6.71642
-6.71332
-6.71125
-6.70924
-6.70763
-6.70607
-6.70458
-6.70315
-6.7018
-6.70019
-6.69961
-6.69814
-6.69706
-6.69606
-6.69448
-6.69298
-6.69187
-6.69116
-6.69054
-6.68966
-6.68854
-6.68847
-6.68848
-6.6889
-6.68874
-6.68867
-6.68836
-6.68812
-6.68862
-6.68953
-6.6902
-6.69127
-6.69081
-6.69109
-6.69144
-6.69221
-6.69306
-6.69368
-6.69502
-6.69678
-6.69829
-6.6999
-6.70061
-6.70174
-6.70327
-6.70489
-6.70659
-6.70903
-6.71089
-6.71284
-6.7152
-6.71731
-6.71983
-6.72113
-6.7225
-6.72493
-6.72743
-6.73
-6.73232
-6.7347
-6.73747
-6.73998
-6.74255
-6.74485
-6.74786
-6.75091
-6.75401
-6.7578
-6.76131
-6.76453
-6.76778
-6.77138
-6.77468
-6.778
-6.78133
-6.78466
-6.78865
-6.79101
-6.79434
-6.79765
-6.80062
-6.80389
-6.80712
-6.81032
-6.81413
-6.81724
-6.81964
-6.82264
-6.82492
-6.82746
-6.83057
-6.8336
-6.83623
-6.83876
-6.84087
-6.84289
-6.84513
-6.84694
-6.84928
-6.85184
-6.85428
-6.85596
-6.85783
-6.85926
-6.86056
-6.86238
-6.86278
-6.86337
-6.86416
-6.86481
-6.865
-6.86571
-6.86597
-6.86609
-6.86607
-6.8669
-6.86631
-6.86591
-6.86602
-6.8657
-6.86492
-6.86402
-6.86333
-6.86316
-6.86289
-6.86218
-6.86072
-6.85851
-6.85588
-6.85445
-6.85292
-6.8513
-6.84896
-6.8475
-6.84468
-6.84276
-6.84012
-6.83807
-6.835
-6.83252
-6.82967
-6.82742
-6.82449
-6.82153
-6.81886
-6.8165
-6.81379
-6.81107
-6.80867
-6.80595
-6.80323
-6.79986
-6.79717
-6.79449
-6.79216
-6.78953
-6.78726
-6.78406
-6.78219
-6.77973
-6.77699
-6.77463
-6.772
-6.77041
-6.76823
-6.76613
-6.76345
-6.76182
-6.75962
-6.75782
-6.75676
-6.75482
-6.75264
-6.75055
-6.74888
-6.74828
-6.74745
-6.74575
-6.74414
-6.74296
-6.7422
-6.74154
-6.74099
-6.74021
-6.74018
-6.74057
-6.74042
-6.74036
-6.74041
-6.74055
-6.7424
-6.74273
-6.74251
-6.74303
-6.74363
-6.74432
-6.74574
-6.74627
-6.74753
-6.74821
-6.74962
-6.75142
-6.75199
-6.75327
-6.75429
-6.75601
-6.75681
-6.75799
-6.75986
-6.76144
-6.76307
-6.76473
-6.76577
-6.76748
-6.76889
-6.77065
-6.77274
-6.7742
-6.77567
-6.77714
-6.77862
-6.78041
-6.78285
-6.78431
-6.78575
-6.78686
-6.7886
-6.79031
-6.792
-6.79367
-6.79465
-6.79594
-6.79751
-6.79937
-6.80087
-6.80233
-6.80342
-6.80544
-6.80581
-6.8071
-6.80899
-6.81083
-6.8123
-6.81373
-6.81542
-6.81707
-6.81801
-6.81923
-6.82007
-6.82086
-6.82159
-6.82324
-6.82452
-6.82509
-6.82593
-6.82639
-6.82648
-6.82683
-6.82745
-6.8277
-6.82756
-6.82738
-6.82714
-6.82684
-6.82617
-6.82577
-6.82532
-6.82547
-6.82653
-6.82625
-6.82656
-6.82618
-6.82574
-6.82461
-6.82505
-6.8235
-6.82222
-6.82122
-6.82018
-6.81941
-6.81827
-6.81774
-6.81651
-6.81588
-6.81424
-6.81288
-6.81213
-6.81166
-6.80986
-6.80802
-6.80647
-6.80585
-6.80423
-6.8029
-6.80154
-6.8008
-6.79971
-6.79859
-6.7968
-6.79564
-6.7938
-6.79195
-6.79073
-6.78918
-6.78858
-6.787
-6.78542
-6.7848
-6.78353
-6.78227
-6.78101
-6.77943
-6.77786
-6.77662
-6.77508
-6.77355
-6.77108
-6.76927
-6.7675
-6.76575
-6.76436
-6.76267
-6.76136
-6.75976
-6.75852
-6.75734
-6.75588
-6.7548
-6.75345
-6.7528
-6.75221
-6.75168
-6.75025
-6.74952
-6.74919
-6.7486
-6.7484
-6.74763
-6.74725
-6.74695
-6.74671
-6.74688
-6.74712
-6.7471
-6.74717
-6.74731
-6.7472
-6.74717
-6.74753
-6.74829
-6.74881
-6.74906
-6.74972
-6.75044
-6.75059
-6.75112
-6.75205
-6.75304
-6.75441
-6.75585
-6.75702
-6.75824
-6.75951
-6.76117
-6.76157
-6.76332
-6.76479
-6.7663
-6.7685
-6.77074
-6.77269
-6.77435
-6.77636
-6.77743
-6.77916
-6.7806
-6.78238
-6.7845
-6.78631
-6.78813
-6.78995
-6.79146
-6.79297
-6.79481
-6.79664
-6.79847
-6.8003
-6.80243
-6.80391
-6.80504
-6.80616
-6.80791
-6.81028
-6.81198
-6.81366
-6.81562
-6.81659
-6.81752
-6.81971
-6.82154
-6.82268
-6.82508
-6.82614
-6.8265
-6.82811
-6.83065
-6.83152
-6.83233
-6.83277
-6.8338
-6.83478
-6.83634
-6.83752
-6.83864
-6.83873
-6.8394
-6.84033
-6.84055
-6.84071
-6.84145
-6.84116
-6.84144
-6.84199
-6.84182
-6.84191
-6.84193
-6.84189
-6.84146
-6.84162
-6.84139
-6.8411
-6.84074
-6.84065
-6.84018
-6.83965
-6.83906
-6.83712
-6.83675
-6.836
-6.8352
-6.83499
-6.83409
-6.83315
-6.83216
-6.83081
-6.83039
-6.82896
-6.82814
-6.82697
-6.82576
-6.82452
-6.82261
-6.82131
-6.82
-6.81833
-6.81698
-6.81593
-6.81454
-6.81249
-6.81076
-6.80838
-6.80599
-6.80359
-6.80185
-6.80043
-6.79902
-6.79793
-6.79718
-6.79611
-6.79506
-6.79337
-6.79105
-6.7907
-6.79004
-6.78844
-6.78848
-6.78758
-6.78606
-6.78489
-6.78375
-6.78233
-6.78094
-6.78023
-6.77892
-6.7783
-6.77739
-6.7762
-6.77505
-6.77395
-6.77322
-6.77254
-6.77159
-6.77133
-6.77113
-6.77033
-6.77024
-6.76987
-6.76924
-6.76898
-6.76911
-6.76929
-6.76889
-6.76918
-6.76954
-6.76898
-6.76946
-6.76999
-6.76961
-6.76993
-6.76967
-6.77076
-6.77126
-6.77214
-6.77275
-6.7731
-6.7735
-6.7746
-6.7751
-6.77534
-6.77627
-6.77725
-6.77795
-6.7787
-6.78014
-6.78195
-6.78315
-6.78439
-6.78566
-6.78697
-6.78831
-6.78936
-6.7914
-6.79251
-6.79461
-6.79576
-6.79725
-6.79844
-6.79997
-6.80118
-6.80273
-6.80525
-6.80616
-6.80804
-6.80991
-6.81178
-6.81364
-6.81452
-6.81668
-6.81849
-6.82029
-6.82206
-6.82284
-6.82391
-6.8256
-6.82661
-6.8279
-6.8298
-6.83165
-6.83282
-6.83362
-6.83533
-6.83635
-6.83732
-6.83791
-6.83811
-6.83923
-6.83996
-6.84062
-6.84155
-6.84241
-6.8432
-6.84392
-6.84425
-6.84483
-6.84436
-6.84448
-6.84484
-6.84513
-6.846
-6.84518
-6.84493
-6.84429
-6.84358
-6.84377
-6.84356
-6.84297
-6.84198
-6.84125
-6.84045
-6.83927
-6.83901
-6.83836
-6.83733
-6.83625
-6.83544
-6.83555
-6.83367
-6.8324
-6.83141
-6.83006
-6.829
-6.82759
-6.82518
-6.82371
-6.82255
-6.82073
-6.81921
-6.81737
-6.81584
-6.81431
-6.81277
-6.81092
-6.80941
-6.80823
-6.80674
-6.80592
-6.8048
-6.80371
-6.80297
-6.80195
-6.79999
-6.79839
-6.79652
-6.79534
-6.7942
-6.7928
-6.79112
-6.7895
-6.78891
-6.78774
-6.78694
-6.78654
-6.78555
-6.78528
-6.78475
-6.78428
-6.78388
-6.78323
-6.78264
-6.78277
-6.782
-6.7813
-6.78228
-6.78171
-6.78186
-6.7824
-6.78267
-6.78268
-6.78276
-6.78321
-6.78308
-6.78429
-6.78458
-6.78525
-6.78629
-6.78738
-6.78819
-6.78904
-6.79057
-6.79214
-6.79278
-6.79376
-6.79445
-6.79614
-6.79688
-6.79796
-6.79873
-6.79985
-6.80162
-6.80275
-6.80357
-6.80503
-6.80683
-6.80829
-6.80976
-6.8109
-6.813
-6.81444
-6.81587
-6.81631
-6.81739
-6.81844
-6.8198
-6.82146
-6.82116
-6.82309
-6.82403
-6.82527
-6.82582
-6.82731
-6.82877
-6.82955
-6.83062
-6.83099
-6.83133
-6.83228
-6.83319
-6.83309
-6.83391
-6.83469
-6.83478
-6.83547
-6.83612
-6.8364
-6.83663
-6.83649
-6.83663
-6.8364
-6.83612
-6.83515
-6.83413
-6.83468
-6.83518
-6.83531
-6.83507
-6.83576
-6.83542
-6.83504
-6.83461
-6.83446
-6.83427
-6.83338
-6.83278
-6.83213
-6.8308
-6.83006
-6.82961
-6.82814
-6.82729
-6.82639
-6.82545
-6.82382
-6.8228
-6.82175
-6.82033
-6.81953
-6.81869
-6.81782
-6.81691
-6.81598
-6.81501
-6.81336
-6.81168
-6.81062
-6.8092
-6.80744
-6.80564
-6.80414
-6.80327
-6.80236
-6.80079
-6.79886
-6.79723
-6.79558
-6.79391
-6.79188
-6.79081
-6.78938
-6.78696
-6.78549
-6.78335
-6.78119
-6.77933
-6.77745
-6.77554
-6.77394
-6.77135
-6.76809
-6.76514
-6.76282
-6.76177
-6.75974
-6.75769
-6.75531
-6.75388
-6.75179
-6.74904
-6.74629
-6.74352
-6.7414
-6.73894
-6.73648
-6.73467
-6.73253
-6.73071
-6.72922
-6.72708
-6.72462
-6.7225
-6.7207
-6.71859
-6.71585
-6.71409
-6.71203
-6.70869
-6.70634
-6.70433
-6.70235
-6.69975
-6.69782
-6.69591
-6.69371
-6.69155
-6.68974
-6.68764
-6.68623
-6.68485
-6.68319
-6.68222
-6.6813
-6.67976
-6.67957
-6.67814
-6.67642
-6.67476
-6.67347
-6.67191
-6.66942
-6.66829
-6.66688
-6.66618
-6.66554
-6.6643
-6.66344
-6.66296
-6.66125
-6.66057
-6.66027
-6.66003
-6.66017
-6.65909
-6.65903
-6.65904
-6.65911
-6.65892
-6.65911
-6.65839
-6.65773
-6.65746
-6.6579
-6.65841
-6.6593
-6.6596
-6.66062
-6.66105
-6.66155
-6.66178
-6.66208
-6.66308
-6.6635
-6.66431
-6.6655
-6.66643
-6.66774
-6.6688
-6.66991
-6.6714
-6.67264
-6.67425
-6.6756
-6.67701
-6.67848
-6.68001
-6.68159
-6.68291
-6.6846
-6.6857
-6.68718
-6.68936
-6.69159
-6.69257
-6.69458
-6.69695
-6.69841
-6.70088
-6.70243
-6.70532
-6.70695
-6.70927
-6.71066
-6.71274
-6.71517
-6.71764
-6.72078
-6.72332
-6.7262
-6.72878
-6.73172
-6.73371
-6.73636
-6.73904
-6.74109
-6.74348
-6.74653
-6.74894
-6.75169
-6.75477
-6.75754
-6.76031
-6.76309
-6.76586
-6.76799
-6.77077
-6.77418
-6.77663
-6.77939
-6.78214
-6.78423
-6.78696
-6.78967
-6.79269
-6.79537
-6.79803
-6.801
-6.80459
-6.80815
-6.81105
-6.81392
-6.81643
-6.81957
-6.8217
-6.82445
-6.82716
-6.83049
-6.83249
-6.83477
-6.83734
-6.83922
-6.84138
-6.84349
-6.84589
-6.84824
-6.85022
-6.85215
-6.8534
-6.85459
-6.85638
-6.85811
-6.85947
-6.86142
-6.86267
-6.86419
-6.86565
-6.86737
-6.86838
-6.86901
-6.8699
-6.87073
-6.87118
-6.87188
-6.87251
-6.87373
-6.87392
-6.87533
-6.87571
-6.87634
-6.8769
-6.8774
-6.87815
-6.87786
-6.87783
-6.87805
-6.87788
-6.87829
-6.87863
-6.87923
-6.88009
-6.88023
-6.87966
-6.87935
-6.87897
-6.87853
-6.8777
-6.87714
-6.87651
-6.8755
-6.87444
-6.87331
-6.87246
-6.87188
-6.87092
-6.86894
-6.86788
-6.8671
-6.86595
-6.86444
-6.86354
-6.86195
-6.86065
-6.85932
-6.85764
-6.8556
-6.85354
-6.85243
-6.85065
-6.84917
-6.84703
-6.84488
-6.84369
-6.8425
-6.84129
-6.84009
-6.83921
-6.83769
-6.83585
-6.83466
-6.83251
-6.83134
-6.82987
-6.82873
-6.82827
-6.82685
-6.82546
-6.82376
-6.82242
-6.82078
-6.82015
-6.81922
-6.81833
-6.81748
-6.81666
-6.81557
-6.81387
-6.81286
-6.81254
-6.81162
-6.81075
-6.80961
-6.80949
-6.80845
-6.80778
-6.80717
-6.80694
-6.80644
-6.806
-6.80529
-6.80529
-6.80502
-6.80481
-6.80466
-6.80457
-6.80486
-6.8049
-6.80499
-6.80547
-6.80568
-6.80628
-6.80629
-6.80765
-6.80745
-6.80795
-6.80754
-6.80782
-6.80881
-6.80887
-6.80963
-6.81109
-6.81259
-6.81317
-6.81379
-6.81477
-6.81611
-6.81748
-6.81824
-6.81968
-6.8205
-6.82069
-6.82156
-6.82277
-6.82399
-6.82523
-6.82681
-6.82774
-6.82803
-6.82898
-6.83025
-6.83118
-6.83276
-6.83401
-6.83588
-6.8371
-6.83797
-6.83946
-6.83963
-6.84074
-6.8415
-6.84286
-6.84386
-6.8445
-6.84509
-6.84563
-6.84742
-6.84786
-6.84791
-6.84856
-6.84914
-6.85031
-6.85044
-6.85115
-6.85178
-6.85138
-6.85187
-6.85293
-6.85327
-6.85321
-6.85306
-6.85218
-6.85187
-6.85115
-6.85035
-6.84914
-6.8485
-6.84744
-6.84663
-6.84605
-6.84539
-6.84465
-6.84285
-6.84162
-6.8403
-6.83825
-6.83645
-6.83521
-6.83455
-6.83284
-6.83138
-6.82984
-6.82791
-6.82591
-6.8245
-6.82205
-6.81986
-6.81793
-6.81628
-6.81424
-6.8128
-6.81035
-6.80784
-6.8053
-6.80271
-6.80009
-6.79711
-6.79409
-6.7917
-6.78863
-6.78587
-6.78276
-6.78029
-6.77813
-6.77531
-6.77314
-6.76999
-6.76652
-6.7637
-6.76121
-6.75744
-6.75498
-6.75221
-6.74947
-6.7461
-6.74404
-6.7417
-6.73874
-6.73613
-6.73325
-6.73137
-6.72954
-6.72743
-6.72569
-6.72303
-6.7214
-6.71917
-6.717
-6.71521
-6.71284
-6.71085
-6.70958
-6.70805
-6.70659
-6.70487
-6.70323
-6.70166
-6.70016
-6.69875
-6.69708
-6.69614
-6.69432
-6.69386
-6.69252
-6.69192
-6.69042
-6.68966
-6.68899
-6.6871
-6.6866
-6.68587
-6.6862
-6.68564
-6.68582
-6.68577
-6.68613
-6.68594
-6.68648
-6.68777
-6.68817
-6.68964
-6.68926
-6.68929
-6.68974
-6.6906
-6.69188
-6.69292
-6.69373
-6.69528
-6.6966
-6.69736
-6.69821
-6.69947
-6.70114
-6.70355
-6.7054
-6.70734
-6.70871
-6.71082
-6.71268
-6.71431
-6.71666
-6.71878
-6.72129
-6.72356
-6.72655
-6.72865
-6.73147
-6.73436
-6.73765
-6.74067
-6.74442
-6.74855
-6.75144
-6.75504
-6.75838
-6.76209
-6.76554
-6.76935
-6.77256
-6.77614
-6.78009
-6.78374
-6.78743
-6.79083
-6.7949
-6.79868
-6.80247
-6.80693
-6.81043
-6.81427
-6.81811
-6.82195
-6.82579
-6.83027
-6.83409
-6.83822
-6.84169
-6.84514
-6.84824
-6.85131
-6.855
-6.85929
-6.86258
-6.86712
-6.87
-6.87282
-6.87657
-6.87993
-6.88291
-6.88615
-6.88965
-6.89309
-6.8958
-6.89877
-6.90068
-6.9035
-6.90558
-6.90888
-6.91145
-6.91426
-6.91665
-6.91896
-6.92085
-6.92297
-6.925
-6.92726
-6.93007
-6.93213
-6.93313
-6.93468
-6.93613
-6.93716
-6.93808
-6.93891
-6.94029
-6.94125
-6.9421
-6.94383
-6.94514
-6.94537
-6.94583
-6.94619
-6.94645
-6.94727
-6.94766
-6.94731
-6.94752
-6.94763
-6.947
-6.94725
-6.9474
-6.94714
-6.94582
-6.94473
-6.94356
-6.94229
-6.94159
-6.94112
-6.94024
-6.93896
-6.93791
-6.9371
-6.93557
-6.93331
-6.93161
-6.93048
-6.92863
-6.9267
-6.92533
-6.92357
-6.9214
-6.91916
-6.91652
-6.91316
-6.9107
-6.90849
-6.90556
-6.90321
-6.90013
-6.89634
-6.89313
-6.89018
-6.88651
-6.88342
-6.88027
-6.87706
-6.87345
-6.86979
-6.86639
-6.86262
-6.85846
-6.85522
-6.8516
-6.84729
-6.84326
-6.83885
-6.83538
-6.83153
-6.82668
-6.82342
-6.8198
-6.81582
-6.81279
-6.80844
-6.80375
-6.79872
-6.79529
-6.79153
-6.78841
-6.78431
-6.78054
-6.77677
-6.77302
-6.76895
-6.76457
-6.76022
-6.75685
-6.75222
-6.7473
-6.74339
-6.73919
-6.73601
-6.7319
-6.72817
-6.72449
-6.72087
-6.71796
-6.71447
-6.71105
-6.7077
-6.70379
-6.70028
-6.69751
-6.6945
-6.69125
-6.68876
-6.68604
-6.68374
-6.68123
-6.67883
-6.67687
-6.67469
-6.67296
-6.67102
-6.6692
-6.66815
-6.66626
-6.66417
-6.66285
-6.66232
-6.66158
-6.66034
-6.6602
-6.65889
-6.65869
-6.65797
-6.6577
-6.65724
-6.65659
-6.65672
-6.65762
-6.65864
-6.65947
-6.6601
-6.66085
-6.66139
-6.6627
-6.66412
-6.66533
-6.6673
-6.66872
-6.67025
-6.67187
-6.67489
-6.67638
-6.67829
-6.67995
-6.68203
-6.68418
-6.6864
-6.68805
-6.69009
-6.69284
-6.695
-6.69754
-6.69981
-6.70245
-6.7048
-6.7072
-6.70995
-6.71242
-6.71523
-6.71839
-6.72093
-6.72315
-6.72669
-6.72959
-6.73218
-6.73444
-6.73703
-6.73994
-6.7422
-6.74477
-6.74798
-6.75084
-6.75337
-6.75619
-6.759
-6.76177
-6.76452
-6.76723
-6.76991
-6.7732
-6.7758
-6.77772
-6.77991
-6.78271
-6.78547
-6.78752
-6.78953
-6.79245
-6.79468
-6.79685
-6.79831
-6.80037
-6.80269
-6.80496
-6.80619
-6.80833
-6.81074
-6.81243
-6.81342
-6.81499
-6.81683
-6.8186
-6.81966
-6.82066
-6.8216
-6.8228
-6.82394
-6.82632
-6.82735
-6.82832
-6.82923
-6.83041
-6.83121
-6.83261
-6.83364
-6.83494
-6.83587
-6.83611
-6.83695
-6.83742
-6.83785
-6.83857
-6.83925
-6.83957
-6.83985
-6.8401
-6.84
-6.84085
-6.84102
-6.84083
-6.84095
-6.84137
-6.84145
-6.84215
-6.84284
-6.84287
-6.84287
-6.84319
-6.8435
-6.84282
-6.84343
-6.84273
-6.84267
-6.8426
-6.84284
-6.84211
-6.84168
-6.84093
-6.84049
-6.84004
-6.83957
-6.83943
-6.83862
-6.8391
-6.83892
-6.83938
-6.8395
-6.83896
-6.83872
-6.83814
-6.8382
-6.83759
-6.83761
-6.83728
-6.83662
-6.8369
-6.83619
-6.83579
-6.83503
-6.83458
-6.8341
-6.8336
-6.83274
-6.83154
-6.83096
-6.83035
-6.82939
-6.82971
-6.82968
-6.82897
-6.82856
-6.82747
-6.82636
-6.82555
-6.82503
-6.82385
-6.82296
-6.82205
-6.82079
-6.82015
-6.81917
-6.81785
-6.81586
-6.81482
-6.81343
-6.81236
-6.81158
-6.8095
-6.80838
-6.80724
-6.80577
-6.80493
-6.80311
-6.80161
-6.80075
-6.8002
-6.79901
-6.79813
-6.7966
-6.79475
-6.79386
-6.79234
-6.79146
-6.79026
-6.78939
-6.78885
-6.78831
-6.7865
-6.78501
-6.78354
-6.78273
-6.7816
-6.78017
-6.77876
-6.77769
-6.77631
-6.77496
-6.77428
-6.77329
-6.77233
-6.7714
-6.77017
-6.76929
-6.76812
-6.76731
-6.76653
-6.76578
-6.76508
-6.76408
-6.76281
-6.76157
-6.76135
-6.76116
-6.76038
-6.7606
-6.76023
-6.75893
-6.75865
-6.75907
-6.75824
-6.75843
-6.75834
-6.75831
-6.758
-6.75806
-6.75785
-6.75834
-6.75823
-6.75881
-6.75912
-6.75948
-6.76054
-6.76067
-6.7615
-6.76172
-6.76232
-6.76296
-6.76364
-6.76469
-6.76545
-6.76593
-6.7671
-6.76797
-6.76855
-6.76917
-6.77014
-6.77178
-6.77313
-6.7745
-6.77556
-6.77665
-6.77807
-6.77886
-6.77967
-6.78113
-6.78162
-6.78212
-6.7836
-6.78507
-6.78622
-6.78736
-6.7885
-6.79028
-6.79139
-6.79249
-6.79357
-6.79502
-6.79575
-6.79674
-6.79767
-6.7982
-6.79899
-6.79939
-6.79971
-6.80028
-6.80176
-6.80251
-6.80286
-6.80378
-6.80366
-6.80443
-6.80448
-6.80445
-6.80467
-6.8045
-6.80392
-6.80359
-6.8032
-6.80337
-6.80348
-6.80222
-6.80155
-6.80081
-6.80001
-6.79914
-6.79822
-6.79692
-6.79621
-6.79512
-6.79399
-6.79314
-6.79159
-6.78936
-6.78839
-6.78803
-6.78634
-6.78496
-6.78322
-6.78179
-6.77969
-6.77822
-6.77642
-6.77494
-6.77313
-6.77196
-6.77112
-6.77029
-6.76882
-6.76736
-6.76623
-6.76513
-6.76372
-6.76233
-6.76128
-6.75962
-6.75831
-6.75735
-6.75643
-6.75652
-6.7547
-6.75324
-6.75117
-6.74947
-6.74878
-6.7478
-6.74752
-6.74695
-6.74611
-6.74595
-6.74519
-6.74446
-6.74378
-6.74314
-6.74287
-6.74295
-6.74275
-6.74162
-6.74085
-6.74044
-6.74038
-6.74035
-6.74003
-6.73942
-6.73883
-6.73956
-6.73901
-6.73881
-6.73927
-6.7391
-6.73959
-6.73911
-6.73832
-6.73819
-6.73805
-6.73727
-6.73713
-6.73731
-6.73684
-6.73668
-6.7365
-6.73631
-6.73643
-6.73653
-6.73628
-6.73601
-6.73604
-6.73572
-6.73537
-6.73467
-6.73458
-6.73381
-6.73365
-6.73281
-6.73258
-6.73199
-6.732
-6.73101
-6.72965
-6.72922
-6.72907
-6.72855
-6.72832
-6.72739
-6.72675
-6.72606
-6.72533
-6.72487
-6.72373
-6.7219
-6.72066
-6.71874
-6.71743
-6.71575
-6.71467
-6.71323
-6.71143
-6.70991
-6.7077
-6.70644
-6.70481
-6.70283
-6.7005
-6.69813
-6.69574
-6.69365
-6.6912
-6.6897
-6.68754
-6.68567
-6.68411
-6.68253
-6.68094
-6.67901
-6.67675
-6.67512
-6.67284
-6.67088
-6.66892
-6.66663
-6.66467
-6.66271
-6.6614
-6.65913
-6.6572
-6.65495
-6.65304
-6.65114
-6.64829
-6.64612
-6.64461
-6.64248
-6.64069
-6.63829
-6.63593
-6.63424
-6.63259
-6.6313
-6.63005
-6.6282
-6.62606
-6.62494
-6.6229
-6.62155
-6.62026
-6.61902
-6.61815
-6.61767
-6.61627
-6.61526
-6.6143
-6.6134
-6.61225
-6.61148
-6.61046
-6.61014
-6.60957
-6.60842
-6.60863
-6.60859
-6.6083
-6.60774
-6.60725
-6.60651
-6.60584
-6.6062
-6.60631
-6.60616
-6.6064
-6.6067
-6.60738
-6.6078
-6.60829
-6.60883
-6.60942
-6.61007
-6.61077
-6.6112
-6.61168
-6.61221
-6.61278
-6.61404
-6.61502
-6.61571
-6.61677
-6.61786
-6.61898
-6.62013
-6.6213
-6.62283
-6.62405
-6.62594
-6.62719
-6.62847
-6.62975
-6.63137
-6.63267
-6.63334
-6.6353
-6.63728
-6.6386
-6.64025
-6.64157
-6.64289
-6.64485
-6.64616
-6.64746
-6.64907
-6.65003
-6.65131
-6.65225
-6.6535
-6.65474
-6.65597
-6.65687
-6.65807
-6.65927
-6.66077
-6.66097
-6.66245
-6.6636
-6.66506
-6.66651
-6.66764
-6.66972
-6.67083
-6.67161
-6.67271
-6.67412
-6.67488
-6.67662
-6.6777
-6.67878
-6.67922
-6.68063
-6.68204
-6.68282
-6.68392
-6.68535
-6.68646
-6.68693
-6.68807
-6.68889
-6.69037
-6.69252
-6.69403
-6.69523
-6.6958
-6.6951
-6.69571
-6.69698
-6.69859
-6.6999
-6.7009
-6.70192
-6.7036
-6.70531
-6.70671
-6.70814
-6.70958
-6.71168
-6.71348
-6.7153
-6.71682
-6.71835
-6.71958
-6.72115
-6.72274
-6.72434
-6.72596
-6.72726
-6.72891
-6.73057
-6.73256
-6.73424
-6.73593
-6.73731
-6.73934
-6.74106
-6.7431
-6.74418
-6.74559
-6.74701
-6.74874
-6.74984
-6.75158
-6.753
-6.75538
-6.75744
-6.75918
-6.7609
-6.76326
-6.76497
-6.76634
-6.769
-6.77067
-6.772
-6.77364
-6.77592
-6.77752
-6.7791
-6.78099
-6.78252
-6.78436
-6.78585
-6.78731
-6.78971
-6.79078
-6.79215
-6.79348
-6.79511
-6.79637
-6.79791
-6.79909
-6.80088
-6.80133
-6.80207
-6.80372
-6.80502
-6.80626
-6.80713
-6.80795
-6.8084
-6.80783
-6.8085
-6.80976
-6.81065
-6.81117
-6.8113
-6.81204
-6.81239
-6.81172
-6.81197
-6.81217
-6.81199
-6.81241
-6.81277
-6.81244
-6.81238
-6.81162
-6.81147
-6.81158
-6.81198
-6.81103
-6.81101
-6.81062
-6.80955
-6.80908
-6.80889
-6.80835
-6.80744
-6.8065
-6.80618
-6.80583
-6.80545
-6.80569
-6.80494
-6.80384
-6.80305
-6.80191
-6.80109
-6.79992
-6.79907
-6.79789
-6.79734
-6.79679
-6.79591
-6.79536
-6.7948
-6.79424
-6.79369
-6.79218
-6.79131
-6.78981
-6.78929
-6.78878
-6.78764
-6.78715
-6.78701
-6.78591
-6.78547
-6.78473
-6.78465
-6.78426
-6.78292
-6.78193
-6.78128
-6.78098
-6.78037
-6.77978
-6.77888
-6.77866
-6.77845
-6.77761
-6.77712
-6.77665
-6.77586
-6.7751
-6.77467
-6.77362
-6.77322
-6.77316
-6.77344
-6.77309
-6.77242
-6.77177
-6.77079
-6.77048
-6.77082
-6.77052
-6.77152
-6.77123
-6.77095
-6.77035
-6.77007
-6.7698
-6.77017
-6.77056
-6.77029
-6.77002
-6.76944
-6.76917
-6.76955
-6.76929
-6.76838
-6.76876
-6.7685
-6.76856
-6.76797
-6.76706
-6.76647
-6.76654
-6.76595
-6.7657
-6.76674
-6.76584
-6.76526
-6.76501
-6.76509
-6.76518
-6.76527
-6.76439
-6.76384
-6.7633
-6.76309
-6.76289
-6.76366
-6.76314
-6.76329
-6.76311
-6.76359
-6.76311
-6.7636
-6.76346
-6.76299
-6.76318
-6.76273
-6.76293
-6.76184
-6.7614
-6.76063
-6.75987
-6.75975
-6.75963
-6.75983
-6.75873
-6.7586
-6.75879
-6.75929
-6.75913
-6.75896
-6.75845
-6.75857
-6.75803
-6.75844
-6.75785
-6.75692
-6.75563
-6.75529
-6.75523
-6.7532
-6.75308
-6.75324
-6.75175
-6.75118
-6.75122
-6.75056
-6.74856
-6.74683
-6.74537
-6.74418
-6.74294
-6.74228
-6.74189
-6.74046
-6.7393
-6.73774
-6.73645
-6.73541
-6.73398
-6.73281
-6.73156
-6.72928
-6.7279
-6.72581
-6.72461
-6.72335
-6.72169
-6.72029
-6.71818
-6.716
-6.71278
-6.70982
-6.70777
-6.70534
-6.70285
-6.69998
-6.69738
-6.69505
-6.69234
-6.69024
-6.68776
-6.68525
-6.68172
-6.67816
-6.67522
-6.67192
-6.6686
-6.66526
-6.66222
-6.65917
-6.65676
-6.65369
-6.6503
-6.64723
-6.64417
-6.64144
-6.63841
-6.63539
-6.63207
-6.62878
-6.62617
-6.62327
-6.62041
-6.61792
-6.61483
-6.61212
-6.60946
-6.60622
-6.60337
-6.60091
-6.59918
-6.5972
-6.59497
-6.59315
-6.59143
-6.58979
-6.58761
-6.58585
-6.58419
-6.58167
-6.5799
-6.57824
-6.57734
-6.57623
-6.57557
-6.57469
-6.57426
-6.57331
-6.57344
-6.57338
-6.57409
-6.57395
-6.57393
-6.57404
-6.57427
-6.57495
-6.57479
-6.57604
-6.57676
-6.57793
-6.57889
-6.57997
-6.58117
-6.58215
-6.5839
-6.58576
-6.58675
-6.5885
-6.59003
-6.59134
-6.59241
-6.59391
-6.59581
-6.59878
-6.60118
-6.60399
-6.60688
-6.60951
-6.61189
-6.61499
-6.6175
-6.62039
-6.62333
-6.62568
-6.62872
-6.63181
-6.63526
-6.63906
-6.64226
-6.64515
-6.64872
-6.65296
-6.65559
-6.65889
-6.6622
-6.66583
-6.66882
-6.67278
-6.67642
-6.68005
-6.68366
-6.68695
-6.69053
-6.69378
-6.69733
-6.70085
-6.7037
-6.70717
-6.71029
-6.71369
-6.71707
-6.71975
-6.7224
-6.72597
-6.72918
-6.73202
-6.73417
-6.7366
-6.73929
-6.74129
-6.74421
-6.74642
-6.74858
-6.75069
-6.75242
-6.75473
-6.75699
-6.75887
-6.76101
-6.76309
-6.76512
-6.7674
-6.76931
-6.77147
-6.77261
-6.77466
-6.77632
-6.7776
-6.77914
-6.78063
-6.78237
-6.78341
-6.78537
-6.78629
-6.78749
-6.78927
-6.79067
-6.79137
-6.79234
-6.79325
-6.7941
-6.7949
-6.79564
-6.79601
-6.79762
-6.79853
-6.80003
-6.79987
-6.8003
-6.80004
-6.80135
-6.80131
-6.80187
-6.80206
-6.8022
-6.80294
-6.80299
-6.80363
-6.80358
-6.80381
-6.80399
-6.80315
-6.8026
-6.80167
-6.80135
-6.80099
-6.80058
-6.79948
-6.79963
-6.79876
-6.79721
-6.79692
-6.79593
-6.79523
-6.79416
-6.79403
-6.7932
-6.79137
-6.79144
-6.79115
-6.7905
-6.78884
-6.78681
-6.78604
-6.78459
-6.7831
-6.78222
-6.78098
-6.7797
-6.77807
-6.77672
-6.77437
-6.77295
-6.77151
-6.77067
-6.76949
-6.76795
-6.7667
-6.76543
-6.7638
-6.76247
-6.7608
-6.7591
-6.75738
-6.75564
-6.75388
-6.75178
-6.74999
-6.74787
-6.74573
-6.74423
-6.7424
-6.74088
-6.73969
-6.73786
-6.73537
-6.73289
-6.73106
-6.72925
-6.72711
-6.72532
-6.72354
-6.72146
-6.7194
-6.71736
-6.71599
-6.71401
-6.71141
-6.70982
-6.70794
-6.70707
-6.70624
-6.70449
-6.70311
-6.70113
-6.70017
-6.69894
-6.69809
-6.69665
-6.69559
-6.69458
-6.69365
-6.69374
-6.69261
-6.69219
-6.69151
-6.69058
-6.68939
-6.68924
-6.68916
-6.68851
-6.68792
-6.68772
-6.6876
-6.68721
-6.68658
-6.68665
-6.68647
-6.68668
-6.68662
-6.68663
-6.68638
-6.68683
-6.68735
-6.68857
-6.68887
-6.68987
-6.69125
-6.69203
-6.6935
-6.69436
-6.69527
-6.69654
-6.69721
-6.69855
-6.70025
-6.70101
-6.70277
-6.70456
-6.70571
-6.70689
-6.7084
-6.70993
-6.71147
-6.7127
-6.71426
-6.71582
-6.71739
-6.71928
-6.72052
-6.7224
-6.72364
-6.72486
-6.72575
-6.72662
-6.72781
-6.72931
-6.73079
-6.73226
-6.73305
-6.73448
-6.73556
-6.73662
-6.7383
-6.73964
-6.74095
-6.7416
-6.74286
-6.74345
-6.74467
-6.74521
-6.74637
-6.74719
-6.74765
-6.74777
-6.74883
-6.74954
-6.75023
-6.75058
-6.7509
-6.7512
-6.75179
-6.7527
-6.7539
-6.75443
-6.75495
-6.75577
-6.7556
-6.75509
-6.75521
-6.75564
-6.7567
-6.7571
-6.75813
-6.75817
-6.7582
-6.75789
-6.75854
-6.75886
-6.75883
-6.75847
-6.75875
-6.75869
-6.75926
-6.75982
-6.76037
-6.75994
-6.76078
-6.76064
-6.76017
-6.76
-6.76014
-6.75993
-6.75939
-6.75882
-6.75889
-6.75925
-6.75927
-6.75959
-6.75956
-6.76015
-6.76071
-6.7606
-6.76078
-6.76028
-6.76073
-6.76016
-6.75989
-6.75958
-6.75988
-6.75884
-6.75874
-6.75795
-6.75712
-6.75625
-6.755
-6.75566
-6.75497
-6.75424
-6.75346
-6.75199
-6.75079
-6.74986
-6.74921
-6.74851
-6.74744
-6.74632
-6.74547
-6.74393
-6.74298
-6.74167
-6.74031
-6.73891
-6.73746
-6.73565
-6.73379
-6.73222
-6.73029
-6.72865
-6.72664
-6.72461
-6.72319
-6.7211
-6.71932
-6.71751
-6.71568
-6.71415
-6.71197
-6.71075
-6.70888
-6.70635
-6.70513
-6.70358
-6.70237
-6.70116
-6.69868
-6.69686
-6.69505
-6.69327
-6.69184
-6.69044
-6.68875
-6.68677
-6.68483
-6.68294
-6.68206
-6.6809
-6.67947
-6.67809
-6.67611
-6.67484
-6.67428
-6.67312
-6.67235
-6.671
-6.66971
-6.66816
-6.66732
-6.66656
-6.66585
-6.66554
-6.66433
-6.66318
-6.66275
-6.66174
-6.66112
-6.66057
-6.66073
-6.66064
-6.65996
-6.66032
-6.66041
-6.66024
-6.66046
-6.66073
-6.66106
-6.66177
-6.66221
-6.6627
-6.66324
-6.6635
-6.66413
-6.66513
-6.66649
-6.66757
-6.66869
-6.67017
-6.67038
-6.67127
-6.67219
-6.67346
-6.67442
-6.67509
-6.67577
-6.67679
-6.67814
-6.67854
-6.67896
-6.67937
-6.68142
-6.68281
-6.68421
-6.6843
-6.68602
-6.68739
-6.68876
-6.68883
-6.6892
-6.69053
-6.69185
-6.69314
-6.69442
-6.69534
-6.69658
-6.69746
-6.69768
-6.69883
-6.69899
-6.69978
-6.70053
-6.70126
-6.7026
-6.70327
-6.70456
-6.7055
-6.70575
-6.70695
-6.70813
-6.7083
-6.70909
-6.70921
-6.70962
-6.71001
-6.71102
-6.71168
-6.71232
-6.71261
-6.71289
-6.71346
-6.71434
-6.71455
-6.71475
-6.71493
-6.71477
-6.71493
-6.71442
-6.71422
-6.71433
-6.71347
-6.71357
-6.71365
-6.71406
-6.71381
-6.71355
-6.71361
-6.71335
-6.71373
-6.71346
-6.71383
-6.71388
-6.71458
-6.71495
-6.71468
-6.7144
-6.71445
-6.71418
-6.71487
-6.71524
-6.71529
-6.71468
-6.71505
-6.7151
-6.71514
-6.7155
-6.71554
-6.7159
-6.71561
-6.71564
-6.71469
-6.71406
-6.71343
-6.7128
-6.71313
-6.71312
-6.71279
-6.71309
-6.71338
-6.71431
-6.71458
-6.71451
-6.71475
-6.71434
-6.71455
-6.71411
-6.71365
-6.71415
-6.71365
-6.71315
-6.71327
-6.71273
-6.71249
-6.71191
-6.71131
-6.71133
-6.71102
-6.71068
-6.71001
-6.71028
-6.70989
-6.71012
-6.71002
-6.70892
-6.70943
-6.70895
-6.70846
-6.7073
-6.70709
-6.70688
-6.706
-6.70446
-6.70453
-6.70427
-6.70336
-6.70308
-6.70183
-6.70089
-6.69963
-6.69869
-6.69839
-6.69778
-6.69684
-6.69623
-6.6953
-6.69534
-6.69475
-6.69417
-6.69425
-6.69305
-6.69186
-6.69231
-6.69117
-6.69069
-6.69023
-6.68947
-6.68906
-6.68803
-6.68767
-6.68767
-6.68738
-6.68744
-6.68656
-6.68605
-6.68557
-6.68578
-6.68505
-6.68436
-6.68436
-6.6844
-6.68416
-6.68396
-6.68413
-6.68368
-6.68425
-6.68487
-6.68487
-6.68524
-6.68565
-6.68675
-6.68724
-6.68745
-6.68834
-6.68894
-6.6899
-6.69187
-6.69224
-6.69298
-6.69374
-6.69453
-6.69534
-6.69585
-6.69606
-6.69726
-6.69783
-6.69906
-6.69934
-6.69963
-6.7009
-6.7012
-6.70184
-6.70248
-6.7041
-6.70475
-6.70604
-6.70636
-6.70764
-6.70892
-6.71019
-6.71144
-6.71269
-6.71359
-6.7148
-6.71535
-6.71588
-6.71671
-6.71785
-6.71864
-6.72006
-6.72082
-6.72187
-6.72291
-6.72424
-6.72587
-6.72651
-6.72745
-6.72836
-6.72924
-6.72977
-6.7306
-6.7314
-6.73153
-6.73196
-6.73236
-6.73241
-6.73307
-6.73339
-6.73433
-6.73362
-6.73353
-6.73407
-6.73458
-6.73409
-6.73389
-6.73335
-6.7331
-6.73315
-6.73317
-6.73414
-6.73443
-6.7347
-6.73526
-6.73483
-6.73469
-6.73453
-6.73434
-6.73412
-6.7342
-6.73425
-6.73396
-6.73429
-6.7333
-6.73294
-6.73255
-6.7315
-6.73107
-6.73095
-6.73146
-6.73098
-6.7308
-6.73094
-6.73073
-6.73084
-6.73029
-6.72909
-6.72852
-6.72762
-6.72737
-6.72679
-6.7262
-6.72497
-6.72439
-6.72349
-6.72259
-6.72203
-6.72148
-6.72094
-6.72041
-6.72023
-6.72006
-6.7196
-6.71916
-6.71875
-6.71836
-6.71768
-6.71769
-6.71871
-6.71846
-6.71891
-6.71843
-6.718
-6.71793
-6.71727
-6.71666
-6.7161
-6.71593
-6.71645
-6.71607
-6.71606
-6.7171
-6.71884
-6.71903
-6.71961
-6.72026
-6.72098
-6.72177
-6.72295
-6.72356
-6.72456
-6.72498
-6.72516
-6.7267
-6.72767
-6.72903
-6.73014
-6.73197
-6.73355
-6.73552
-6.73724
-6.73934
-6.74087
-6.74246
-6.74508
-6.74712
-6.74955
-6.7517
-6.75359
-6.75617
-6.75816
-6.76084
-6.76292
-6.76601
-6.76849
-6.77132
-6.77386
-6.77642
-6.779
-6.7816
-6.78453
-6.78682
-6.78944
-6.79206
-6.79435
-6.7976
-6.80019
-6.80211
-6.80465
-6.80685
-6.80803
-6.81048
-6.81321
-6.81428
-6.81627
-6.81917
-6.82105
-6.82318
-6.82557
-6.8279
-6.8295
-6.832
-6.83345
-6.83545
-6.83738
-6.83889
-6.83998
-6.84162
-6.84253
-6.84397
-6.845
-6.84593
-6.84707
-6.84714
-6.84905
-6.85021
-6.84997
-6.84962
-6.85013
-6.8499
-6.85053
-6.8504
-6.85017
-6.84983
-6.8494
-6.84853
-6.84757
-6.84716
-6.84632
-6.84507
-6.84437
-6.84229
-6.84077
-6.83949
-6.83845
-6.83668
-6.83581
-6.83421
-6.8319
-6.83081
-6.82869
-6.82715
-6.82523
-6.82292
-6.82186
-6.82042
-6.81828
-6.81642
-6.81322
-6.81063
-6.80768
-6.80599
-6.80296
-6.80056
-6.79813
-6.79534
-6.79286
-6.79036
-6.78784
-6.7853
-6.78243
-6.77954
-6.77729
-6.77471
-6.7718
-6.76856
-6.76564
-6.76305
-6.76014
-6.75853
-6.75628
-6.75339
-6.75019
-6.74733
-6.74448
-6.74197
-6.73916
-6.73669
-6.73425
-6.73215
-6.72975
-6.72739
-6.72505
-6.72275
-6.71951
-6.7176
-6.71475
-6.71325
-6.71081
-6.70873
-6.7067
-6.70472
-6.70278
-6.70089
-6.69905
-6.69662
-6.69521
-6.69353
-6.6919
-6.69
-6.68848
-6.68766
-6.68625
-6.68554
-6.68456
-6.683
-6.68181
-6.681
-6.67992
-6.67922
-6.67761
-6.67734
-6.67616
-6.67438
-6.67362
-6.67292
-6.67226
-6.67197
-6.67141
-6.67122
-6.67043
-6.67001
-6.66995
-6.66962
-6.669
-6.66908
-6.66886
-6.66869
-6.66856
-6.66814
-6.66809
-6.66775
-6.66809
-6.66847
-6.66857
-6.66935
-6.67017
-6.67038
-6.67096
-6.67125
-6.67126
-6.67196
-6.67237
-6.67315
-6.67463
-6.67485
-6.67576
-6.67704
-6.6774
-6.67781
-6.67826
-6.67908
-6.67996
-6.6812
-6.6825
-6.68352
-6.68363
-6.68475
-6.68626
-6.68781
-6.68877
-6.69043
-6.69214
-6.69422
-6.69473
-6.69594
-6.69752
-6.69882
-6.70017
-6.70156
-6.70267
-6.70414
-6.70663
-6.70818
-6.7101
-6.71237
-6.71371
-6.71605
-6.71712
-6.71887
-6.72033
-6.7231
-6.72558
-6.72775
-6.73026
-6.73247
-6.73437
-6.73693
-6.73885
-6.74175
-6.74368
-6.74594
-6.7482
-6.75013
-6.75239
-6.75432
-6.75657
-6.75881
-6.76104
-6.76325
-6.76545
-6.76764
-6.76981
-6.77228
-6.7744
-6.77617
-6.77792
-6.77997
-6.78198
-6.78429
-6.78623
-6.78814
-6.79034
-6.79152
-6.79331
-6.79538
-6.79709
-6.79874
-6.79969
-6.80092
-6.80241
-6.80385
-6.80555
-6.80686
-6.80844
-6.80962
-6.81074
-6.81179
-6.81309
-6.814
-6.81483
-6.81558
-6.81594
-6.81686
-6.81738
-6.81749
-6.81784
-6.81811
-6.81862
-6.81904
-6.8197
-6.81897
-6.81849
-6.81921
-6.81887
-6.81876
-6.8176
-6.81699
-6.81597
-6.81518
-6.81431
-6.8127
-6.81198
-6.81053
-6.81028
-6.80866
-6.80728
-6.80582
-6.80492
-6.80395
-6.80225
-6.80047
-6.79862
-6.79573
-6.79342
-6.79136
-6.78924
-6.78706
-6.78513
-6.78251
-6.7795
-6.77741
-6.77495
-6.77244
-6.76988
-6.7676
-6.76496
-6.76196
-6.75893
-6.75586
-6.75309
-6.7503
-6.74748
-6.744
-6.74115
-6.73764
-6.73477
-6.73189
-6.72901
-6.7258
-6.72357
-6.72069
-6.71814
-6.71496
-6.71243
-6.70928
-6.70678
-6.70431
-6.70153
-6.69845
-6.69572
-6.69302
-6.69067
-6.68803
-6.6851
-6.68285
-6.67966
-6.67684
-6.67439
-6.67198
-6.66928
-6.66728
-6.665
-6.66277
-6.66059
-6.65749
-6.65573
-6.65338
-6.65173
-6.65013
-6.64859
-6.64645
-6.64535
-6.64398
-6.64202
-6.64077
-6.63958
-6.63845
-6.63641
-6.63508
-6.63413
-6.6339
-6.63308
-6.63136
-6.63035
-6.6294
-6.62852
-6.62835
-6.62728
-6.6266
-6.62566
-6.62447
-6.62464
-6.62391
-6.62357
-6.6233
-6.62343
-6.62298
-6.6226
-6.62326
-6.62367
-6.62382
-6.62437
-6.62467
-6.62568
-6.62677
-6.62695
-6.62688
-6.6272
-6.62792
-6.62903
-6.62891
-6.62918
-6.63049
-6.63186
-6.63297
-6.63415
-6.63539
-6.63636
-6.63772
-6.63914
-6.64126
-6.64279
-6.64405
-6.64601
-6.64802
-6.6504
-6.65282
-6.65497
-6.65684
-6.65939
-6.66133
-6.66362
-6.66563
-6.66766
-6.66973
-6.67116
-6.67327
-6.67539
-6.67785
-6.67935
-6.68118
-6.68302
-6.68518
-6.68767
-6.69015
-6.69198
-6.69379
-6.6956
-6.69835
-6.70044
-6.70283
-6.70488
-6.70689
-6.70823
-6.71115
-6.71338
-6.71558
-6.71708
-6.71886
-6.71995
-6.72292
-6.72487
-6.72676
-6.72762
-6.72972
-6.73078
-6.73242
-6.73399
-6.73517
-6.7366
-6.73731
-6.73827
-6.73915
-6.74028
-6.74069
-6.74166
-6.74256
-6.74305
-6.74346
-6.74346
-6.74339
-6.74291
-6.743
-6.74333
-6.74326
-6.74311
-6.7432
-6.74257
-6.7422
-6.74239
-6.74089
-6.74062
-6.73996
-6.73955
-6.73875
-6.73757
-6.73665
-6.73534
-6.73463
-6.73322
-6.73144
-6.7309
-6.72935
-6.72808
-6.72612
-6.72511
-6.72276
-6.72169
-6.72026
-6.71914
-6.71736
-6.71588
-6.71471
-6.71289
-6.71171
-6.70989
-6.70904
-6.70754
-6.70573
-6.70457
-6.70376
-6.70231
-6.70121
-6.69949
-6.69811
-6.69675
-6.69511
-6.69381
-6.69255
-6.69099
-6.69012
-6.68895
-6.68848
-6.68772
-6.68635
-6.68502
-6.68438
-6.68346
-6.6829
-6.68207
-6.68192
-6.68052
-6.67949
-6.67882
-6.6782
-6.67763
-6.67741
-6.67692
-6.67614
-6.67703
-6.67731
-6.67699
-6.67573
-6.67548
-6.67625
-6.67641
-6.67629
-6.6762
-6.6755
-6.67516
-6.67453
-6.67459
-6.67468
-6.67611
-6.67627
-6.67647
-6.67671
-6.67697
-6.67759
-6.67825
-6.67894
-6.67934
-6.68009
-6.68055
-6.68105
-6.68189
-6.68277
-6.68368
-6.68429
-6.68429
-6.68496
-6.68598
-6.68606
-6.68682
-6.6876
-6.68873
-6.68892
-6.6901
-6.69099
-6.69126
-6.69122
-6.69251
-6.69252
-6.6932
-6.69391
-6.69463
-6.69505
-6.69614
-6.69692
-6.69739
-6.69852
-6.69934
-6.70082
-6.70167
-6.70252
-6.70307
-6.70427
-6.70547
-6.70701
-6.70855
-6.70977
-6.71132
-6.71288
-6.7141
-6.71533
-6.71656
-6.71779
-6.71933
-6.72055
-6.72176
-6.72297
-6.72449
-6.72503
-6.72555
-6.72705
-6.7282
-6.7287
-6.72982
-6.73061
-6.73171
-6.73246
-6.73255
-6.73327
-6.73396
-6.73432
-6.73497
-6.73657
-6.73847
-6.7397
-6.7424
-6.74355
-6.74466
-6.74541
-6.7461
-6.74675
-6.74704
-6.74663
-6.74746
-6.74825
-6.74867
-6.74904
-6.74904
-6.74964
-6.74987
-6.75069
-6.75147
-6.75155
-6.75158
-6.75157
-6.75151
-6.7514
-6.75124
-6.75104
-6.75079
-6.75114
-6.75146
-6.75108
-6.75099
-6.75021
-6.74971
-6.74917
-6.7486
-6.748
-6.74672
-6.74606
-6.74536
-6.74497
-6.74423
-6.74379
-6.74268
-6.74156
-6.74074
-6.73992
-6.73875
-6.73823
-6.73738
-6.7375
-6.73633
-6.73548
-6.73463
-6.73315
-6.73232
-6.73182
-6.73134
-6.73055
-6.72913
-6.72837
-6.72699
-6.72596
-6.72593
-6.72527
-6.72464
-6.72469
-6.72413
-6.72295
-6.7231
-6.72231
-6.72155
-6.72116
-6.72113
-6.71952
-6.71891
-6.71899
-6.71911
-6.71927
-6.71914
-6.71937
-6.71964
-6.71995
-6.71964
-6.7197
-6.72044
-6.72024
-6.72072
-6.72091
-6.72146
-6.7217
-6.72165
-6.72195
-6.72293
-6.7236
-6.72299
-6.72306
-6.72314
-6.72388
-6.72334
-6.72411
-6.72522
-6.72568
-6.72615
-6.7263
-6.72646
-6.72661
-6.72676
-6.72659
-6.72706
-6.72752
-6.72765
-6.72906
-6.72949
-6.73023
-6.73031
-6.73005
-6.73041
-6.73076
-6.73141
-6.73204
-6.73265
-6.73324
-6.73348
-6.73369
-6.73388
-6.73372
-6.73419
-6.73463
-6.73505
-6.73641
-6.73614
-6.73551
-6.73584
-6.73614
-6.73578
-6.73572
-6.73532
-6.73522
-6.73511
-6.7353
-6.73484
-6.73403
-6.7342
-6.73435
-6.7345
-6.73464
-6.73348
-6.732
-6.73182
-6.73131
-6.73145
-6.73062
-6.73175
-6.73158
-6.73046
-6.73032
-6.73051
-6.73006
-6.73028
-6.73083
-6.73076
-6.73005
-6.73033
-6.72998
-6.72996
-6.72965
-6.72967
-6.7297
-6.73008
-6.73015
-6.72926
-6.72903
-6.72914
-6.72861
-6.72971
-6.72888
-6.7287
-6.72918
-6.72901
-6.72884
-6.72868
-6.72787
-6.72802
-6.72785
-6.72799
-6.72779
-6.72824
-6.72834
-6.72811
-6.72884
-6.72922
-6.72861
-6.72831
-6.72862
-6.72859
-6.72854
-6.72846
-6.72867
-6.72886
-6.72869
-6.72817
-6.7273
-6.72607
-6.72611
-6.7258
-6.7261
-6.72605
-6.72532
-6.72553
-6.72539
-6.72489
-6.72403
-6.72315
-6.72256
-6.72227
-6.7213
-6.72063
-6.71961
-6.71921
-6.71813
-6.71768
-6.71721
-6.7167
-6.71618
-6.71499
-6.7141
-6.71351
-6.71226
-6.7113
-6.71066
-6.70999
-6.70963
-6.7086
-6.70787
-6.70681
-6.70605
-6.70496
-6.70417
-6.70272
-6.70158
-6.69977
-6.69795
-6.69643
-6.69523
-6.69434
-6.69343
-6.69186
-6.69061
-6.68902
-6.68806
-6.68677
-6.68547
-6.68449
-6.68382
-6.68314
-6.68181
-6.68079
-6.67977
-6.67842
-6.67772
-6.67669
-6.67663
-6.6756
-6.67457
-6.67258
-6.67124
-6.66926
-6.66825
-6.66726
-6.66563
-6.66467
-6.66307
-6.66245
-6.66089
-6.65966
-6.65781
-6.65696
-6.65548
-6.65435
-6.6526
-6.65186
-6.6505
-6.6495
-6.64885
-6.64792
-6.64703
-6.64618
-6.64569
-6.64492
-6.6442
-6.64352
-6.64288
-6.64229
-6.64207
-6.64223
-6.64146
-6.64171
-6.64168
-6.64106
-6.64114
-6.64126
-6.64046
-6.64101
-6.64063
-6.64062
-6.64033
-6.63977
-6.63925
-6.63943
-6.63867
-6.63924
-6.63921
-6.63922
-6.63926
-6.63933
-6.64073
-6.64119
-6.64167
-6.64153
-6.64239
-6.64327
-6.64319
-6.64442
-6.64502
-6.64595
-6.64656
-6.64717
-6.64746
-6.64774
-6.64867
-6.64959
-6.64985
-6.65009
-6.65032
-6.65119
-6.6517
-6.65154
-6.65136
-6.65212
-6.65253
-6.65258
-6.65292
-6.65451
-6.65446
-6.65468
-6.65552
-6.65598
-6.65576
-6.65614
-6.65648
-6.65644
-6.65604
-6.65591
-6.65574
-6.65585
-6.65494
-6.65431
-6.65396
-6.65421
-6.65345
-6.65296
-6.65276
-6.65188
-6.65095
-6.65064
-6.65062
-6.64927
-6.64822
-6.64811
-6.64733
-6.64652
-6.64537
-6.64485
-6.64303
-6.64152
-6.64097
-6.64042
-6.64019
-6.63932
-6.63943
-6.63793
-6.63676
-6.63561
-6.63546
-6.63565
-6.63523
-6.63483
-6.63447
-6.63383
-6.63355
-6.63299
-6.63216
-6.63138
-6.63098
-6.63064
-6.63069
-6.63048
-6.63033
-6.63026
-6.62995
-6.63003
-6.6302
-6.63175
-6.63177
-6.63252
-6.63272
-6.63334
-6.63373
-6.63421
-6.63577
-6.6371
-6.63822
-6.63943
-6.64043
-6.64185
-6.64371
-6.64535
-6.64742
-6.64992
-6.65221
-6.65428
-6.65646
-6.65907
-6.66179
-6.66364
-6.66624
-6.66894
-6.67142
-6.674
-6.67701
-6.6801
-6.68264
-6.68592
-6.68864
-6.69176
-6.69723
-6.70083
-6.70483
-6.70858
-6.71238
-6.71592
-6.71984
-6.72348
-6.72684
-6.73154
-6.73498
-6.73909
-6.74355
-6.74738
-6.75154
-6.75571
-6.75955
-6.76403
-6.76849
-6.77229
-6.77639
-6.7811
-6.78448
-6.78782
-6.7924
-6.79628
-6.79912
-6.80255
-6.80655
-6.81015
-6.81366
-6.81741
-6.82073
-6.82428
-6.82676
-6.82944
-6.83202
-6.8348
-6.83713
-6.83999
-6.84142
-6.84402
-6.84551
-6.84752
-6.84938
-6.85143
-6.85268
-6.85379
-6.85508
-6.85557
-6.85623
-6.85675
-6.85744
-6.85798
-6.85805
-6.85796
-6.85838
-6.85898
-6.85846
-6.85812
-6.85667
-6.85572
-6.85367
-6.85246
-6.85208
-6.85093
-6.85062
-6.84954
-6.84867
-6.8467
-6.84527
-6.84373
-6.84241
-6.84001
-6.83784
-6.83493
-6.83291
-6.83047
-6.82731
-6.82439
-6.82172
-6.81899
-6.81587
-6.81236
-6.80977
-6.80681
-6.80348
-6.80075
-6.79702
-6.79294
-6.79045
-6.78762
-6.78541
-6.78255
-6.77935
-6.77615
-6.7723
-6.7691
-6.76526
-6.76306
-6.7599
-6.75643
-6.75299
-6.7499
-6.74782
-6.74545
-6.74312
-6.74018
-6.73761
-6.73477
-6.7323
-6.72859
-6.72591
-6.72361
-6.72105
-6.71855
-6.71643
-6.71471
-6.71273
-6.71081
-6.70864
-6.70719
-6.70484
-6.70256
-6.70067
-6.69821
-6.69646
-6.69414
-6.69253
-6.69164
-6.68984
-6.68876
-6.6871
-6.68615
-6.68493
-6.68378
-6.683
-6.68164
-6.68065
-6.67874
-6.67786
-6.67767
-6.67687
-6.67644
-6.67605
-6.67538
-6.67441
-6.67348
-6.6729
-6.67332
-6.67312
-6.6723
-6.67247
-6.67168
-6.67092
-6.67017
-6.66943
-6.66838
-6.66799
-6.66793
-6.66756
-6.66751
-6.66682
-6.6671
-6.66674
-6.66573
-6.66505
-6.66502
-6.66498
-6.66463
-6.66427
-6.66391
-6.66485
-6.66515
-6.66448
-6.66381
-6.66346
-6.66377
-6.66408
-6.66343
-6.66343
-6.66247
-6.66185
-6.66156
-6.66096
-6.6607
-6.66013
-6.65958
-6.66003
-6.65952
-6.65968
-6.65922
-6.65976
-6.66
-6.65963
-6.65929
-6.65963
-6.65968
-6.65977
-6.66023
-6.6604
-6.66094
-6.6612
-6.66118
-6.66153
-6.66096
-6.66109
-6.6616
-6.66248
-6.66309
-6.66375
-6.66415
-6.66492
-6.66576
-6.66665
-6.6676
-6.66861
-6.66935
-6.67016
-6.67038
-6.67066
-6.67295
-6.674
-6.67544
-6.67726
-6.67849
-6.67978
-6.6821
-6.6835
-6.68529
-6.68777
-6.69031
-6.69161
-6.6936
-6.69565
-6.69774
-6.69922
-6.7014
-6.70361
-6.70618
-6.70847
-6.71144
-6.71378
-6.71616
-6.71855
-6.72097
-6.72341
-6.72618
-6.72896
-6.7311
-6.73291
-6.73506
-6.73752
-6.74029
-6.74273
-6.7458
-6.74756
-6.74961
-6.75196
-6.75461
-6.75689
-6.75881
-6.76133
-6.76316
-6.7659
-6.76827
-6.7709
-6.77282
-6.77499
-6.77677
-6.77815
-6.77977
-6.78099
-6.7818
-6.78284
-6.7838
-6.78531
-6.78608
-6.78772
-6.78861
-6.7894
-6.79041
-6.79196
-6.79178
-6.7928
-6.79272
-6.79222
-6.79257
-6.79185
-6.79198
-6.792
-6.79061
-6.79008
-6.7888
-6.78838
-6.78688
-6.78593
-6.78519
-6.78403
-6.78342
-6.78206
-6.78061
-6.77907
-6.77809
-6.77605
-6.77459
-6.77304
-6.7711
-6.7691
-6.76671
-6.76426
-6.76175
-6.7592
-6.75693
-6.75495
-6.75261
-6.75089
-6.74818
-6.74545
-6.74272
-6.73997
-6.73788
-6.7345
-6.73243
-6.73038
-6.72834
-6.72634
-6.72404
-6.72146
-6.71957
-6.71739
-6.71495
-6.71191
-6.7099
-6.70763
-6.70607
-6.70458
-6.70316
-6.7015
-6.69991
-6.6984
-6.69729
-6.6953
-6.69339
-6.69189
-6.69015
-6.68914
-6.68823
-6.68804
-6.68729
-6.6863
-6.68572
-6.68554
-6.68545
-6.68446
-6.6842
-6.68433
-6.68422
-6.68417
-6.68484
-6.68428
-6.6841
-6.68398
-6.68424
-6.68552
-6.68588
-6.68564
-6.68544
-6.68559
-6.68676
-6.6873
-6.68787
-6.68845
-6.68906
-6.68968
-6.69031
-6.69095
-6.69126
-6.6919
-6.69252
-6.6925
-6.69278
-6.69369
-6.69492
-6.69514
-6.69599
-6.69617
-6.69664
-6.69804
-6.69877
-6.69978
-6.70043
-6.70136
-6.7016
-6.70212
-6.70195
-6.70271
-6.70341
-6.7031
-6.70371
-6.70362
-6.70348
-6.70329
-6.70273
-6.70245
-6.70211
-6.70204
-6.70096
-6.70015
-6.6993
-6.69873
-6.69812
-6.69811
-6.69708
-6.6957
-6.69461
-6.6938
-6.69297
-6.69243
-6.69153
-6.69127
-6.68968
-6.68904
-6.68806
-6.68739
-6.68638
-6.68536
-6.68433
-6.68329
-6.68225
-6.68121
-6.67985
-6.67914
-6.67876
-6.67774
-6.67672
-6.67604
-6.67505
-6.67375
-6.67182
-6.67024
-6.66899
-6.66745
-6.66754
-6.66701
-6.66617
-6.66535
-6.66456
-6.66378
-6.66303
-6.66231
-6.66192
-6.66092
-6.66057
-6.65961
-6.65898
-6.6587
-6.65747
-6.65658
-6.65635
-6.65613
-6.65528
-6.6538
-6.65394
-6.65312
-6.65296
-6.6528
-6.65265
-6.65152
-6.65138
-6.6509
-6.65043
-6.65028
-6.64979
-6.64931
-6.64946
-6.64961
-6.6491
-6.6489
-6.64869
-6.64879
-6.64823
-6.64733
-6.64674
-6.64678
-6.64615
-6.64519
-6.64453
-6.64385
-6.64347
-6.64275
-6.64202
-6.64126
-6.64017
-6.6397
-6.63857
-6.63774
-6.63626
-6.63508
-6.63453
-6.633
-6.6321
-6.63183
-6.63059
-6.62965
-6.62871
-6.62744
-6.6268
-6.62616
-6.62454
-6.62292
-6.62195
-6.6213
-6.62
-6.61903
-6.61807
-6.61711
-6.61551
-6.61457
-6.61332
-6.61273
-6.61248
-6.61258
-6.6114
-6.61024
-6.60943
-6.608
-6.6066
-6.6062
-6.60519
-6.60454
-6.60327
-6.60302
-6.60152
-6.60071
-6.59962
-6.59956
-6.59923
-6.59927
-6.5997
-6.6002
-6.60012
-6.59978
-6.59919
-6.59933
-6.59954
-6.60016
-6.60086
-6.60165
-6.60189
-6.60254
-6.60328
-6.60413
-6.60507
-6.60645
-6.6076
-6.60886
-6.60991
-6.61138
-6.61297
-6.615
-6.61713
-6.61841
-6.62012
-6.62226
-6.62419
-6.62687
-6.62901
-6.63157
-6.63521
-6.63797
-6.64115
-6.64313
-6.6452
-6.648
-6.65152
-6.65383
-6.6575
-6.66059
-6.66471
-6.66889
-6.67248
-6.67578
-6.67945
-6.68379
-6.68719
-6.69094
-6.69471
-6.69848
-6.70291
-6.70702
-6.71145
-6.71554
-6.7193
-6.72304
-6.72675
-6.73044
-6.73377
-6.73771
-6.74226
-6.74612
-6.75025
-6.75369
-6.75804
-6.76168
-6.76462
-6.76782
-6.77063
-6.77336
-6.77667
-6.77927
-6.78146
-6.78389
-6.78657
-6.78884
-6.79135
-6.79346
-6.79579
-6.79836
-6.79955
-6.80161
-6.80357
-6.80609
-6.80787
-6.80986
-6.81111
-6.81324
-6.81396
-6.81523
-6.81672
-6.81746
-6.81842
-6.8196
-6.82068
-6.82068
-6.82089
-6.82198
-6.82198
-6.82253
-6.82297
-6.82266
-6.82257
-6.82205
-6.82209
-6.82169
-6.82087
-6.81996
-6.81894
-6.81784
-6.81696
-6.81567
-6.81429
-6.81348
-6.8129
-6.81193
-6.81023
-6.8091
-6.80791
-6.80664
-6.80499
-6.8036
-6.80215
-6.80065
-6.79974
-6.79912
-6.79586
-6.79386
-6.79182
-6.78975
-6.78765
-6.78651
-6.78469
-6.78254
-6.78004
-6.7769
-6.77504
-6.77221
-6.77068
-6.76883
-6.76666
-6.76354
-6.7614
-6.75864
-6.75654
-6.75479
-6.75307
-6.7517
-6.74971
-6.74808
-6.74681
-6.74559
-6.74342
-6.74163
-6.73955
-6.73816
-6.73682
-6.73552
-6.7333
-6.73145
-6.73061
-6.72983
-6.72844
-6.72743
-6.72711
-6.72619
-6.72466
-6.72318
-6.7224
-6.72133
-6.72031
-6.71835
-6.71709
-6.71684
-6.71663
-6.71549
-6.71373
-6.71234
-6.71066
-6.70999
-6.70934
-6.70873
-6.70814
-6.70791
-6.70771
-6.70656
-6.70642
-6.70565
-6.70459
-6.70452
-6.70447
-6.70412
-6.70283
-6.70285
-6.70127
-6.70134
-6.70079
-6.70058
-6.70038
-6.70022
-6.70039
-6.70027
-6.69984
-6.69977
-6.69971
-6.69968
-6.69968
-6.70002
-6.70006
-6.70044
-6.70085
-6.70194
-6.70207
-6.70223
-6.70208
-6.70228
-6.70218
-6.70241
-6.70235
-6.70327
-6.70323
-6.70353
-6.70385
-6.70417
-6.70547
-6.70549
-6.70615
-6.70585
-6.7062
-6.70654
-6.70687
-6.7072
-6.70688
-6.70718
-6.70748
-6.70743
-6.70736
-6.70792
-6.70845
-6.70799
-6.70718
-6.7073
-6.70707
-6.70681
-6.70618
-6.70616
-6.70578
-6.70633
-6.70652
-6.70634
-6.70613
-6.70554
-6.70523
-6.70424
-6.70385
-6.70374
-6.70326
-6.7021
-6.70155
-6.70095
-6.70032
-6.69966
-6.69961
-6.69888
-6.69877
-6.69798
-6.69718
-6.69634
-6.69581
-6.69462
-6.69341
-6.69251
-6.69225
-6.69198
-6.69106
-6.68981
-6.68889
-6.68732
-6.6864
-6.6855
-6.68395
-6.68339
-6.68252
-6.68199
-6.68051
-6.6797
-6.6789
-6.67748
-6.67641
-6.67634
-6.67597
-6.67498
-6.67499
-6.67374
-6.67284
-6.67229
-6.67242
-6.67258
-6.67212
-6.67201
-6.67193
-6.67123
-6.66991
-6.66991
-6.66993
-6.66965
-6.6694
-6.66884
-6.6683
-6.66842
-6.66824
-6.66872
-6.66888
-6.66939
-6.66957
-6.66977
-6.66965
-6.66953
-6.66942
-6.66995
-6.66919
-6.66973
-6.67026
-6.66981
-6.66969
-6.66892
-6.6691
-6.66896
-6.66913
-6.66831
-6.66781
-6.66762
-6.66839
-6.66786
-6.66795
-6.66771
-6.66713
-6.66654
-6.66625
-6.6653
-6.66499
-6.66466
-6.66464
-6.66428
-6.66391
-6.66353
-6.66346
-6.66273
-6.662
-6.66125
-6.66083
-6.66007
-6.65995
-6.65951
-6.65907
-6.65862
-6.65818
-6.65774
-6.65763
-6.6572
-6.65711
-6.65704
-6.65665
-6.65628
-6.65593
-6.6556
-6.65497
-6.65469
-6.65477
-6.65488
-6.65503
-6.65489
-6.65544
-6.65539
-6.65539
-6.65511
-6.65456
-6.65471
-6.65525
-6.6552
-6.65554
-6.65594
-6.65608
-6.65695
-6.65756
-6.65761
-6.65805
-6.65921
-6.66045
-6.66145
-6.6622
-6.66271
-6.66427
-6.66559
-6.66699
-6.66846
-6.66969
-6.671
-6.67303
-6.67481
-6.6773
-6.67922
-6.68088
-6.68293
-6.68537
-6.68786
-6.69008
-6.69267
-6.69564
-6.69833
-6.70041
-6.70284
-6.70564
-6.70749
-6.71033
-6.71254
-6.71509
-6.71765
-6.71956
-6.72213
-6.72501
-6.72724
-6.72945
-6.73198
-6.73513
-6.73664
-6.73909
-6.74183
-6.74389
-6.74623
-6.74852
-6.7511
-6.75298
-6.75546
-6.75755
-6.75927
-6.76158
-6.76317
-6.766
-6.76779
-6.76919
-6.77149
-6.77275
-6.77426
-6.77569
-6.77705
-6.77866
-6.77825
-6.7797
-6.78108
-6.78205
-6.78262
-6.78376
-6.7845
-6.78483
-6.78573
-6.78622
-6.78664
-6.78731
-6.78789
-6.7884
-6.78818
-6.78788
-6.7875
-6.78672
-6.78652
-6.78592
-6.78622
-6.7858
-6.78434
-6.78443
-6.78445
-6.78375
-6.78396
-6.78378
-6.78256
-6.78161
-6.78059
-6.77919
-6.77837
-6.77589
-6.77431
-6.77334
-6.77101
-6.76961
-6.76816
-6.76634
-6.76479
-6.76353
-6.76157
-6.76055
-6.75885
-6.75581
-6.75404
-6.75289
-6.75073
-6.74888
-6.74732
-6.74542
-6.74285
-6.74124
-6.73929
-6.73766
-6.73569
-6.73275
-6.73078
-6.72848
-6.72651
-6.72455
-6.7226
-6.72001
-6.71776
-6.71586
-6.71397
-6.71243
-6.7106
-6.7088
-6.70703
-6.70562
-6.70392
-6.7026
-6.70034
-6.69846
-6.69695
-6.69517
-6.69312
-6.69241
-6.69145
-6.69021
-6.68936
-6.68824
-6.68719
-6.68749
-6.68624
-6.68539
-6.68524
-6.68451
-6.68449
-6.68421
-6.68368
-6.68353
-6.68279
-6.68309
-6.6828
-6.6829
-6.68305
-6.68196
-6.68191
-6.68158
-6.68196
-6.68206
-6.68157
-6.68209
-6.68233
-6.68229
-6.68197
-6.68234
-6.68242
-6.68318
-6.68333
-6.68416
-6.68534
-6.68591
-6.6865
-6.68777
-6.68809
-6.68875
-6.68944
-6.69079
-6.69119
-6.69193
-6.69268
-6.69248
-6.69391
-6.69471
-6.69551
-6.69633
-6.69618
-6.69636
-6.69688
-6.69837
-6.69922
-6.70104
-6.70222
-6.70308
-6.70362
-6.70447
-6.70501
-6.70651
-6.70736
-6.70755
-6.70839
-6.70954
-6.70971
-6.71051
-6.71131
-6.71144
-6.71188
-6.71328
-6.71369
-6.71408
-6.71477
-6.71576
-6.7164
-6.71734
-6.71793
-6.71914
-6.71999
-6.7208
-6.72126
-6.72137
-6.72176
-6.72211
-6.72275
-6.7227
-6.72325
-6.72442
-6.72489
-6.72468
-6.72539
-6.72542
-6.72572
-6.72599
-6.72588
-6.72541
-6.72522
-6.72563
-6.72503
-6.72439
-6.72339
-6.72364
-6.7232
-6.72338
-6.72255
-6.72266
-6.72241
-6.72083
-6.7202
-6.71955
-6.71724
-6.71589
-6.71549
-6.71475
-6.71399
-6.71321
-6.7121
-6.7113
-6.7105
-6.70936
-6.70952
-6.70839
-6.70661
-6.70549
-6.70502
-6.70521
-6.70444
-6.70336
-6.70262
-6.70158
-6.70023
-6.69956
-6.69924
-6.69861
-6.69802
-6.69713
-6.69595
-6.69481
-6.69435
-6.69327
-6.69353
-6.69319
-6.69288
-6.69261
-6.69142
-6.69092
-6.69143
-6.69133
-6.6929
-6.6929
-6.69294
-6.69335
-6.69316
-6.69302
-6.6939
-6.69449
-6.69514
-6.69582
-6.69655
-6.69701
-6.6975
-6.69804
-6.69862
-6.69924
-6.6999
-6.7006
-6.70134
-6.70277
-6.70359
-6.70379
-6.70468
-6.70657
-6.70752
-6.70851
-6.7092
-6.71057
-6.71196
-6.71273
-6.71385
-6.71499
-6.71648
-6.71831
-6.71918
-6.72007
-6.72162
-6.72286
-6.72443
-6.72602
-6.72696
-6.7279
-6.72918
-6.7298
-6.73108
-6.73203
-6.73297
-6.73391
-6.73484
-6.73608
-6.73698
-6.7382
-6.7394
-6.74058
-6.74076
-6.7419
-6.74399
-6.74507
-6.74581
-6.74619
-6.74687
-6.74783
-6.75006
-6.7516
-6.75278
-6.75393
-6.75535
-6.75608
-6.75677
-6.75806
-6.75898
-6.75953
-6.76003
-6.76048
-6.76089
-6.76124
-6.76154
-6.76178
-6.76198
-6.7618
-6.76222
-6.76258
-6.76258
-6.76252
-6.76208
-6.7616
-6.76108
-6.76082
-6.75956
-6.75954
-6.75948
-6.75905
-6.75891
-6.7584
-6.75721
-6.75663
-6.75633
-6.75504
-6.75435
-6.75202
-6.75128
-6.75148
-6.751
-6.75018
-6.74998
-6.74943
-6.74919
-6.74861
-6.74703
-6.74576
-6.74545
-6.74414
-6.74315
-6.74181
-6.74046
-6.73943
-6.7387
-6.73764
-6.73689
-6.73645
-6.73568
-6.73424
-6.7328
-6.73134
-6.72988
-6.7284
-6.72723
-6.72541
-6.7239
-6.7227
-6.7215
-6.72028
-6.71905
-6.71781
-6.71623
-6.71432
-6.71304
-6.71175
-6.71013
-6.70849
-6.70749
-6.70616
-6.70384
-6.70249
-6.7008
-6.69943
-6.6987
-6.69763
-6.69527
-6.69518
-6.6941
-6.69368
-6.69196
-6.69024
-6.68884
-6.68809
-6.6867
-6.68565
-6.68427
-6.68323
-6.68187
-6.68086
-6.67985
-6.67822
-6.67758
-6.67599
-6.6741
-6.67289
-6.6717
-6.67022
-6.6691
-6.66801
-6.66664
-6.66498
-6.66369
-6.66245
-6.66157
-6.66138
-6.66028
-6.65987
-6.65886
-6.65823
-6.65765
-6.65681
-6.65666
-6.6556
-6.65493
-6.65463
-6.65472
-6.65389
-6.65441
-6.65467
-6.65466
-6.65439
-6.65514
-6.65563
-6.65585
-6.6558
-6.65612
-6.6565
-6.65693
-6.65741
-6.65794
-6.65948
-6.66075
-6.66142
-6.66213
-6.66288
-6.66335
-6.66418
-6.66505
-6.66659
-6.66785
-6.66946
-6.67013
-6.67051
-6.67188
-6.67295
-6.67405
-6.67549
-6.67662
-6.6781
-6.67862
-6.6798
-6.68099
-6.68155
-6.6831
-6.68368
-6.68426
-6.68582
-6.68739
-6.68896
-6.68988
-6.69145
-6.6927
-6.69362
-6.69486
-6.6961
-6.69765
-6.6992
-6.7001
-6.70164
-6.70188
-6.70244
-6.70331
-6.70449
-6.7047
-6.70555
-6.70736
-6.70818
-6.70867
-6.70947
-6.71059
-6.71136
-6.71245
-6.71385
-6.71362
-6.71434
-6.71537
-6.71606
-6.71673
-6.71803
-6.71834
-6.71928
-6.7202
-6.72142
-6.72197
-6.72283
-6.72334
-6.72447
-6.7246
-6.72439
-6.72545
-6.72615
-6.72618
-6.72683
-6.72745
-6.72803
-6.72826
-6.7291
-6.72926
-6.72841
-6.72914
-6.72951
-6.73049
-6.73045
-6.7307
-6.73059
-6.73042
-6.73086
-6.73093
-6.73127
-6.73125
-6.73181
-6.73169
-6.73151
-6.7316
-6.73164
-6.73097
-6.73123
-6.73111
-6.73093
-6.73005
-6.72976
-6.72876
-6.72771
-6.72659
-6.72575
-6.72517
-6.7242
-6.72286
-6.72177
-6.72128
-6.72073
-6.71948
-6.71816
-6.71711
-6.71568
-6.71419
-6.71297
-6.71136
-6.71003
-6.70832
-6.7072
-6.70506
-6.70319
-6.70062
-6.69865
-6.69664
-6.6949
-6.69312
-6.69098
-6.68944
-6.68722
-6.68593
-6.68396
-6.68131
-6.67896
-6.67658
-6.67451
-6.67273
-6.67062
-6.66818
-6.66572
-6.66325
-6.66047
-6.658
-6.65586
-6.65406
-6.6513
-6.64823
