0.8
0.799916
0.799665
0.799248
0.798664
0.797914
0.797
0.79592
0.794677
0.793271
0.791703
0.789973
0.788082
0.786031
0.783822
0.781456
0.778933
0.776256
0.773426
0.770445
0.767314
0.764036
0.760612
0.757043
0.753332
0.749477
0.745484
0.741355
0.737089
0.732688
0.728154
0.723488
0.718693
0.713769
0.708719
0.703545
0.698249
0.692835
0.687303
0.681657
0.675899
0.670032
0.664057
0.65798
0.651803
0.645528
0.639159
0.6327
0.626152
0.619519
0.612805
0.606014
0.599149
0.592214
0.585213
0.57815
0.571029
0.563855
0.556632
0.549364
0.542055
0.534709
0.527332
0.519929
0.512503
0.505059
0.497603
0.49014
0.482673
0.475208
0.46775
0.460304
0.452875
0.445469
0.438089
0.430742
0.423433
0.416167
0.408949
0.401784
0.394677
0.387634
0.380658
0.373757
0.366933
0.360193
0.353541
0.346981
0.34052
0.33416
0.327907
0.321765
0.315738
0.309831
0.304046
0.298389
0.292863
0.287472
0.282218
0.277106
0.272139
0.267319
0.262649
0.258131
0.253769
0.249563
0.245517
0.241632
0.237909
0.234349
0.230955
0.227726
0.224663
0.221767
0.219038
0.216477
0.214083
0.211856
0.209796
0.207901
0.206172
0.204606
0.203202
0.20196
0.200877
0.199951
0.199181
0.198565
0.1981
0.197782
0.197611
0.197583
0.197696
0.197945
0.198329
0.198843
0.199485
0.20025
0.201136
0.202139
0.203255
0.20448
0.20581
0.207242
0.208772
0.210396
0.21211
0.213909
0.21579
0.217749
0.219781
0.221883
0.22405
0.226278
0.228564
0.230903
0.233293
0.235727
0.238204
0.240718
0.243266
0.245844
0.248449
0.251076
0.253722
0.256383
0.259057
0.26174
0.264428
0.267118
0.269807
0.272492
0.275169
0.277837
0.280493
0.283132
0.285754
0.288354
0.290931
0.293482
0.296006
0.298498
0.300958
0.303383
0.305771
0.308121
0.31043
0.312696
0.314919
0.317096
0.319227
0.32131
0.323342
0.325324
0.327253
0.32913
0.330952
0.332719
0.33443
0.336085
0.337682
0.339222
0.340703
0.342127
0.343491
0.344797
0.346043
0.34723
0.348356
0.349423
0.350431
0.351379
0.352267
0.353097
0.353869
0.354581
0.355236
0.355833
0.356372
0.356856
0.357284
0.357657
0.357976
0.35824
0.358452
0.358612
0.35872
0.358777
0.358785
0.358745
0.358657
0.358523
0.358343
0.35812
0.357854
0.357546
0.357198
0.356811
0.356386
0.355925
0.355428
0.354896
0.354333
0.353738
0.353113
0.35246
0.35178
0.351074
0.350344
0.349591
0.348817
0.348023
0.34721
0.346381
0.345536
0.344677
0.343806
0.342925
0.342035
0.341138
0.340234
0.339325
0.338412
0.337498
0.336582
0.335668
0.334756
0.333849
0.332947
0.332052
0.331165
0.330288
0.329423
0.32857
0.327732
0.326911
0.326106
0.325319
0.324552
0.323805
0.323081
0.32238
0.321704
0.321053
0.320429
0.319834
0.319268
0.318733
0.31823
0.31776
0.317324
0.316925
0.316561
0.316235
0.315946
0.315697
0.315487
0.315319
0.315193
0.315109
0.315069
0.315072
0.31512
0.315214
0.315354
0.315541
0.315775
0.316058
0.316389
0.316769
0.317199
0.317679
0.31821
0.318791
0.319424
0.320107
0.32084
0.321625
0.322461
0.323349
0.324288
0.325278
0.32632
0.327412
0.328555
0.329749
0.330991
0.332284
0.333626
0.335017
0.336455
0.337941
0.339475
0.341055
0.342681
0.344352
0.346068
0.347827
0.349629
0.351471
0.353353
0.355274
0.357233
0.359229
0.361259
0.363324
0.365421
0.36755
0.369708
0.371895
0.374108
0.376346
0.378609
0.380894
0.383201
0.385527
0.387871
0.390231
0.392604
0.394992
0.397391
0.399799
0.402215
0.404636
0.40706
0.409487
0.411914
0.414339
0.416761
0.419177
0.421587
0.423988
0.426379
0.428758
0.431123
0.433472
0.435804
0.438118
0.44041
0.44268
0.444926
0.447148
0.449343
0.45151
0.453648
0.455755
0.457828
0.459868
0.461872
0.46384
0.465771
0.467661
0.469512
0.471321
0.473088
0.474811
0.476489
0.478123
0.47971
0.48125
0.482743
0.484186
0.485581
0.486925
0.48822
0.489462
0.490653
0.491792
0.492878
0.493911
0.494889
0.495814
0.496684
0.497499
0.498261
0.498968
0.499621
0.500221
0.500766
0.501256
0.501693
0.502078
0.502409
0.502686
0.502909
0.503079
0.503197
0.503262
0.503277
0.50324
0.503153
0.503017
0.502832
0.502598
0.502317
0.50199
0.501617
0.501198
0.500736
0.500229
0.49968
0.49909
0.498459
0.497789
0.49708
0.496334
0.49555
0.494732
0.493879
0.492994
0.492077
0.49113
0.490153
0.489147
0.488114
0.487056
0.485972
0.484865
0.483736
0.482585
0.481415
0.480225
0.479017
0.477792
0.476551
0.475294
0.474024
0.472743
0.47145
0.470148
0.468837
0.467518
0.466193
0.464863
0.463528
0.46219
0.46085
0.45951
0.458169
0.456828
0.455489
0.454153
0.45282
0.451492
0.450168
0.44885
0.447538
0.446234
0.444938
0.44365
0.442371
0.441101
0.439842
0.438593
0.437356
0.436129
0.434915
0.433712
0.432523
0.431347
0.430185
0.429037
0.427903
0.426784
0.42568
0.424591
0.423517
0.422458
0.421415
0.420387
0.419376
0.41838
0.417399
0.416434
0.415485
0.414551
0.413635
0.412734
0.41185
0.410982
0.410129
0.409292
0.40847
0.407665
0.406876
0.406102
0.405344
0.404601
0.403873
0.403159
0.402461
0.401777
0.401108
0.400453
0.399814
0.39919
0.398579
0.397983
0.3974
0.396833
0.396279
0.395738
0.395211
0.394697
0.394197
0.39371
0.393237
0.392778
0.392332
0.3919
0.391483
0.391079
0.390689
0.390312
0.389948
0.389597
0.389259
0.388935
0.388624
0.388327
0.388044
0.387775
0.387519
0.387278
0.38705
0.386837
0.386639
0.386454
0.386284
0.386129
0.385988
0.385863
0.385752
0.385657
0.385576
0.385511
0.385461
0.385427
0.385409
0.385406
0.385419
0.385449
0.385495
0.385557
0.385636
0.385731
0.385844
0.385974
0.38612
0.386283
0.386462
0.386657
0.38687
0.387099
0.387345
0.387608
0.387887
0.388183
0.388495
0.388823
0.389167
0.389527
0.389902
0.390294
0.390701
0.391124
0.391562
0.392016
0.392486
0.39297
0.393468
0.393979
0.394504
0.395042
0.395593
0.396156
0.396732
0.397319
0.397918
0.398528
0.399149
0.399779
0.400419
0.401068
0.401725
0.40239
0.403062
0.403742
0.404427
0.405119
0.405816
0.406517
0.407223
0.407932
0.408644
0.409359
0.410075
0.410793
0.41151
0.412228
0.412944
0.413659
0.414371
0.415081
0.415787
0.416489
0.417187
0.41788
0.418567
0.419248
0.419923
0.420591
0.421251
0.421903
0.422547
0.423181
0.423806
0.424421
0.425026
0.425622
0.426206
0.426779
0.427341
0.427892
0.42843
0.428957
0.42947
0.429971
0.430459
0.430934
0.431396
0.431845
0.43228
0.432702
0.433111
0.433506
0.433887
0.434254
0.434609
0.43495
0.435277
0.435589
0.435887
0.436172
0.436442
0.436699
0.436941
0.437171
0.437386
0.437589
0.437779
0.437956
0.43812
0.438271
0.43841
0.438536
0.438649
0.43875
0.438839
0.438917
0.438982
0.439036
0.439079
0.439111
0.439132
0.439142
0.439141
0.439129
0.439106
0.439073
0.439028
0.438974
0.438908
0.438833
0.438749
0.438656
0.438553
0.438442
0.438321
0.438192
0.438055
0.437908
0.437753
0.43759
0.437418
0.437239
0.437052
0.436858
0.436655
0.436445
0.436229
0.436005
0.435774
0.435536
0.435293
0.435042
0.434785
0.434523
0.434255
0.433981
0.433702
0.433418
0.433128
0.432833
0.432533
0.432228
0.431918
0.431603
0.431283
0.430959
0.43063
0.430298
0.429963
0.429624
0.429282
0.428936
0.428587
0.428235
0.427882
0.427526
0.427168
0.426809
0.426448
0.426085
0.42572
0.425355
0.424989
0.424622
0.424255
0.423889
0.423522
0.423155
0.422788
0.422422
0.422056
0.42169
0.421326
0.420962
0.420599
0.420237
0.419877
0.419518
0.419162
0.418807
0.418455
0.418104
0.417756
0.417411
0.41707
0.416732
0.416398
0.416068
0.415742
0.415421
0.415103
0.414789
0.41448
0.414176
0.413877
0.413583
0.413295
0.413012
0.412736
0.412467
0.412204
0.411946
0.411695
0.41145
0.411211
0.410977
0.410751
0.41053
0.410316
0.410109
0.40991
0.409719
0.409535
0.409358
0.409188
0.409026
0.408873
0.408728
0.408592
0.408463
0.408343
0.408231
0.408127
0.408032
0.407946
0.407868
0.407799
0.407738
0.407686
0.407642
0.407607
0.407582
0.407565
0.407558
0.407561
0.407572
0.407593
0.407623
0.407661
0.407709
0.407766
0.407832
0.407907
0.407991
0.408084
0.408184
0.408293
0.40841
0.408533
0.408664
0.408802
0.408947
0.409099
0.409257
0.40942
0.409589
0.409763
0.409942
0.410126
0.410314
0.410505
0.410699
0.410895
0.411092
0.411291
0.41149
0.411688
0.411886
0.412082
0.412276
0.412468
0.412656
0.412841
0.413023
0.413199
0.41337
0.413534
0.413691
0.41384
0.413981
0.414112
0.414234
0.414345
0.414444
0.414532
0.414607
0.414669
0.414717
0.414752
0.414771
0.414776
0.414764
0.414737
0.414692
0.41463
0.41455
0.414451
0.414334
0.414197
0.41404
0.413863
0.413665
0.413447
0.413209
0.412949
0.412668
0.412366
0.412042
0.411696
0.411328
0.410938
0.410527
0.410093
0.409638
0.409162
0.408665
0.408147
0.407609
0.407051
0.406473
0.405875
0.405257
0.40462
0.403965
0.403293
0.402604
0.401899
0.401177
0.400441
0.399689
0.398924
0.398145
0.397355
0.396552
0.395737
0.394912
0.394078
0.393236
0.392386
0.391529
0.390666
0.389798
0.388926
0.388052
0.387176
0.386299
0.385423
0.384547
0.383674
0.382805
0.381941
0.381083
0.380231
0.379386
0.37855
0.377722
0.376905
0.376098
0.375302
0.374518
0.373749
0.372994
0.372254
0.37153
0.370822
0.37013
0.369457
0.368804
0.368169
0.367555
0.366961
0.366388
0.365836
0.365306
0.364798
0.364314
0.363853
0.363416
0.363002
0.362612
0.362246
0.361904
0.361586
0.361292
0.361023
0.360779
0.360558
0.360363
0.360191
0.360042
0.359918
0.359817
0.359739
0.359685
0.359655
0.359647
0.359661
0.359697
0.359755
0.359834
0.359933
0.360054
0.360193
0.360352
0.36053
0.360726
0.36094
0.361172
0.361421
0.361685
0.361965
0.362259
0.362567
0.362889
0.363223
0.36357
0.363929
0.364298
0.364678
0.365066
0.365464
0.36587
0.366283
0.366702
0.367127
0.367557
0.367992
0.36843
0.368872
0.369316
0.369762
0.370208
0.370656
0.371103
0.37155
0.371995
0.372439
0.372879
0.373315
0.373747
0.374175
0.374597
0.375012
0.375422
0.375823
0.376218
0.376604
0.376981
0.377348
0.377705
0.378052
0.378389
0.378714
0.379027
0.379327
0.379616
0.379891
0.380153
0.380401
0.380633
0.38085
0.381052
0.381238
0.381407
0.381561
0.381698
0.381818
0.381921
0.382006
0.382075
0.382125
0.382158
0.382173
0.382171
0.382151
0.382113
0.382057
0.381984
0.381894
0.381786
0.381661
0.381519
0.38136
0.381185
0.380993
0.380786
0.380562
0.380323
0.380069
0.379799
0.379515
0.379218
0.378907
0.378584
0.37825
0.377904
0.377547
0.37718
0.376804
0.376418
0.376024
0.375622
0.375212
0.374797
0.374376
0.373952
0.373524
0.373093
0.37266
0.372227
0.371794
0.371362
0.370932
0.370506
0.370084
0.369667
0.369255
0.368851
0.368454
0.368065
0.367686
0.367318
0.366962
0.366619
0.366291
0.365977
0.365679
0.365398
0.365135
0.364891
0.364665
0.36446
0.364276
0.364115
0.363977
0.363862
0.363773
0.36371
0.363673
0.363664
0.363682
0.363728
0.363803
0.363908
0.364044
0.364211
0.36441
0.364642
0.364907
0.365204
0.365534
0.365897
0.366294
0.366724
0.367188
0.367686
0.368219
0.368786
0.369388
0.370024
0.370694
0.371398
0.372136
0.372908
0.373714
0.374553
0.375424
0.376329
0.377266
0.378236
0.379236
0.380267
0.381328
0.38242
0.38354
0.384688
0.385865
0.387068
0.388297
0.389552
0.390831
0.392135
0.393461
0.394809
0.396179
0.397569
0.398979
0.400407
0.401853
0.403315
0.404792
0.406284
0.407789
0.409306
0.410835
0.412375
0.413924
0.415481
0.417045
0.418615
0.42019
0.421768
0.423349
0.424932
0.426515
0.428098
0.429678
0.431256
0.43283
0.434398
0.435961
0.437518
0.439066
0.440606
0.442136
0.443656
0.445163
0.446658
0.448139
0.449606
0.451056
0.452489
0.453905
0.455302
0.45668
0.458037
0.459372
0.460685
0.461975
0.463241
0.464483
0.465701
0.466893
0.468058
0.469196
0.470307
0.471389
0.472443
0.473467
0.474461
0.475425
0.476358
0.47726
0.47813
0.478967
0.479772
0.480545
0.481284
0.481989
0.482659
0.483295
0.483895
0.48446
0.48499
0.485483
0.485941
0.486362
0.486747
0.487095
0.487407
0.487683
0.487922
0.488125
0.488292
0.488422
0.488516
0.488573
0.488595
0.48858
0.48853
0.488443
0.488321
0.488163
0.48797
0.487742
0.487479
0.487183
0.486853
0.48649
0.486094
0.485667
0.485207
0.484714
0.484189
0.483634
0.483047
0.48243
0.481784
0.481108
0.480404
0.479672
0.478913
0.478128
0.477315
0.476479
0.475618
0.474734
0.473825
0.472895
0.471942
0.470969
0.469976
0.468964
0.467933
0.466884
0.465818
0.464735
0.463637
0.462525
0.461399
0.46026
0.45911
0.457949
0.456779
0.4556
0.454413
0.453219
0.452019
0.450813
0.449604
0.448391
0.447176
0.44596
0.444744
0.443528
0.442314
0.441103
0.439895
0.438692
0.437494
0.436303
0.435118
0.433943
0.432776
0.43162
0.430476
0.429344
0.428225
0.42712
0.426029
0.424954
0.423896
0.422854
0.421832
0.42083
0.419847
0.418886
0.417946
0.417028
0.416133
0.415263
0.414417
0.413596
0.4128
0.412031
0.411289
0.410574
0.409886
0.409226
0.408595
0.407992
0.40742
0.406876
0.406363
0.405879
0.405426
0.405004
0.404612
0.404251
0.403922
0.403622
0.403352
0.403112
0.402901
0.402721
0.402568
0.402444
0.402348
0.40228
0.402237
0.402221
0.40223
0.402264
0.402322
0.402403
0.402505
0.402628
0.40277
0.402931
0.403111
0.403306
0.403518
0.403745
0.403985
0.404238
0.404502
0.404778
0.405062
0.405356
0.405655
0.405961
0.406272
0.406586
0.406902
0.40722
0.407538
0.407856
0.408172
0.408485
0.408795
0.409102
0.409404
0.4097
0.40999
0.410273
0.410551
0.41082
0.41108
0.411331
0.411571
0.4118
0.412019
0.412226
0.412422
0.412605
0.412778
0.412937
0.413083
0.413216
0.413335
0.41344
0.413531
0.413608
0.41367
0.413718
0.413752
0.413771
0.413776
0.413767
0.413744
0.413707
0.413656
0.413591
0.413513
0.413421
0.413315
0.413197
0.413066
0.412921
0.412764
0.412595
0.412412
0.412217
0.41201
0.411791
0.411559
0.411316
0.411061
0.410795
0.410518
0.410229
0.40993
0.409621
0.409301
0.408971
0.408631
0.408281
0.407921
0.407551
0.407173
0.406786
0.40639
0.405986
0.405574
0.405153
0.404725
0.40429
0.403847
0.403397
0.40294
0.402476
0.402005
0.401529
0.401048
0.40056
0.400067
0.399568
0.399065
0.398557
0.398044
0.397527
0.397006
0.396482
0.395955
0.395424
0.394891
0.394355
0.393818
0.393279
0.39274
0.392199
0.391658
0.391117
0.390576
0.390035
0.389496
0.388957
0.38842
0.387885
0.387353
0.386824
0.386298
0.385775
0.385256
0.384742
0.384233
0.383729
0.383231
0.382739
0.382253
0.381774
0.381302
0.380838
0.380382
0.379935
0.379496
0.379067
0.378647
0.378238
0.377839
0.377451
0.377074
0.376708
0.376355
0.376015
0.375688
0.375373
0.375072
0.374784
0.37451
0.374251
0.374006
0.373775
0.373561
0.373362
0.373181
0.373016
0.372868
0.372736
0.372622
0.372525
0.372445
0.372383
0.372339
0.372313
0.372306
0.372319
0.372351
0.372403
0.372475
0.372567
0.372679
0.372811
0.372963
0.373136
0.373329
0.373543
0.373778
0.374035
0.374313
0.374612
0.374932
0.375273
0.375635
0.376019
0.376423
0.376849
0.377295
0.377762
0.378249
0.378757
0.379285
0.379834
0.380402
0.380989
0.381594
0.382218
0.382859
0.383517
0.384192
0.384882
0.385589
0.38631
0.387045
0.387793
0.388554
0.389327
0.390111
0.390904
0.391706
0.392516
0.393332
0.394155
0.394983
0.395814
0.396648
0.397484
0.39832
0.399155
0.399989
0.400819
0.401645
0.402466
0.403281
0.404088
0.404885
0.405673
0.40645
0.407214
0.407964
0.408702
0.409424
0.41013
0.410818
0.411488
0.412139
0.41277
0.41338
0.413969
0.414534
0.415075
0.415593
0.416085
0.416552
0.416994
0.417409
0.417797
0.418158
0.418492
0.418797
0.419075
0.419325
0.419545
0.419737
0.4199
0.420034
0.420139
0.420216
0.420265
0.420285
0.420276
0.42024
0.420175
0.420083
0.419965
0.419822
0.419652
0.419457
0.419238
0.418997
0.418732
0.418445
0.418136
0.417806
0.417457
0.417088
0.416702
0.416297
0.415876
0.415438
0.414985
0.414519
0.414039
0.413548
0.413045
0.412531
0.412007
0.411474
0.410933
0.410385
0.409831
0.409271
0.408706
0.408138
0.407567
0.406994
0.40642
0.405844
0.405268
0.404693
0.404118
0.403544
0.402973
0.402404
0.401838
0.401276
0.400719
0.400166
0.399617
0.399074
0.398536
0.398003
0.397477
0.396957
0.396444
0.395937
0.395437
0.394944
0.394457
0.393978
0.393506
0.393041
0.392583
0.392134
0.391692
0.391259
0.390835
0.390419
0.390011
0.389612
0.38922
0.388836
0.38846
0.388093
0.387734
0.387384
0.387044
0.386713
0.38639
0.386077
0.385773
0.38548
0.385197
0.384923
0.38466
0.384408
0.384167
0.383938
0.38372
0.383514
0.383321
0.383141
0.382974
0.382821
0.382682
0.382557
0.382447
0.382352
0.382274
0.382212
0.382167
0.382138
0.382127
0.382134
0.38216
0.382204
0.382267
0.38235
0.382453
0.382576
0.382719
0.382883
0.383069
0.383276
0.383506
0.383759
0.384034
0.38433
0.384648
0.384988
0.38535
0.385734
0.386141
0.38657
0.387021
0.387494
0.387988
0.388503
0.38904
0.3896
0.39018
0.39078
0.391401
0.392043
0.392705
0.393385
0.394085
0.394803
0.39554
0.396293
0.397064
0.397852
0.398656
0.399476
0.400311
0.401161
0.402025
0.402903
0.403794
0.404697
0.405612
0.406538
0.407474
0.408419
0.409373
0.410336
0.411305
0.412282
0.413265
0.414253
0.415246
0.416242
0.417242
0.418244
0.419249
0.420256
0.421264
0.422272
0.423279
0.424285
0.425289
0.42629
0.427289
0.428284
0.429274
0.430259
0.431238
0.432211
0.433175
0.434133
0.435081
0.43602
0.436948
0.437866
0.438773
0.439667
0.440548
0.441416
0.44227
0.443109
0.443933
0.444742
0.445534
0.44631
0.447069
0.447812
0.448537
0.449244
0.449931
0.4506
0.451248
0.451876
0.452483
0.453069
0.453632
0.454174
0.454693
0.455188
0.45566
0.456108
0.456531
0.456931
0.457307
0.457658
0.457983
0.458284
0.458558
0.458805
0.459026
0.459221
0.45939
0.459532
0.459648
0.459736
0.459798
0.459833
0.459842
0.459823
0.459777
0.459704
0.459605
0.45948
0.459328
0.459151
0.458947
0.458716
0.458459
0.458177
0.457869
0.457537
0.457179
0.456797
0.45639
0.455959
0.455504
0.455026
0.454525
0.454001
0.453456
0.452889
0.452301
0.451693
0.451065
0.450418
0.449753
0.44907
0.448369
0.447651
0.446916
0.446165
0.4454
0.44462
0.443826
0.44302
0.442201
0.441373
0.440533
0.439683
0.438824
0.437957
0.437082
0.4362
0.435312
0.434418
0.433521
0.432619
0.431714
0.430806
0.429898
0.428988
0.42808
0.427173
0.426267
0.425364
0.424465
0.423571
0.422683
0.421801
0.420925
0.420057
0.419197
0.418348
0.41751
0.416683
0.415867
0.415064
0.414275
0.413501
0.412741
0.411996
0.411267
0.410555
0.40986
0.409183
0.408524
0.407885
0.407266
0.406666
0.406087
0.405529
0.404992
0.404476
0.403983
0.403512
0.403065
0.40264
0.402238
0.401859
0.401505
0.401175
0.400868
0.400585
0.400326
0.40009
0.399879
0.399691
0.399526
0.399385
0.399267
0.399172
0.3991
0.399051
0.399025
0.399021
0.399038
0.399078
0.399138
0.399219
0.399321
0.399442
0.399583
0.399742
0.399918
0.400113
0.400325
0.400554
0.8
0.800177
0.800518
0.800777
0.800955
0.801051
0.801063
0.800991
0.800835
0.800593
0.800266
0.799852
0.799352
0.798766
0.798093
0.797333
0.796487
0.795556
0.794537
0.793433
0.792243
0.790968
0.789611
0.78817
0.786646
0.785039
0.783351
0.781584
0.779736
0.77781
0.775805
0.773723
0.771567
0.769336
0.767033
0.764659
0.762216
0.759706
0.75713
0.754489
0.751786
0.749022
0.746201
0.743323
0.740392
0.737408
0.734375
0.731294
0.728168
0.725
0.721793
0.718549
0.715269
0.711958
0.708617
0.705249
0.701858
0.698446
0.695015
0.691569
0.688111
0.684645
0.681172
0.677694
0.674216
0.670738
0.667266
0.663801
0.660348
0.656908
0.653485
0.650082
0.646701
0.643345
0.640018
0.636722
0.63346
0.630235
0.62705
0.623907
0.620811
0.617763
0.614764
0.611818
0.608926
0.60609
0.603314
0.600599
0.597947
0.59536
0.592842
0.590391
0.588011
0.585703
0.583468
0.581306
0.57922
0.577211
0.575279
0.573425
0.571649
0.569952
0.568335
0.566799
0.565343
0.563968
0.562672
0.561455
0.560317
0.559258
0.558276
0.557371
0.556542
0.555787
0.555107
0.554498
0.55396
0.553491
0.553088
0.552751
0.552478
0.552266
0.552115
0.55202
0.551981
0.551995
0.55206
0.552173
0.552333
0.552537
0.552783
0.553069
0.553393
0.553751
0.554141
0.554561
0.555009
0.555484
0.555983
0.556502
0.557042
0.557599
0.558172
0.558759
0.559358
0.559968
0.560586
0.56121
0.561839
0.562471
0.563106
0.563741
0.564374
0.565006
0.565634
0.566257
0.566875
0.567486
0.568088
0.56868
0.569262
0.569832
0.570391
0.570937
0.571469
0.571987
0.572491
0.572979
0.573451
0.573905
0.574342
0.574762
0.575163
0.575546
0.575909
0.576252
0.576576
0.576878
0.577161
0.577421
0.577662
0.577881
0.578079
0.578255
0.57841
0.578545
0.578658
0.578749
0.578818
0.578864
0.57889
0.578893
0.578874
0.578835
0.578774
0.578692
0.57859
0.578467
0.578325
0.578161
0.577979
0.577778
0.577557
0.577318
0.57706
0.576785
0.576492
0.576182
0.575856
0.575513
0.575154
0.57478
0.574391
0.573988
0.573571
0.573142
0.572701
0.572247
0.571782
0.571306
0.57082
0.570325
0.569823
0.569312
0.568794
0.568269
0.567738
0.5672
0.566658
0.566111
0.565559
0.565004
0.564446
0.563886
0.563326
0.562765
0.562204
0.561645
0.561087
0.560531
0.55998
0.559432
0.558889
0.55835
0.557817
0.557291
0.556772
0.556262
0.555761
0.555269
0.554788
0.554319
0.553862
0.553419
0.552989
0.552575
0.552175
0.551792
0.551425
0.551076
0.550744
0.550431
0.550138
0.549864
0.54961
0.549378
0.549167
0.548978
0.548812
0.548669
0.548552
0.548458
0.54839
0.548348
0.548331
0.548341
0.548377
0.54844
0.54853
0.548648
0.548793
0.548966
0.549168
0.549397
0.549654
0.54994
0.550255
0.550597
0.550968
0.551366
0.551791
0.552243
0.552722
0.553226
0.553757
0.554312
0.554891
0.555495
0.556122
0.556771
0.557442
0.558133
0.558844
0.559574
0.560323
0.56109
0.561873
0.562671
0.563485
0.564313
0.565153
0.566004
0.566866
0.567737
0.568616
0.569501
0.570391
0.571286
0.572184
0.573085
0.573986
0.574886
0.575785
0.57668
0.577572
0.578457
0.579336
0.580208
0.58107
0.581923
0.582765
0.583595
0.584411
0.585213
0.585999
0.586769
0.587521
0.588255
0.58897
0.589665
0.590339
0.590992
0.591623
0.592232
0.592819
0.593381
0.593919
0.594433
0.594922
0.595385
0.595823
0.596235
0.596621
0.596982
0.597317
0.597627
0.59791
0.598167
0.598398
0.598603
0.598783
0.598937
0.599065
0.599168
0.599246
0.599299
0.599328
0.599334
0.599317
0.599277
0.599216
0.599134
0.599032
0.59891
0.598768
0.598608
0.598431
0.598236
0.598026
0.597801
0.597562
0.597309
0.597043
0.596765
0.596477
0.596178
0.595869
0.595552
0.595228
0.594896
0.594559
0.594217
0.593871
0.593521
0.593168
0.592814
0.592459
0.592105
0.591751
0.591399
0.591049
0.590702
0.590358
0.590019
0.589685
0.589356
0.589034
0.588718
0.588411
0.58811
0.587818
0.587536
0.587263
0.587
0.586748
0.586506
0.586274
0.586053
0.585844
0.585646
0.585458
0.585284
0.585122
0.584971
0.584833
0.584707
0.584592
0.584489
0.584397
0.584316
0.584247
0.584188
0.584139
0.584102
0.584075
0.584058
0.584051
0.584054
0.584066
0.584088
0.584117
0.584154
0.584199
0.584251
0.584309
0.584373
0.584442
0.584517
0.584597
0.584684
0.584776
0.584872
0.584972
0.585075
0.58518
0.585288
0.585398
0.585509
0.585621
0.585736
0.585852
0.58597
0.586088
0.586206
0.586325
0.586443
0.586562
0.586681
0.5868
0.586918
0.587037
0.587156
0.587274
0.587392
0.58751
0.587627
0.587744
0.587861
0.587978
0.588095
0.58821
0.588325
0.588439
0.588553
0.588667
0.588782
0.588895
0.589008
0.58912
0.589231
0.589341
0.589448
0.589555
0.58966
0.589762
0.589864
0.589963
0.59006
0.590154
0.590246
0.590335
0.59042
0.590502
0.590581
0.590656
0.590726
0.590792
0.590852
0.590907
0.590956
0.590999
0.591036
0.591066
0.59109
0.591106
0.591115
0.591116
0.59111
0.591095
0.591072
0.59104
0.590999
0.590949
0.590891
0.590823
0.590746
0.59066
0.590564
0.59046
0.590347
0.590225
0.590094
0.589955
0.589809
0.589655
0.589495
0.589329
0.589157
0.588979
0.588797
0.58861
0.588419
0.588226
0.58803
0.587835
0.587639
0.587443
0.587249
0.587057
0.58687
0.586688
0.586513
0.586345
0.586185
0.586035
0.585896
0.585768
0.585654
0.585554
0.585469
0.585399
0.585348
0.585315
0.585302
0.585309
0.585338
0.58539
0.585466
0.585568
0.585695
0.585847
0.586026
0.586233
0.586468
0.586731
0.587023
0.587345
0.587698
0.58808
0.588492
0.588936
0.58941
0.589914
0.59045
0.591016
0.591614
0.592243
0.592902
0.59359
0.594308
0.595056
0.595832
0.596637
0.597471
0.598332
0.599222
0.600138
0.601079
0.602046
0.603039
0.604056
0.605098
0.606163
0.607251
0.608362
0.609496
0.610651
0.611828
0.613026
0.614244
0.615482
0.616738
0.618014
0.619308
0.620621
0.621952
0.623302
0.62467
0.626057
0.62746
0.628881
0.630319
0.631772
0.63324
0.634725
0.636224
0.637738
0.639267
0.64081
0.642367
0.643937
0.64552
0.647117
0.648727
0.650349
0.651982
0.653627
0.655281
0.656946
0.65862
0.660302
0.661992
0.663689
0.665392
0.667101
0.668814
0.67053
0.67225
0.673971
0.675693
0.677414
0.679133
0.68085
0.682563
0.684272
0.685975
0.68767
0.689355
0.69103
0.692692
0.69434
0.695973
0.697589
0.699186
0.700763
0.702318
0.70385
0.705357
0.706838
0.70829
0.709714
0.711105
0.712465
0.713792
0.715084
0.716338
0.717554
0.718731
0.719867
0.720961
0.722011
0.723017
0.723978
0.724892
0.725759
0.726578
0.727349
0.728069
0.728739
0.729358
0.729926
0.730442
0.730906
0.731318
0.731679
0.731987
0.732242
0.732444
0.732594
0.732692
0.732739
0.732734
0.732679
0.732573
0.732419
0.732215
0.731964
0.731665
0.73132
0.73093
0.730496
0.730019
0.729501
0.728943
0.728345
0.727709
0.727037
0.726332
0.725594
0.724825
0.724026
0.723198
0.722341
0.721459
0.720554
0.719626
0.718677
0.71771
0.716725
0.715723
0.714706
0.713675
0.712633
0.71158
0.710517
0.709446
0.708367
0.707283
0.706194
0.705102
0.704007
0.70291
0.701812
0.700714
0.699616
0.69852
0.697426
0.696336
0.695248
0.694164
0.693085
0.692009
0.690937
0.689871
0.688809
0.687752
0.686701
0.685656
0.684617
0.683583
0.682555
0.681533
0.680516
0.679504
0.678496
0.677491
0.676491
0.675494
0.6745
0.67351
0.672522
0.671537
0.670554
0.669573
0.668593
0.667615
0.666638
0.665662
0.664686
0.663711
0.662737
0.661766
0.660795
0.659824
0.658852
0.65788
0.656908
0.655936
0.654963
0.653991
0.653018
0.652047
0.651076
0.650106
0.649137
0.648167
0.647199
0.64623
0.645262
0.644295
0.643328
0.642364
0.641401
0.640441
0.639485
0.638532
0.637582
0.636638
0.635698
0.634762
0.633831
0.632906
0.631988
0.631077
0.630172
0.629276
0.628388
0.627509
0.626638
0.625778
0.624927
0.624086
0.623256
0.622437
0.62163
0.620835
0.620054
0.619285
0.618529
0.617788
0.617061
0.616349
0.615654
0.614973
0.614309
0.61366
0.613028
0.612412
0.611813
0.611231
0.610666
0.61012
0.609592
0.609082
0.608591
0.608119
0.607668
0.607235
0.606822
0.606429
0.606056
0.605704
0.605372
0.60506
0.604769
0.604498
0.604248
0.604018
0.603808
0.603618
0.603448
0.603298
0.603167
0.603056
0.602963
0.602889
0.602833
0.602795
0.602775
0.602771
0.602783
0.602812
0.602856
0.602917
0.602991
0.603079
0.60318
0.603292
0.603415
0.603548
0.603689
0.603839
0.603996
0.604159
0.604325
0.604495
0.604669
0.604843
0.605016
0.605188
0.605356
0.605518
0.605675
0.605823
0.605962
0.606089
0.606206
0.606309
0.606397
0.606468
0.60652
0.606552
0.606562
0.606548
0.606509
0.606444
0.606351
0.606227
0.606073
0.605886
0.605666
0.605412
0.605122
0.604796
0.604431
0.604028
0.603585
0.603101
0.602577
0.602012
0.601405
0.600756
0.600066
0.599333
0.598556
0.597737
0.596874
0.59597
0.595024
0.594037
0.593008
0.591938
0.590828
0.589681
0.588496
0.587275
0.586019
0.58473
0.583409
0.582058
0.580679
0.579272
0.577842
0.57639
0.574916
0.573425
0.571917
0.570395
0.568863
0.567322
0.565775
0.564224
0.562673
0.561124
0.559581
0.558046
0.556522
0.555011
0.553517
0.552041
0.550587
0.549157
0.547755
0.546384
0.545047
0.543745
0.542483
0.54126
0.54008
0.538945
0.537857
0.536819
0.535833
0.5349
0.534021
0.533199
0.532435
0.531732
0.531089
0.53051
0.529993
0.529541
0.529155
0.528835
0.528582
0.528397
0.528279
0.528229
0.528246
0.528332
0.528485
0.528706
0.528994
0.529348
0.529769
0.530256
0.530806
0.531422
0.5321
0.532839
0.533639
0.5345
0.535419
0.536395
0.537427
0.538514
0.539653
0.540843
0.542084
0.543372
0.544707
0.546087
0.547512
0.548979
0.550485
0.55203
0.553611
0.555227
0.556878
0.55856
0.560274
0.562016
0.563786
0.565581
0.5674
0.569241
0.571102
0.572984
0.574884
0.576801
0.578731
0.580674
0.582629
0.584594
0.586567
0.588548
0.590535
0.592528
0.594523
0.596521
0.598519
0.600518
0.602515
0.604509
0.606499
0.608483
0.610461
0.612432
0.614393
0.616343
0.618281
0.620207
0.622119
0.624016
0.625898
0.627762
0.629607
0.631432
0.633236
0.635017
0.636775
0.638509
0.640218
0.6419
0.643554
0.645178
0.646772
0.648334
0.649864
0.65136
0.652822
0.654247
0.655636
0.656987
0.658299
0.659571
0.660802
0.66199
0.663136
0.664237
0.665294
0.666305
0.66727
0.668187
0.669056
0.669877
0.67065
0.671372
0.672043
0.672664
0.673233
0.673751
0.674216
0.674628
0.674988
0.675296
0.675551
0.675753
0.6759
0.675995
0.676036
0.676024
0.675958
0.675838
0.675665
0.675439
0.67516
0.67483
0.674447
0.674014
0.673529
0.672993
0.672407
0.671772
0.671086
0.670351
0.669568
0.668737
0.667859
0.666935
0.665966
0.664953
0.663898
0.6628
0.66166
0.660479
0.659259
0.658001
0.656706
0.655377
0.654013
0.652617
0.651188
0.649727
0.648236
0.646717
0.645171
0.643598
0.642001
0.640382
0.63874
0.63708
0.635401
0.633706
0.631996
0.630272
0.628536
0.626789
0.625033
0.62327
0.621501
0.619729
0.617954
0.616179
0.614405
0.612634
0.610867
0.609108
0.607356
0.605614
0.603883
0.602166
0.600465
0.598781
0.597116
0.595473
0.593852
0.592255
0.590685
0.589142
0.587628
0.586145
0.584695
0.583278
0.581896
0.58055
0.579242
0.577973
0.576745
0.57556
0.574418
0.57332
0.572269
0.571265
0.57031
0.569404
0.568548
0.567743
0.56699
0.566288
0.565641
0.565046
0.564506
0.56402
0.563588
0.56321
0.562888
0.562621
0.562408
0.56225
0.562146
0.562095
0.562098
0.562153
0.562261
0.562421
0.562632
0.562893
0.563203
0.563563
0.563969
0.564421
0.564918
0.565458
0.566043
0.566669
0.567336
0.56804
0.568782
0.56956
0.570372
0.571217
0.572093
0.572999
0.573932
0.574892
0.575877
0.576885
0.577915
0.578966
0.580035
0.581122
0.582224
0.583341
0.58447
0.58561
0.58676
0.587918
0.589086
0.59026
0.591439
0.592622
0.593807
0.594994
0.59618
0.597365
0.598548
0.599728
0.600904
0.602075
0.60324
0.604397
0.605547
0.606688
0.60782
0.608942
0.610052
0.611151
0.612238
0.613312
0.614373
0.615421
0.616454
0.617472
0.618474
0.61946
0.62043
0.621383
0.622319
0.623238
0.624138
0.62502
0.625882
0.626724
0.627548
0.628352
0.629135
0.629899
0.630642
0.631366
0.63207
0.632753
0.633416
0.634059
0.634681
0.635281
0.635861
0.636421
0.63696
0.637478
0.637976
0.638454
0.638911
0.639349
0.639767
0.640166
0.640546
0.640907
0.641249
0.641574
0.641881
0.64217
0.642443
0.642698
0.642938
0.643161
0.64337
0.643564
0.643744
0.64391
0.644063
0.644203
0.644332
0.644449
0.644555
0.64465
0.644737
0.644815
0.644885
0.644947
0.645001
0.645049
0.64509
0.645126
0.645158
0.645185
0.64521
0.645233
0.645254
0.645274
0.645291
0.645307
0.645323
0.64534
0.645358
0.645378
0.645399
0.645421
0.645446
0.645474
0.645505
0.64554
0.645579
0.645621
0.645668
0.645719
0.645775
0.645837
0.645905
0.645979
0.64606
0.646148
0.646243
0.646344
0.646451
0.646566
0.646688
0.646818
0.646955
0.6471
0.647253
0.647412
0.647579
0.647755
0.647939
0.648131
0.648331
0.648538
0.648753
0.648975
0.649205
0.649441
0.649684
0.649935
0.650192
0.650456
0.650726
0.651002
0.651284
0.651571
0.651863
0.652158
0.652458
0.652762
0.65307
0.65338
0.653694
0.654008
0.654325
0.654643
0.654962
0.655282
0.655602
0.65592
0.656239
0.656556
0.65687
0.657182
0.657491
0.657795
0.658095
0.65839
0.65868
0.658963
0.659239
0.659508
0.659769
0.660022
0.660267
0.660501
0.660727
0.660943
0.661148
0.661342
0.661526
0.661698
0.661856
0.662001
0.662132
0.662247
0.662348
0.662433
0.662503
0.662556
0.662594
0.662618
0.662625
0.662614
0.662586
0.662541
0.662477
0.662396
0.662297
0.66218
0.662044
0.66189
0.661718
0.661528
0.66132
0.661094
0.66085
0.660587
0.660307
0.660009
0.659693
0.65936
0.659009
0.65864
0.658255
0.657853
0.657435
0.657001
0.65655
0.656084
0.655603
0.655107
0.654595
0.654069
0.653528
0.652974
0.652406
0.651825
0.651232
0.650626
0.650008
0.649377
0.648734
0.64808
0.647417
0.646743
0.646058
0.645363
0.644659
0.643946
0.643224
0.642493
0.641754
0.641007
0.640252
0.639489
0.638721
0.637946
0.637167
0.636383
0.635595
0.634803
0.634007
0.633209
0.63241
0.631609
0.630807
0.630005
0.629204
0.628403
0.627604
0.626808
0.626016
0.625227
0.624443
0.623664
0.622893
0.62213
0.621374
0.620628
0.619892
0.619166
0.618453
0.617753
0.617068
0.616396
0.615739
0.615099
0.614476
0.61387
0.613282
0.612714
0.612165
0.611637
0.611131
0.610647
0.610186
0.609748
0.609333
0.608942
0.608575
0.608232
0.607913
0.607619
0.60735
0.607105
0.606885
0.606689
0.606518
0.60637
0.606246
0.606146
0.606069
0.606015
0.605982
0.605971
0.605981
0.60601
0.606058
0.606124
0.606208
0.606308
0.606423
0.606551
0.606693
0.606846
0.607011
0.607184
0.607367
0.607556
0.607751
0.607951
0.608154
0.608359
0.608564
0.608768
0.608971
0.60917
0.609366
0.609556
0.609738
0.609912
0.610076
0.61023
0.610371
0.6105
0.610614
0.610714
0.610797
0.610863
0.61091
0.610938
0.610946
0.610934
0.6109
0.610845
0.610768
0.610667
0.610543
0.610395
0.610222
0.610025
0.609803
0.609556
0.609285
0.60899
0.60867
0.608324
0.607953
0.607558
0.607137
0.606693
0.606225
0.605734
0.605219
0.604683
0.604125
0.603546
0.602946
0.602327
0.60169
0.601033
0.600359
0.599669
0.598963
0.598242
0.597508
0.596761
0.596001
0.595232
0.594454
0.593667
0.592872
0.592069
0.591262
0.59045
0.589634
0.588816
0.587998
0.587179
0.586363
0.585548
0.584736
0.583928
0.583126
0.582329
0.58154
0.580758
0.579984
0.579219
0.578464
0.577721
0.576989
0.57627
0.575564
0.574872
0.574194
0.573529
0.572879
0.572244
0.571626
0.571025
0.570439
0.569869
0.569317
0.568781
0.568262
0.567759
0.567273
0.566804
0.566352
0.565916
0.565496
0.565093
0.564707
0.564337
0.563982
0.563644
0.563321
0.563014
0.562721
0.562444
0.562181
0.561933
0.5617
0.561481
0.561277
0.561086
0.560909
0.560747
0.560598
0.560464
0.560343
0.560235
0.560141
0.560059
0.55999
0.559935
0.559894
0.559866
0.559852
0.559852
0.559865
0.559892
0.559931
0.559983
0.560049
0.560128
0.560221
0.560328
0.560449
0.560584
0.560735
0.560901
0.561082
0.561279
0.561492
0.56172
0.561965
0.562226
0.562504
0.562799
0.563112
0.563443
0.563791
0.564159
0.564546
0.564952
0.565378
0.565824
0.566291
0.566778
0.567285
0.567814
0.568364
0.568936
0.569531
0.57015
0.570791
0.571455
0.572142
0.572851
0.573584
0.57434
0.57512
0.575922
0.576748
0.577598
0.578471
0.579368
0.580289
0.581235
0.582205
0.583199
0.584217
0.585259
0.586323
0.587411
0.588521
0.589654
0.59081
0.591988
0.593187
0.594408
0.595649
0.59691
0.598191
0.59949
0.600808
0.602144
0.603497
0.604866
0.60625
0.607651
0.609064
0.610491
0.61193
0.61338
0.61484
0.616309
0.617786
0.61927
0.620758
0.622251
0.623746
0.625243
0.626739
0.628234
0.629727
0.631215
0.632698
0.634173
0.63564
0.637097
0.638542
0.639974
0.641392
0.642793
0.644176
0.645538
0.64688
0.648199
0.649495
0.650765
0.652009
0.653224
0.654411
0.655567
0.656691
0.657781
0.658838
0.65986
0.660845
0.661794
0.662706
0.663579
0.664414
0.665208
0.665961
0.666673
0.667344
0.667971
0.668557
0.669101
0.669601
0.670059
0.670472
0.670843
0.671171
0.671458
0.671703
0.671906
0.672067
0.672186
0.672266
0.672305
0.672307
0.672271
0.672197
0.672086
0.67194
0.671758
0.671542
0.671293
0.671012
0.670699
0.670357
0.669986
0.669587
0.669162
0.668712
0.66824
0.667745
0.667229
0.666692
0.666135
0.665561
0.664969
0.664361
0.663739
0.663104
0.662457
0.661799
0.661131
0.660453
0.659767
0.659074
0.658375
0.657671
0.656961
0.656248
0.655533
0.654816
0.654097
0.653377
0.652658
0.65194
0.651223
0.650509
0.649796
0.649087
0.648381
0.647679
0.646981
0.646287
0.645599
0.644917
0.644241
0.643571
0.642907
0.642249
0.641597
0.640952
0.640315
0.639686
0.639065
0.638453
0.63785
0.637256
0.63667
0.636096
0.635531
0.634976
0.634432
0.633898
0.633374
0.632863
0.632363
0.631873
0.631396
0.630931
0.630479
0.63004
0.629613
0.629199
0.628799
0.628412
0.628039
0.627681
0.627339
0.627012
0.626699
0.626403
0.626122
0.625858
0.62561
0.625378
0.625162
0.624963
0.624782
0.624619
0.624473
0.624344
0.624234
0.624141
0.624065
0.624007
0.623965
0.623941
0.623935
0.623946
0.623973
0.624018
0.62408
0.624158
0.624252
0.624361
0.624486
0.624625
0.624778
0.624946
0.625128
0.625322
0.625529
0.625748
0.625978
0.626219
0.626471
0.626733
0.627005
0.627287
0.627576
0.627873
0.628176
0.628485
0.6288
0.629121
0.629447
0.629777
0.630111
0.630447
0.630786
0.631128
0.63147
0.631813
0.632156
0.632498
0.63284
0.633181
0.633519
0.633856
0.63419
0.63452
0.634848
0.635172
0.635492
0.635807
0.636117
0.636422
0.636721
0.637014
0.6373
0.63758
0.637852
0.638117
0.638374
0.638623
0.638862
0.639092
0.639314
0.639526
0.639727
0.639918
0.640099
0.640268
0.640426
0.640572
0.640706
0.640827
0.640936
0.641033
0.641117
0.641187
0.641243
0.641283
0.641309
0.8
0.799961
0.799892
0.799766
0.799583
0.799343
0.799045
0.798689
0.798275
0.797803
0.797276
0.796692
0.796051
0.795353
0.794599
0.793787
0.792919
0.791996
0.791019
0.789987
0.788901
0.787763
0.786573
0.785331
0.784038
0.782695
0.781303
0.779863
0.778375
0.776842
0.775265
0.773643
0.771978
0.770272
0.768526
0.76674
0.764915
0.763053
0.761153
0.759219
0.757252
0.755251
0.753219
0.751155
0.749062
0.74694
0.74479
0.742615
0.740414
0.73819
0.735943
0.733674
0.731385
0.729077
0.726751
0.724409
0.722054
0.719687
0.71731
0.714922
0.712527
0.710125
0.707717
0.705304
0.70289
0.700476
0.698063
0.695654
0.693249
0.690851
0.688463
0.686087
0.683724
0.681376
0.679045
0.676733
0.674442
0.672175
0.669934
0.66772
0.665535
0.663383
0.661264
0.659182
0.657138
0.655134
0.653173
0.651257
0.649387
0.647565
0.645795
0.644077
0.642415
0.640811
0.639264
0.637779
0.636357
0.635001
0.633712
0.632493
0.631344
0.630266
0.62926
0.628329
0.627472
0.626691
0.625988
0.625364
0.624818
0.624353
0.623967
0.623662
0.623438
0.623295
0.623233
0.623253
0.623355
0.623537
0.623799
0.62414
0.624559
0.625056
0.625629
0.626278
0.627
0.627795
0.62866
0.629595
0.630598
0.631667
0.632799
0.633992
0.635245
0.636556
0.637924
0.639345
0.640817
0.642338
0.643904
0.645514
0.647164
0.648853
0.650579
0.652338
0.654129
0.655949
0.657795
0.659667
0.66156
0.663473
0.665403
0.667347
0.669305
0.671273
0.67325
0.675234
0.677223
0.679216
0.68121
0.683203
0.685195
0.687183
0.689166
0.691142
0.693111
0.695072
0.697023
0.698963
0.700891
0.702805
0.704704
0.706587
0.708453
0.7103
0.712128
0.713936
0.715723
0.717488
0.719231
0.720949
0.722643
0.724312
0.725955
0.727572
0.729161
0.730723
0.732257
0.733762
0.735237
0.73668
0.73809
0.739469
0.740814
0.742125
0.743401
0.744642
0.745846
0.747013
0.748144
0.749237
0.750292
0.751307
0.752281
0.753215
0.754107
0.754957
0.755765
0.756529
0.757249
0.757923
0.758553
0.759136
0.759673
0.760164
0.760607
0.761001
0.761346
0.761642
0.761888
0.762084
0.76223
0.762325
0.76237
0.762363
0.762306
0.762198
0.762038
0.761828
0.761566
0.761251
0.760885
0.760467
0.759998
0.759478
0.758908
0.758287
0.757616
0.756896
0.756127
0.755308
0.75444
0.753525
0.752563
0.751554
0.7505
0.7494
0.748256
0.747069
0.74584
0.744571
0.743261
0.741912
0.740525
0.739101
0.737641
0.736147
0.73462
0.733061
0.731473
0.729855
0.72821
0.72654
0.724846
0.723131
0.721394
0.719636
0.71786
0.716068
0.714261
0.71244
0.710608
0.708765
0.706913
0.705055
0.70319
0.701322
0.699453
0.697584
0.695716
0.69385
0.69199
0.690136
0.688291
0.686455
0.68463
0.682817
0.681018
0.679234
0.677467
0.675719
0.673992
0.672286
0.670602
0.668942
0.667306
0.665696
0.664114
0.662561
0.661038
0.659544
0.658084
0.656656
0.655264
0.653908
0.652588
0.651307
0.650063
0.64886
0.647697
0.646577
0.645497
0.64446
0.643467
0.642517
0.641612
0.640753
0.63994
0.639175
0.638456
0.637786
0.637165
0.636594
0.636073
0.635603
0.635184
0.634817
0.634502
0.634239
0.63403
0.633874
0.633772
0.633724
0.63373
0.633792
0.633909
0.634082
0.63431
0.634595
0.634936
0.635334
0.635789
0.6363
0.636868
0.637493
0.638175
0.638913
0.639709
0.640562
0.641472
0.642438
0.643461
0.644539
0.645674
0.646864
0.64811
0.64941
0.650764
0.652172
0.653633
0.655147
0.656713
0.65833
0.659996
0.66171
0.663469
0.665274
0.667122
0.669011
0.67094
0.672907
0.67491
0.676946
0.679012
0.681107
0.683229
0.685375
0.687542
0.689729
0.691929
0.69414
0.696359
0.698582
0.700806
0.703029
0.705246
0.707454
0.709648
0.711826
0.713983
0.716115
0.718219
0.720292
0.722329
0.724326
0.726281
0.728188
0.730046
0.731851
0.733599
0.735287
0.736912
0.738472
0.739964
0.741385
0.742734
0.744007
0.745202
0.746319
0.747353
0.748305
0.749172
0.749954
0.750651
0.751261
0.751784
0.75222
0.752566
0.752824
0.752993
0.753073
0.753065
0.75297
0.752789
0.752521
0.752169
0.751733
0.751215
0.750617
0.749938
0.749184
0.748354
0.747451
0.746477
0.745436
0.744328
0.743156
0.741922
0.74063
0.739282
0.737881
0.736431
0.734934
0.733394
0.731812
0.730193
0.728539
0.726854
0.725142
0.723404
0.721645
0.719868
0.718076
0.716272
0.714461
0.712645
0.710828
0.709013
0.707205
0.705406
0.70362
0.701851
0.700101
0.698372
0.696668
0.694993
0.693349
0.691739
0.690164
0.688629
0.687136
0.685687
0.684283
0.682929
0.681625
0.680374
0.679179
0.67804
0.67696
0.675939
0.67498
0.674083
0.673249
0.672479
0.671775
0.671137
0.670564
0.670059
0.66962
0.669249
0.668945
0.668709
0.66854
0.668438
0.668401
0.66843
0.668523
0.668681
0.668902
0.669186
0.66953
0.669932
0.670392
0.670907
0.671477
0.672098
0.67277
0.673491
0.674258
0.675069
0.675924
0.676819
0.677751
0.678718
0.679718
0.680748
0.681805
0.682888
0.683993
0.685118
0.686261
0.687418
0.688588
0.689769
0.690958
0.692153
0.69335
0.694548
0.695745
0.696938
0.698126
0.699306
0.700475
0.701633
0.702776
0.703902
0.705011
0.706102
0.707173
0.708221
0.709245
0.710244
0.711218
0.712163
0.71308
0.713968
0.714827
0.715656
0.716454
0.717219
0.717952
0.718652
0.719317
0.719948
0.720543
0.721104
0.721629
0.722117
0.72257
0.722987
0.723368
0.723712
0.72402
0.724293
0.724528
0.724728
0.724891
0.725018
0.72511
0.725166
0.725186
0.725171
0.72512
0.725034
0.724914
0.724761
0.724573
0.724351
0.724095
0.723806
0.723483
0.723127
0.72274
0.72232
0.72187
0.721389
0.720878
0.720336
0.719763
0.719159
0.718526
0.717865
0.717174
0.716456
0.715712
0.714942
0.714147
0.713329
0.712487
0.711623
0.710738
0.709831
0.708904
0.70796
0.706998
0.706021
0.705029
0.704023
0.703005
0.701977
0.700939
0.699893
0.698842
0.697785
0.696726
0.695666
0.694607
0.69355
0.692498
0.691451
0.690413
0.689383
0.688366
0.687363
0.686376
0.685407
0.684457
0.68353
0.682625
0.681746
0.680895
0.680074
0.679284
0.678528
0.677806
0.677122
0.676474
0.675866
0.675298
0.674772
0.67429
0.673852
0.673459
0.673112
0.672812
0.67256
0.672356
0.6722
0.672094
0.672038
0.67203
0.672073
0.672166
0.67231
0.672503
0.672747
0.673039
0.67338
0.673769
0.674205
0.674687
0.675215
0.675788
0.676405
0.677065
0.677766
0.678507
0.679286
0.680101
0.680952
0.681837
0.682755
0.683705
0.684685
0.685693
0.686729
0.687789
0.688873
0.689978
0.691103
0.692245
0.693404
0.694578
0.695763
0.69696
0.698165
0.699377
0.700595
0.701817
0.703041
0.704265
0.705488
0.706708
0.707923
0.709131
0.71033
0.711519
0.712697
0.713862
0.715012
0.716145
0.71726
0.718355
0.71943
0.720483
0.721512
0.722517
0.723495
0.724444
0.725365
0.726254
0.727114
0.727941
0.728735
0.729495
0.730219
0.730906
0.731555
0.732165
0.732737
0.733267
0.733757
0.734205
0.734611
0.734975
0.735295
0.735572
0.735806
0.735997
0.736144
0.736248
0.736307
0.736323
0.736296
0.736227
0.736116
0.735962
0.735767
0.735531
0.735255
0.73494
0.734586
0.734194
0.733765
0.733301
0.732801
0.732266
0.731698
0.731098
0.730468
0.729811
0.729126
0.728414
0.727677
0.726916
0.726132
0.725326
0.7245
0.723656
0.722794
0.721917
0.721025
0.720121
0.719205
0.718281
0.717349
0.71641
0.715467
0.714521
0.713574
0.712628
0.711682
0.71074
0.7098
0.708866
0.70794
0.707021
0.706112
0.705215
0.704332
0.703462
0.702608
0.701773
0.700956
0.700159
0.699381
0.698624
0.69789
0.69718
0.696494
0.695834
0.695201
0.694595
0.694018
0.693471
0.692954
0.692468
0.692014
0.691594
0.691207
0.690856
0.69054
0.69026
0.690016
0.68981
0.689641
0.689509
0.689416
0.68936
0.689343
0.689365
0.689425
0.689525
0.689664
0.689842
0.690059
0.690315
0.690609
0.690942
0.691314
0.691722
0.692168
0.692649
0.693167
0.69372
0.694307
0.694928
0.695581
0.696266
0.696982
0.697727
0.6985
0.6993
0.700126
0.700975
0.701848
0.702741
0.703655
0.704588
0.70554
0.706508
0.707491
0.708488
0.709496
0.710514
0.711538
0.712569
0.713603
0.714639
0.715675
0.716709
0.717738
0.718762
0.719779
0.720786
0.721781
0.722763
0.72373
0.72468
0.72561
0.726519
0.727405
0.728266
0.729101
0.729907
0.730685
0.73143
0.732144
0.732824
0.733468
0.734075
0.734644
0.735172
0.735659
0.736103
0.736504
0.73686
0.737171
0.737436
0.737654
0.737825
0.737948
0.738024
0.738051
0.73803
0.737961
0.737844
0.737679
0.737466
0.737206
0.736901
0.736549
0.736151
0.735708
0.735222
0.734693
0.734123
0.733514
0.732866
0.73218
0.731458
0.730701
0.729913
0.729094
0.728246
0.727372
0.726472
0.72555
0.724607
0.723646
0.72267
0.721681
0.720681
0.719672
0.718657
0.717637
0.716617
0.715596
0.714579
0.713568
0.712565
0.711573
0.710594
0.709632
0.708689
0.707766
0.706867
0.705993
0.705146
0.704328
0.703541
0.702786
0.702064
0.701379
0.70073
0.700121
0.699552
0.699025
0.698539
0.698097
0.697698
0.697343
0.697033
0.696767
0.696547
0.696373
0.696244
0.696161
0.696124
0.696132
0.696185
0.696283
0.696424
0.696607
0.696832
0.697096
0.6974
0.697741
0.698118
0.69853
0.698975
0.699453
0.699963
0.700501
0.701067
0.701658
0.702273
0.702911
0.703568
0.704244
0.704937
0.705645
0.706366
0.707098
0.70784
0.708589
0.709344
0.710103
0.710865
0.711628
0.712391
0.713153
0.71391
0.714662
0.715408
0.716145
0.716873
0.71759
0.718293
0.718983
0.719658
0.720317
0.720961
0.721587
0.722193
0.722779
0.723343
0.723884
0.724403
0.724896
0.725364
0.725807
0.726223
0.726612
0.726974
0.727308
0.727613
0.727889
0.728135
0.728352
0.728538
0.728692
0.728815
0.728907
0.728969
0.728999
0.728998
0.728965
0.7289
0.728804
0.728676
0.728515
0.728324
0.728101
0.727847
0.727562
0.727246
0.7269
0.726526
0.726123
0.725692
0.725231
0.724742
0.724225
0.72368
0.723107
0.722508
0.721881
0.721228
0.72055
0.719847
0.719119
0.718367
0.717593
0.716796
0.715977
0.715136
0.714275
0.713392
0.712488
0.711565
0.710622
0.70966
0.708679
0.70768
0.706664
0.70563
0.704579
0.703511
0.702426
0.701325
0.700207
0.699074
0.697924
0.696759
0.695579
0.694383
0.693172
0.691946
0.690706
0.689452
0.688182
0.686899
0.685602
0.684292
0.682972
0.681639
0.680296
0.678941
0.677576
0.676201
0.674817
0.673426
0.672027
0.670621
0.66921
0.667793
0.666373
0.664949
0.663524
0.662097
0.660669
0.659242
0.657817
0.656395
0.654978
0.653565
0.65216
0.650763
0.649376
0.648
0.646636
0.645286
0.643949
0.642627
0.641323
0.640035
0.638766
0.637517
0.636289
0.635084
0.633901
0.632743
0.631609
0.630503
0.629425
0.628375
0.627354
0.626364
0.625406
0.62448
0.623587
0.622726
0.621899
0.621107
0.620352
0.619632
0.618948
0.618301
0.617692
0.61712
0.616586
0.616091
0.615636
0.615219
0.614844
0.614509
0.614217
0.613965
0.613754
0.613584
0.613454
0.613365
0.613318
0.613312
0.613348
0.613427
0.613547
0.613709
0.613913
0.614158
0.614446
0.614776
0.615147
0.615561
0.616015
0.616512
0.617049
0.617628
0.618247
0.618908
0.61961
0.620351
0.621133
0.621954
0.622815
0.623715
0.624656
0.625636
0.626654
0.627709
0.628802
0.629931
0.631096
0.632297
0.633533
0.634803
0.636107
0.637444
0.638814
0.640215
0.641648
0.643111
0.644603
0.646124
0.647672
0.649246
0.650845
0.652468
0.654113
0.655779
0.657466
0.659172
0.660896
0.662636
0.664392
0.666164
0.667949
0.669745
0.671553
0.673371
0.675197
0.67703
0.678869
0.680713
0.682561
0.684411
0.686262
0.688113
0.689963
0.69181
0.693653
0.695493
0.697326
0.699153
0.70097
0.702779
0.704577
0.706364
0.708138
0.709899
0.711645
0.713376
0.715091
0.716787
0.718465
0.720123
0.72176
0.723377
0.72497
0.726541
0.728087
0.729609
0.731104
0.732572
0.734013
0.735424
0.736805
0.738156
0.739477
0.740767
0.742026
0.743253
0.744445
0.745603
0.746724
0.747809
0.748858
0.749868
0.75084
0.751771
0.752663
0.753515
0.754326
0.755095
0.755821
0.756505
0.757145
0.757742
0.758296
0.758807
0.759275
0.759697
0.760072
0.760402
0.760687
0.760926
0.76112
0.761269
0.761372
0.761429
0.761441
0.761407
0.76133
0.761209
0.761045
0.760837
0.760586
0.760293
0.759958
0.759581
0.759164
0.758707
0.758212
0.757679
0.757109
0.756504
0.755864
0.755192
0.754487
0.753753
0.752989
0.752197
0.751379
0.750537
0.749671
0.748784
0.747876
0.746951
0.746008
0.745051
0.74408
0.743096
0.742103
0.741101
0.740092
0.739078
0.738061
0.737043
0.736025
0.73501
0.733997
0.732989
0.731988
0.730995
0.730012
0.72904
0.728081
0.727137
0.726207
0.725294
0.7244
0.723524
0.722669
0.721837
0.721028
0.720243
0.719486
0.718755
0.718053
0.717379
0.716736
0.716124
0.715545
0.714998
0.714485
0.714007
0.713565
0.713159
0.712789
0.712456
0.712161
0.711904
0.711686
0.711506
0.711366
0.711266
0.711207
0.711187
0.711208
0.71127
0.711373
0.711516
0.711698
0.711919
0.712178
0.712476
0.712811
0.713182
0.713588
0.714029
0.714505
0.715012
0.715552
0.716122
0.716722
0.717349
0.718003
0.718681
0.719382
0.720105
0.720847
0.721608
0.722385
0.723178
0.723984
0.724801
0.725627
0.72646
0.727299
0.728143
0.728988
0.729832
0.730672
0.731508
0.732338
0.733158
0.733967
0.734762
0.735541
0.736302
0.737044
0.737762
0.738456
0.739124
0.739762
0.740371
0.740948
0.741492
0.742001
0.742471
0.742901
0.74329
0.743636
0.743937
0.744193
0.744403
0.744564
0.744675
0.744737
0.744746
0.744702
0.744604
0.744452
0.744245
0.743982
0.743664
0.74329
0.74286
0.742373
0.74183
0.741231
0.740575
0.739863
0.739095
0.738272
0.737394
0.736461
0.735475
0.734437
0.733346
0.732205
0.731015
0.729775
0.728489
0.727157
0.725782
0.724364
0.722906
0.721407
0.719871
0.718298
0.716692
0.715053
0.713385
0.711688
0.709964
0.708215
0.706442
0.704649
0.702838
0.70101
0.699169
0.697315
0.69545
0.693578
0.6917
0.689818
0.687935
0.686053
0.684174
0.6823
0.680433
0.678577
0.676733
0.674902
0.673085
0.671287
0.669507
0.667749
0.666014
0.664305
0.662623
0.66097
0.659348
0.657757
0.656201
0.65468
0.653195
0.651749
0.650342
0.648975
0.64765
0.646369
0.645133
0.643942
0.642799
0.641704
0.640657
0.639661
0.638715
0.637822
0.636981
0.636194
0.635462
0.634784
0.634163
0.633598
0.633091
0.63264
0.632248
0.631915
0.631641
0.631428
0.631273
0.631179
0.631144
0.631169
0.631256
0.631404
0.631613
0.631882
0.632213
0.632606
0.633059
0.633573
0.634147
0.634782
0.635476
0.636233
0.637052
0.63793
0.638867
0.639866
0.640923
0.642039
0.643213
0.644446
0.645737
0.647085
0.648489
0.649949
0.651464
0.653034
0.654657
0.656334
0.658062
0.659842
0.661672
0.663552
0.665479
0.667452
0.669471
0.671534
0.67364
0.675787
0.677973
0.680196
0.682457
0.684751
0.687078
0.689435
0.691821
0.694234
0.696672
0.699132
0.701612
0.704111
0.706628
0.709158
0.711699
0.714249
0.716806
0.719366
0.721926
0.724484
0.727039
0.729588
0.732127
0.734656
0.73717
0.739668
0.742148
0.744605
0.747038
0.749446
0.751825
0.754173
0.756489
0.758769
0.761012
0.763214
0.765375
0.767493
0.769566
0.771591
0.773568
0.775494
0.777368
0.77919
0.780958
0.782671
0.784327
0.785924
0.787461
0.788937
0.790352
0.791704
0.792993
0.794219
0.79538
0.796477
0.797509
0.798476
0.799376
0.800211
0.80098
0.801683
0.802321
0.802891
0.803395
0.803833
0.804205
0.804511
0.804751
0.804927
0.805039
0.805086
0.80507
0.804991
0.804849
0.804644
0.804378
0.804049
0.80366
0.803211
0.802702
0.802133
0.801505
0.800819
0.800075
0.799274
0.798418
0.797505
0.796537
0.795514
0.794437
0.793307
0.792123
0.790887
0.789597
0.788256
0.786864
0.785422
0.783929
0.782385
0.780791
0.77915
0.77746
0.775723
0.773937
0.772104
0.770225
0.768301
0.766332
0.764318
0.762261
0.760159
0.758016
0.75583
0.753605
0.75134
0.749036
0.746696
0.744321
0.74191
0.739468
0.736993
0.734489
0.731956
0.729396
0.72681
0.724202
0.721572
0.718922
0.716255
0.713571
0.710875
0.708167
0.70545
0.702726
0.699998
0.697269
0.694539
0.691812
0.689092
0.68638
0.683679
0.680991
0.678317
0.675663
0.67303
0.670421
0.667838
0.665284
0.662761
0.660273
0.657821
0.655408
0.653037
0.65071
0.64843
0.6462
0.644023
0.6419
0.639834
0.637828
0.635883
0.634002
0.632189
0.630444
0.62877
0.627169
0.625644
0.624195
0.622824
0.621532
0.620319
0.619189
0.618142
0.61718
0.616304
0.615513
0.614809
0.614194
0.613667
0.613228
0.612877
0.612613
0.612437
0.612347
0.612344
0.612427
0.612596
0.612849
0.613186
0.613604
0.614103
0.614681
0.615337
0.616069
0.616875
0.617753
0.618702
0.619718
0.620801
0.62195
0.62316
0.62443
0.625757
0.627139
0.628573
0.630056
0.631585
0.63316
0.634778
0.636435
0.638129
0.639856
0.641615
0.643402
0.645215
0.647051
0.648908
0.650784
0.652675
0.654581
0.656498
0.658425
0.66036
0.662299
0.664241
0.666184
0.668124
0.670059
0.671989
0.673911
0.675822
0.67772
0.679604
0.681471
0.683322
0.685152
0.686961
0.688747
0.690508
0.692244
0.693953
0.695633
0.697283
0.698902
0.700488
0.702041
0.70356
0.705043
0.706489
0.707898
0.70927
0.710602
0.711896
0.713149
0.714362
0.715534
0.716664
0.717753
0.718802
0.719809
0.720775
0.721699
0.722582
0.723423
0.724224
0.724984
0.725706
0.726392
0.727038
0.727646
0.728217
0.728753
0.729256
0.729725
0.730161
0.730565
0.730937
0.731281
0.731596
0.731884
0.732146
0.732382
0.732595
0.732785
0.732954
0.733102
0.733233
0.733346
0.733441
0.733521
0.733585
0.733636
0.733674
0.733701
0.733717
0.733722
0.733718
0.733706
0.733686
0.733659
0.733626
0.733587
0.73354
0.733487
0.733427
0.73336
0.733288
0.73321
0.733126
0.733035
0.732936
0.732831
0.73272
0.732601
0.732473
0.732337
0.73219
0.732033
0.731864
0.731685
0.731494
0.73129
0.731075
0.730847
0.730605
0.730349
0.730078
0.729791
0.729488
0.729168
0.728832
0.728479
0.728108
0.72772
0.727315
0.726894
0.726457
0.726003
0.725531
0.725041
0.724534
0.724009
0.723468
0.722909
0.722334
0.721743
0.721134
0.720511
0.719872
0.719219
0.718552
0.717871
0.717178
0.716472
0.715753
0.715024
0.714284
0.713534
0.712776
0.712008
0.711233
0.710453
0.709668
0.708878
0.708084
0.707286
0.706485
0.705682
0.704878
0.704075
0.703272
0.70247
0.70167
0.700874
0.700082
0.699296
0.698515
0.697742
0.696976
0.696219
0.695471
0.694733
0.694007
0.693292
0.692591
0.691904
0.691233
0.690577
0.689938
0.689316
0.688712
0.688128
0.687564
0.687021
0.686501
0.686004
0.685532
0.685087
0.684668
0.684275
0.68391
0.683572
0.683263
0.682984
0.682735
0.682518
0.682332
0.682178
0.682056
0.681967
0.68191
0.681886
0.681895
0.681937
0.682012
0.682121
0.682263
0.682437
0.682645
0.682884
0.683156
0.68346
0.683796
0.684163
0.68456
0.684986
0.685441
0.685924
0.686433
0.686968
0.687528
0.688111
0.688717
0.689343
0.689989
0.690654
0.691335
0.692032
0.692742
0.693465
0.694198
0.694941
0.695692
0.696449
0.697211
0.697975
0.698743
0.69951
0.700276
0.701039
0.701797
0.702548
0.70329
0.704023
0.8
0.80034
0.801044
0.801705
0.802321
0.802893
0.803419
0.803897
0.804328
0.804711
0.805045
0.805329
0.805564
0.805748
0.805882
0.805965
0.805998
0.805979
0.805911
0.805791
0.805623
0.805406
0.805141
0.804828
0.804468
0.804063
0.803612
0.803119
0.802583
0.802007
0.801391
0.800739
0.80005
0.799328
0.798574
0.797789
0.796975
0.796135
0.795271
0.794384
0.793477
0.792551
0.79161
0.790655
0.789688
0.788711
0.787727
0.786738
0.785746
0.784754
0.783763
0.782776
0.781794
0.780819
0.779854
0.7789
0.77796
0.777034
0.776123
0.77523
0.774357
0.773505
0.772674
0.771867
0.771086
0.770329
0.769598
0.768894
0.768218
0.76757
0.766949
0.766357
0.765792
0.765256
0.764747
0.764266
0.763812
0.763385
0.762984
0.76261
0.762261
0.761937
0.761639
0.761363
0.761109
0.760876
0.760663
0.760469
0.760291
0.760129
0.759982
0.759848
0.759724
0.759609
0.759502
0.759402
0.759307
0.759216
0.759126
0.759035
0.758943
0.758847
0.758747
0.75864
0.758524
0.758397
0.758259
0.758108
0.757944
0.757764
0.757568
0.757354
0.757121
0.756867
0.756592
0.756294
0.755974
0.755629
0.75526
0.754866
0.754445
0.753997
0.753522
0.753019
0.752487
0.751928
0.751339
0.750722
0.750076
0.749401
0.748696
0.747963
0.747201
0.74641
0.745589
0.74474
0.743863
0.742957
0.742024
0.741065
0.740078
0.739066
0.738029
0.736968
0.735886
0.734782
0.733657
0.732513
0.731349
0.730168
0.72897
0.727756
0.726527
0.725284
0.724028
0.722761
0.721483
0.720197
0.718904
0.717605
0.716301
0.714993
0.713683
0.712373
0.711065
0.70976
0.708458
0.707161
0.70587
0.704587
0.703313
0.702049
0.700798
0.699562
0.698341
0.697136
0.695949
0.694781
0.693634
0.69251
0.69141
0.690334
0.689286
0.688265
0.687274
0.686312
0.685382
0.684485
0.683623
0.682795
0.682003
0.681249
0.680532
0.679855
0.679218
0.678621
0.678067
0.677555
0.677087
0.676664
0.676284
0.675948
0.675659
0.675415
0.675216
0.675062
0.674953
0.67489
0.674874
0.674902
0.674973
0.675088
0.675246
0.675445
0.675686
0.675967
0.676289
0.676649
0.677046
0.677479
0.677947
0.678449
0.678984
0.679551
0.680147
0.680773
0.681426
0.682104
0.682807
0.683534
0.684281
0.685047
0.685831
0.68663
0.687444
0.688271
0.68911
0.689958
0.690814
0.691677
0.692546
0.69342
0.6943
0.695182
0.696065
0.696948
0.69783
0.698708
0.699584
0.700455
0.701322
0.702183
0.703038
0.703888
0.704731
0.705566
0.706394
0.707215
0.708027
0.70883
0.709625
0.710413
0.711192
0.711964
0.712729
0.713488
0.714241
0.714989
0.715733
0.716472
0.717206
0.717937
0.718664
0.719389
0.720113
0.720835
0.721556
0.722279
0.723004
0.723731
0.724461
0.725195
0.725932
0.726675
0.727423
0.728178
0.728942
0.729714
0.730496
0.731289
0.732091
0.732904
0.733728
0.734565
0.735413
0.736272
0.737143
0.738027
0.738923
0.739831
0.740753
0.741688
0.742636
0.743596
0.744568
0.745553
0.746551
0.747561
0.748583
0.749618
0.750665
0.751723
0.752791
0.753868
0.754956
0.756053
0.757158
0.758271
0.759391
0.760518
0.761651
0.76279
0.763934
0.765083
0.766235
0.767391
0.768548
0.769707
0.770867
0.772028
0.773189
0.77435
0.775507
0.776661
0.77781
0.778953
0.780091
0.781221
0.782344
0.78346
0.784565
0.785659
0.786741
0.787811
0.788866
0.789907
0.790932
0.791942
0.792933
0.793905
0.794857
0.795789
0.796701
0.79759
0.798455
0.799296
0.80011
0.800898
0.801658
0.802391
0.803094
0.803769
0.804413
0.805027
0.805608
0.806156
0.806671
0.807152
0.807599
0.808011
0.808388
0.80873
0.809037
0.809309
0.809545
0.809747
0.809915
0.810046
0.810143
0.810205
0.810233
0.810227
0.810188
0.810115
0.810009
0.809872
0.809703
0.809504
0.809275
0.809016
0.80873
0.808418
0.80808
0.807716
0.807328
0.806917
0.806485
0.806034
0.805565
0.80508
0.80458
0.804064
0.803535
0.802995
0.802444
0.801884
0.801316
0.800743
0.800164
0.799581
0.798995
0.798408
0.797821
0.797236
0.796653
0.796073
0.795499
0.794929
0.794366
0.793811
0.793264
0.792726
0.792198
0.79168
0.791173
0.790676
0.790191
0.789719
0.789259
0.788813
0.78838
0.787962
0.787556
0.787162
0.786782
0.786414
0.786059
0.785717
0.785389
0.785072
0.784767
0.784473
0.784189
0.783915
0.783652
0.783398
0.783153
0.782917
0.782688
0.782466
0.782251
0.782041
0.781836
0.781635
0.781439
0.781247
0.781058
0.780872
0.780689
0.780506
0.780326
0.780149
0.779972
0.779795
0.779618
0.779441
0.779265
0.779089
0.778913
0.778737
0.778561
0.778385
0.77821
0.778034
0.777859
0.777685
0.777512
0.77734
0.777169
0.777001
0.776834
0.776669
0.776507
0.776347
0.776191
0.776038
0.775889
0.775744
0.775603
0.775466
0.775333
0.775206
0.775084
0.774967
0.774856
0.774749
0.774647
0.774549
0.774456
0.774366
0.774281
0.774198
0.774117
0.774039
0.773961
0.773884
0.773806
0.773726
0.773643
0.773559
0.773472
0.773379
0.773281
0.773175
0.773061
0.772937
0.772802
0.772656
0.772496
0.772322
0.77213
0.771921
0.771691
0.77144
0.771166
0.770869
0.770546
0.770197
0.769819
0.76941
0.768971
0.768499
0.767995
0.767455
0.766879
0.766265
0.765611
0.764918
0.764184
0.763407
0.762586
0.761723
0.760815
0.759862
0.758864
0.757819
0.756729
0.755593
0.754412
0.753184
0.75191
0.750591
0.749226
0.747816
0.746362
0.744864
0.743324
0.741743
0.740122
0.738461
0.736763
0.735028
0.733258
0.731455
0.72962
0.727756
0.725863
0.723946
0.722005
0.720042
0.71806
0.716062
0.71405
0.712025
0.709991
0.707951
0.705907
0.703861
0.701816
0.699775
0.697741
0.695716
0.693704
0.691708
0.68973
0.687774
0.685841
0.683936
0.68206
0.680217
0.678409
0.676639
0.674911
0.673226
0.671588
0.669999
0.668462
0.666979
0.665552
0.664185
0.66288
0.661638
0.660464
0.659358
0.658324
0.657362
0.656473
0.655658
0.65492
0.654259
0.653677
0.653174
0.652751
0.65241
0.652152
0.651976
0.651884
0.651874
0.651946
0.652101
0.652339
0.652659
0.653061
0.653543
0.654106
0.654748
0.655469
0.656266
0.657138
0.658086
0.659109
0.660205
0.661371
0.662605
0.663907
0.665272
0.6667
0.668188
0.669734
0.671336
0.672992
0.674701
0.676457
0.67826
0.680107
0.681995
0.683922
0.685885
0.687881
0.689909
0.691966
0.694049
0.696156
0.698284
0.700431
0.702594
0.70477
0.706959
0.709156
0.71136
0.713568
0.715778
0.717988
0.720195
0.722398
0.724593
0.72678
0.728956
0.73112
0.733269
0.735403
0.73752
0.739617
0.741694
0.743749
0.74578
0.747787
0.749767
0.751719
0.753643
0.755537
0.757401
0.759233
0.761031
0.762795
0.764524
0.766216
0.767872
0.769492
0.771074
0.772619
0.774125
0.775593
0.777021
0.778409
0.779757
0.781065
0.782334
0.783563
0.784752
0.785901
0.78701
0.788079
0.789108
0.790097
0.791046
0.791955
0.792826
0.793658
0.794453
0.79521
0.795929
0.796611
0.797255
0.797862
0.798431
0.798964
0.79946
0.799919
0.800344
0.800735
0.801092
0.801416
0.801705
0.801961
0.802185
0.802377
0.802536
0.802662
0.802756
0.802818
0.802847
0.802845
0.802811
0.802747
0.802652
0.802527
0.802372
0.802188
0.801974
0.80173
0.801456
0.801154
0.800823
0.800463
0.800077
0.799664
0.799223
0.798755
0.798259
0.797737
0.797189
0.796615
0.796016
0.79539
0.794738
0.79406
0.793357
0.792629
0.791877
0.791099
0.790297
0.789471
0.78862
0.787745
0.786847
0.785926
0.784982
0.784017
0.783031
0.782024
0.780997
0.77995
0.778885
0.777802
0.776701
0.775584
0.774451
0.773304
0.772144
0.770972
0.769789
0.768596
0.767394
0.766184
0.764968
0.763748
0.762524
0.761299
0.760074
0.758849
0.757628
0.75641
0.755198
0.753993
0.752797
0.751612
0.750439
0.749281
0.748139
0.747013
0.745907
0.744822
0.74376
0.742722
0.741711
0.740728
0.739775
0.738853
0.737965
0.73711
0.736291
0.735508
0.734762
0.734055
0.733388
0.732762
0.732179
0.73164
0.731144
0.730693
0.730286
0.729925
0.72961
0.729341
0.72912
0.728944
0.728813
0.728728
0.728689
0.728695
0.728746
0.72884
0.728978
0.729158
0.72938
0.729643
0.729947
0.73029
0.73067
0.731088
0.73154
0.732026
0.732544
0.733092
0.73367
0.734275
0.734907
0.735565
0.736246
0.736949
0.737671
0.738411
0.739168
0.739939
0.740723
0.741517
0.742321
0.743133
0.743951
0.744774
0.7456
0.746428
0.747256
0.748083
0.748908
0.74973
0.750545
0.751353
0.752153
0.752944
0.753727
0.754499
0.75526
0.756008
0.756742
0.757463
0.758168
0.758859
0.759534
0.760194
0.760838
0.761465
0.762076
0.76267
0.763247
0.763808
0.76435
0.764876
0.765384
0.765876
0.766351
0.766812
0.767257
0.767687
0.768101
0.768501
0.768885
0.769255
0.769612
0.769956
0.770288
0.770607
0.770915
0.771212
0.771498
0.771773
0.772038
0.772293
0.772538
0.772773
0.773
0.773217
0.773425
0.773625
0.773817
0.774
0.774174
0.774341
0.774501
0.774651
0.774792
0.774924
0.775047
0.775161
0.775265
0.775357
0.775437
0.775505
0.775561
0.775603
0.775631
0.775643
0.775639
0.775618
0.77558
0.775525
0.77545
0.775355
0.775239
0.775102
0.774942
0.77476
0.774552
0.77432
0.774063
0.77378
0.773468
0.77313
0.772762
0.772365
0.771939
0.771482
0.770993
0.770473
0.769922
0.769338
0.768722
0.768072
0.76739
0.766675
0.765926
0.765145
0.764333
0.76349
0.762615
0.761709
0.760772
0.759807
0.758814
0.757794
0.756748
0.755675
0.754579
0.75346
0.75232
0.75116
0.749983
0.748791
0.747584
0.746364
0.745133
0.743893
0.742648
0.741399
0.74015
0.738902
0.737656
0.736414
0.735179
0.733953
0.732739
0.731537
0.730351
0.729182
0.728033
0.726906
0.725802
0.724724
0.723676
0.722658
0.721671
0.720717
0.719797
0.718912
0.718064
0.717255
0.716485
0.715755
0.715068
0.714425
0.713825
0.713269
0.712757
0.712288
0.711865
0.711487
0.711155
0.710868
0.710626
0.710429
0.710278
0.710171
0.710107
0.710086
0.710108
0.710171
0.710275
0.710419
0.710602
0.710821
0.711078
0.71137
0.711696
0.712055
0.712445
0.712866
0.713316
0.713795
0.714299
0.714827
0.715379
0.715952
0.716545
0.717157
0.717787
0.718431
0.719089
0.719759
0.720439
0.721128
0.721826
0.722532
0.723242
0.723956
0.724671
0.725385
0.726097
0.726805
0.727509
0.728207
0.728896
0.729578
0.730249
0.730908
0.731556
0.73219
0.73281
0.733415
0.734005
0.734578
0.735134
0.735673
0.736194
0.736697
0.737182
0.737647
0.738093
0.73852
0.738927
0.739315
0.739684
0.740034
0.740366
0.740679
0.740973
0.741249
0.741507
0.741749
0.741974
0.742184
0.742379
0.74256
0.742727
0.742882
0.743026
0.743158
0.743278
0.743389
0.743489
0.743582
0.743667
0.743744
0.743814
0.743878
0.743937
0.743991
0.74404
0.744085
0.744128
0.744167
0.744204
0.744239
0.744273
0.744307
0.74434
0.744373
0.744406
0.744438
0.74447
0.744501
0.744533
0.744564
0.744595
0.744626
0.744656
0.744685
0.744712
0.744739
0.744764
0.744787
0.744809
0.744829
0.744846
0.74486
0.744871
0.744879
0.744882
0.744879
0.744871
0.744856
0.744834
0.744805
0.744769
0.744724
0.744671
0.744609
0.744538
0.744457
0.744366
0.744266
0.744154
0.744032
0.743898
0.743751
0.743592
0.74342
0.743236
0.743039
0.742829
0.742606
0.742369
0.74212
0.741859
0.741585
0.741298
0.741
0.740692
0.740372
0.740041
0.739699
0.739348
0.738987
0.738617
0.738241
0.737858
0.737469
0.737075
0.736674
0.73627
0.735863
0.735453
0.735041
0.734629
0.734218
0.733808
0.7334
0.732996
0.732597
0.732204
0.731817
0.731438
0.731068
0.730709
0.730362
0.730028
0.729708
0.729402
0.729113
0.72884
0.728585
0.728348
0.728131
0.727935
0.727761
0.727609
0.727481
0.727377
0.7273
0.727247
0.727221
0.727221
0.727249
0.727303
0.727385
0.727495
0.727632
0.727796
0.727988
0.728209
0.728456
0.72873
0.72903
0.729357
0.72971
0.730087
0.730489
0.730913
0.731359
0.731828
0.732316
0.732824
0.733349
0.73389
0.734447
0.735018
0.735602
0.736198
0.736804
0.737419
0.738043
0.738674
0.73931
0.739951
0.740595
0.741242
0.74189
0.742536
0.743179
0.743819
0.744454
0.745082
0.745703
0.746315
0.746918
0.74751
0.748091
0.74866
0.749216
0.749759
0.750287
0.750803
0.751304
0.751792
0.752265
0.752723
0.753164
0.753589
0.753997
0.754388
0.754761
0.755117
0.755454
0.755773
0.756075
0.75636
0.756626
0.756873
0.757102
0.757313
0.757506
0.757681
0.75784
0.757981
0.758104
0.758209
0.758297
0.758366
0.758418
0.75845
0.758464
0.758461
0.75844
0.758401
0.758345
0.758271
0.75818
0.75807
0.757943
0.757798
0.757637
0.757458
0.757263
0.757051
0.756824
0.756582
0.756325
0.756054
0.755769
0.755472
0.755162
0.754841
0.754508
0.754167
0.753817
0.753458
0.753092
0.752719
0.752341
0.751959
0.751573
0.751184
0.750795
0.750406
0.750018
0.749634
0.749253
0.748877
0.748509
0.748149
0.747799
0.747461
0.747137
0.746828
0.746535
0.746259
0.746002
0.745767
0.745556
0.745369
0.745209
0.745076
0.744971
0.744898
0.744855
0.744846
0.74487
0.74493
0.745028
0.745163
0.745337
0.745552
0.745808
0.746108
0.746452
0.74684
0.747273
0.747752
0.748277
0.748849
0.749469
0.750136
0.750852
0.751616
0.752428
0.753289
0.754198
0.755154
0.756159
0.75721
0.758308
0.759452
0.760641
0.761873
0.763149
0.764467
0.765827
0.767226
0.768662
0.770135
0.771642
0.773184
0.774757
0.776358
0.777986
0.779637
0.78131
0.783002
0.78471
0.78643
0.788161
0.789899
0.791644
0.793391
0.795137
0.796878
0.798613
0.800338
0.80205
0.803746
0.805423
0.807079
0.808711
0.810315
0.811888
0.813429
0.814934
0.8164
0.817824
0.819202
0.820535
0.821819
0.823052
0.824232
0.825356
0.826422
0.827428
0.828372
0.829253
0.830069
0.830819
0.831503
0.83212
0.832668
0.833148
0.833557
0.833897
0.834167
0.834366
0.834493
0.834551
0.834538
0.834455
0.834301
0.834078
0.833786
0.833426
0.833
0.832508
0.831952
0.831333
0.830652
0.829912
0.829114
0.82826
0.827351
0.826389
0.825376
0.824313
0.823203
0.822047
0.820848
0.819606
0.818324
0.817002
0.815644
0.814252
0.812828
0.811373
0.80989
0.808379
0.806842
0.805282
0.803699
0.802095
0.800473
0.798835
0.797181
0.795512
0.793831
0.792139
0.790438
0.788728
0.787012
0.785292
0.783567
0.78184
0.780112
0.778385
0.776661
0.774939
0.773224
0.771515
0.769813
0.76812
0.766437
0.764765
0.763106
0.761461
0.759831
0.758217
0.756621
0.755044
0.753486
0.75195
0.750437
0.748948
0.747485
0.746047
0.744637
0.743254
0.741901
0.740578
0.739286
0.738028
0.736802
0.735611
0.734454
0.733334
0.732248
0.731198
0.730184
0.729206
0.728266
0.727362
0.726495
0.725665
0.724873
0.724118
0.7234
0.722719
0.722073
0.721464
0.72089
0.720352
0.719848
0.719377
0.718938
0.718532
0.718157
0.717815
0.717503
0.717222
0.71697
0.716746
0.716551
0.716383
0.716243
0.716128
0.716039
0.715977
0.71594
0.715928
0.715942
0.715981
0.716045
0.716135
0.716251
0.716394
0.716562
0.716757
0.716978
0.717227
0.717504
0.717809
0.718143
0.718506
0.718899
0.719323
0.719777
0.720263
0.720781
0.721331
0.721913
0.722528
0.723177
0.723859
0.724575
0.725326
0.726111
0.726932
0.727787
0.728676
0.729599
0.730555
0.731545
0.732567
0.73362
0.734703
0.735817
0.73696
0.738132
0.739331
0.740556
0.741808
0.743084
0.744384
0.745706
0.74705
0.748415
0.749798
0.7512
0.752618
0.754052
0.7555
0.75696
0.758432
0.759913
0.761402
0.762897
0.764397
0.765901
0.767406
0.768913
0.77042
0.771925
0.773427
0.774926
0.776419
0.777905
0.779383
0.780851
0.782308
0.783752
0.785183
0.786598
0.787997
0.789379
0.790742
0.792084
0.793404
0.794702
0.795975
0.797222
0.798443
0.799637
0.800802
0.801936
0.803037
0.804105
0.805138
0.806134
0.807091
0.808008
0.808884
0.809719
0.810509
0.811254
0.811952
0.812605
0.813209
0.813762
0.814265
0.814717
0.815116
0.815461
0.815752
0.815987
0.816166
0.816288
0.816352
0.81636
0.81631
0.816201
0.816033
0.815807
0.815521
0.815176
0.814771
0.814307
0.813783
0.813201
0.812561
0.811864
0.81111
0.810301
0.809437
0.808516
0.807541
0.806512
0.805431
0.804298
0.803114
0.801882
0.800601
0.799275
0.797905
0.79649
0.795034
0.793536
0.791999
0.790426
0.788818
0.787177
0.785503
0.783798
0.782065
0.780305
0.77852
0.776712
0.774885
0.773039
0.771176
0.769298
0.767409
0.765509
0.7636
0.761685
0.759766
0.757845
0.755924
0.754003
0.752086
0.750173
0.748266
0.746367
0.744478
0.742599
0.740733
0.738881
0.737045
0.735225
0.733424
0.731642
0.729881
0.728143
0.726428
0.724738
0.723074
0.721437
0.719828
0.718248
0.716699
0.715181
0.713694
0.71224
0.710819
0.709432
0.708079
0.706761
0.70548
0.704236
0.70303
0.701862
0.700734
0.699644
0.698593
0.697582
0.696612
0.695684
0.694798
0.693953
0.69315
0.692389
0.691672
0.690999
0.690368
0.68978
0.689236
0.688736
0.688282
0.687872
0.687508
0.687191
0.68692
0.686695
0.686516
0.686385
0.686301
0.686264
0.686274
0.68633
0.686434
0.686583
0.68678
0.687024
0.687316
0.687655
0.68804
0.688471
0.688948
0.689471
0.690038
0.690651
0.691307
0.692007
0.692749
0.693534
0.694359
0.695226
0.696132
0.697077
0.69806
0.69908
0.700135
0.701225
0.702348
0.703503
0.704689
0.705904
0.707147
0.708416
0.709709
0.711024
0.712361
0.713718
0.715093
0.716482
0.717886
0.7193
0.720724
0.722155
0.723593
0.725034
0.726477
0.727919
0.729358
0.730791
0.732218
0.733635
0.735041
0.736434
0.737812
0.739173
0.740516
0.741838
0.743137
0.744412
0.74566
0.746878
0.748065
0.749219
0.750339
0.751423
0.752468
0.753474
0.754438
0.75536
0.756238
0.75707
0.757855
0.758593
0.759283
0.759923
0.760512
0.76105
0.761535
0.761968
0.762348
0.762675
0.762948
0.763168
0.763334
0.763447
0.763506
0.763512
0.763464
0.763364
0.763212
0.763009
0.762757
0.762455
0.762105
0.761708
0.761264
0.760775
0.760244
0.759671
0.759057
0.758405
0.757715
0.75699
0.756231
0.755442
0.754623
0.753777
0.752906
0.752012
0.751098
0.750165
0.749216
0.748253
0.747278
0.746293
0.745301
0.744303
0.743302
0.742301
0.741302
0.740305
0.739313
0.738328
0.737353
0.73639
0.735441
0.734506
0.733587
0.732684
0.731801
0.730937
0.730094
0.729273
0.728474
0.7277
0.72695
0.726227
0.72553
0.72486
0.724219
0.723605
0.723019
0.722461
0.721931
0.721429
0.720957
0.720514
0.7201
0.719715
0.719358
0.719029
0.718728
0.718455
0.718211
0.717993
0.717802
0.717639
0.717504
0.717395
0.717311
0.717251
0.717216
0.717206
0.71722
0.717258
0.71732
0.717407
0.717518
0.717651
0.717806
0.717983
0.718182
0.718403
0.718647
0.718913
0.719201
0.719509
0.719837
0.720185
0.720553
0.720942
0.721351
0.72178
0.722227
0.722693
0.723178
0.723682
0.724204
0.724743
0.7253
0.725875
0.726467
0.727075
0.7277
0.72834
0.728995
0.729666
0.730351
0.731051
0.731763
0.732487
0.733221
0.733967
0.734721
0.735485
0.736257
0.737037
0.737824
0.738617
0.739416
0.740221
0.74103
0.741842
0.742657
0.743474
0.744293
0.745113
0.745932
0.746751
0.747568
0.748383
0.749194
0.750002
0.750804
0.751601
0.752392
0.753177
0.753955
0.754725
0.755487
0.756239
0.75698
0.757711
0.75843
0.759136
0.75983
0.76051
0.761176
0.761826
0.762462
0.763083
0.8
0.80026
0.800812
0.801336
0.80183
0.802295
0.802729
0.803134
0.803507
0.80385
0.804161
0.80444
0.804687
0.804902
0.805085
0.805236
0.805354
0.805441
0.805496
0.805518
0.805508
0.805466
0.805392
0.805288
0.805153
0.804988
0.804793
0.804569
0.804319
0.80404
0.803735
0.803404
0.803048
0.802668
0.802266
0.801843
0.801401
0.80094
0.800461
0.799967
0.799458
0.798937
0.798404
0.79786
0.797308
0.796748
0.796184
0.795618
0.79505
0.794483
0.793917
0.793354
0.792795
0.792242
0.791695
0.791158
0.790631
0.790116
0.789614
0.789126
0.788653
0.788198
0.787761
0.787343
0.786945
0.786568
0.786213
0.78588
0.78557
0.785284
0.785022
0.784784
0.784572
0.784385
0.784224
0.784087
0.783975
0.783888
0.783827
0.783792
0.78378
0.783794
0.783832
0.783893
0.783977
0.784083
0.78421
0.784356
0.78452
0.784703
0.784904
0.78512
0.785351
0.785596
0.785854
0.786123
0.786402
0.78669
0.786988
0.787293
0.787603
0.787917
0.788234
0.788551
0.78887
0.789188
0.789503
0.789814
0.790121
0.790423
0.790717
0.791004
0.791282
0.79155
0.791807
0.792052
0.792284
0.792502
0.792707
0.792897
0.793071
0.793231
0.793373
0.7935
0.793611
0.793705
0.793783
0.793846
0.793893
0.793926
0.793942
0.793944
0.793931
0.793904
0.793865
0.793812
0.793747
0.793671
0.793586
0.79349
0.793387
0.793279
0.793166
0.793049
0.792928
0.792804
0.792681
0.792557
0.792433
0.792311
0.792192
0.792079
0.791971
0.791869
0.791773
0.791685
0.791605
0.791533
0.791471
0.791419
0.791378
0.791349
0.79133
0.791323
0.791326
0.791341
0.791365
0.7914
0.791445
0.7915
0.791565
0.791637
0.791716
0.791802
0.791894
0.791992
0.792093
0.792197
0.792302
0.792408
0.792513
0.792615
0.792714
0.792807
0.792894
0.792974
0.793045
0.793107
0.793159
0.793198
0.793224
0.793236
0.793232
0.793212
0.793176
0.793121
0.793047
0.792955
0.792844
0.792714
0.792565
0.792396
0.792207
0.791997
0.791767
0.791516
0.791246
0.790955
0.790643
0.790311
0.789958
0.789586
0.789194
0.788782
0.788352
0.787904
0.787438
0.786955
0.786455
0.785938
0.785405
0.784856
0.784292
0.783712
0.783119
0.782511
0.78189
0.781255
0.780607
0.779946
0.779273
0.778587
0.777889
0.77718
0.776461
0.77573
0.774989
0.774237
0.773475
0.772702
0.771919
0.771126
0.770324
0.769513
0.768693
0.767864
0.767026
0.766181
0.765328
0.764468
0.763602
0.762729
0.761851
0.760968
0.760079
0.759186
0.75829
0.75739
0.756489
0.755587
0.754685
0.753784
0.752883
0.751985
0.751091
0.750203
0.749319
0.748442
0.747572
0.746712
0.745861
0.74502
0.744192
0.743377
0.742575
0.741789
0.741019
0.740267
0.739534
0.738822
0.738131
0.737463
0.736818
0.736196
0.735601
0.735032
0.734492
0.73398
0.733497
0.733044
0.73262
0.732228
0.731866
0.731536
0.731239
0.730973
0.730742
0.730543
0.730377
0.730244
0.730143
0.730075
0.730038
0.730033
0.730059
0.730116
0.730202
0.730316
0.730459
0.730628
0.730823
0.731042
0.731284
0.731548
0.731833
0.732138
0.732461
0.732801
0.733157
0.733526
0.733906
0.734297
0.734694
0.735097
0.735503
0.735911
0.736319
0.736724
0.737126
0.737522
0.737911
0.738291
0.73866
0.739018
0.739362
0.739689
0.74
0.740291
0.740562
0.74081
0.741035
0.741237
0.741414
0.741565
0.741689
0.741785
0.741852
0.74189
0.741897
0.741874
0.741822
0.741739
0.741626
0.741482
0.741308
0.741104
0.740869
0.740604
0.74031
0.739988
0.739639
0.739265
0.738866
0.738442
0.737996
0.737528
0.737042
0.736538
0.736016
0.73548
0.73493
0.734369
0.733799
0.733224
0.732643
0.73206
0.731477
0.730896
0.73032
0.729751
0.729191
0.728642
0.728106
0.727588
0.727089
0.72661
0.726154
0.725724
0.725322
0.72495
0.724612
0.724309
0.724043
0.723817
0.723632
0.723491
0.723395
0.72335
0.723355
0.723413
0.723526
0.723695
0.723923
0.72421
0.724558
0.724968
0.725443
0.725984
0.72659
0.727264
0.728005
0.728816
0.729697
0.730647
0.731669
0.732762
0.733926
0.735162
0.736471
0.737852
0.739305
0.740829
0.742424
0.744089
0.745824
0.747627
0.749497
0.751433
0.753434
0.755498
0.757624
0.75981
0.762052
0.764349
0.7667
0.769102
0.771553
0.774047
0.776584
0.779159
0.78177
0.784414
0.787088
0.789788
0.792512
0.795254
0.79801
0.800778
0.803553
0.80633
0.809105
0.811875
0.814635
0.817382
0.820113
0.822824
0.82551
0.828166
0.83079
0.833375
0.835919
0.838418
0.84087
0.843268
0.845609
0.847889
0.850106
0.852256
0.854337
0.856345
0.858277
0.86013
0.861903
0.863591
0.865195
0.866711
0.868137
0.869473
0.870716
0.871864
0.872916
0.873871
0.874728
0.875486
0.876144
0.876704
0.877164
0.877525
0.877786
0.877948
0.878012
0.877977
0.877846
0.87762
0.8773
0.876886
0.876382
0.875789
0.875108
0.87434
0.873487
0.872551
0.871536
0.870442
0.869272
0.868028
0.866715
0.865334
0.863888
0.86238
0.860813
0.85919
0.857512
0.855784
0.854006
0.852183
0.850316
0.848411
0.846469
0.844495
0.84249
0.840458
0.838404
0.836329
0.834238
0.832133
0.830015
0.82789
0.825758
0.823623
0.821488
0.819357
0.817231
0.815114
0.813007
0.810914
0.808836
0.806778
0.804741
0.80273
0.800745
0.798788
0.79686
0.794965
0.793104
0.791279
0.789491
0.787741
0.786032
0.784365
0.78274
0.781158
0.779621
0.77813
0.776684
0.775284
0.773932
0.772626
0.771368
0.770157
0.768993
0.767875
0.766803
0.765778
0.764797
0.763861
0.762967
0.762116
0.761306
0.760536
0.759805
0.759111
0.758452
0.757828
0.757236
0.756676
0.756147
0.755645
0.75517
0.75472
0.754292
0.753887
0.753501
0.753134
0.752784
0.75245
0.75213
0.751824
0.751528
0.751243
0.750969
0.750702
0.750442
0.750186
0.749936
0.749689
0.749445
0.749202
0.748961
0.748721
0.748481
0.748242
0.748004
0.747767
0.747529
0.747291
0.747054
0.74682
0.746587
0.746356
0.746126
0.745899
0.745676
0.745457
0.745243
0.745035
0.744835
0.744643
0.74446
0.744287
0.744124
0.743974
0.743837
0.743714
0.743607
0.743516
0.743444
0.743391
0.743359
0.743347
0.743359
0.743394
0.743454
0.743542
0.743657
0.7438
0.743973
0.744176
0.744411
0.744679
0.744981
0.745318
0.745689
0.746095
0.746538
0.747018
0.747536
0.748091
0.748685
0.749318
0.749991
0.750704
0.751458
0.752252
0.753088
0.753965
0.754882
0.755839
0.756837
0.757874
0.75895
0.760064
0.761216
0.762405
0.763631
0.764893
0.766189
0.767518
0.76888
0.770273
0.771695
0.773144
0.77462
0.776121
0.777645
0.77919
0.780755
0.782337
0.783935
0.785547
0.78717
0.788801
0.790438
0.79208
0.793724
0.795367
0.797007
0.798641
0.800267
0.801882
0.803485
0.805071
0.806639
0.808186
0.809708
0.811203
0.812668
0.814102
0.815501
0.816862
0.818184
0.819463
0.820697
0.821882
0.823017
0.824099
0.825126
0.826097
0.82701
0.827862
0.828652
0.829379
0.830041
0.830636
0.831163
0.83162
0.832006
0.832321
0.832563
0.832732
0.832827
0.832847
0.832794
0.832665
0.832462
0.832185
0.831835
0.831413
0.830917
0.83035
0.829713
0.829007
0.828233
0.827393
0.826489
0.825522
0.824495
0.823409
0.822267
0.821073
0.819829
0.818537
0.8172
0.815821
0.814403
0.812951
0.811466
0.809953
0.808415
0.806856
0.805279
0.803688
0.802086
0.800477
0.798865
0.797255
0.79565
0.794054
0.792468
0.790896
0.789344
0.787814
0.786308
0.78483
0.783381
0.781966
0.780588
0.779248
0.77795
0.776696
0.775488
0.774327
0.773217
0.772157
0.771151
0.770199
0.769301
0.76846
0.767675
0.766948
0.766278
0.765665
0.76511
0.76461
0.764166
0.763778
0.763445
0.763167
0.76294
0.762765
0.76264
0.762562
0.76253
0.762543
0.762599
0.762696
0.762832
0.763005
0.763213
0.763453
0.763722
0.764019
0.76434
0.764683
0.765045
0.765422
0.765814
0.766218
0.766632
0.767052
0.767476
0.767901
0.768324
0.768743
0.769156
0.769561
0.769955
0.770336
0.770704
0.771054
0.771386
0.771698
0.771989
0.772256
0.772499
0.772716
0.772906
0.773067
0.773198
0.773299
0.77337
0.773409
0.773416
0.773391
0.773332
0.77324
0.773114
0.772956
0.772763
0.772538
0.772279
0.771989
0.771668
0.771317
0.770935
0.770525
0.770087
0.769621
0.769131
0.768618
0.768081
0.767524
0.766947
0.766354
0.765743
0.765116
0.764476
0.763822
0.763158
0.762485
0.761803
0.761117
0.760427
0.759735
0.759042
0.75835
0.75766
0.756974
0.756293
0.755617
0.754948
0.754288
0.753638
0.752999
0.752372
0.751759
0.75116
0.750574
0.750002
0.749443
0.748899
0.74837
0.747855
0.747355
0.74687
0.746399
0.745942
0.745499
0.745069
0.744654
0.744251
0.743861
0.743482
0.743113
0.742752
0.742401
0.742059
0.741723
0.741394
0.741069
0.740748
0.740429
0.740113
0.739798
0.739483
0.739167
0.738849
0.738528
0.738203
0.737874
0.73754
0.737201
0.736853
0.736497
0.736132
0.735759
0.735375
0.73498
0.734574
0.734157
0.733729
0.733287
0.732834
0.732369
0.731891
0.731401
0.730898
0.730382
0.729854
0.729315
0.728766
0.728205
0.727635
0.727054
0.726464
0.725865
0.725257
0.724643
0.724021
0.723392
0.722757
0.722118
0.721474
0.720827
0.720179
0.71953
0.718881
0.718233
0.717588
0.716945
0.716307
0.715674
0.715047
0.714429
0.71382
0.713223
0.712638
0.712068
0.711511
0.710972
0.71045
0.709948
0.709467
0.709008
0.708572
0.708161
0.707778
0.707423
0.707099
0.706807
0.70655
0.706328
0.706144
0.706001
0.7059
0.705844
0.705835
0.705875
0.705965
0.706107
0.706303
0.706556
0.706868
0.70724
0.707674
0.708172
0.708736
0.709366
0.710064
0.710833
0.711674
0.712587
0.713573
0.714632
0.715766
0.716974
0.718256
0.719611
0.721039
0.722539
0.72411
0.725752
0.727462
0.729239
0.731081
0.732986
0.734952
0.736977
0.739058
0.741192
0.743377
0.745609
0.747885
0.750202
0.752557
0.754946
0.757363
0.759806
0.762272
0.764756
0.767254
0.769764
0.77228
0.774801
0.777323
0.779843
0.782356
0.784862
0.787354
0.789831
0.792289
0.794725
0.797136
0.799522
0.801877
0.804201
0.80649
0.808744
0.810959
0.813133
0.815265
0.817351
0.819392
0.821384
0.823327
0.82522
0.82706
0.828846
0.830576
0.83225
0.833867
0.835425
0.836922
0.838359
0.839733
0.841045
0.842292
0.843474
0.84459
0.84564
0.846623
0.847539
0.848386
0.849164
0.849874
0.850514
0.851084
0.851584
0.852015
0.852376
0.852666
0.852885
0.853034
0.853113
0.853122
0.853063
0.852935
0.852739
0.852476
0.852147
0.851752
0.851293
0.850772
0.850188
0.849544
0.848842
0.848082
0.847268
0.846401
0.845484
0.844517
0.843504
0.842446
0.841344
0.840202
0.839021
0.837804
0.836553
0.835272
0.833963
0.832629
0.831272
0.829893
0.828495
0.827081
0.825656
0.82422
0.822775
0.821324
0.81987
0.818416
0.816962
0.815512
0.814069
0.812634
0.811209
0.809798
0.808401
0.807019
0.805654
0.804309
0.802986
0.801684
0.800408
0.799157
0.797932
0.796734
0.795563
0.794421
0.79331
0.792229
0.79118
0.790161
0.789174
0.788219
0.787296
0.786403
0.785542
0.784711
0.783912
0.783142
0.782402
0.781691
0.781008
0.780354
0.779727
0.779128
0.778556
0.77801
0.777489
0.776992
0.776519
0.776069
0.77564
0.77523
0.774841
0.774471
0.77412
0.773788
0.773475
0.77318
0.772901
0.772638
0.772391
0.77216
0.771944
0.771743
0.771557
0.771387
0.771232
0.771091
0.770964
0.770852
0.770754
0.770671
0.770603
0.770551
0.770516
0.770497
0.770492
0.770504
0.77053
0.770572
0.770629
0.770703
0.770793
0.770898
0.771017
0.77115
0.771295
0.771454
0.771625
0.771807
0.771999
0.7722
0.772409
0.772624
0.772845
0.77307
0.773298
0.773528
0.773758
0.773986
0.77421
0.77443
0.774643
0.774848
0.775044
0.775228
0.775398
0.775554
0.775694
0.775817
0.775922
0.776006
0.776068
0.776106
0.77612
0.776108
0.77607
0.776005
0.775915
0.775797
0.775652
0.775477
0.775273
0.775041
0.77478
0.774491
0.774175
0.773832
0.773463
0.773068
0.772648
0.772205
0.771739
0.771253
0.770748
0.770224
0.769685
0.769131
0.768562
0.767982
0.767391
0.766792
0.766186
0.765576
0.764962
0.764346
0.76373
0.763117
0.762507
0.761902
0.761304
0.760714
0.760135
0.759566
0.759009
0.758466
0.757937
0.757423
0.756925
0.756445
0.755983
0.755539
0.755115
0.75471
0.754324
0.753959
0.753613
0.753287
0.752981
0.752694
0.752425
0.752174
0.75194
0.751723
0.751522
0.751336
0.751165
0.751007
0.750863
0.750731
0.750608
0.750495
0.750391
0.750293
0.750203
0.750118
0.750037
0.749959
0.749883
0.749807
0.749731
0.749655
0.749578
0.749499
0.749417
0.749332
0.749241
0.749145
0.749042
0.748931
0.748813
0.748686
0.748551
0.748409
0.748258
0.748097
0.747927
0.747746
0.747556
0.747355
0.747145
0.746925
0.746696
0.746458
0.74621
0.745955
0.745693
0.745425
0.745151
0.744871
0.744586
0.744297
0.744005
0.74371
0.743414
0.743117
0.742822
0.742529
0.74224
0.741957
0.741681
0.741413
0.741155
0.740908
0.740675
0.740455
0.740252
0.740068
0.739904
0.739762
0.739644
0.739551
0.739487
0.739453
0.73945
0.73948
0.739546
0.739649
0.739791
0.739974
0.740198
0.740466
0.74078
0.741141
0.741551
0.742011
0.742521
0.743082
0.743694
0.744358
0.745075
0.745847
0.746673
0.747551
0.748482
0.749465
0.7505
0.751587
0.752724
0.75391
0.755143
0.756423
0.757746
0.759112
0.760517
0.761961
0.763442
0.764957
0.766504
0.768079
0.769681
0.771306
0.772952
0.774616
0.776294
0.777984
0.779684
0.781388
0.783097
0.784806
0.786513
0.788214
0.789907
0.79159
0.793258
0.794911
0.796545
0.798156
0.799744
0.801304
0.802836
0.804337
0.805806
0.807241
0.80864
0.810001
0.811323
0.812603
0.813841
0.815034
0.816182
0.817284
0.818339
0.819345
0.820302
0.821208
0.822063
0.822868
0.823621
0.824323
0.824972
0.825569
0.826112
0.826602
0.827039
0.827422
0.827754
0.828034
0.82826
0.828434
0.828555
0.828623
0.828639
0.828604
0.82852
0.828386
0.828203
0.82797
0.82769
0.827364
0.82699
0.826571
0.826106
0.825596
0.825044
0.82445
0.823813
0.823134
0.822416
0.821658
0.820862
0.820032
0.819165
0.818263
0.817328
0.81636
0.815361
0.814331
0.813272
0.812186
0.811074
0.809937
0.808776
0.807596
0.806394
0.805175
0.803938
0.802685
0.801418
0.800139
0.798849
0.797551
0.796246
0.794936
0.793622
0.792307
0.790992
0.789679
0.788371
0.787069
0.785775
0.784492
0.783221
0.781963
0.780723
0.779501
0.7783
0.777121
0.775965
0.774836
0.773734
0.772664
0.771625
0.770618
0.769646
0.768709
0.76781
0.766948
0.766125
0.765341
0.764597
0.763895
0.763234
0.762618
0.762045
0.761515
0.761028
0.760584
0.760183
0.759825
0.759509
0.759235
0.759002
0.758809
0.758656
0.758542
0.758467
0.75843
0.758429
0.758464
0.758532
0.758633
0.758765
0.758926
0.759116
0.759334
0.759579
0.759848
0.760142
0.760458
0.760795
0.761153
0.76153
0.761924
0.762336
0.762763
0.763206
0.763663
0.764133
0.764615
0.765108
0.765612
0.766125
0.766648
0.767178
0.767714
0.768257
0.768805
0.769359
0.769918
0.770482
0.771048
0.771616
0.772187
0.772758
0.77333
0.773902
0.774473
0.775042
0.775608
0.77617
0.776727
0.777278
0.777823
0.77836
0.77889
0.779411
0.779921
0.780422
0.780911
0.781386
0.781847
0.782291
0.782719
0.783129
0.783521
0.783892
0.784243
0.784572
0.784879
0.785163
0.785423
0.785658
0.785867
0.786049
0.786204
0.786333
0.786434
0.786507
0.786552
0.786569
0.786557
0.786516
0.786447
0.786348
0.786221
0.786065
0.785881
0.78567
0.785432
0.785169
0.784879
0.784566
0.784228
0.783868
0.783486
0.783084
0.782663
0.782225
0.78177
0.781301
0.780818
0.780322
0.779815
0.779299
0.778774
0.778242
0.777704
0.777164
0.776624
0.776084
0.775547
0.775014
0.774486
0.773964
0.773451
0.772948
0.772456
0.771976
0.771511
0.771062
0.77063
0.770216
0.76982
0.769444
0.769089
0.768757
0.76845
0.768167
0.76791
0.767678
0.767474
0.767296
0.767148
0.767028
0.766936
0.766874
0.766842
0.76684
0.766868
0.766926
0.767016
0.767136
0.767288
0.76747
0.767682
0.767924
0.768196
0.768497
0.768827
0.769186
0.769572
0.769986
0.770426
0.770893
0.771386
0.771906
0.77245
0.773018
0.77361
0.774224
0.77486
0.775516
0.776193
0.776889
0.777602
0.778332
0.779079
0.77984
0.780614
0.7814
0.782199
0.783008
0.783826
0.784652
0.785485
0.786323
0.787166
0.788013
0.788862
0.789713
0.790563
0.79141
0.792255
0.793095
0.79393
0.794759
0.795579
0.796389
0.797187
0.797973
0.798746
0.799504
0.800246
0.800971
0.801677
0.802363
0.803029
0.803673
0.804294
0.804892
0.805463
0.806008
0.806525
0.807014
0.807473
0.807901
0.808299
0.808666
0.808999
0.8093
0.809568
0.809802
0.810001
0.810166
0.810297
0.810393
0.810456
0.810484
0.810479
0.810439
0.810367
0.810263
0.810126
0.809959
0.809761
0.809534
0.809279
0.808994
0.808683
0.808344
0.80798
0.807593
0.807182
0.806749
0.806294
0.805817
0.805322
0.804807
0.804275
0.803727
0.803162
0.802583
0.80199
0.801384
0.800765
0.800134
0.799492
0.79884
0.798176
0.797502
0.796819
0.796127
0.795427
0.794718
0.794002
0.793278
0.792546
0.791806
0.791059
0.790305
0.789543
0.788773
0.787997
0.787214
0.786423
0.785625
0.784819
0.784006
0.783186
0.782359
0.781524
0.780681
0.77983
0.778972
0.778105
0.77723
0.776348
0.775458
0.774562
0.773658
0.772749
0.771834
0.770915
0.769991
0.769065
0.768137
0.767207
0.766275
0.765344
0.764412
0.763481
0.762551
0.761625
0.760703
0.759787
0.758876
0.757974
0.75708
0.756196
0.755324
0.754465
0.753621
0.752792
0.751982
0.751191
0.750421
0.749674
0.74895
0.748251
0.747579
0.746935
0.74632
0.745734
0.745179
0.744657
0.744168
0.743713
0.743293
0.742908
0.742559
0.742248
0.741974
0.741738
0.741541
0.741382
0.741262
0.74118
0.741136
0.741131
0.741163
0.741234
0.741343
0.741488
0.74167
0.741887
0.742139
0.742425
0.742744
0.743097
0.743481
0.743896
0.744341
0.744814
0.745314
0.745842
0.746395
0.746973
0.747573
0.748196
0.748839
0.749502
0.750183
0.750882
0.751597
0.752326
0.75307
0.753826
0.754594
0.755372
0.75616
0.756956
0.757761
0.758574
0.759392
0.760214
0.76104
0.761868
0.762698
0.763529
0.76436
0.76519
0.76602
0.766847
0.767672
0.768493
0.769312
0.770128
0.770938
0.771744
0.772545
0.773342
0.774133
0.77492
0.775701
0.776474
0.77724
0.777998
0.778749
0.779491
0.780226
0.780952
0.781668
0.782375
0.783072
0.783758
0.784434
0.785098
0.78575
0.786389
0.787015
0.787627
0.788226
0.78881
0.78938
0.789934
0.790473
0.790995
0.7915
0.791987
0.792456
0.792907
0.793339
0.793751
0.794141
0.794509
0.794854
0.795175
0.795472
0.795744
0.79599
0.79621
0.796404
0.79657
0.796707
0.796815
0.796892
0.796937
0.79695
0.796931
0.796878
0.796792
0.796672
0.796517
0.796327
0.796102
0.795841
0.795543
0.795209
0.794837
0.794427
0.793978
0.793492
0.792966
0.792401
0.791798
0.791155
0.790473
0.789753
0.788993
0.788194
0.787356
0.78648
0.785564
0.78461
0.783616
0.782586
0.781518
0.780412
0.77927
0.778093
0.776882
0.775636
0.774357
0.773045
0.771702
0.770329
0.768928
0.767498
0.766041
0.764559
0.763052
0.761523
0.759974
0.758406
0.756821
0.75522
0.753607
0.751985
0.750353
0.748715
0.747073
0.74543
0.743787
0.742147
0.740513
0.738887
