1 1.4085 1.4084965 0
2 1.40844 1.4084707 2.5817749e-05
3 1.40837 1.4084367 3.7102199e-05
4 1.40835 1.4084139 3.4804643e-05
5 1.40833 1.4083974 3.1614144e-05
6 1.40833 1.4083866 2.7950703e-05
7 1.40839 1.4083875 2.3638252e-05
8 1.40844 1.4083946 2.1674867e-05
9 1.4085 1.4084059 2.2182332e-05
10 1.40844 1.4084096 2.0189932e-05
11 1.40844 1.4084122 1.8440111e-05
12 1.40847 1.408417 1.7520842e-05
13 1.40848 1.4084222 1.6933203e-05
14 1.40841 1.4084216 1.5687739e-05
15 1.40839 1.4084194 1.4773631e-05
16 1.40838 1.4084171 1.4008999e-05
17 1.40843 1.4084177 1.3171376e-05
18 1.40851 1.408423 1.3513442e-05
19 1.40856 1.4084302 1.4664275e-05
20 1.40853 1.4084354 1.486021e-05
21 1.40841 1.4084343 1.4181777e-05
22 1.40835 1.4084302 1.4113509e-05
23 1.40835 1.4084269 1.3899809e-05
24 1.40838 1.408425 1.3439755e-05
25 1.40844 1.4084257 1.290974e-05
26 1.4085 1.4084286 1.2730945e-05
27 1.40858 1.4084341 1.3431117e-05
28 1.40861 1.4084403 1.4377179e-05
29 1.40861 1.4084462 1.5058076e-05
30 1.40864 1.4084525 1.5880878e-05
31 1.40867 1.4084597 1.6939044e-05
32 1.40865 1.4084657 1.7457157e-05
33 1.40864 1.4084709 1.7697369e-05
34 1.40861 1.408475 1.765138e-05
35 1.40856 1.4084775 1.732945e-05
36 1.40857 1.4084801 1.7043764e-05
37 1.40853 1.4084816 1.6640596e-05
38 1.40853 1.4084828 1.6239295e-05
39 1.40858 1.4084852 1.6001876e-05
40 1.40861 1.4084882 1.5883492e-05
41 1.40866 1.4084923 1.6032398e-05
42 1.40863 1.4084957 1.6002397e-05
43 1.40862 1.4084985 1.5874332e-05
44 1.40863 1.4085015 1.5810006e-05
45 1.40862 1.4085042 1.5686594e-05
46 1.40864 1.4085071 1.5604014e-05
47 1.40856 1.4085081 1.5304868e-05
48 1.40857 1.4085094 1.5033868e-05
49 1.40856 1.4085104 1.4761358e-05
50 1.40854 1.4085109 1.4472271e-05
51 1.40852 1.4085111 1.4186279e-05
52 1.4085 1.4085108 1.3914197e-05
53 1.40852 1.4085109 1.3649395e-05
54 1.40856 1.4085118 1.3426422e-05
55 1.40859 1.4085131 1.3249242e-05
56 1.40855 1.4085138 1.3027762e-05
57 1.40857 1.4085148 1.2835054e-05
58 1.4085 1.4085145 1.2614382e-05
59 1.40842 1.4085129 1.2504244e-05
60 1.40843 1.4085115 1.2369729e-05
61 1.40846 1.4085107 1.2193603e-05
62 1.40847 1.40851 1.2015806e-05
63 1.40847 1.4085094 1.1839325e-05
64 1.40852 1.4085096 1.1654823e-05
65 1.40854 1.40851 1.1481146e-05
66 1.40854 1.4085104 1.1313994e-05
67 1.40857 1.4085113 1.1177642e-05
68 1.40857 1.4085122 1.1045778e-05
69 1.40853 1.4085124 1.0887467e-05
70 1.40854 1.4085128 1.0737827e-05
71 1.40853 1.4085131 1.0589656e-05
72 1.40857 1.408514 1.0476476e-05
73 1.40851 1.4085139 1.0332447e-05
74 1.40852 1.4085139 1.019188e-05
75 1.40852 1.408514 1.0055293e-05
76 1.4085 1.4085137 9.9245501e-06
77 1.40843 1.4085127 9.8524074e-06
78 1.4084 1.4085112 9.8338616e-06
79 1.40833 1.4085089 9.9727079e-06
80 1.40831 1.4085065 1.015576e-05
81 1.40824 1.4085031 1.0565617e-05
82 1.40814 1.4084987 1.1319404e-05
83 1.40815 1.4084946 1.1943138e-05
84 1.40819 1.4084909 1.2344811e-05
85 1.40823 1.4084879 1.2570134e-05
86 1.4083 1.4084857 1.2611871e-05
87 1.40833 1.408484 1.2586392e-05
88 1.40838 1.4084828 1.2502428e-05
89 1.4084 1.4084819 1.2392404e-05
90 1.40838 1.4084808 1.2302347e-05
91 1.40838 1.4084797 1.2217615e-05
92 1.4084 1.4084788 1.2116832e-05
93 1.40842 1.4084782 1.2001369e-05
94 1.40839 1.4084772 1.1909594e-05
95 1.40835 1.4084759 1.1858279e-05
96 1.40838 1.4084749 1.1777993e-05
97 1.40848 1.408475 1.1656305e-05
98 1.40852 1.4084754 1.154578e-05
99 1.40855 1.4084762 1.1452629e-05
100 1.40851 1.4084765 1.1342032e-05
