1 1.82442 1.82442 0
2 1.84411 1.83427 0.00984842
3 1.85732 1.84195 0.00955912
4 1.88187 1.85193 0.0120541
5 1.85851 1.85325 0.0094293
6 1.87161 1.85631 0.0082848
7 1.88256 1.86006 0.00794324
8 1.8676 1.861 0.00694331
9 1.84944 1.85972 0.00625671
10 1.86846 1.86059 0.00566412
11 1.82079 1.85697 0.00627238
12 1.83001 1.85473 0.00615081
13 1.89226 1.85761 0.00635212
14 1.91815 1.86194 0.00729933
15 1.92561 1.86618 0.00801207
16 1.91409 1.86918 0.00807062
17 1.82301 1.86646 0.00805284
18 1.8886 1.86769 0.00769128
19 1.92549 1.87073 0.00788557
20 1.90773 1.87258 0.00770628
21 1.89741 1.87376 0.00742488
22 1.87882 1.87399 0.00708307
23 1.85356 1.87311 0.00682619
24 1.83844 1.87166 0.00669332
25 1.86566 1.87142 0.00642449
26 1.86651 1.87123 0.00617534
27 1.85023 1.87045 0.00599292
28 1.80029 1.86795 0.00629522
29 1.85553 1.86752 0.00608934
30 1.91218 1.86901 0.00606827
31 1.91973 1.87064 0.00609305
32 1.86231 1.87038 0.00590531
33 1.84946 1.86975 0.00575857
34 1.85446 1.8693 0.00560471
35 1.78281 1.86683 0.005977
36 1.82512 1.86567 0.00592302
37 1.91292 1.86695 0.00590053
38 1.82756 1.86591 0.00583593
39 1.80215 1.86428 0.00591477
40 1.85381 1.86401 0.00577093
41 1.81288 1.86277 0.00576496
42 1.78421 1.8609 0.00592876
43 1.7614 1.85858 0.00623449
44 1.80122 1.85728 0.00622913
45 1.75583 1.85502 0.00649305
46 1.8129 1.85411 0.00641603
47 1.84441 1.8539 0.00628143
48 1.77686 1.8523 0.0063552
49 1.79922 1.85121 0.00631771
50 1.77966 1.84978 0.00635336
51 1.75985 1.84802 0.0064724
52 1.76986 1.84652 0.00652228
53 1.79223 1.84549 0.00647949
54 1.77819 1.84425 0.00647935
55 1.81563 1.84373 0.0063817
56 1.82762 1.84344 0.0062733
57 1.81912 1.84301 0.00617702
58 1.83386 1.84285 0.00607163
59 1.8116 1.84232 0.0059913
60 1.8005 1.84163 0.00593171
61 1.81597 1.84121 0.0058488
62 1.81714 1.84082 0.00576677
63 1.83631 1.84075 0.00567495
64 1.85682 1.841 0.00559122
65 1.8889 1.84173 0.00555365
66 1.91537 1.84285 0.0055815
67 1.90415 1.84377 0.00557317
68 1.9217 1.84491 0.00560894
69 1.93032 1.84615 0.00566397
70 1.8706 1.8465 0.00559338
71 1.85215 1.84658 0.00551462
72 1.85874 1.84675 0.00544011
73 1.8342 1.84657 0.00536782
74 1.8619 1.84678 0.00529883
75 1.88543 1.8473 0.00525304
76 1.87289 1.84763 0.00519439
77 1.84737 1.84763 0.00512649
78 1.85619 1.84774 0.00506153
79 1.83737 1.84761 0.00499877
80 1.88596 1.84809 0.00495912
81 1.93893 1.84921 0.00502427
82 1.9281 1.85017 0.00505501
83 1.86119 1.8503 0.0049955
84 1.83355 1.85011 0.0049397
85 1.81725 1.84972 0.00489652
86 1.85172 1.84974 0.0048393
87 1.80981 1.84928 0.00480532
88 1.8221 1.84897 0.00476043
89 1.86073 1.84911 0.0047085
90 1.80492 1.84862 0.0046817
91 1.79852 1.84806 0.00466258
92 1.79142 1.84745 0.00465254
93 1.83032 1.84727 0.00460593
94 1.83352 1.84712 0.00455901
95 1.7985 1.84661 0.00453971
96 1.77142 1.84582 0.00455993
97 1.82089 1.84557 0.00452
98 1.85834 1.8457 0.00447554
99 1.84246 1.84566 0.00443022
100 1.84999 1.84571 0.00438591
