1 1.21628 1.21628 0
2 1.22941 1.22284 0.00656561
3 1.23821 1.22797 0.00637275
4 1.25458 1.23462 0.00803603
5 1.23901 1.2355 0.0062862
6 1.24774 1.23754 0.0055232
7 1.25504 1.24004 0.00529549
8 1.24507 1.24067 0.00462887
9 1.23296 1.23981 0.00417114
10 1.24564 1.24039 0.00377608
11 1.21386 1.23798 0.00418159
12 1.22001 1.23648 0.00410054
13 1.26151 1.23841 0.00423475
14 1.27876 1.24129 0.00486622
15 1.28374 1.24412 0.00534138
16 1.27606 1.24612 0.00538041
17 1.21534 1.24431 0.00536856
18 1.25907 1.24513 0.00512752
19 1.28366 1.24715 0.00525705
20 1.27182 1.24839 0.00513752
21 1.26494 1.24918 0.00494992
22 1.25254 1.24933 0.00472204
23 1.2357 1.24874 0.00455079
24 1.22562 1.24777 0.00446221
25 1.24377 1.24761 0.004283
26 1.24434 1.24749 0.00411689
27 1.23349 1.24697 0.00399528
28 1.20019 1.2453 0.00419681
29 1.23702 1.24501 0.00405956
30 1.27478 1.24601 0.00404551
31 1.27982 1.2471 0.00406203
32 1.24154 1.24692 0.00393687
33 1.23297 1.2465 0.00383905
34 1.23631 1.2462 0.00373647
35 1.18854 1.24455 0.00398466
36 1.21675 1.24378 0.00394868
37 1.27528 1.24463 0.00393369
38 1.21838 1.24394 0.00389062
39 1.20143 1.24285 0.00394318
40 1.23587 1.24268 0.00384729
41 1.20858 1.24184 0.0038433
42 1.18948 1.2406 0.00395251
43 1.17427 1.23906 0.00415633
44 1.20081 1.23819 0.00415275
45 1.17056 1.23668 0.0043287
46 1.2086 1.23607 0.00427735
47 1.2296 1.23594 0.00418762
48 1.18457 1.23486 0.0042368
49 1.19948 1.23414 0.00421181
50 1.18644 1.23319 0.00423557
51 1.17323 1.23201 0.00431493
52 1.17991 1.23101 0.00434818
53 1.19482 1.23033 0.00431966
54 1.18546 1.2295 0.00431957
55 1.21042 1.22915 0.00425447
56 1.21841 1.22896 0.0041822
57 1.21275 1.22867 0.00411801
58 1.22258 1.22857 0.00404775
59 1.20773 1.22822 0.0039942
60 1.20033 1.22775 0.00395447
61 1.21064 1.22747 0.0038992
62 1.21143 1.22721 0.00384452
63 1.2242 1.22716 0.0037833
64 1.23788 1.22733 0.00372748
65 1.25927 1.22782 0.00370243
66 1.27691 1.22857 0.003721
67 1.26943 1.22918 0.00371544
68 1.28113 1.22994 0.00373929
69 1.28688 1.23077 0.00377598
70 1.24706 1.231 0.00372892
71 1.23476 1.23105 0.00367641
72 1.23916 1.23116 0.00362674
73 1.2228 1.23105 0.00357855
74 1.24127 1.23119 0.00353256
75 1.25695 1.23153 0.00350203
76 1.24859 1.23176 0.00346293
77 1.23158 1.23175 0.00341766
78 1.23746 1.23183 0.00337435
79 1.22491 1.23174 0.00333251
80 1.25731 1.23206 0.00330608
81 1.29262 1.23281 0.00334952
82 1.2854 1.23345 0.00337001
83 1.24079 1.23354 0.00333033
84 1.22237 1.2334 0.00329313
85 1.2115 1.23315 0.00326435
86 1.23448 1.23316 0.0032262
87 1.20654 1.23286 0.00320355
88 1.21474 1.23265 0.00317362
89 1.24049 1.23274 0.003139
90 1.20328 1.23241 0.00312113
91 1.19901 1.23204 0.00310839
92 1.19428 1.23163 0.0031017
93 1.22021 1.23151 0.00307062
94 1.22234 1.23141 0.00303934
95 1.199 1.23107 0.00302647
96 1.18095 1.23055 0.00303996
97 1.21392 1.23038 0.00301333
98 1.2389 1.23046 0.00298369
99 1.22831 1.23044 0.00295348
100 1.23333 1.23047 0.00292394
