4.50499
5.32546
5.53394
6.00985
6.38406
7.09347
7.13982
7.28261
7.78852
8.2272
8.24003
8.0096
8.00115
7.79471
7.82764
8.26844
8.4316
9.12446
9.27473
10.0942
9.45341
9.75022
9.39868
9.13959
8.85471
9.24675
9.38655
9.34497
9.16928
9.25867
9.3446
9.38619
9.32312
9.0364
8.92918
9.12287
9.01725
9.05728
8.83178
8.40492
8.60984
8.90828
8.98722
8.70155
8.40136
8.53528
8.92988
8.82365
8.91285
9.21566
9.27807
8.95297
9.09829
9.51464
9.12078
8.74191
8.02979
8.43924
8.21798
8.6282
8.31777
8.59352
8.80854
9.18136
9.71855
9.82185
9.80921
9.80098
9.52599
9.62602
9.40837
9.45476
9.31946
8.98279
8.76612
8.96808
8.99725
8.56087
8.30227
8.27183
8.17388
8.2566
8.31133
8.5895
9.10929
9.07178
8.84398
8.88732
8.79349
8.87592
8.85924
9.00837
8.9204
9.06457
9.03449
9.13289
9.47229
9.365
9.47848
9.09248
9.5725
9.74196
9.82009
9.79007
9.48682
9.3332
9.31741
9.50934
9.23417
9.54304
9.42633
8.99348
8.96962
9.23131
9.12882
8.88369
8.67296
9.00049
8.90475
9.13731
9.86453
9.37148
9.52348
9.60309
9.39078
9.01412
8.84812
9.06169
9.17884
8.32309
8.51646
8.85798
8.72534
8.44307
9.09565
9.0524
9.029
9.08495
9.17614
9.45522
9.15525
9.04552
9.26323
9.25445
9.31105
9.50021
9.68857
9.55967
9.25361
9.23882
9.41448
9.3817
9.3052
9.36313
9.06902
9.08273
9.38767
8.96779
9.53007
9.61139
9.18494
9.12879
9.53196
9.28515
9.43201
9.6433
9.88125
9.98915
9.54701
9.65294
9.54789
9.65337
9.35624
9.26042
8.93707
9.26461
9.11748
8.79858
9.07492
9.12022
9.09
8.73378
8.97165
9.25469
8.95732
9.07518
9.35367
9.24532
9.4512
9.38054
9.70023
9.98807
9.56056
8.83624
9.17453
9.12366
9.59991
8.87352
8.87979
9.00546
9.04901
9.33624
9.15828
8.97753
8.80739
9.05196
9.33292
9.67412
9.5851
9.47733
9.03556
9.51002
9.65594
9.97297
10.3535
9.77645
9.36079
9.66366
9.16257
8.71804
8.73129
8.6129
8.69403
8.91802
8.85893
8.93947
8.99578
8.95077
9.18113
9.46358
9.61344
9.4098
9.59285
9.38853
9.21018
9.2399
9.32965
9.79106
10.2687
10.0428
9.76309
9.62002
9.28162
9.40741
9.70025
9.99001
10.3475
9.90755
10.3661
9.92807
10.4476
10.2903
10.0324
9.76567
9.1493
9.20512
9.4756
9.19196
8.64078
8.3461
8.13397
8.10528
8.27016
8.4198
8.81434
9.07829
9.05719
9.2416
9.24364
9.46491
9.93542
9.54005
9.16392
9.1428
9.32945
9.48202
9.31207
9.48807
10.1276
10.337
10.1624
9.80201
10.0571
9.73109
9.30917
9.85278
9.72089
9.89245
10.048
9.82927
9.89779
9.54339
9.53346
9.68534
9.49566
9.88747
9.73689
10.0695
10.0947
9.92458
9.83902
9.8586
9.66576
10.1389
9.9518
9.8199
9.90258
10.7524
11.051
10.9236
11.0066
10.9121
10.4489
10.5253
10.7783
10.2045
9.90734
9.67019
9.67504
9.54717
9.3699
9.52196
9.65927
9.5774
9.47385
9.79549
9.75546
9.63756
9.82826
9.84432
9.52938
9.19141
9.2898
9.32927
9.64576
10.1055
10.2418
10.1675
10.3649
9.99565
9.73624
9.8446
9.38815
9.48261
9.45993
9.43869
9.90013
9.75292
9.05749
9.07504
9.12475
8.90556
9.28293
9.568
9.86809
9.56606
9.86739
9.85206
9.83141
9.64056
9.78516
10.4982
9.86566
9.69745
9.29842
9.37102
10.0616
9.47148
9.42403
9.66454
9.6182
9.64154
9.48467
9.45732
9.73045
9.83607
9.60802
9.8352
9.25552
9.42543
9.22412
9.30227
9.51749
9.31054
9.18938
8.98488
9.3534
9.31313
9.19585
9.374
9.13228
9.32688
9.58061
9.65871
9.91548
9.6869
9.28713
9.24086
8.71506
8.97793
8.95529
9.1084
9.23562
9.06488
8.95154
9.11123
8.96165
9.02225
8.91505
8.77894
8.8716
8.82033
8.94529
8.6951
9.03001
9.1855
9.99991
9.65558
9.4127
9.31987
8.91349
8.30123
8.86343
9.05797
8.88793
8.68808
9.18934
9.15285
9.38907
9.24279
9.29332
9.4741
9.58077
9.80046
9.17403
8.79238
9.23598
9.4109
9.49132
9.31853
9.19004
9.07121
8.61219
8.69278
9.23627
8.9857
9.27939
8.94471
9.15178
8.97818
9.23848
9.13587
9.14409
9.50461
9.62678
9.73069
9.70674
10.1479
9.44815
9.41641
9.78111
9.76908
9.57258
9.23524
9.24989
8.92615
8.86698
9.0385
9.03387
8.9753
9.55972
9.58098
9.72361
9.96226
9.88599
9.8116
9.82967
9.45537
9.36198
9.50455
9.33679
9.00176
8.90365
9.42605
9.26436
9.20089
9.6238
9.20143
9.39577
9.85459
9.36572
9.53211
9.53189
9.33508
9.29603
9.50106
8.87788
9.11007
8.9725
8.9042
