-6.18703
-6.04764
-5.9351
-5.92736
-5.82439
-5.7533
-5.68432
-5.58409
-5.51963
-5.55343
-5.53683
-5.62203
-5.62877
-5.55548
-5.52197
-5.43832
-5.44009
-5.35647
-5.36074
-5.20498
-5.29358
-5.30472
-5.42849
-5.45432
-5.55047
-5.45071
-5.46393
-5.46466
-5.4969
-5.4596
-5.42898
-5.44538
-5.44682
-5.41741
-5.43224
-5.37076
-5.32819
-5.29039
-5.34642
-5.3561
-5.36612
-5.30409
-5.34988
-5.35587
-5.35504
-5.38183
-5.40111
-5.42354
-5.46187
-5.4187
-5.40246
-5.40543
-5.37061
-5.36685
-5.34028
-5.42063
-5.45723
-5.50043
-5.48628
-5.43049
-5.42345
-5.27686
-5.27116
-5.31055
-5.30107
-5.37804
-5.34397
-5.33409
-5.3352
-5.23605
-5.24204
-5.1892
-5.23452
-5.24034
-5.24056
-5.24665
-5.32535
-5.39892
-5.3957
-5.39386
-5.37694
-5.38543
-5.44648
-5.36184
-5.25941
-5.35236
-5.38672
-5.39419
-5.33253
-5.33378
-5.21135
-5.20732
-5.28302
-5.3431
-5.34982
-5.34935
-5.23663
-5.31598
-5.22779
-5.25262
-5.17243
-5.15725
-5.18364
-5.25664
-5.25329
-5.2306
-5.21035
-5.18899
-5.2338
-5.22795
-5.23297
-5.28366
-5.26329
-5.20793
-5.2728
-5.38036
-5.38249
-5.33064
-5.30738
-5.34722
-5.24125
-5.20523
-5.16727
-5.1577
-5.0898
-5.14418
-5.23612
-5.13968
-5.12719
-5.20086
-5.17739
-5.11435
-5.1339
-5.2709
-5.24076
-5.27342
-5.27627
-5.23145
-5.24265
-5.21299
-5.2162
-5.23656
-5.23428
-5.25841
-5.24226
-5.23865
-5.2082
-5.24639
-5.25308
-5.27627
-5.23514
-5.24069
-5.16566
-5.06608
-5.08299
-5.13407
-5.19013
-5.18894
-5.11455
-5.03557
-5.20179
-5.21704
-5.19519
-5.24694
-5.21314
-5.18293
-5.13976
-5.12892
-5.1595
-5.09392
-5.22229
-5.1826
-5.23998
-5.17176
-5.18053
-5.15599
-5.18027
-5.15142
-5.1676
-5.08446
-5.03339
-5.02569
-4.95324
-4.91224
-5.07664
-4.94861
-4.9131
-4.99597
-5.07748
-5.04487
-5.03373
-5.05023
-5.11168
-5.16194
-5.00506
-5.01568
-4.93127
-5.05934
-5.08544
-5.05744
-5.13524
-5.1166
-5.13042
-5.09839
-5.14337
-5.17602
-5.19556
-5.15761
-5.14366
-5.11889
-5.20828
-5.15735
-5.10206
-5.01629
-5.01985
-5.03591
-5.06459
-5.02342
-5.08556
-5.18789
-5.1493
-5.20063
-5.16113
-5.17034
-5.15484
-5.10651
-5.13212
-5.00254
-5.00842
-5.00557
-5.013
-4.931
-4.93347
-4.91242
-4.8904
-5.00109
-4.9615
-4.81526
-4.71862
-4.72544
-4.79201
-4.92266
-5.05371
-5.06741
-5.00144
-4.98436
-5.11539
-5.22263
-5.11357
-5.14856
-5.01901
-5.00699
-4.97848
-5.0554
-5.14018
-5.13631
-5.0749
-4.99962
-5.10262
-5.20229
-5.17202
-5.21798
-5.14746
-5.01162
-5.07758
-4.99817
-5.05658
-5.00125
-5.05975
-5.07338
-5.06101
-5.05421
-4.98919
-5.03468
-5.05117
-5.04714
-5.05429
-5.03146
-4.96217
-5.00063
-5.03515
-4.98055
-4.96316
-5.1112
-5.16576
-5.1759
-5.14329
-5.06485
-5.09522
-5.19318
-5.08418
-5.12305
-5.00604
-5.04898
-5.0244
-5.10673
-5.05911
-5.07584
-5.08938
-5.11879
-5.0343
-5.06673
-5.14681
-5.02765
-5.0725
-5.19245
-5.13884
-5.06086
-5.01285
-4.97193
-4.92822
-4.9762
-5.10103
-5.05291
-5.0355
-5.10774
-5.14441
-5.17962
-5.18167
-5.13987
-4.99194
-5.05062
-4.89969
-4.95143
-4.98842
-4.98089
-4.96924
-5.02499
-5.03794
-5.00472
-5.04814
-5.13263
-5.08082
-5.02583
-5.03886
-5.03273
-5.05671
-4.99954
-5.05307
-5.1248
-5.21997
-5.09636
-5.1199
-5.04517
-5.12319
-5.12042
-5.0525
-5.00127
-5.02933
-5.11452
-5.14212
-5.10801
-5.12048
-5.00248
-4.95049
-4.93066
-4.88508
-4.93374
-4.90534
-4.87581
-4.95504
-4.9704
-4.92246
-4.80502
-4.89434
-4.95213
-4.88131
-4.97815
-4.96783
-4.92875
-4.94395
-4.87888
-4.9401
-5.05364
-5.01219
-5.09701
-5.12161
-5.11586
-5.0014
-5.02417
-4.98285
-4.95177
-4.99952
-4.98622
-5.0462
-5.13527
-5.1567
-5.00402
-5.08159
-5.06569
-5.02916
-4.96555
-4.96973
-5.04914
-4.99504
-5.11534
-5.0932
-5.15454
-5.19279
-5.17743
-5.14056
-5.0684
-5.12376
-5.1995
-5.19007
-5.184
-5.22905
-5.16304
-5.17773
-5.20386
-5.18862
-5.14559
-5.00882
-5.01426
-4.96497
-5.03882
-4.82552
-4.90848
-4.8826
-4.9597
-5.05889
-5.07795
-5.0294
-5.04491
-4.98873
-4.90626
-4.86873
-4.81806
-4.82115
-4.87832
-4.96785
-4.90804
-4.88639
-4.86606
-4.92874
-4.9385
-4.88549
-4.9056
-4.92588
-4.94155
-5.02407
-5.09704
-5.22434
-5.19345
-5.09182
-5.15712
-5.02872
-5.1291
-5.05795
-5.0275
-4.98554
-5.05132
-5.05099
-5.08613
-5.0923
-5.10258
-5.06279
-4.98822
-5.10455
-5.1445
-5.15136
-5.12632
-5.11995
-5.08923
-5.1708
-5.14073
-5.20189
-5.15991
-5.20925
-5.20352
-5.09262
-5.18525
-5.12654
-5.10835
-5.07718
-5.06588
-5.02367
-5.06436
-5.14942
-5.0865
-5.06858
-5.04787
-5.05602
-5.01297
-4.99977
-4.99287
-5.03643
-5.11439
-5.05112
-5.07296
-5.20462
-5.12509
-5.19953
-5.21215
-5.20128
-5.21296
-5.20848
-5.13833
-5.18634
-5.09477
