1 -5.44487 -5.4448652 0
2 -5.44389 -5.4443776 0.00048761405
3 -5.44437 -5.4443754 0.00028153259
4 -5.44424 -5.444341 0.00020202716
5 -5.44369 -5.4442116 0.00020310256
6 -5.4439 -5.4441589 0.00017397947
7 -5.44449 -5.4442067 0.0001545937
8 -5.44524 -5.4443357 0.00018592631
9 -5.44452 -5.4443556 0.0001651783
10 -5.44457 -5.444377 0.00014927752
11 -5.44678 -5.4445954 0.0002567963
12 -5.44628 -5.4447361 0.0002734
13 -5.44414 -5.4446906 0.00025557084
14 -5.44498 -5.4447113 0.00023751486
15 -5.4439 -5.4446569 0.00022769853
16 -5.44406 -5.4446193 0.00021628611
17 -5.4449 -5.4446361 0.00020385171
18 -5.44601 -5.4447121 0.00020670357
19 -5.4439 -5.4446695 0.00020011349
20 -5.44454 -5.4446632 0.00018994902
21 -5.44328 -5.4445974 0.00019228201
22 -5.44519 -5.4446245 0.00018532839
23 -5.44561 -5.4446672 0.00018215454
24 -5.44412 -5.4446443 0.00017590107
25 -5.44393 -5.4446158 0.00017110894
26 -5.4437 -5.4445807 0.00016809509
27 -5.44461 -5.4445819 0.00016175407
28 -5.44447 -5.444578 0.0001559203
29 -5.44416 -5.4445636 0.00015112629
30 -5.4447 -5.4445681 0.00014606873
31 -5.44405 -5.4445515 0.00014224599
32 -5.44447 -5.4445489 0.00013775338
33 -5.44459 -5.4445503 0.00013352109
34 -5.44417 -5.4445392 0.00013000864
35 -5.44395 -5.4445223 0.00012736812
36 -5.44335 -5.4444897 0.00012801289
37 -5.44509 -5.4445057 0.00012554095
38 -5.44482 -5.444514 0.00012247413
39 -5.4445 -5.4445138 0.00011929267
40 -5.44457 -5.4445153 0.00011628103
41 -5.44375 -5.4444966 0.00011492739
42 -5.44384 -5.4444811 0.00011323019
43 -5.44494 -5.4444917 0.00011107603
44 -5.44541 -5.4445126 0.00011051074
45 -5.44461 -5.4445148 0.00010804883
46 -5.44514 -5.4445284 0.00010654419
47 -5.4449 -5.4445364 0.00010455905
48 -5.44467 -5.4445392 0.00010239683
49 -5.44478 -5.4445441 0.00010040627
50 -5.44268 -5.4445068 0.00010520686
51 -5.44399 -5.4444968 0.00010361142
52 -5.44357 -5.4444789 0.00010315925
53 -5.446 -5.4445076 0.00010517433
54 -5.44517 -5.4445199 0.00010394071
55 -5.44332 -5.4444981 0.00010434026
56 -5.44389 -5.4444872 0.00010303586
57 -5.4423 -5.4444489 0.00010823096
58 -5.44431 -5.4444464 0.000106376
59 -5.44251 -5.4444137 0.000109564
60 -5.44197 -5.444373 0.00011514975
61 -5.44475 -5.4443792 0.00011341328
62 -5.44477 -5.4443855 0.00011174631
63 -5.44383 -5.4443766 0.00011031018
64 -5.44365 -5.4443652 0.00010917055
65 -5.44371 -5.4443552 0.00010794815
66 -5.44445 -5.4443566 0.00010630965
67 -5.44408 -5.4443525 0.00010479141
68 -5.44323 -5.444336 0.00010454382
69 -5.44385 -5.444329 0.00010325956
70 -5.44431 -5.4443286 0.00010177423
71 -5.44306 -5.4443108 0.0001019063
72 -5.44432 -5.4443109 0.00010048102
73 -5.44427 -5.4443104 9.9096265e-05
74 -5.44383 -5.4443039 9.7966428e-05
75 -5.44527 -5.4443168 9.7507417e-05
76 -5.44392 -5.4443115 9.6359121e-05
77 -5.44403 -5.4443078 9.5171987e-05
78 -5.44404 -5.4443044 9.4006251e-05
79 -5.44493 -5.4443123 9.3144901e-05
80 -5.44548 -5.4443268 9.3118263e-05
81 -5.44506 -5.4443359 9.2410868e-05
82 -5.44433 -5.4443359 9.1276976e-05
83 -5.44393 -5.444331 9.0301645e-05
84 -5.44346 -5.4443206 8.9825878e-05
85 -5.44504 -5.4443291 8.9170042e-05
86 -5.4448 -5.4443346 8.8297722e-05
87 -5.44315 -5.4443209 8.8339281e-05
88 -5.44526 -5.4443316 8.7975674e-05
89 -5.44398 -5.4443276 8.707362e-05
90 -5.4443 -5.4443273 8.6101139e-05
91 -5.44571 -5.4443425 8.6492017e-05
92 -5.44303 -5.4443282 8.6725888e-05
93 -5.44477 -5.444333 8.5922448e-05
94 -5.44514 -5.4443416 8.5435508e-05
95 -5.44453 -5.4443436 8.4554308e-05
96 -5.44435 -5.4443436 8.3668913e-05
97 -5.44437 -5.4443439 8.2802227e-05
98 -5.44294 -5.4443295 8.3194746e-05
99 -5.4428 -5.4443141 8.3788255e-05
100 -5.4436 -5.4443069 8.3252673e-05
