1 0.806125 0.806125 0
2 0.810063 0.808094 0.00196875
3 0.808346 0.808178 0.00113976
4 0.801855 0.806597 0.00177436
5 0.794427 0.804163 0.00279531
6 0.818009 0.806471 0.00324563
7 0.791262 0.804298 0.00349924
8 0.807845 0.804741 0.00306269
9 0.809538 0.805274 0.00275311
10 0.799298 0.804677 0.00253395
11 0.81512 0.805626 0.00248091
12 0.798341 0.805019 0.00234469
13 0.811429 0.805512 0.00221245
14 0.803341 0.805357 0.00205419
15 0.814964 0.805997 0.00201674
16 0.804192 0.805885 0.00188986
17 0.802887 0.805708 0.00178395
18 0.806246 0.805738 0.00168219
19 0.80896 0.805908 0.0016002
20 0.800656 0.805645 0.00154063
21 0.806966 0.805708 0.00146678
22 0.804276 0.805643 0.00140003
23 0.807946 0.805743 0.00134152
24 0.809354 0.805894 0.00129319
25 0.802285 0.805749 0.00124875
26 0.81367 0.806054 0.00123784
27 0.806722 0.806079 0.00119136
28 0.804672 0.806028 0.00114913
29 0.802942 0.805922 0.00111389
30 0.807164 0.805963 0.00107691
31 0.799571 0.805757 0.00106181
32 0.807486 0.805811 0.00102951
33 0.801736 0.805688 0.00100544
34 0.809633 0.805804 0.000982297
35 0.804744 0.805773 0.000954299
36 0.802081 0.805671 0.000933066
37 0.803658 0.805616 0.000909126
38 0.803699 0.805566 0.000886316
39 0.810471 0.805692 0.000872404
40 0.810507 0.805812 0.000858794
41 0.809474 0.805901 0.000842335
42 0.798155 0.805717 0.00084247
43 0.812208 0.805868 0.000836378
44 0.807693 0.805909 0.000818201
45 0.799833 0.805774 0.000811131
46 0.806012 0.80578 0.000793319
47 0.809771 0.805865 0.000780887
48 0.808931 0.805928 0.00076711
49 0.809428 0.806 0.000754679
50 0.808345 0.806047 0.000740918
51 0.807079 0.806067 0.000726527
52 0.801811 0.805985 0.000717105
53 0.810311 0.806067 0.000708164
54 0.806579 0.806076 0.000694991
55 0.801608 0.805995 0.000687057
56 0.800448 0.805896 0.000681911
57 0.801603 0.805821 0.000674061
58 0.810757 0.805906 0.000667784
59 0.799047 0.80579 0.000666583
60 0.808862 0.805841 0.000657376
61 0.808298 0.805881 0.000647764
62 0.807723 0.805911 0.000637922
63 0.809585 0.805969 0.000630418
64 0.803281 0.805927 0.00062191
65 0.810292 0.805994 0.000615939
66 0.801934 0.805933 0.000609647
67 0.80458 0.805912 0.000600818
68 0.7992 0.805814 0.000600092
69 0.818063 0.805991 0.000617406
70 0.805394 0.805983 0.000608582
71 0.799055 0.805885 0.000607832
72 0.812678 0.80598 0.000606712
73 0.804559 0.80596 0.000598659
74 0.792952 0.805784 0.000616122
75 0.813055 0.805881 0.000615534
76 0.798135 0.805779 0.000615874
77 0.810693 0.805843 0.000611163
78 0.801211 0.805784 0.000606192
79 0.8048 0.805771 0.000598599
80 0.80271 0.805733 0.000592306
81 0.81639 0.805865 0.000599562
82 0.80586 0.805865 0.000592205
83 0.804952 0.805854 0.00058513
84 0.811756 0.805924 0.000582377
85 0.800085 0.805855 0.000579569
86 0.809951 0.805903 0.000574767
87 0.810917 0.80596 0.000571038
88 0.807709 0.80598 0.000564861
89 0.806049 0.805981 0.000558479
90 0.808536 0.806009 0.000552968
91 0.809947 0.806053 0.000548567
92 0.802622 0.806015 0.000543851
93 0.805764 0.806013 0.000537978
94 0.807431 0.806028 0.000532438
95 0.805014 0.806017 0.000526912
96 0.81069 0.806066 0.000523662
97 0.805595 0.806061 0.000518258
98 0.801847 0.806018 0.000514742
99 0.803917 0.805997 0.000509957
100 0.80199 0.805957 0.000506419
