1 -6.65405 -6.65405 0
2 -6.65898 -6.65652 0.00246551
3 -6.65689 -6.65664 0.00142885
4 -6.64702 -6.65424 0.00260914
5 -6.63533 -6.65046 0.00428689
6 -6.67091 -6.65386 0.00488582
7 -6.63139 -6.65065 0.00523094
8 -6.65701 -6.65145 0.00459919
9 -6.65882 -6.65227 0.00413803
10 -6.64352 -6.65139 0.00380322
11 -6.66946 -6.65303 0.00381217
12 -6.6438 -6.65226 0.00356417
13 -6.66129 -6.65296 0.00335124
14 -6.64999 -6.65275 0.00310987
15 -6.66634 -6.65365 0.00303367
16 -6.65034 -6.65345 0.00284527
17 -6.64923 -6.6532 0.00268413
18 -6.65537 -6.65332 0.0025335
19 -6.65734 -6.65353 0.00240579
20 -6.64553 -6.65313 0.00231715
21 -6.65373 -6.65316 0.00220424
22 -6.65161 -6.65309 0.00210284
23 -6.65753 -6.65328 0.00201857
24 -6.65815 -6.65348 0.00194324
25 -6.64736 -6.65324 0.00187992
26 -6.66421 -6.65366 0.00185479
27 -6.6547 -6.6537 0.00178518
28 -6.65148 -6.65362 0.00172207
29 -6.64858 -6.65345 0.00167071
30 -6.65544 -6.65351 0.00161543
31 -6.64341 -6.65319 0.00159606
32 -6.6557 -6.65327 0.00154737
33 -6.6472 -6.65308 0.00151098
34 -6.65862 -6.65324 0.00147489
35 -6.65106 -6.65318 0.00143349
36 -6.64647 -6.653 0.00140553
37 -6.65057 -6.65293 0.00136858
38 -6.65037 -6.65286 0.00133378
39 -6.66021 -6.65305 0.00131273
40 -6.66033 -6.65323 0.00129237
41 -6.65796 -6.65335 0.00126572
42 -6.64108 -6.65306 0.00126931
43 -6.66325 -6.65329 0.0012619
44 -6.65695 -6.65338 0.00123569
45 -6.64436 -6.65318 0.00122442
46 -6.65416 -6.6532 0.0011977
47 -6.65956 -6.65333 0.00117973
48 -6.65807 -6.65343 0.0011591
49 -6.65892 -6.65354 0.00114072
50 -6.6552 -6.65358 0.00111816
51 -6.65461 -6.6536 0.0010962
52 -6.64628 -6.65346 0.00108408
53 -6.66146 -6.65361 0.00107411
54 -6.65504 -6.65363 0.00105436
55 -6.64573 -6.65349 0.00104494
56 -6.64456 -6.65333 0.00103843
57 -6.64471 -6.65318 0.00103121
58 -6.66044 -6.65331 0.00102099
59 -6.64109 -6.6531 0.00102468
60 -6.65527 -6.65313 0.00100811
61 -6.6572 -6.6532 0.000993676
62 -6.65635 -6.65325 0.000978839
63 -6.65821 -6.65333 0.000966385
64 -6.64857 -6.65326 0.000954071
65 -6.65915 -6.65335 0.000943644
66 -6.64735 -6.65326 0.000933667
67 -6.65095 -6.65322 0.000920269
68 -6.64203 -6.65306 0.000921445
69 -6.67094 -6.65332 0.000944273
70 -6.6524 -6.6533 0.000930778
71 -6.64164 -6.65314 0.000932155
72 -6.66334 -6.65328 0.000929964
73 -6.65111 -6.65325 0.000917617
74 -6.63325 -6.65298 0.000944604
75 -6.66485 -6.65314 0.000945276
76 -6.64112 -6.65298 0.000946067
77 -6.66006 -6.65307 0.000938221
78 -6.64586 -6.65298 0.000930722
79 -6.65213 -6.65297 0.000918928
80 -6.64954 -6.65293 0.000908379
81 -6.66965 -6.65313 0.000920544
82 -6.65312 -6.65313 0.000909249
83 -6.65136 -6.65311 0.000898481
84 -6.66109 -6.65321 0.000892788
85 -6.64517 -6.65311 0.000887271
86 -6.65973 -6.65319 0.00088026
87 -6.65952 -6.65326 0.000873124
88 -6.65682 -6.6533 0.000864092
89 -6.65305 -6.6533 0.000854333
90 -6.65711 -6.65334 0.000845846
91 -6.66063 -6.65342 0.000840323
92 -6.64696 -6.65335 0.000834097
93 -6.65342 -6.65335 0.00082508
94 -6.65629 -6.65338 0.000816852
95 -6.65205 -6.65337 0.00080833
96 -6.66038 -6.65344 0.000803196
97 -6.65276 -6.65344 0.000794904
98 -6.64571 -6.65336 0.000790689
99 -6.64868 -6.65331 0.000784089
100 -6.64659 -6.65324 0.000779115
