1 0.299818
2 0.110696
3 0.050405
4 0.0192652
5 0.0128208
6 0.0105074
7 0.0116702
8 0.00784709
9 -0.00204184
10 0.00694785
11 0.00275081
12 0.00763246
13 0.00360025
14 0.000772804
15 -0.000412421
16 -0.00217202
17 -0.0173953
18 0.000563135
19 0.00738939
20 0.0030716
21 -0.00842183
22 0.00236391
23 -0.00673208
24 -0.0102543
25 0.000498327
26 -0.00124333
27 -0.00492373
28 0.00914876
29 -0.000844254
30 0.00298314
31 -0.0149632
32 0.00514824
33 -0.0119086
34 0.00841267
35 -0.00380435
36 -0.00256062
37 0.00454288
38 -0.00111757
39 -0.00196004
40 0.00150999
41 0.00772689
42 -0.0056298
43 -0.00392299
44 0.0152228
45 -0.00662663
46 0.00116816
47 -0.00234
48 -0.023423
49 0.0117693
50 0.00382683
51 -0.00443867
52 0.00833836
53 -0.0178316
54 -0.00846986
55 -0.00315665
56 -0.0195807
57 -0.00376465
58 0.00624355
59 -0.0238935
60 -0.00726821
61 0.00641283
62 -0.0125712
63 -0.00758632
64 -0.0158215
65 0.00620728
66 -0.00230235
67 -0.0121703
68 -0.00693784
69 0.00837973
70 0.000726957
71 -0.00611305
72 -0.0298947
73 -0.015984
74 -0.00439209
75 -0.0112788
76 0.00138888
77 -0.0038228
78 -0.0073877
79 0.00819316
80 0.0106915
81 0.0233679
82 -0.00255651
83 0.000471913
84 0.000705504
85 -0.014998
86 0.0107587
87 0.0107584
88 0.00217567
89 0.0272843
90 -0.0118244
91 -0.0164042
92 -0.00274166
93 0.0159546
94 -0.00824972
95 0.00185269
96 -0.0386813
97 -0.0154735
98 0.00966098
99 0.0173042
100 -0.00609858
