1 0.632498
2 0.435829
3 0.311415
4 0.237768
5 0.181084
6 0.141707
7 0.107187
8 0.0867213
9 0.0691799
10 0.052672
11 0.0447359
12 0.0361916
13 0.0263886
14 0.0202982
15 0.0135109
16 0.0297837
17 0.0130415
18 0.0240971
19 0.00616026
20 0.00514973
21 0.00720094
22 -0.00116318
23 0.0106779
24 0.0051954
25 0.000960529
26 0.0211246
27 0.00493937
28 -0.00121115
29 0.00955966
30 -0.00295284
31 -0.00357409
32 0.00604415
33 -0.00141037
34 0.00310852
35 0.00666111
36 0.0156419
37 0.0109609
38 0.00982449
39 -0.00812164
40 -0.0054811
41 0.0217664
42 -0.00275607
43 -0.00687614
44 0.00828462
45 0.00582483
46 -0.00178592
47 -0.0102887
48 0.00620789
49 0.0189963
50 -0.00393731
51 -0.00753838
52 -0.00541231
53 -0.00553958
54 0.00966212
55 -0.00406982
56 4.9876e-05
57 0.00651502
58 0.0140197
59 -0.00808966
60 0.00557243
61 -0.00896306
62 0.0251346
63 -0.00737632
64 0.0051882
65 0.0112526
66 -0.0125345
67 -0.00298016
68 0.00457164
69 0.000934795
70 0.00963217
71 -0.0065196
72 -0.0100777
73 0.0158874
74 0.0185223
75 -0.0156664
76 0.00780176
77 -0.0123369
78 0.000450174
79 0.0158876
80 0.0061244
81 0.00467441
82 -0.00774845
83 -0.000519413
84 0.0249105
85 0.0151321
86 0.013852
87 -0.0232438
88 0.0130309
89 -0.0189445
90 -0.00648892
91 -0.0358542
92 0.0111726
93 0.0203949
94 0.02109
95 0.0144142
96 -0.0199444
97 0.0128503
98 0.0095773
99 0.00626291
100 -0.0205413
