10 0.000145507
20 0.000161581
30 0.00016808
40 0.000170544
50 0.000172199
60 0.000174343
70 0.000175683
80 0.000176221
90 0.000177391
100 0.000176914
110 0.00017612
120 0.000178283
130 0.00017701
140 0.000180089
150 0.000177126
160 0.00017639
170 0.000178145
180 0.000180138
190 0.000178323
200 0.000177259
210 0.000175968
220 0.000175142
230 0.000177674
240 0.000177471
250 0.000176434
260 0.000175266
270 0.000178683
280 0.000177949
290 0.000178293
300 0.000175516
310 0.000177338
320 0.00017522
330 0.000179083
340 0.000173953
350 0.000177664
360 0.000179757
370 0.00018068
380 0.00017266
390 0.000177132
400 0.000178424
410 0.000178956
420 0.000175003
430 0.000175258
440 0.000176681
450 0.000174366
460 0.000176378
470 0.000179295
480 0.00018301
490 0.000178874
500 0.000177587
510 0.000176443
520 0.000182133
530 0.000178982
540 0.000182006
550 0.000177926
560 0.000182533
570 0.00017993
580 0.000178786
590 0.000180107
600 0.000179973
610 0.000177859
620 0.000176411
630 0.000178914
640 0.000179092
650 0.000179258
660 0.000180484
670 0.00017795
680 0.000174736
690 0.000178597
700 0.000175932
710 0.000178084
720 0.000185897
730 0.000176989
740 0.000181497
750 0.000179007
760 0.000174155
770 0.000180703
780 0.000181475
790 0.00017786
800 0.000178043
810 0.000181602
820 0.000178863
830 0.000180374
840 0.00017905
850 0.000179979
860 0.000176379
870 0.000186546
880 0.000180791
890 0.000175139
900 0.000179355
910 0.000177714
920 0.00017727
930 0.00017439
940 0.000176941
950 0.000171511
960 0.000182122
970 0.0001797
980 0.000179442
990 0.000177837
1000 0.000183995
1010 0.000178465
1020 0.000178232
1030 0.000176577
1040 0.000182726
1050 0.000178393
1060 0.000179463
1070 0.000180382
1080 0.000180494
1090 0.000178465
1100 0.000175698
1110 0.000183825
1120 0.000183349
1130 0.000183378
1140 0.000177224
1150 0.000177496
1160 0.000181415
1170 0.000185576
1180 0.000179645
1190 0.000172855
1200 0.00017619
1210 0.000180031
1220 0.000176154
1230 0.000184848
1240 0.000176907
1250 0.000180155
1260 0.000179309
1270 0.000181824
1280 0.000184413
1290 0.000181129
1300 0.000171429
1310 0.000176319
1320 0.000180486
1330 0.000176377
1340 0.000178359
1350 0.000180927
1360 0.000171098
1370 0.00018091
1380 0.000180233
1390 0.000186046
1400 0.000169482
1410 0.000177939
1420 0.000177157
1430 0.000178369
1440 0.000186939
1450 0.000178171
1460 0.000179537
1470 0.00018071
1480 0.000180378
1490 0.000177643
1500 0.000180112
1510 0.000179525
1520 0.000179929
1530 0.000174999
1540 0.000181596
1550 0.000180439
1560 0.00017974
1570 0.000180995
1580 0.000181203
1590 0.000186801
1600 0.000181957
1610 0.000176313
1620 0.000185661
1630 0.000183727
1640 0.000184632
1650 0.000175095
1660 0.000178192
1670 0.000180245
1680 0.000182669
1690 0.000176635
1700 0.000178033
1710 0.000187196
1720 0.000175293
1730 0.000178182
1740 0.00018592
1750 0.000184908
1760 0.000182455
1770 0.00018192
1780 0.000178908
1790 0.00017644
1800 0.000178331
1810 0.000184423
1820 0.000182439
1830 0.000180934
1840 0.000180408
1850 0.000182498
1860 0.000180581
1870 0.000185732
1880 0.00017722
1890 0.000174087
1900 0.000173095
1910 0.00018308
1920 0.000183076
1930 0.000183133
1940 0.000178962
1950 0.000182681
1960 0.00018641
1970 0.000178691
1980 0.000182665
1990 0.000173965
2000 0.000186321
2010 0.000178001
2020 0.000190238
2030 0.000187678
2040 0.000178669
2050 0.000191749
2060 0.000180612
2070 0.000178286
2080 0.000182002
2090 0.00017382
2100 0.000180193
2110 0.000188997
2120 0.000182619
2130 0.000180468
2140 0.000180235
2150 0.000176134
2160 0.000182491
2170 0.000180058
2180 0.00018467
2190 0.000179217
2200 0.00018156
2210 0.00018127
2220 0.000189081
2230 0.000188678
2240 0.000184738
2250 0.000189887
2260 0.000184586
2270 0.000176591
2280 0.000182749
2290 0.000177526
2300 0.00018058
2310 0.000183172
2320 0.000194091
2330 0.000177037
2340 0.000181649
2350 0.000190967
2360 0.000184492
2370 0.00017414
2380 0.000176927
2390 0.000178566
2400 0.000172265
2410 0.000185952
2420 0.000183251
2430 0.000189743
2440 0.000179872
2450 0.00019284
2460 0.00017884
2470 0.000194118
2480 0.000181041
2490 0.000179243
2500 0.000186762
2510 0.000174345
2520 0.000186297
2530 0.000174801
2540 0.000184632
2550 0.000182922
2560 0.000187428
2570 0.000187734
2580 0.000188587
2590 0.000176491
2600 0.000180401
2610 0.000182063
2620 0.000179606
2630 0.000186614
2640 0.000178795
2650 0.000191926
2660 0.000178728
2670 0.000175066
2680 0.000181941
2690 0.000178707
2700 0.000187662
2710 0.000187914
2720 0.000176034
2730 0.000186703
2740 0.000186557
2750 0.00018539
2760 0.00017865
2770 0.000189409
2780 0.000181659
2790 0.000181723
2800 0.000168435
2810 0.000182423
2820 0.000187167
2830 0.000186992
2840 0.000189881
2850 0.000185776
2860 0.000180883
2870 0.00019017
2880 0.000186153
2890 0.000177313
2900 0.000177706
2910 0.00017652
2920 0.000189824
2930 0.000186437
2940 0.000192188
2950 0.000192503
2960 0.000187134
2970 0.000182978
2980 0.000195687
2990 0.000172564
3000 0.000173641
3010 0.000194418
3020 0.000179058
3030 0.000192956
3040 0.000187993
3050 0.000182956
3060 0.000183146
3070 0.000186065
3080 0.000182545
3090 0.000182948
3100 0.000189844
3110 0.000187581
3120 0.000177268
3130 0.000186036
3140 0.000184786
3150 0.000193014
3160 0.000190132
3170 0.000186741
3180 0.000187044
3190 0.000177927
3200 0.000192391
3210 0.000187235
3220 0.000186981
3230 0.000184437
3240 0.000192629
3250 0.000184479
3260 0.000191835
3270 0.000187691
3280 0.000186072
3290 0.000183597
3300 0.000180801
3310 0.000190597
3320 0.000187958
3330 0.000193018
3340 0.000192589
3350 0.000186
3360 0.000201411
3370 0.000188379
3380 0.000181803
3390 0.000183371
3400 0.000186132
3410 0.000188766
3420 0.000190401
3430 0.000177911
3440 0.000177701
3450 0.00018178
3460 0.000182186
3470 0.000181417
3480 0.000196629
3490 0.000190356
3500 0.000193364
3510 0.000177955
3520 0.000175637
3530 0.000176229
3540 0.000189231
3550 0.000173299
3560 0.000185119
3570 0.000168873
3580 0.000180658
3590 0.000193021
3600 0.000180336
3610 0.00017325
3620 0.000183881
3630 0.000190739
3640 0.000202634
3650 0.000188833
3660 0.000185829
3670 0.000183354
3680 0.000185298
3690 0.000186543
3700 0.000180029
3710 0.000189356
3720 0.000188983
3730 0.000187385
3740 0.000188136
3750 0.000185334
3760 0.000189916
3770 0.000187769
3780 0.000181864
3790 0.000187788
3800 0.000184448
3810 0.000189829
3820 0.000198572
3830 0.000187584
3840 0.000184574
3850 0.000187735
3860 0.00019548
3870 0.00019663
3880 0.000188413
3890 0.000179849
3900 0.000183122
3910 0.00019338
3920 0.000190238
3930 0.000176379
3940 0.000172116
3950 0.000177508
3960 0.000185093
3970 0.000190587
3980 0.000182419
3990 0.000182889
4000 0.000176054
4010 0.000185111
4020 0.00018116
4030 0.000187063
4040 0.000186962
4050 0.000190988
4060 0.000191311
4070 0.000197942
4080 0.000185249
4090 0.000192844
4100 0.000203413
4110 0.000190178
4120 0.000192294
4130 0.000179277
4140 0.000176487
4150 0.000181121
4160 0.000180261
4170 0.000184617
4180 0.000186863
4190 0.000183515
4200 0.000180564
4210 0.000186028
4220 0.000189172
4230 0.000187053
4240 0.000200561
4250 0.000194169
4260 0.000188768
4270 0.000185778
4280 0.000186723
4290 0.000187663
4300 0.000190776
4310 0.000179834
4320 0.00019102
4330 0.000192295
4340 0.000182285
4350 0.000181442
4360 0.000186484
4370 0.00018592
4380 0.000176191
4390 0.000183662
4400 0.000176257
4410 0.000194962
4420 0.000184907
4430 0.00018538
4440 0.000181577
4450 0.000203869
4460 0.000200641
4470 0.000185247
4480 0.000175236
4490 0.000184061
4500 0.00019357
4510 0.000185297
4520 0.000198135
4530 0.000198444
4540 0.000193161
4550 0.000188474
4560 0.000188405
4570 0.000186394
4580 0.000187667
4590 0.000195962
4600 0.000194474
4610 0.000197457
4620 0.000190402
4630 0.000185047
4640 0.000190671
4650 0.000182403
4660 0.000184594
4670 0.00019707
4680 0.000190545
4690 0.000191922
4700 0.000196433
4710 0.000200561
4720 0.00020127
4730 0.000186938
4740 0.000183163
4750 0.000189808
4760 0.000182827
4770 0.000192185
4780 0.000187541
4790 0.000179706
4800 0.00018433
4810 0.000186422
4820 0.000196072
4830 0.000185272
4840 0.000185906
4850 0.000192897
4860 0.000198211
4870 0.00019578
4880 0.000189057
4890 0.000196847
4900 0.000189526
4910 0.000177074
4920 0.000187895
4930 0.000189246
4940 0.000196634
4950 0.000190284
4960 0.000188341
4970 0.000185051
4980 0.00018467
4990 0.000184395
5000 0.000180489
