10 1.49868e-05
20 1.53917e-05
30 1.55252e-05
40 1.56441e-05
50 1.57006e-05
60 1.56604e-05
70 1.58785e-05
80 1.56241e-05
90 1.55971e-05
100 1.57981e-05
110 1.57171e-05
120 1.57081e-05
130 1.60123e-05
140 1.58022e-05
150 1.58906e-05
160 1.5626e-05
170 1.58975e-05
180 1.56361e-05
190 1.58416e-05
200 1.56297e-05
210 1.58892e-05
220 1.56197e-05
230 1.57205e-05
240 1.56918e-05
250 1.59357e-05
260 1.57787e-05
270 1.56764e-05
280 1.56849e-05
290 1.56533e-05
300 1.57793e-05
310 1.57914e-05
320 1.55347e-05
330 1.56608e-05
340 1.56732e-05
350 1.55735e-05
360 1.55899e-05
370 1.54979e-05
380 1.56923e-05
390 1.57291e-05
400 1.56245e-05
410 1.59054e-05
420 1.58556e-05
430 1.53626e-05
440 1.54726e-05
450 1.54679e-05
460 1.53211e-05
470 1.55629e-05
480 1.56036e-05
490 1.53855e-05
500 1.52115e-05
510 1.55459e-05
520 1.5534e-05
530 1.52416e-05
540 1.58579e-05
550 1.57057e-05
560 1.53852e-05
570 1.54853e-05
580 1.54188e-05
590 1.58069e-05
600 1.53634e-05
610 1.54674e-05
620 1.56348e-05
630 1.54355e-05
640 1.52345e-05
650 1.58106e-05
660 1.56157e-05
670 1.54017e-05
680 1.57574e-05
690 1.50482e-05
700 1.54748e-05
710 1.50531e-05
720 1.53487e-05
730 1.54053e-05
740 1.53361e-05
750 1.51838e-05
760 1.5552e-05
770 1.51695e-05
780 1.57257e-05
790 1.54766e-05
800 1.58349e-05
810 1.56785e-05
820 1.55814e-05
830 1.54678e-05
840 1.54771e-05
850 1.5386e-05
860 1.52952e-05
870 1.5328e-05
880 1.55693e-05
890 1.56955e-05
900 1.5589e-05
910 1.50876e-05
920 1.52942e-05
930 1.56371e-05
940 1.53209e-05
950 1.58554e-05
960 1.51833e-05
970 1.50948e-05
980 1.50856e-05
990 1.53064e-05
1000 1.54412e-05
1010 1.55182e-05
1020 1.56879e-05
1030 1.50271e-05
1040 1.51653e-05
1050 1.49433e-05
1060 1.52182e-05
1070 1.51165e-05
1080 1.54969e-05
1090 1.57469e-05
1100 1.54516e-05
1110 1.50711e-05
1120 1.48423e-05
1130 1.56897e-05
1140 1.55497e-05
1150 1.51242e-05
1160 1.57021e-05
1170 1.51789e-05
1180 1.58367e-05
1190 1.49652e-05
1200 1.51745e-05
1210 1.57666e-05
1220 1.61652e-05
1230 1.54653e-05
1240 1.5665e-05
1250 1.48071e-05
1260 1.52603e-05
1270 1.53306e-05
1280 1.5157e-05
1290 1.51757e-05
1300 1.54552e-05
1310 1.54186e-05
1320 1.52535e-05
1330 1.52821e-05
1340 1.4846e-05
1350 1.52555e-05
1360 1.55248e-05
1370 1.55268e-05
1380 1.51313e-05
1390 1.5245e-05
1400 1.533e-05
1410 1.56813e-05
1420 1.48827e-05
1430 1.53972e-05
1440 1.51279e-05
1450 1.56434e-05
1460 1.46518e-05
1470 1.46678e-05
1480 1.50203e-05
1490 1.46913e-05
1500 1.48646e-05
1510 1.52249e-05
1520 1.54965e-05
1530 1.5644e-05
1540 1.48193e-05
1550 1.47355e-05
1560 1.57957e-05
1570 1.50481e-05
1580 1.58648e-05
1590 1.52129e-05
1600 1.58201e-05
1610 1.48932e-05
1620 1.52186e-05
1630 1.50209e-05
1640 1.48948e-05
1650 1.55447e-05
1660 1.53116e-05
1670 1.53649e-05
1680 1.55317e-05
1690 1.50378e-05
1700 1.51831e-05
1710 1.59977e-05
1720 1.5179e-05
1730 1.50219e-05
1740 1.5487e-05
1750 1.57163e-05
1760 1.5324e-05
1770 1.46337e-05
1780 1.47711e-05
1790 1.55298e-05
1800 1.5086e-05
1810 1.53767e-05
1820 1.51655e-05
1830 1.52936e-05
1840 1.51313e-05
1850 1.56314e-05
1860 1.54243e-05
1870 1.52444e-05
1880 1.4842e-05
1890 1.4994e-05
1900 1.51862e-05
1910 1.55504e-05
1920 1.47266e-05
1930 1.51249e-05
1940 1.46987e-05
1950 1.55949e-05
1960 1.52744e-05
1970 1.47613e-05
1980 1.51355e-05
1990 1.50327e-05
2000 1.57261e-05
2010 1.53765e-05
2020 1.53506e-05
2030 1.51757e-05
2040 1.53314e-05
2050 1.58742e-05
2060 1.55328e-05
2070 1.53563e-05
2080 1.5058e-05
2090 1.45992e-05
2100 1.49297e-05
2110 1.54028e-05
2120 1.49418e-05
2130 1.43303e-05
2140 1.54279e-05
2150 1.53275e-05
2160 1.52076e-05
2170 1.54907e-05
2180 1.51507e-05
2190 1.48594e-05
2200 1.51751e-05
2210 1.48971e-05
2220 1.45764e-05
2230 1.5259e-05
2240 1.49598e-05
2250 1.58678e-05
2260 1.51297e-05
2270 1.5538e-05
2280 1.55562e-05
2290 1.54808e-05
2300 1.55212e-05
2310 1.51161e-05
2320 1.56649e-05
2330 1.49129e-05
2340 1.60282e-05
2350 1.55172e-05
2360 1.54508e-05
2370 1.45746e-05
2380 1.48887e-05
2390 1.55499e-05
2400 1.62523e-05
2410 1.57724e-05
2420 1.56822e-05
2430 1.50605e-05
2440 1.49963e-05
2450 1.56083e-05
2460 1.50211e-05
2470 1.57177e-05
2480 1.55259e-05
2490 1.48796e-05
2500 1.54904e-05
2510 1.50781e-05
2520 1.49184e-05
2530 1.55414e-05
2540 1.44426e-05
2550 1.54955e-05
2560 1.55032e-05
2570 1.54563e-05
2580 1.58549e-05
2590 1.52954e-05
2600 1.56597e-05
2610 1.45602e-05
2620 1.53778e-05
2630 1.51444e-05
2640 1.47111e-05
2650 1.5623e-05
2660 1.56989e-05
2670 1.5611e-05
2680 1.43422e-05
2690 1.56993e-05
2700 1.56746e-05
2710 1.43946e-05
2720 1.45885e-05
2730 1.57754e-05
2740 1.54838e-05
2750 1.5645e-05
2760 1.52973e-05
2770 1.49166e-05
2780 1.51654e-05
2790 1.52151e-05
2800 1.59638e-05
2810 1.46243e-05
2820 1.54071e-05
2830 1.60594e-05
2840 1.52114e-05
2850 1.56451e-05
2860 1.57046e-05
2870 1.55865e-05
2880 1.53452e-05
2890 1.58726e-05
2900 1.49624e-05
2910 1.47525e-05
2920 1.52045e-05
2930 1.54705e-05
2940 1.47285e-05
2950 1.50871e-05
2960 1.53794e-05
2970 1.40877e-05
2980 1.55521e-05
2990 1.52221e-05
3000 1.54905e-05
3010 1.53941e-05
3020 1.51921e-05
3030 1.55829e-05
3040 1.64139e-05
3050 1.60321e-05
3060 1.58902e-05
3070 1.47536e-05
3080 1.5077e-05
3090 1.51696e-05
3100 1.58682e-05
3110 1.53914e-05
3120 1.53886e-05
3130 1.54812e-05
3140 1.5378e-05
3150 1.5785e-05
3160 1.55314e-05
3170 1.53587e-05
3180 1.60925e-05
3190 1.50935e-05
3200 1.47757e-05
3210 1.61928e-05
3220 1.5144e-05
3230 1.47815e-05
3240 1.53801e-05
3250 1.54141e-05
3260 1.52359e-05
3270 1.61634e-05
3280 1.51439e-05
3290 1.52214e-05
3300 1.54942e-05
3310 1.49041e-05
3320 1.59788e-05
3330 1.59997e-05
3340 1.56847e-05
3350 1.53594e-05
3360 1.57913e-05
3370 1.49194e-05
3380 1.52025e-05
3390 1.60479e-05
3400 1.62013e-05
3410 1.46562e-05
3420 1.5709e-05
3430 1.5724e-05
3440 1.5679e-05
3450 1.61932e-05
3460 1.56269e-05
3470 1.51746e-05
3480 1.5717e-05
3490 1.55736e-05
3500 1.47878e-05
3510 1.60699e-05
3520 1.58811e-05
3530 1.53569e-05
3540 1.48372e-05
3550 1.58663e-05
3560 1.59807e-05
3570 1.53976e-05
3580 1.52413e-05
3590 1.59043e-05
3600 1.48955e-05
3610 1.59408e-05
3620 1.61164e-05
3630 1.56126e-05
3640 1.55181e-05
3650 1.53139e-05
3660 1.62566e-05
3670 1.48211e-05
3680 1.47887e-05
3690 1.6088e-05
3700 1.58564e-05
3710 1.57054e-05
3720 1.61607e-05
3730 1.58308e-05
3740 1.60293e-05
3750 1.58281e-05
3760 1.50666e-05
3770 1.61179e-05
3780 1.51969e-05
3790 1.45411e-05
3800 1.56323e-05
3810 1.545e-05
3820 1.47381e-05
3830 1.56042e-05
3840 1.56677e-05
3850 1.56349e-05
3860 1.54581e-05
3870 1.46324e-05
3880 1.50981e-05
3890 1.53818e-05
3900 1.57279e-05
3910 1.54014e-05
3920 1.58422e-05
3930 1.64304e-05
3940 1.53713e-05
3950 1.51482e-05
3960 1.57205e-05
3970 1.63644e-05
3980 1.54348e-05
3990 1.56302e-05
4000 1.55687e-05
4010 1.60211e-05
4020 1.65589e-05
4030 1.60667e-05
4040 1.53538e-05
4050 1.51347e-05
4060 1.60762e-05
4070 1.53796e-05
4080 1.46448e-05
4090 1.59937e-05
4100 1.57165e-05
4110 1.51973e-05
4120 1.65034e-05
4130 1.62129e-05
4140 1.57253e-05
4150 1.53107e-05
4160 1.53443e-05
4170 1.45147e-05
4180 1.42735e-05
4190 1.44629e-05
4200 1.51486e-05
4210 1.52343e-05
4220 1.52485e-05
4230 1.66372e-05
4240 1.60254e-05
4250 1.60851e-05
4260 1.43997e-05
4270 1.49627e-05
4280 1.50083e-05
4290 1.55893e-05
4300 1.61091e-05
4310 1.43411e-05
4320 1.51608e-05
4330 1.54017e-05
4340 1.62278e-05
4350 1.53696e-05
4360 1.48782e-05
4370 1.54763e-05
4380 1.57532e-05
4390 1.57266e-05
4400 1.65232e-05
4410 1.57858e-05
4420 1.48989e-05
4430 1.45267e-05
4440 1.48247e-05
4450 1.64958e-05
4460 1.60386e-05
4470 1.55719e-05
4480 1.5073e-05
4490 1.56049e-05
4500 1.63411e-05
4510 1.60188e-05
4520 1.59583e-05
4530 1.64958e-05
4540 1.6521e-05
4550 1.50434e-05
4560 1.53813e-05
4570 1.65318e-05
4580 1.64073e-05
4590 1.517e-05
4600 1.50606e-05
4610 1.58067e-05
4620 1.65658e-05
4630 1.56169e-05
4640 1.47543e-05
4650 1.42915e-05
4660 1.5731e-05
4670 1.61545e-05
4680 1.72537e-05
4690 1.6275e-05
4700 1.52294e-05
4710 1.5692e-05
4720 1.5002e-05
4730 1.53823e-05
4740 1.56065e-05
4750 1.5545e-05
4760 1.55571e-05
4770 1.63932e-05
4780 1.6259e-05
4790 1.66872e-05
4800 1.8156e-05
4810 1.65669e-05
4820 1.6463e-05
4830 1.57849e-05
4840 1.54674e-05
4850 1.55951e-05
4860 1.5617e-05
4870 1.50065e-05
4880 1.47751e-05
4890 1.5307e-05
4900 1.62011e-05
4910 1.58242e-05
4920 1.54744e-05
4930 1.57763e-05
4940 1.51124e-05
4950 1.53486e-05
4960 1.57667e-05
4970 1.54099e-05
4980 1.54741e-05
4990 1.58522e-05
5000 1.62429e-05
