1 0.803895
2 0.667984
3 0.569844
4 0.49473
5 0.443756
6 0.404612
7 0.365564
8 0.341275
9 0.315846
10 0.299967
11 0.275869
12 0.271246
13 0.2478
14 0.232908
15 0.219826
16 0.214085
17 0.212214
18 0.204523
19 0.192077
20 0.191665
21 0.176511
22 0.164761
23 0.161108
24 0.165796
25 0.147109
26 0.157027
27 0.145332
28 0.144611
29 0.145568
30 0.137121
31 0.131119
32 0.125207
33 0.146963
34 0.116947
35 0.129363
36 0.124779
37 0.123557
38 0.119994
39 0.126084
40 0.119898
41 0.108979
42 0.110611
43 0.0830349
44 0.103537
45 0.0971989
46 0.0754376
47 0.112074
48 0.105013
49 0.0826237
50 0.0813628
51 0.0752476
52 0.0820277
53 0.0704832
54 0.106623
55 0.0776304
56 0.0697554
57 0.0953648
58 0.0738475
59 0.0714254
60 0.0881849
61 0.0783471
62 0.0626171
63 0.0744714
64 0.0601096
65 0.0688014
66 0.0727748
67 0.0748842
68 0.0583565
69 0.0699066
70 0.0515663
71 0.0818504
72 0.0564978
73 0.0578623
74 0.0565606
75 0.0690928
76 0.0182243
77 0.0504368
78 0.0692049
79 0.0508505
80 0.00904696
81 0.0385505
82 0.0574216
83 0.0593202
84 0.0578943
85 0.0416001
86 0.0359884
87 0.0357154
88 0.0112768
89 0.00532105
90 0.0414956
91 0.054516
92 0.00519937
93 0.0394862
94 0.0526862
95 0.0502996
96 0.0446999
97 0.000776397
98 0.0256281
99 0.0386768
100 0.0403721
