1 0.830366
2 0.708974
3 0.619162
4 0.549243
5 0.499464
6 0.459989
7 0.420789
8 0.393514
9 0.368349
10 0.349068
11 0.325859
12 0.318311
13 0.29259
14 0.279815
15 0.265825
16 0.256797
17 0.252541
18 0.240535
19 0.229576
20 0.231976
21 0.209866
22 0.199786
23 0.19661
24 0.193859
25 0.185215
26 0.191269
27 0.177077
28 0.182055
29 0.168952
30 0.169977
31 0.157586
32 0.154102
33 0.166491
34 0.14455
35 0.1544
36 0.157817
37 0.153392
38 0.144512
39 0.157718
40 0.149715
41 0.130704
42 0.13669
43 0.111616
44 0.124984
45 0.128582
46 0.105921
47 0.125146
48 0.117917
49 0.115228
50 0.109993
51 0.102709
52 0.106088
53 0.0858011
54 0.11985
55 0.0955439
56 0.088942
57 0.110472
58 0.10451
59 0.0979029
60 0.102202
61 0.103789
62 0.0823073
63 0.0909626
64 0.0809696
65 0.0892858
66 0.0881523
67 0.0962832
68 0.0823616
69 0.0900553
70 0.0761455
71 0.0914309
72 0.0728454
73 0.0847141
74 0.0786767
75 0.0937953
76 0.0568162
77 0.0690267
78 0.0876259
79 0.0583491
80 0.0438667
81 0.0662629
82 0.0756108
83 0.0616741
84 0.0667995
85 0.0547952
86 0.0732441
87 0.0391743
88 0.0468215
89 0.0376384
90 0.0563769
91 0.0675467
92 0.0376403
93 0.0554127
94 0.0577154
95 0.0517819
96 0.0587044
97 0.033456
98 0.0509781
99 0.0587567
100 0.0562979
