10 0.000342881
20 0.000424775
30 0.000474556
40 0.000511149
50 0.000538788
60 0.000563023
70 0.000584083
80 0.000602559
90 0.000613114
100 0.00062932
110 0.000635749
120 0.000649857
130 0.000660187
140 0.000667708
150 0.000675155
160 0.00068128
170 0.000684265
180 0.000685194
190 0.000694678
200 0.000708066
210 0.000704626
220 0.00071124
230 0.000709471
240 0.000720238
250 0.000724792
260 0.000729837
270 0.00072971
280 0.000720811
290 0.000735138
300 0.000728955
310 0.000736367
320 0.000745924
330 0.000735142
340 0.000732828
350 0.000740415
360 0.000734864
370 0.000740689
380 0.000751568
390 0.000758207
400 0.000753467
410 0.000759694
420 0.000756565
430 0.000732295
440 0.000747702
450 0.000748214
460 0.000742403
470 0.000756542
480 0.000762757
490 0.000753698
500 0.000751171
510 0.000746174
520 0.000762577
530 0.000766326
540 0.000754537
550 0.000746859
560 0.000757599
570 0.000751607
580 0.000738348
590 0.000744609
600 0.000756229
610 0.00075764
620 0.000735497
630 0.000753051
640 0.000749342
650 0.000761088
660 0.000742245
670 0.000740046
680 0.000745287
690 0.000752395
700 0.000733147
710 0.000782267
720 0.000756458
730 0.00075679
740 0.000746349
750 0.000752296
760 0.000753218
770 0.00075493
780 0.000775958
790 0.000759346
800 0.000725685
810 0.000764194
820 0.000730231
830 0.000738777
840 0.000734526
850 0.000748167
860 0.000745996
870 0.000741156
880 0.000755728
890 0.000770491
900 0.000753064
910 0.000750039
920 0.000729868
930 0.000719795
940 0.000743846
950 0.000727573
960 0.000736993
970 0.00074524
980 0.00075104
990 0.000739886
1000 0.000734763
1010 0.000743367
1020 0.000744344
1030 0.000744344
1040 0.000748207
1050 0.000745321
1060 0.000775217
1070 0.000744118
1080 0.000741546
1090 0.000733003
1100 0.000723601
1110 0.000757618
1120 0.000721762
1130 0.000732537
1140 0.000766647
1150 0.000704712
1160 0.000745429
1170 0.000753478
1180 0.00072911
1190 0.000714958
1200 0.00076258
1210 0.000732732
1220 0.000745432
1230 0.000705255
1240 0.000744139
1250 0.000729526
1260 0.000765582
1270 0.000762842
1280 0.000730547
1290 0.000727524
1300 0.000718929
1310 0.000737128
1320 0.00074704
1330 0.000735825
1340 0.000709855
1350 0.000744341
1360 0.000743155
1370 0.000717255
1380 0.000747593
1390 0.000742918
1400 0.000748507
1410 0.000749423
1420 0.000758044
1430 0.000726604
1440 0.000769078
1450 0.000754414
1460 0.00075276
1470 0.00073534
1480 0.000733305
1490 0.000763593
1500 0.000745397
1510 0.000716486
1520 0.000748705
1530 0.000722698
1540 0.000747918
1550 0.000734305
1560 0.00079658
1570 0.000747931
1580 0.000746562
1590 0.000749203
1600 0.000749012
1610 0.000732636
1620 0.000756959
1630 0.000727714
1640 0.000741258
1650 0.000729147
1660 0.000712228
1670 0.000738954
1680 0.00074812
1690 0.000760883
1700 0.000736648
1710 0.000747774
1720 0.000751432
1730 0.000743839
1740 0.000737604
1750 0.00072461
1760 0.000728086
1770 0.000730278
1780 0.000759671
1790 0.000735084
1800 0.000741936
1810 0.000784724
1820 0.000746244
1830 0.000744362
1840 0.000736347
1850 0.0007481
1860 0.000745286
1870 0.000749675
1880 0.000733054
1890 0.000761736
1900 0.000753447
1910 0.000767719
1920 0.000743776
1930 0.000712756
1940 0.000753125
1950 0.000738166
1960 0.000746722
1970 0.000726658
1980 0.00072804
1990 0.000743117
2000 0.000727867
2010 0.000739514
2020 0.000710329
2030 0.000729775
2040 0.000752285
2050 0.000736919
2060 0.000750177
2070 0.000730384
2080 0.000741658
2090 0.000741939
2100 0.000730877
2110 0.00072875
2120 0.000775765
2130 0.00073204
2140 0.000746407
2150 0.000776691
2160 0.000759087
2170 0.000742385
2180 0.000707863
2190 0.000740852
2200 0.000725076
2210 0.000725186
2220 0.000768838
2230 0.000770333
2240 0.000767098
2250 0.000734311
2260 0.000782994
2270 0.000754034
2280 0.000773983
2290 0.000732773
2300 0.00072984
2310 0.000781733
2320 0.000769833
2330 0.000727947
2340 0.000732148
2350 0.000781811
2360 0.000741629
2370 0.000755287
2380 0.000746596
2390 0.000767092
2400 0.000784463
2410 0.000725243
2420 0.000757373
2430 0.000795237
2440 0.000751214
2450 0.000786965
2460 0.000709994
2470 0.000768186
2480 0.00078455
2490 0.000739455
2500 0.000725067
2510 0.000746982
2520 0.000767961
2530 0.000763547
2540 0.000759865
2550 0.000715004
2560 0.00074256
2570 0.00077088
2580 0.000717979
2590 0.000745809
2600 0.000766047
2610 0.000756708
2620 0.000757341
2630 0.000734546
2640 0.000772299
2650 0.000772087
2660 0.000766788
2670 0.000784203
2680 0.000740491
2690 0.00075867
2700 0.000782543
2710 0.000752121
2720 0.000746382
2730 0.000760002
2740 0.000726658
2750 0.000758254
2760 0.000735173
2770 0.000731362
2780 0.000740274
2790 0.000733028
2800 0.000751598
2810 0.000750422
2820 0.000768222
2830 0.000788178
2840 0.000758253
2850 0.000707019
2860 0.000745234
2870 0.000768475
2880 0.000767508
2890 0.000752986
2900 0.000748099
2910 0.000770965
2920 0.00072168
2930 0.000720416
2940 0.000740717
2950 0.000755279
2960 0.000737753
2970 0.000767544
2980 0.000730512
2990 0.00074948
3000 0.000768227
3010 0.000733003
3020 0.000766501
3030 0.000769589
3040 0.000784213
3050 0.000740911
3060 0.000753668
3070 0.000720977
3080 0.000785235
3090 0.000748103
3100 0.000749164
3110 0.000754181
3120 0.00075328
3130 0.000747737
3140 0.000776887
3150 0.000762411
3160 0.000777051
3170 0.00072855
3180 0.000771767
3190 0.00072638
3200 0.000759679
3210 0.000787884
3220 0.000771212
3230 0.000786714
3240 0.000751929
3250 0.000763288
3260 0.000788119
3270 0.000724987
3280 0.000761692
3290 0.000736751
3300 0.000724351
3310 0.000773075
3320 0.000760337
3330 0.000810811
3340 0.000753943
3350 0.000699306
3360 0.000752205
3370 0.000771036
3380 0.000753479
3390 0.000763059
3400 0.00078169
3410 0.000741639
3420 0.000791717
3430 0.000793166
3440 0.000731903
3450 0.000747943
3460 0.000785315
3470 0.000799563
3480 0.000802816
3490 0.000768975
3500 0.000718248
3510 0.000743138
3520 0.000744583
3530 0.000803433
3540 0.000783412
3550 0.000731989
3560 0.00076861
3570 0.000758409
3580 0.000706436
3590 0.000770124
3600 0.000759935
3610 0.00074896
3620 0.000771614
3630 0.000725317
3640 0.000811543
3650 0.000799913
3660 0.000788357
3670 0.000800181
3680 0.000742171
3690 0.000757283
3700 0.000784647
3710 0.00076849
3720 0.000753627
3730 0.000707598
3740 0.000786172
3750 0.000780668
3760 0.000753484
3770 0.000774158
3780 0.00080846
3790 0.000773109
3800 0.000779563
3810 0.000768249
3820 0.000747816
3830 0.000725545
3840 0.000764198
3850 0.00076949
3860 0.000715055
3870 0.00072476
3880 0.000762294
3890 0.000764299
3900 0.000766373
3910 0.000793767
3920 0.000784909
3930 0.0007447
3940 0.000706747
3950 0.000775624
3960 0.0007628
3970 0.000784172
3980 0.000773965
3990 0.000758974
4000 0.0007866
4010 0.000738066
4020 0.000697276
4030 0.000754735
4040 0.000749743
4050 0.000764066
4060 0.000769908
4070 0.000788198
4080 0.000794502
4090 0.000792693
4100 0.000772593
4110 0.000756644
4120 0.000767674
4130 0.000765841
4140 0.000778992
4150 0.00079961
4160 0.000778882
4170 0.00073821
4180 0.00074132
4190 0.00077579
4200 0.000768451
4210 0.000788326
4220 0.000746739
4230 0.000727333
4240 0.000755209
4250 0.000790076
4260 0.00072558
4270 0.000732395
4280 0.000713983
4290 0.000768386
4300 0.000833023
4310 0.00077235
4320 0.000732445
4330 0.000720809
4340 0.000762032
4350 0.000756133
4360 0.000734345
4370 0.000768826
4380 0.000780134
4390 0.000761501
4400 0.000741457
4410 0.000786956
4420 0.000752919
4430 0.000811904
4440 0.00076742
4450 0.000771344
4460 0.000749054
4470 0.000779178
4480 0.000821452
4490 0.000789084
4500 0.000773137
4510 0.000768806
4520 0.000778777
4530 0.000740186
4540 0.000732649
4550 0.000752986
4560 0.000758255
4570 0.000763084
4580 0.000784636
4590 0.000758884
4600 0.000702704
4610 0.000720534
4620 0.000751038
4630 0.000738376
4640 0.000778547
4650 0.000778378
4660 0.000791654
4670 0.000777913
4680 0.000757647
4690 0.000744065
4700 0.000749699
4710 0.000713362
4720 0.000753462
4730 0.000753464
4740 0.000766298
4750 0.000799791
4760 0.000798906
4770 0.000720145
4780 0.000734048
4790 0.000738197
4800 0.000740021
4810 0.000766126
4820 0.00078255
4830 0.000784571
4840 0.000765318
4850 0.000787057
4860 0.000847772
4870 0.000829163
4880 0.000780107
4890 0.000770839
4900 0.00076818
4910 0.00073585
4920 0.000749057
4930 0.000775302
4940 0.000746777
4950 0.000748416
4960 0.000734923
4970 0.000745757
4980 0.000735037
4990 0.000741742
5000 0.000781663
