10 0.00167725
20 0.00210613
30 0.00237063
40 0.00256771
50 0.00271547
60 0.00284176
70 0.0029604
80 0.00305649
90 0.00311246
100 0.00320237
110 0.00324063
120 0.00331205
130 0.00336415
140 0.00340276
150 0.00346193
160 0.00349044
170 0.00350772
180 0.00350982
190 0.00357641
200 0.00362438
210 0.00362212
220 0.00363034
230 0.00364642
240 0.00370264
250 0.00370731
260 0.0037659
270 0.00376937
280 0.00372808
290 0.00376768
300 0.00377211
310 0.00379069
320 0.00383614
330 0.00379365
340 0.00380274
350 0.00379777
360 0.00378714
370 0.00382666
380 0.00386989
390 0.00391189
400 0.00389788
410 0.00393127
420 0.00394131
430 0.00380127
440 0.00386589
450 0.00387858
460 0.00383856
470 0.00392742
480 0.00396828
490 0.0038858
500 0.00387918
510 0.00388688
520 0.00392706
530 0.00396673
540 0.00391231
550 0.00386937
560 0.0039497
570 0.00391711
580 0.00381176
590 0.0039004
600 0.0039442
610 0.00393066
620 0.00382171
630 0.00392387
640 0.003908
650 0.00395203
660 0.00386773
670 0.00387261
680 0.00390645
690 0.00394549
700 0.00380831
710 0.00403288
720 0.00395058
730 0.00389903
740 0.00384048
750 0.00394207
760 0.00389795
770 0.00391088
780 0.00398882
790 0.00393156
800 0.00372883
810 0.00397697
820 0.00385108
830 0.00378284
840 0.00378467
850 0.00388341
860 0.00390738
870 0.0038634
880 0.00395658
890 0.00399114
900 0.0039203
910 0.00391007
920 0.00379179
930 0.0037265
940 0.00388624
950 0.0037784
960 0.00385184
970 0.00391271
980 0.00393719
990 0.00382302
1000 0.00374176
1010 0.00385177
1020 0.00384071
1030 0.0038818
1040 0.00384806
1050 0.00380181
1060 0.00402377
1070 0.00384772
1080 0.00383401
1090 0.00379833
1100 0.00375926
1110 0.00394436
1120 0.00377593
1130 0.00384392
1140 0.0040294
1150 0.0036641
1160 0.00384328
1170 0.00394698
1180 0.00376523
1190 0.00371669
1200 0.00396243
1210 0.00381233
1220 0.00390451
1230 0.00365872
1240 0.00391681
1250 0.00382448
1260 0.00393114
1270 0.00395695
1280 0.00381849
1290 0.00376866
1300 0.00375853
1310 0.00383232
1320 0.00392143
1330 0.0038408
1340 0.00370403
1350 0.00387318
1360 0.0038389
1370 0.0037815
1380 0.0039319
1390 0.00392407
1400 0.00386333
1410 0.00387684
1420 0.00394382
1430 0.00380217
1440 0.00398645
1450 0.00389886
1460 0.00391665
1470 0.00384802
1480 0.00379424
1490 0.00389607
1500 0.00389805
1510 0.00377395
1520 0.00387
1530 0.00371321
1540 0.0039203
1550 0.00387321
1560 0.00412186
1570 0.00392814
1580 0.00389071
1590 0.00390067
1600 0.00386323
1610 0.00386181
1620 0.00395824
1630 0.00378378
1640 0.00383427
1650 0.00379997
1660 0.00372034
1670 0.00383776
1680 0.00388683
1690 0.00396502
1700 0.00378938
1710 0.00389217
1720 0.00394365
1730 0.00387007
1740 0.00379462
1750 0.00382468
1760 0.00378232
1770 0.00381156
1780 0.00388511
1790 0.00385621
1800 0.00391497
1810 0.00409975
1820 0.00381752
1830 0.00390445
1840 0.00380761
1850 0.00387838
1860 0.00383091
1870 0.00384639
1880 0.00383968
1890 0.0039016
1900 0.00388193
1910 0.00397163
1920 0.00388478
1930 0.00368847
1940 0.00390298
1950 0.00380408
1960 0.00389358
1970 0.00379004
1980 0.00382646
1990 0.00375767
2000 0.00377639
2010 0.00382912
2020 0.00370751
2030 0.00381971
2040 0.00390201
2050 0.00377815
2060 0.0039
2070 0.00371986
2080 0.0037891
2090 0.00378479
2100 0.00373359
2110 0.003805
2120 0.0039901
2130 0.00374974
2140 0.00382721
2150 0.00403878
2160 0.00387503
2170 0.00383687
2180 0.00366448
2190 0.00387218
2200 0.0038145
2210 0.00375753
2220 0.00395283
2230 0.00402761
2240 0.00399304
2250 0.00382534
2260 0.00407594
2270 0.00395286
2280 0.00399115
2290 0.00376751
2300 0.00379125
2310 0.00406415
2320 0.00391279
2330 0.00369799
2340 0.00382193
2350 0.00408162
2360 0.00384809
2370 0.00398055
2380 0.00386235
2390 0.00387749
2400 0.00402407
2410 0.00375629
2420 0.00387449
2430 0.00414109
2440 0.00389659
2450 0.00407681
2460 0.00361997
2470 0.00395667
2480 0.00405663
2490 0.00374288
2500 0.00378658
2510 0.00387059
2520 0.00387026
2530 0.00392185
2540 0.00391546
2550 0.00363665
2560 0.003809
2570 0.00397585
2580 0.00362173
2590 0.00377454
2600 0.0039723
2610 0.00392401
2620 0.00383082
2630 0.00380825
2640 0.00401616
2650 0.00392647
2660 0.0039038
2670 0.00400655
2680 0.00391834
2690 0.00378073
2700 0.00403965
2710 0.00383282
2720 0.00372812
2730 0.00395961
2740 0.00366262
2750 0.00381371
2760 0.00382531
2770 0.00370025
2780 0.00380966
2790 0.003718
2800 0.00388923
2810 0.00386534
2820 0.00389291
2830 0.00397649
2840 0.00388654
2850 0.00355093
2860 0.00383319
2870 0.00391948
2880 0.00394089
2890 0.00390219
2900 0.00379736
2910 0.00399393
2920 0.00369558
2930 0.0036912
2940 0.00385222
2950 0.00378514
2960 0.00374654
2970 0.00391372
2980 0.00364026
2990 0.0037437
3000 0.00391221
3010 0.00370578
3020 0.00387353
3030 0.00391503
3040 0.00400362
3050 0.00375468
3060 0.00381077
3070 0.00359716
3080 0.00411246
3090 0.00380516
3100 0.00387787
3110 0.00376137
3120 0.00381193
3130 0.00387572
3140 0.00406447
3150 0.00382143
3160 0.00394284
3170 0.00371697
3180 0.00394421
3190 0.00368882
3200 0.00386216
3210 0.00390867
3220 0.00400127
3230 0.0040456
3240 0.00387303
3250 0.00382211
3260 0.00401264
3270 0.00373266
3280 0.0037094
3290 0.00372855
3300 0.00381184
3310 0.00383677
3320 0.00391238
3330 0.00408126
3340 0.00372117
3350 0.00367029
3360 0.00376602
3370 0.003892
3380 0.0037921
3390 0.00383049
3400 0.00393166
3410 0.00374265
3420 0.00395393
3430 0.00387603
3440 0.00370354
3450 0.0038045
3460 0.00396826
3470 0.0040361
3480 0.00402832
3490 0.00391057
3500 0.00357771
3510 0.00370371
3520 0.00369051
3530 0.00400582
3540 0.00390238
3550 0.00375493
3560 0.00388737
3570 0.00380555
3580 0.00364463
3590 0.00396708
3600 0.00382009
3610 0.00388461
3620 0.00397061
3630 0.00366921
3640 0.00401453
3650 0.00399514
3660 0.00397758
3670 0.00396367
3680 0.00365869
3690 0.00376496
3700 0.00394786
3710 0.00377987
3720 0.0037632
3730 0.00357657
3740 0.00387199
3750 0.00393765
3760 0.00381485
3770 0.0038566
3780 0.0040111
3790 0.00386491
3800 0.00389355
3810 0.00397546
3820 0.00369277
3830 0.00351188
3840 0.00374166
3850 0.00391848
3860 0.00361541
3870 0.0036994
3880 0.00380774
3890 0.00387041
3900 0.00383346
3910 0.00383058
3920 0.00388857
3930 0.00378439
3940 0.0035535
3950 0.00390085
3960 0.00388731
3970 0.0039157
3980 0.00380687
3990 0.00369897
4000 0.00386994
4010 0.00362492
4020 0.0035584
4030 0.00383089
4040 0.00368769
4050 0.0036983
4060 0.00394737
4070 0.00398397
4080 0.00393247
4090 0.0038884
4100 0.00393303
4110 0.0038051
4120 0.00385867
4130 0.00391465
4140 0.00392908
4150 0.00396826
4160 0.00378244
4170 0.00367613
4180 0.00361253
4190 0.00385145
4200 0.00379655
4210 0.00380205
4220 0.00363719
4230 0.00369952
4240 0.00381984
4250 0.00389795
4260 0.00355452
4270 0.00362942
4280 0.00348842
4290 0.00379431
4300 0.00413024
4310 0.00384771
4320 0.00363704
4330 0.0036134
4340 0.00379547
4350 0.00369263
4360 0.0035907
4370 0.00380402
4380 0.00395557
4390 0.00377694
4400 0.00376589
4410 0.00380409
4420 0.00374861
4430 0.00401091
4440 0.00378995
4450 0.00383197
4460 0.00378671
4470 0.00383594
4480 0.00401839
4490 0.00387745
4500 0.00385661
4510 0.00390566
4520 0.00390179
4530 0.003642
4540 0.0036587
4550 0.0038588
4560 0.00383942
4570 0.00382661
4580 0.0038743
4590 0.00376677
4600 0.00358344
4610 0.00359296
4620 0.00372873
4630 0.00365521
4640 0.00387527
4650 0.00395554
4660 0.0039489
4670 0.00388452
4680 0.00378043
4690 0.00370811
4700 0.00375884
4710 0.00365426
4720 0.00377801
4730 0.00383635
4740 0.0039055
4750 0.00395099
4760 0.00403819
4770 0.00361206
4780 0.00355867
4790 0.0037204
4800 0.00374324
4810 0.00382544
4820 0.00390705
4830 0.00389147
4840 0.00370305
4850 0.00391583
4860 0.00424724
4870 0.00411407
4880 0.00382806
4890 0.00381176
4900 0.00383861
4910 0.00359419
4920 0.00354243
4930 0.00379004
4940 0.0036978
4950 0.00374567
4960 0.00364445
4970 0.00369436
4980 0.00358843
4990 0.00371092
5000 0.00385484
