1 1.1298 1.1298 0
2 1.13362 1.13171 0.00190626
3 1.08448 1.11596 0.0157827
4 1.1111 1.11475 0.0112262
5 1.08257 1.10831 0.0108187
6 1.11226 1.10897 0.00885797
7 1.09835 1.10745 0.00763865
8 1.10138 1.10669 0.00665868
9 1.10902 1.10695 0.0058781
10 1.11385 1.10764 0.00530259
11 1.1225 1.10899 0.00498293
12 1.11174 1.10922 0.00455455
13 1.13089 1.11089 0.00450905
14 1.08168 1.1088 0.00466684
15 1.10939 1.10884 0.00434477
16 1.08221 1.10718 0.00439188
17 1.14577 1.10945 0.00470894
18 1.08313 1.10799 0.00467413
19 1.1182 1.10852 0.00445382
20 1.09281 1.10774 0.0042977
21 1.06621 1.10576 0.00454114
22 1.11438 1.10615 0.00434752
23 1.07178 1.10466 0.00441477
24 1.09241 1.10415 0.00425751
25 1.10756 1.10428 0.00408594
26 1.08113 1.10339 0.0040254
27 1.12756 1.10429 0.00397552
28 1.10606 1.10435 0.00383143
29 1.0924 1.10394 0.00371984
30 1.09799 1.10374 0.00359917
31 1.09332 1.1034 0.00349734
32 1.07465 1.10251 0.0035035
33 1.09358 1.10224 0.00340642
34 1.11541 1.10262 0.00332736
35 1.13082 1.10343 0.00332983
36 1.10593 1.1035 0.00323676
37 1.10792 1.10362 0.00315033
38 1.09641 1.10343 0.00307217
39 1.08685 1.103 0.0030224
40 1.08606 1.10258 0.00297618
41 1.11523 1.10289 0.00291904
42 1.13689 1.1037 0.0029615
43 1.09714 1.10354 0.00289583
44 1.10742 1.10363 0.00283062
45 1.0925 1.10339 0.00277805
46 1.08197 1.10292 0.00275657
47 1.0407 1.1016 0.0030046
48 1.10149 1.10159 0.00294134
49 1.10498 1.10166 0.00288151
50 1.1155 1.10194 0.00283682
51 1.1245 1.10238 0.0028156
52 1.10581 1.10245 0.00276171
53 1.07621 1.10195 0.00275396
54 1.10074 1.10193 0.00270257
55 1.11958 1.10225 0.00267232
56 1.1276 1.1027 0.00266293
57 1.11287 1.10288 0.00262187
58 1.14291 1.10357 0.0026671
59 1.10651 1.10362 0.00262198
60 1.10575 1.10366 0.00257815
61 1.11256 1.1038 0.00253973
62 1.09638 1.10368 0.0025013
63 1.09922 1.10361 0.00246229
64 1.09399 1.10346 0.00242818
65 1.06734 1.10291 0.00245427
66 1.10593 1.10295 0.00241723
67 1.07974 1.10261 0.00240596
68 1.08732 1.10238 0.00238096
69 1.07491 1.10198 0.00237973
70 1.09791 1.10193 0.00234621
71 1.09994 1.1019 0.0023131
72 1.11996 1.10215 0.00229451
73 1.09865 1.1021 0.00226336
74 1.13884 1.1026 0.00228712
75 1.11021 1.1027 0.0022587
76 1.13058 1.10307 0.00225877
77 1.11238 1.10319 0.00223252
78 1.09375 1.10307 0.00220702
79 1.12401 1.10333 0.00219498
80 1.13213 1.10369 0.00219706
81 1.13504 1.10408 0.00220402
82 1.09926 1.10402 0.00217777
83 1.1249 1.10427 0.00216602
84 1.10404 1.10427 0.00214008
85 1.10596 1.10429 0.00211485
86 1.11852 1.10445 0.00209666
87 1.09596 1.10436 0.00207472
88 1.09594 1.10426 0.00205323
89 1.13463 1.1046 0.00205851
90 1.13248 1.10491 0.00205894
91 1.11095 1.10498 0.00203727
92 1.07674 1.10467 0.00203824
93 1.11907 1.10482 0.00202214
94 1.07595 1.10452 0.00202396
95 1.12129 1.10469 0.0020103
96 1.13193 1.10498 0.00200938
97 1.11156 1.10505 0.00198971
98 1.09024 1.10489 0.00197509
99 1.12558 1.1051 0.00196618
100 1.07795 1.10483 0.00196526
