1 -5.05881 -5.05881 0
2 -5.06393 -5.06137 0.00255999
3 -4.98764 -5.03679 0.024622
4 -5.02807 -5.03461 0.0175466
5 -4.98802 -5.02529 0.0164791
6 -5.02844 -5.02582 0.0134653
7 -5.00763 -5.02322 0.011673
8 -5.01318 -5.02197 0.0101867
9 -5.02672 -5.02249 0.00899931
10 -5.03288 -5.02353 0.00811591
11 -5.0456 -5.02554 0.00761026
12 -5.0267 -5.02563 0.00694786
13 -5.05701 -5.02805 0.00683169
14 -4.98411 -5.02491 0.00706082
15 -5.02685 -5.02504 0.00657453
16 -4.98636 -5.02262 0.00660799
17 -5.08335 -5.02619 0.00716159
18 -4.98483 -5.0239 0.00713236
19 -5.03975 -5.02473 0.00679792
20 -4.99837 -5.02341 0.00658238
21 -4.96284 -5.02053 0.00689343
22 -5.03715 -5.02128 0.00661591
23 -4.97043 -5.01907 0.00669717
24 -5.00117 -5.01833 0.00645531
25 -5.02452 -5.01857 0.00619668
26 -4.98656 -5.01734 0.00607954
27 -5.05408 -5.0187 0.00600618
28 -5.02182 -5.01881 0.00578877
29 -5.0023 -5.01825 0.00561455
30 -5.0089 -5.01793 0.00543312
31 -5.00007 -5.01736 0.00528642
32 -4.9725 -5.01596 0.005307
33 -5.00267 -5.01555 0.0051594
34 -5.03603 -5.01616 0.00504145
35 -5.06127 -5.01744 0.00506218
36 -5.02265 -5.01759 0.00492168
37 -5.02396 -5.01776 0.0047899
38 -5.00638 -5.01746 0.00467175
39 -4.99408 -5.01686 0.00458971
40 -4.99106 -5.01622 0.00451975
41 -5.03687 -5.01672 0.00443683
42 -5.0694 -5.01798 0.0045079
43 -5.00615 -5.0177 0.0044104
44 -5.02262 -5.01781 0.00431045
45 -5.00374 -5.0175 0.00422516
46 -4.98512 -5.0168 0.0041918
47 -4.92165 -5.01477 0.004574
48 -5.01515 -5.01478 0.00447771
49 -5.01907 -5.01487 0.00438625
50 -5.03562 -5.01528 0.00431763
51 -5.04923 -5.01595 0.00428415
52 -5.0202 -5.01603 0.00420175
53 -4.97497 -5.01525 0.0041939
54 -5.01167 -5.01519 0.00411603
55 -5.04365 -5.01571 0.00407351
56 -5.05823 -5.01646 0.00407156
57 -5.03037 -5.01671 0.00400693
58 -5.07525 -5.01772 0.00406456
59 -5.02111 -5.01778 0.00399549
60 -5.02161 -5.01784 0.00392885
61 -5.0311 -5.01806 0.00387002
62 -5.00645 -5.01787 0.00381169
63 -5.01259 -5.01779 0.00375163
64 -5.00728 -5.01762 0.0036962
65 -4.96239 -5.01677 0.00373679
66 -5.01983 -5.01682 0.00368003
67 -4.98394 -5.01633 0.00365775
68 -4.99211 -5.01597 0.00362111
69 -4.97225 -5.01534 0.00362408
70 -5.00683 -5.01522 0.003574
71 -5.01005 -5.01514 0.00352405
72 -5.04514 -5.01556 0.00349965
73 -5.01155 -5.01551 0.00345181
74 -5.07114 -5.01626 0.00348685
75 -5.02805 -5.01641 0.00344363
76 -5.0601 -5.01699 0.00344629
77 -5.0341 -5.01721 0.00340848
78 -5.00513 -5.01706 0.00336806
79 -5.0495 -5.01747 0.00335042
80 -5.06183 -5.01802 0.00335443
81 -5.06415 -5.01859 0.00336136
82 -5.01189 -5.01851 0.00332112
83 -5.04969 -5.01889 0.00330229
84 -5.01801 -5.01887 0.00326276
85 -5.02156 -5.01891 0.0032243
86 -5.04103 -5.01916 0.00319695
87 -5.00612 -5.01901 0.00316355
88 -5.00723 -5.01888 0.00313026
89 -5.06633 -5.01941 0.00314046
90 -5.06133 -5.01988 0.0031401
91 -5.03011 -5.01999 0.00310744
92 -4.9776 -5.01953 0.00310783
93 -5.04201 -5.01977 0.00308372
94 -4.97456 -5.01929 0.00308842
95 -5.04103 -5.01952 0.0030643
96 -5.06074 -5.01995 0.00306246
97 -5.02938 -5.02005 0.00303229
98 -4.99703 -5.01981 0.00301036
99 -5.05183 -5.02014 0.0029973
100 -4.9781 -5.01971 0.0029968
