1 -3.36411 -3.3641073 0
2 -3.36351 -3.3638079 0.00029940269
3 -3.36092 -3.3628467 0.00097664497
4 -3.36142 -3.3624901 0.00077724683
5 -3.36417 -3.3628265 0.00068967322
6 -3.36004 -3.3623629 0.00072941998
7 -3.36012 -3.3620418 0.00069504648
8 -3.36111 -3.3619258 0.00061300913
9 -3.36319 -3.362066 0.00055849777
10 -3.3621 -3.3620695 0.00049954834
11 -3.36185 -3.3620495 0.00045230354
12 -3.35908 -3.3618022 0.00048129841
13 -3.36067 -3.3617153 0.00045116977
14 -3.36159 -3.3617061 0.00041780334
15 -3.36276 -3.3617762 0.00039521911
16 -3.36305 -3.3618558 0.00037816212
17 -3.36469 -3.3620223 0.00039231283
18 -3.36013 -3.3619171 0.00038453941
19 -3.36245 -3.3619453 0.00036482739
20 -3.35916 -3.3618059 0.00037311279
21 -3.36353 -3.3618881 0.00036430183
22 -3.36557 -3.3620556 0.00038560412
23 -3.36276 -3.3620861 0.00036971891
24 -3.36255 -3.3621055 0.00035450825
25 -3.36319 -3.3621489 0.00034278973
26 -3.36487 -3.3622537 0.00034560983
27 -3.36274 -3.3622716 0.00033304638
28 -3.36273 -3.362288 0.00032134919
29 -3.36369 -3.3623364 0.00031382672
30 -3.36191 -3.3623222 0.00030351889
31 -3.3601 -3.3622505 0.00030218965
32 -3.36053 -3.3621968 0.00029747876
33 -3.3623 -3.3621998 0.00028833925
34 -3.36291 -3.3622207 0.00028050834
35 -3.36504 -3.3623013 0.00028405387
36 -3.36375 -3.3623416 0.00027897669
37 -3.36208 -3.3623346 0.00027142188
38 -3.36177 -3.3623198 0.00026459805
39 -3.36381 -3.3623579 0.00026053046
40 -3.36198 -3.3623484 0.00025411206
41 -3.36402 -3.3623893 0.00025117915
42 -3.36406 -3.3624291 0.00024834041
43 -3.36044 -3.3623829 0.00024684845
44 -3.36149 -3.3623626 0.00024202708
45 -3.36499 -3.362421 0.00024367719
46 -3.36217 -3.3624154 0.00023838508
47 -3.36059 -3.3623767 0.00023645734
48 -3.36292 -3.362388 0.00023175686
49 -3.3616 -3.362372 0.00022754378
50 -3.36238 -3.3623721 0.0002229465
51 -3.36249 -3.3623743 0.00021854255
52 -3.36148 -3.3623572 0.00021498676
53 -3.36065 -3.362325 0.00021332864
54 -3.36056 -3.3622923 0.00021187328
55 -3.36428 -3.3623285 0.00021110026
56 -3.36683 -3.3624089 0.00022233866
57 -3.36107 -3.3623853 0.00021967181
58 -3.36089 -3.3623595 0.00021739074
59 -3.36134 -3.3623423 0.00021436557
60 -3.36299 -3.3623531 0.00021104111
61 -3.36226 -3.3623516 0.00020755788
62 -3.36188 -3.362344 0.00020432455
63 -3.36376 -3.3623665 0.00020230612
64 -3.3663 -3.3624279 0.00020837484
65 -3.36137 -3.3624116 0.00020578482
66 -3.36094 -3.3623893 0.00020386695
67 -3.36434 -3.3624185 0.00020290289
68 -3.36114 -3.3623996 0.00020078485
69 -3.35988 -3.362363 0.00020120407
70 -3.35997 -3.3623289 0.00020123306
71 -3.36015 -3.3622981 0.00020074639
72 -3.36519 -3.3623383 0.00020198456
73 -3.36357 -3.3623553 0.00019991554
74 -3.36287 -3.3623622 0.00019731848
75 -3.36273 -3.3623671 0.00019473069
76 -3.36423 -3.3623917 0.0001937144
77 -3.36553 -3.3624324 0.00019548067
78 -3.36451 -3.362459 0.00019478095
79 -3.36348 -3.362472 0.00019273587
80 -3.36364 -3.3624866 0.00019086989
81 -3.36159 -3.3624755 0.00018882351
82 -3.363 -3.3624819 0.00018661604
83 -3.36234 -3.3624802 0.00018436152
84 -3.36196 -3.362474 0.00018225976
85 -3.36261 -3.3624756 0.00018011032
86 -3.36324 -3.3624845 0.00017822537
87 -3.36217 -3.3624809 0.00017620129
88 -3.36332 -3.3624905 0.00017444954
89 -3.36438 -3.3625118 0.00017378618
90 -3.36261 -3.3625129 0.00017184807
91 -3.36369 -3.3625258 0.00017044089
92 -3.36248 -3.3625254 0.00016857871
93 -3.36341 -3.3625349 0.00016702845
94 -3.36064 -3.3625147 0.00016647297
95 -3.3591 -3.3624788 0.00016859127
96 -3.36285 -3.3624826 0.00016687132
97 -3.36205 -3.3624782 0.00016520282
98 -3.36167 -3.3624699 0.00016371478
99 -3.36345 -3.3624799 0.00016235759
100 -3.36117 -3.3624668 0.00016125566
