1.1
1.09999
1.09996
1.0999
1.09983
1.09974
1.09962
1.09948
1.09932
1.09914
1.09894
1.09872
1.09848
1.09822
1.09793
1.09762
1.0973
1.09695
1.09658
1.09618
1.09577
1.09533
1.09487
1.09439
1.09389
1.09336
1.09281
1.09224
1.09164
1.09103
1.09038
1.08971
1.08902
1.08831
1.08757
1.0868
1.08601
1.08519
1.08435
1.08348
1.08258
1.08165
1.0807
1.07972
1.07872
1.07768
1.07661
1.07552
1.0744
1.07324
1.07206
1.07085
1.0696
1.06832
1.06701
1.06567
1.06429
1.06289
1.06144
1.05997
1.05846
1.05691
1.05532
1.05371
1.05205
1.05035
1.04862
1.04685
1.04504
1.04319
1.0413
1.03937
1.0374
1.03539
1.03333
1.03123
1.02909
1.0269
1.02467
1.0224
1.02008
1.01771
1.0153
1.01283
1.01033
1.00777
1.00516
1.00251
0.999799
0.997043
0.994237
0.99138
0.988471
0.98551
0.982498
0.979432
0.976315
0.973144
0.96992
0.966642
0.96331
0.959925
0.956485
0.952992
0.949445
0.945842
0.942186
0.938476
0.934711
0.930892
0.927019
0.923094
0.919115
0.915083
0.910999
0.906863
0.902675
0.898436
0.894147
0.889808
0.88542
0.880983
0.876498
0.871967
0.86739
0.862769
0.858104
0.853398
0.848651
0.843864
0.839039
0.834177
0.829279
0.824347
0.819383
0.814389
0.809366
0.804316
0.799241
0.794144
0.789025
0.783888
0.778735
0.773567
0.768387
0.763198
0.758002
0.752801
0.747597
0.742394
0.737194
0.731999
0.726813
0.721638
0.716477
0.711331
0.706205
0.7011
0.696019
0.690966
0.685942
0.680952
0.675996
0.671079
0.666203
0.66137
0.656583
0.651846
0.647161
0.64253
0.637955
0.63344
0.628986
0.624596
0.620271
0.616015
0.611828
0.607713
0.603673
0.599708
0.595821
0.592014
0.588287
0.584643
0.581083
0.577607
0.574219
0.570917
0.567704
0.56458
0.561546
0.558603
0.555751
0.552991
0.550323
0.547748
0.545266
0.542877
0.54058
0.538377
0.536266
0.534247
0.532321
0.530486
0.528742
0.527088
0.525525
0.524051
0.522665
0.521366
0.520154
0.519027
0.517984
0.517025
0.516147
0.51535
0.514632
0.513992
0.513429
0.512941
0.512528
0.512186
0.511915
0.511714
0.51158
0.511513
0.511509
0.511569
0.511689
0.511868
0.512105
0.512398
0.512745
0.513144
0.513595
0.514094
0.51464
0.515232
0.515867
0.516545
0.517262
0.518018
0.518811
0.519638
0.5205
0.521392
0.522315
0.523267
0.524246
0.52525
0.526278
0.527327
0.528397
0.529486
0.530592
0.531715
0.532851
0.534001
0.535163
0.536335
0.537517
0.538705
0.5399
0.5411
0.542304
0.54351
0.544718
0.545926
0.547133
0.548338
0.549541
0.550739
0.551933
0.553121
0.554301
0.555475
0.556639
0.557794
0.558939
0.560072
0.561195
0.562305
0.563402
0.564486
0.565555
0.56661
0.56765
0.568673
0.569681
0.570672
0.571646
0.572604
0.573543
0.574465
0.575368
0.576253
0.577119
0.577966
0.578795
0.579604
0.580394
0.581165
0.581916
0.582649
0.583362
0.584056
0.584731
0.585387
0.586025
0.586644
0.587244
0.587827
0.588391
0.588937
0.589466
0.589978
0.590473
0.590951
0.591413
0.591858
0.592288
0.592701
0.5931
0.593484
0.593854
0.594209
0.594552
0.594881
0.595197
0.595501
0.595793
0.596074
0.596343
0.596601
0.596849
0.597086
0.597314
0.597533
0.597743
0.597944
0.598137
0.598322
0.598499
0.598669
0.598831
0.598987
0.599135
0.599278
0.599415
0.599546
0.599672
0.599793
0.599908
0.600019
0.600124
0.600225
0.600321
0.600413
0.600499
0.600582
0.600659
0.600732
0.600801
0.600865
0.600925
0.60098
0.60103
0.601076
0.601117
0.601153
0.601183
0.601209
0.60123
0.601246
0.601255
0.601259
0.601256
0.601247
0.601232
0.601209
0.601179
0.601142
0.601097
0.601043
0.600981
0.600911
0.600831
0.600742
0.600643
0.600533
0.600413
0.600283
0.600141
0.599987
0.599822
0.599645
0.599455
0.599252
0.599035
0.598805
0.598562
0.598304
0.598031
0.597744
0.597442
0.597125
0.596792
0.596444
0.596079
0.595698
0.595301
0.594887
0.594456
0.594009
0.593544
0.593063
0.592564
0.592048
0.591515
0.590965
0.590398
0.589814
0.589213
0.588595
0.58796
0.587308
0.586639
0.585954
0.585253
0.584536
0.583803
0.583055
0.582291
0.581512
0.580718
0.57991
0.579088
0.578253
0.577404
0.576543
0.57567
0.574785
0.573889
0.572982
0.572066
0.57114
0.570205
0.569262
0.568312
0.567354
0.566389
0.565419
0.564444
0.563464
0.56248
0.561493
0.560504
0.559513
0.55852
0.557528
0.556535
0.555544
0.554554
0.553567
0.552582
0.551601
0.550624
0.549651
0.548685
0.547725
0.546771
0.545825
0.544887
0.543958
0.543037
0.542127
0.541228
0.54034
0.539464
0.538599
0.537748
0.53691
0.536086
0.535277
0.534482
0.533702
0.532938
0.53219
0.531459
0.530745
0.530048
0.529369
0.528708
0.528066
0.527443
0.526839
0.526255
0.52569
0.525145
0.524621
0.524117
0.523634
0.523173
0.522733
0.522314
0.521918
0.521543
0.52119
0.52086
0.520552
0.520266
0.520003
0.519763
0.519545
0.51935
0.519177
0.519027
0.518899
0.518793
0.51871
0.51865
0.518611
0.518595
0.5186
0.518627
0.518676
0.518747
0.518839
0.518951
0.519085
0.519239
0.519414
0.519608
0.519822
0.520056
0.520309
0.520581
0.520872
0.52118
0.521506
0.521849
0.52221
0.522587
0.522979
0.523388
0.523811
0.524249
0.524701
0.525167
0.525646
0.526138
0.526642
0.527158
0.527686
0.528224
0.528773
0.529331
0.529898
0.530474
0.531057
0.531649
0.532247
0.532852
0.533463
0.534079
0.534699
0.535324
0.535952
0.536583
0.537216
0.537852
0.538489
0.539126
0.539764
0.540401
0.541038
0.541672
0.542305
0.542935
0.543561
0.544184
0.544803
0.545417
0.546027
0.54663
0.547228
0.547819
0.548403
0.548978
0.549545
0.550104
0.550654
0.551194
0.551724
0.552244
0.552753
0.553251
0.553737
0.554211
0.554674
0.555123
0.55556
0.555984
0.556395
0.556792
0.557176
0.557546
0.557901
0.558243
0.558569
0.558881
0.559179
0.559461
0.559729
0.559982
0.56022
0.560443
0.560651
0.560845
0.561025
0.561189
0.56134
0.561475
0.561597
0.561706
0.5618
0.561881
0.561948
0.562002
0.562043
0.562071
0.562087
0.562091
0.562082
0.562063
0.562032
0.561989
0.561936
0.561873
0.561801
0.561718
0.561626
0.561525
0.561416
0.561299
0.561174
0.561042
0.560903
0.560758
0.560607
0.560451
0.560289
0.560123
0.559952
0.559778
0.5596
0.559419
0.559236
0.55905
0.558863
0.558674
0.558483
0.558292
0.558101
0.55791
0.55772
0.557529
0.55734
0.557153
0.556967
0.556784
0.556603
0.556425
0.55625
0.556078
0.55591
0.555746
0.555587
0.555432
0.555281
0.555136
0.554996
0.554862
0.554733
0.554611
0.554495
0.554386
0.554284
0.554189
0.554101
0.55402
0.553948
0.553883
0.553828
0.55378
0.553742
0.553714
0.553695
0.553686
0.553686
0.553696
0.553716
0.553746
0.553787
0.553838
0.5539
0.553972
0.554056
0.554151
0.554257
0.554374
0.554504
0.554644
0.554796
0.55496
0.555136
0.555324
0.555523
0.555734
0.555957
0.556192
0.556438
0.556695
0.556964
0.557244
0.557534
0.557836
0.558148
0.55847
0.558802
0.559145
0.559497
0.559858
0.560228
0.560607
0.560993
0.561388
0.561791
0.562201
0.562618
0.563041
0.56347
0.563904
0.564343
0.564787
0.565235
0.565687
0.566143
0.566602
0.567063
0.567527
0.567992
0.568459
0.568926
0.569393
0.56986
0.570327
0.570792
0.571256
0.571718
0.572177
0.572634
0.573087
0.573538
0.573984
0.574427
0.574865
0.575298
0.575727
0.57615
0.576568
0.576981
0.577387
0.577788
0.578182
0.57857
0.578951
0.579326
0.579694
0.580055
0.580409
0.580757
0.581097
0.58143
0.581756
0.582075
0.582386
0.58269
0.582987
0.583276
0.583559
0.583835
0.584104
0.584366
0.584622
0.584871
0.585115
0.585352
0.585583
0.585809
0.586029
0.586243
0.586452
0.586656
0.586855
0.58705
0.58724
0.587426
0.587608
0.587787
0.587962
0.588135
0.588304
0.58847
0.588634
0.588795
0.588955
0.589112
0.589268
0.589422
0.589575
0.589727
0.589879
0.59003
0.590181
0.590332
0.590483
0.590634
0.590786
0.590938
0.591091
0.591245
0.5914
0.591557
0.591714
0.591874
0.592034
0.592197
0.592361
0.592527
0.592695
0.592865
0.593037
0.593211
0.593387
0.593566
0.593746
0.593928
0.594113
0.594299
0.594488
0.594679
0.594872
0.595068
0.595265
0.595465
0.595666
0.595869
0.596074
0.59628
0.596488
0.596697
0.596906
0.597117
0.597329
0.597542
0.597756
0.59797
0.598184
0.598399
0.598613
0.598828
0.599042
0.599256
0.599468
0.59968
0.599891
0.600101
0.60031
0.600516
0.600721
0.600924
0.601125
0.601324
0.60152
0.601713
0.601903
0.602091
0.602275
0.602455
0.602631
0.602803
0.602971
0.603134
0.603293
0.603447
0.603596
0.60374
0.603878
0.604011
0.604138
0.60426
0.604375
0.604484
0.604587
0.604683
0.604774
0.604857
0.604934
0.605004
0.605066
0.605121
0.605168
0.605207
0.605239
0.605264
0.60528
0.605288
0.605289
0.605281
0.605265
0.605242
0.60521
0.60517
0.605121
0.605065
0.605
0.604927
0.604846
0.604758
0.604661
0.604557
0.604445
0.604324
0.604196
0.604061
0.603917
0.603767
0.603609
0.603444
0.603273
0.603095
0.60291
0.60272
0.602523
0.602321
0.602113
0.601899
0.60168
0.601457
0.60123
0.600998
0.600763
0.600524
0.600282
0.600036
0.599788
0.599538
0.599285
0.599031
0.598776
0.59852
0.598263
0.598006
0.597749
0.597492
0.597236
0.59698
0.596725
0.596471
0.596219
0.595969
0.595723
0.595479
0.595239
0.595002
0.594769
0.594539
0.594313
0.594092
0.593875
0.593664
0.593457
0.593255
0.593059
0.592867
0.592682
0.592502
0.592328
0.59216
0.591998
0.591843
0.591694
0.591551
0.591415
0.591286
0.591162
0.591045
0.590935
0.590831
0.590734
0.590643
0.590558
0.590479
0.590406
0.590339
0.590277
0.590221
0.590169
0.590123
0.590081
0.590044
0.590011
0.589982
0.589956
0.589934
0.589916
0.5899
0.589887
0.589876
0.589867
0.589861
0.589856
0.589852
0.589849
0.589847
0.589845
0.589843
0.58984
0.589837
0.589833
0.589828
0.58982
0.589811
0.5898
0.589785
0.589768
0.589748
0.589723
0.589696
0.589664
0.589627
0.589586
0.589541
0.58949
0.589435
0.589374
0.589308
0.589237
0.58916
0.589077
0.588988
0.588892
0.588791
0.588683
0.588569
0.588448
0.588322
0.588188
0.588049
0.587902
0.587749
0.58759
0.587425
0.587254
0.587076
0.586892
0.586703
0.586508
0.586307
0.586101
0.585889
0.585672
0.58545
0.585223
0.58499
0.584753
0.58451
0.584263
0.584012
0.583757
0.583497
0.583232
0.582964
0.582692
0.582415
0.582135
0.581851
0.581562
0.58127
0.580974
0.580675
0.580371
0.580064
0.579753
0.579437
0.579117
0.578793
0.578465
0.578132
0.577795
0.577452
0.577105
0.576753
0.576395
0.576031
0.575662
0.575287
0.574906
0.574517
0.574123
0.573721
0.573312
0.572895
0.572471
0.572038
0.571598
0.571149
0.570692
0.570226
0.56975
0.569266
0.568772
0.568267
0.567753
0.567229
0.566695
0.56615
0.565594
0.565029
0.564452
0.563865
0.563266
0.562657
0.562038
0.561408
0.560767
0.560115
0.559453
0.558781
0.558098
0.557406
0.556704
0.555992
0.55527
0.554539
0.553798
0.553048
0.55229
0.551524
0.550749
0.549967
0.549177
0.54838
0.547576
0.546766
0.545951
0.54513
0.544305
0.543475
0.542641
0.541804
0.540964
0.540122
0.539278
0.538433
0.537587
0.536742
0.535897
0.535053
0.53421
0.53337
0.532532
0.531698
0.530868
0.530042
0.529221
0.528406
0.527598
0.526796
0.526002
0.525216
0.524439
0.523671
0.522913
0.522164
0.521427
0.520701
0.519987
0.519285
0.518596
0.51792
0.517258
0.51661
0.515978
0.51536
0.514759
0.514173
0.513603
0.513051
0.512515
0.511997
0.511496
0.511014
0.51055
0.510105
0.509678
0.50927
0.50888
0.50851
0.50816
0.507829
0.507517
0.507225
0.506952
0.506698
0.506464
0.50625
0.506055
0.505879
0.505723
0.505585
0.505467
0.505367
0.505285
0.505222
0.505176
0.505148
0.505138
0.505144
0.505167
0.505206
0.505261
0.505331
0.505417
0.505517
0.505631
0.505759
0.505899
0.506053
0.506218
0.506395
0.506583
0.506782
0.50699
0.507208
0.507435
0.50767
0.507914
0.508164
0.508422
0.508685
0.508955
0.50923
0.50951
0.509794
0.510082
0.510373
0.510668
0.510965
0.511264
0.511565
0.511867
0.512172
0.512477
0.512782
0.513088
0.513394
0.513699
0.514004
0.514308
0.514612
0.514914
0.515215
0.515515
0.515814
0.516111
0.516407
0.5167
0.516992
0.517282
0.517571
0.517857
0.518142
0.518425
0.518706
0.518985
0.519263
0.519539
0.519814
0.520087
0.520359
0.52063
0.520899
0.521168
0.521436
0.521704
0.521973
0.522241
0.522508
0.522776
0.523045
0.523313
0.523583
0.523853
0.524125
0.524398
0.524673
0.524949
0.525228
0.525509
0.525792
0.526077
0.526365
0.526656
0.52695
0.527247
0.527547
0.527851
0.528159
0.52847
0.528786
0.529106
0.52943
0.529758
0.530091
0.530428
0.53077
0.531117
0.531468
0.531824
0.532185
0.532552
0.532923
0.533299
0.533681
0.534068
0.534459
0.534856
0.535258
0.535665
0.536076
0.536492
0.536913
0.537339
0.537769
0.538204
0.538642
0.539084
0.539531
0.539981
0.540434
0.540891
0.541351
0.541813
0.542279
0.542746
0.543216
0.543688
0.544161
0.544636
0.545111
0.545587
0.546064
0.546541
0.547018
0.547495
0.547971
0.548447
0.548921
0.549395
0.549867
0.550338
0.550806
0.551272
0.551735
0.552195
0.552651
0.553104
0.553553
0.553998
0.554439
0.554876
0.555308
0.555736
0.556159
0.556577
0.55699
0.557398
0.557801
0.558199
0.558591
0.558978
0.559359
0.559736
0.560107
0.560473
0.560834
0.56119
0.561541
0.561887
0.562229
0.562566
0.562899
0.563227
0.563552
0.563872
0.564189
0.564501
0.564811
0.565116
0.565419
0.565718
0.566015
0.566308
0.566599
0.566888
0.567175
0.567459
0.567741
0.568022
0.568301
0.568578
0.568854
0.569128
0.569401
0.569673
0.569943
0.570211
0.570478
0.570744
0.571009
0.571272
0.571533
0.571792
0.57205
0.572306
0.57256
0.572812
0.573062
0.573309
0.573553
0.573794
0.574032
0.574266
0.574497
0.574723
0.574946
0.575163
0.575376
0.575584
0.575787
0.575984
0.576176
0.576361
0.57654
0.576712
0.576878
0.577036
0.577187
0.577331
0.577467
0.577594
0.577714
0.577826
0.577929
0.578024
0.57811
0.578187
0.578255
0.578315
0.578365
0.578406
0.578437
0.578459
0.578472
0.578474
0.578467
0.578451
0.578425
0.578389
0.578344
0.578291
0.578228
0.578156
0.578075
0.577985
0.577886
0.577778
0.577661
0.577536
0.577403
0.577261
0.577111
0.576953
0.576787
0.576613
0.576432
0.576243
0.576048
0.575845
0.575636
0.57542
0.575199
0.574971
0.574738
0.5745
0.574258
0.574011
0.57376
0.573506
0.573248
0.572987
0.572723
0.572457
0.572189
0.57192
0.57165
0.571379
0.571107
0.570836
0.570565
0.570296
0.570028
0.569763
0.5695
0.569241
0.568986
0.568735
0.568489
0.568248
0.568013
0.567785
0.567564
0.56735
0.567144
0.566946
0.566758
0.56658
0.566413
0.566257
0.566112
0.56598
0.56586
0.565754
0.565661
0.565583
0.565521
0.565474
0.565444
0.56543
0.565434
0.565455
0.565494
0.565552
0.565629
0.565725
0.565843
0.56598
0.566139
0.56632
0.566522
0.566747
0.566994
0.567263
0.567556
0.567872
0.568211
0.568574
0.568961
0.569372
0.569807
0.570266
0.570749
0.571256
0.571786
0.57234
0.572919
0.57352
0.574145
0.574792
0.575462
0.576154
0.576868
0.577603
0.578359
0.579136
0.579932
0.580748
0.581582
0.582434
0.583304
0.58419
0.585091
0.586008
0.58694
0.587885
0.588843
0.589813
0.590793
0.591783
0.592781
0.593788
0.594801
0.595821
0.596845
0.597873
0.598905
0.599938
0.600973
0.602007
0.603041
0.604072
0.6051
0.606123
0.607142
0.608154
0.60916
0.610157
0.611146
0.612125
0.613093
0.61405
0.614995
0.615926
0.616844
0.617746
0.618633
0.619503
0.620357
0.621193
0.62201
0.622809
0.623589
0.624348
0.625087
0.625806
0.626503
0.627178
0.627831
0.628462
0.62907
0.629655
0.630217
0.630756
0.631271
0.631762
0.632229
0.632672
0.633091
0.633487
0.633858
0.634204
0.634526
0.634825
0.635099
0.63535
0.635578
0.635782
0.635962
0.63612
0.636255
0.636367
0.636457
0.636524
0.63657
0.636594
0.636596
0.636577
0.636538
0.636478
0.636398
0.636299
0.63618
0.636041
0.635884
0.635708
0.635514
0.635303
0.635074
0.634829
0.634568
0.63429
0.633998
0.63369
0.633369
0.633033
0.632684
0.632322
0.631948
0.631562
0.631165
0.630756
0.630337
0.629908
0.629469
0.629021
0.628564
0.6281
0.627629
0.62715
0.626664
0.626171
0.625674
0.62517
0.624662
0.62415
0.623634
0.623114
0.622592
0.622067
0.621539
0.62101
0.62048
0.619949
0.619418
0.618888
0.618358
0.617829
0.617302
0.616777
0.616254
0.615734
0.615217
0.614703
0.614193
0.613687
0.613186
0.612689
0.612198
0.611712
0.611231
0.610757
0.610288
0.609826
0.609373
0.608927
0.608488
0.608057
0.607634
0.60722
0.606814
0.606417
0.606029
0.60565
0.60528
0.604919
0.604567
0.604225
0.603892
0.60357
0.603257
0.602954
0.602661
0.602379
0.602106
0.601844
0.601592
0.60135
0.601118
0.600897
0.600685
0.600484
0.600293
0.600113
0.599942
0.599781
0.59963
0.599489
0.599357
0.599235
0.599122
0.599019
0.598925
0.59884
0.598765
0.598697
0.598639
0.598588
0.598545
0.598511
0.598484
0.598464
0.59845
0.598444
0.598444
0.59845
0.598462
0.598479
0.598503
0.598531
0.598565
0.598603
0.598645
0.598691
0.59874
0.598792
0.598848
0.598906
0.598967
0.59903
0.599095
0.599161
0.599228
0.599296
0.599364
0.599432
0.599501
0.599569
0.599636
0.599702
0.599767
0.599831
0.599892
0.599952
0.60001
0.600066
0.600119
0.600169
0.600216
0.60026
0.6003
0.600337
0.60037
0.6004
0.600425
0.600446
0.600463
0.600476
0.600484
0.600487
0.600486
0.60048
0.600469
0.600453
0.600433
0.600408
0.600379
0.600344
0.600305
0.600261
0.600212
0.600159
0.600101
0.600038
0.59997
0.599898
0.599822
0.599741
0.599656
0.599567
0.599474
0.599377
0.599275
0.599171
0.599062
0.598951
0.598836
0.598718
0.598596
0.598472
0.598345
0.598216
0.598084
0.59795
0.597814
0.597676
0.597536
0.597395
0.597252
0.597108
0.596963
0.596817
0.596671
0.596525
0.596378
0.596232
0.596086
0.595941
0.595797
0.595654
0.595512
0.595373
0.595236
0.5951
0.594968
0.594838
0.594712
0.594589
0.59447
0.594355
0.594245
0.594139
0.594038
0.593943
0.593852
0.593767
0.593689
0.593617
0.593552
0.593494
0.593443
0.5934
0.593364
0.593336
0.593317
0.593306
0.593304
0.593311
0.593328
0.593354
0.59339
0.593436
0.593493
0.59356
0.593637
0.593725
0.593824
0.593934
0.594055
0.594187
0.594331
0.594486
0.594652
0.594829
0.595018
0.595218
0.595428
0.59565
0.595883
0.596127
0.596381
0.596646
0.596921
0.597207
0.597503
0.597809
0.598124
0.598447
0.59878
0.599121
0.59947
0.599826
0.60019
0.60056
0.600936
0.601319
0.601707
0.6021
0.602497
0.602899
0.603303
0.603712
0.604123
0.604536
0.604951
0.605366
0.605782
0.606198
0.606614
0.607029
0.607442
0.607854
0.608263
0.60867
0.609074
0.609474
0.609871
0.610263
0.610651
0.611034
0.611411
0.611782
0.612146
0.612503
0.612854
0.613196
0.613531
0.613858
0.614177
0.614489
0.614791
0.615085
0.61537
0.615646
0.615913
0.61617
0.616419
0.616659
0.616889
0.617109
0.61732
0.617521
0.617712
0.617894
0.618067
0.61823
0.618384
0.618529
0.618664
1.1
1.10006
1.10016
1.10022
1.10021
1.10016
1.10005
1.09989
1.09968
1.09942
1.0991
1.09874
1.09832
1.09786
1.09735
1.09679
1.09618
1.09552
1.09482
1.09407
1.09328
1.09244
1.09156
1.09064
1.08968
1.08867
1.08763
1.08654
1.08542
1.08425
1.08305
1.08182
1.08055
1.07924
1.0779
1.07653
1.07513
1.07369
1.07223
1.07074
1.06922
1.06767
1.0661
1.0645
1.06288
1.06124
1.05957
1.05789
1.05618
1.05446
1.05272
1.05096
1.04919
1.0474
1.04561
1.0438
1.04197
1.04015
1.03831
1.03646
1.03461
1.03276
1.0309
1.02904
1.02717
1.02531
1.02345
1.02159
1.01973
1.01787
1.01602
1.01418
1.01234
1.01051
1.00868
1.00687
1.00507
1.00328
1.0015
0.999732
0.997979
0.99624
0.994516
0.992807
0.991114
0.989438
0.98778
0.98614
0.984518
0.982914
0.98133
0.979765
0.978219
0.976694
0.975189
0.973705
0.972242
0.9708
0.96938
0.967981
0.966603
0.965246
0.963911
0.962598
0.961306
0.960036
0.958788
0.957561
0.956355
0.95517
0.954007
0.952865
0.951745
0.950645
0.949567
0.948509
0.947471
0.946453
0.945455
0.944477
0.943519
0.942579
0.941658
0.940756
0.939871
0.939005
0.938156
0.937325
0.93651
0.935712
0.934931
0.934165
0.933414
0.932679
0.931959
0.931253
0.930562
0.929884
0.929218
0.928566
0.927926
0.927298
0.926682
0.926078
0.925485
0.924902
0.924329
0.923767
0.923215
0.922673
0.922139
0.921614
0.921097
0.920589
0.920089
0.919596
0.91911
0.918632
0.918162
0.917698
0.91724
0.916789
0.916343
0.915904
0.915471
0.915044
0.914623
0.914207
0.913798
0.913394
0.912996
0.912604
0.912218
0.911838
0.911463
0.911094
0.910731
0.910373
0.910021
0.909675
0.909335
0.909
0.908671
0.908349
0.908031
0.907719
0.907412
0.907112
0.906816
0.906526
0.906241
0.90596
0.905684
0.905413
0.905146
0.904882
0.904622
0.904366
0.904112
0.903862
0.903613
0.903366
0.903121
0.902876
0.902632
0.902388
0.902143
0.901897
0.901649
0.901398
0.901144
0.900885
0.900622
0.900352
0.900076
0.899793
0.899503
0.899203
0.898893
0.898573
0.898241
0.897896
0.897538
0.897166
0.896779
0.896377
0.895957
0.89552
0.895064
0.89459
0.894095
0.893581
0.893045
0.892488
0.891909
0.891307
0.890683
0.890036
0.889365
0.888671
0.887954
0.887213
0.886448
0.885661
0.884852
0.884021
0.883167
0.882293
0.881397
0.880483
0.879549
0.878598
0.877631
0.876648
0.875651
0.874642
0.873622
0.872593
0.871557
0.870515
0.86947
0.868423
0.867375
0.866329
0.865286
0.864249
0.863219
0.862199
0.861191
0.860196
0.859217
0.858255
0.857312
0.856389
0.855488
0.854611
0.853759
0.852932
0.852131
0.851359
0.850615
0.849901
0.849217
0.848563
0.847941
0.847349
0.846788
0.846258
0.845758
0.845288
0.844848
0.844436
0.844054
0.843699
0.84337
0.843069
0.842792
0.842539
0.84231
0.842103
0.841917
0.841752
0.841605
0.841476
0.841364
0.841267
0.841184
0.841115
0.841057
0.841011
0.840975
0.840947
0.840926
0.840912
0.840903
0.840899
0.840899
0.840901
0.840904
0.840909
0.840913
0.840918
0.840922
0.840924
0.840925
0.840923
0.840919
0.840913
0.840903
0.840891
0.840877
0.840859
0.84084
0.840818
0.840795
0.840771
0.840746
0.840722
0.840699
0.840678
0.840659
0.840644
0.840633
0.840629
0.84063
0.84064
0.840657
0.840685
0.840725
0.840777
0.840843
0.840924
0.841022
0.841137
0.841271
0.841426
0.841602
0.841801
0.842024
0.842271
0.842545
0.842846
0.843176
0.843535
0.843924
0.844344
0.844797
0.845283
0.845802
0.846356
0.846944
0.847568
0.848227
0.848923
0.849655
0.850424
0.851229
0.852071
0.85295
0.853865
0.854817
0.855805
0.856828
0.857887
0.858981
0.860109
0.861272
0.862467
0.863694
0.864953
0.866242
0.867562
0.86891
0.870285
0.871688
0.873116
0.874568
0.876043
0.87754
0.879058
0.880595
0.88215
0.883721
0.885308
0.886909
0.888523
0.890147
0.891781
0.893423
0.895072
0.896726
0.898383
0.900042
0.901701
0.90336
0.905016
0.906667
0.908314
0.909953
0.911583
0.913203
0.914812
0.916408
0.91799
0.919556
0.921106
0.922637
0.924149
0.92564
0.927108
0.928554
0.929974
0.931369
0.932738
0.934078
0.935389
0.936671
0.937921
0.93914
0.940326
0.94148
0.942599
0.943684
0.944733
0.945748
0.946725
0.947666
0.94857
0.949436
0.950264
0.951054
0.951805
0.952518
0.953193
0.953828
0.954426
0.954985
0.955505
0.955987
0.956432
0.956839
0.957208
0.957541
0.957837
0.958097
0.958321
0.95851
0.958665
0.958787
0.958875
0.958932
0.958957
0.958951
0.958915
0.958849
0.958754
0.958631
0.958482
0.958307
0.958106
0.957882
0.957634
0.957363
0.957071
0.956757
0.956424
0.956072
0.955702
0.955315
0.954912
0.954493
0.95406
0.953613
0.953153
0.952681
0.952198
0.951704
0.951199
0.950685
0.950162
0.94963
0.949091
0.948545
0.947992
0.947432
0.946866
0.946295
0.945717
0.945134
0.944545
0.94395
0.94335
0.942745
0.942134
0.941517
0.940895
0.940267
0.939633
0.938993
0.938346
0.937692
0.937031
0.936363
0.935687
0.935003
0.934311
0.93361
0.932898
0.932177
0.931444
0.930702
0.929948
0.929182
0.928404
0.927614
0.926812
0.925996
0.925167
0.924325
0.923468
0.922597
0.921712
0.920813
0.919899
0.918971
0.918029
0.917073
0.916102
0.915117
0.914119
0.913108
0.912083
0.911046
0.909998
0.908938
0.907867
0.906785
0.905694
0.904594
0.903485
0.902369
0.901247
0.900118
0.898983
0.897845
0.896703
0.895558
0.894412
0.893265
0.892119
0.890974
0.889832
0.888693
0.88756
0.886432
0.885311
0.884198
0.883093
0.881999
0.880915
0.879843
0.878784
0.877739
0.876708
0.875693
0.874695
0.873714
0.872752
0.871808
0.870883
0.869979
0.869095
0.868233
0.867393
0.866575
0.865781
0.865011
0.864265
0.863544
0.862848
0.862178
0.861533
0.860914
0.860321
0.859755
0.859215
0.858702
0.858215
0.857756
0.857323
0.856916
0.856536
0.856183
0.855856
0.855555
0.85528
0.855032
0.854809
0.854611
0.854439
0.854291
0.854167
0.854068
0.853992
0.853939
0.85391
0.853902
0.853917
0.853953
0.854011
0.854089
0.854188
0.854308
0.854447
0.854605
0.854782
0.854979
0.855193
0.855427
0.855678
0.855947
0.856233
0.856536
0.856856
0.857192
0.857545
0.857914
0.858299
0.858699
0.859115
0.859546
0.859994
0.860456
0.860934
0.861428
0.861936
0.86246
0.862999
0.863553
0.864123
0.864708
0.86531
0.865927
0.866559
0.867207
0.867871
0.868549
0.869243
0.869953
0.870677
0.871416
0.872171
0.87294
0.873724
0.874524
0.875338
0.876166
0.877008
0.877864
0.878734
0.879616
0.880512
0.88142
0.882341
0.883274
0.884219
0.885174
0.88614
0.887118
0.888105
0.889101
0.890106
0.891119
0.892141
0.893171
0.894207
0.895251
0.896301
0.897357
0.898419
0.899487
0.900559
0.901635
0.902716
0.903801
0.904889
0.905981
0.907076
0.908173
0.909273
0.910375
0.911478
0.912583
0.91369
0.914797
0.915906
0.917015
0.918124
0.919234
0.920344
0.921453
0.922562
0.923671
0.924777
0.925883
0.926986
0.928088
0.929187
0.930283
0.931376
0.932464
0.933548
0.934627
0.9357
0.936768
0.937829
0.938883
0.939929
0.940966
0.941993
0.94301
0.944017
0.945011
0.945993
0.946962
0.947917
0.948857
0.94978
0.950688
0.951577
0.952448
0.953299
0.954131
0.954941
0.955728
0.956493
0.957233
0.957948
0.958638
0.959301
0.959935
0.960541
0.961117
0.961663
0.962178
0.962661
0.963112
0.963528
0.963909
0.964255
0.964566
0.964841
0.965078
0.965278
0.96544
0.965563
0.965646
0.965691
0.965696
0.965662
0.965587
0.965472
0.965317
0.965121
0.964886
0.96461
0.964295
0.96394
0.963546
0.963113
0.962642
0.962134
0.961589
0.961009
0.960394
0.959744
0.959062
0.958348
0.957603
0.956828
0.956025
0.955194
0.954338
0.953457
0.952553
0.951629
0.950685
0.949722
0.948742
0.947746
0.946737
0.945715
0.944682
0.943641
0.942592
0.941536
0.940476
0.939413
0.938349
0.937283
0.936219
0.935157
0.934098
0.933045
0.931997
0.930957
0.929924
0.9289
0.927886
0.926882
0.925889
0.924907
0.923936
0.922977
0.922031
0.921098
0.920178
0.919271
0.918377
0.917497
0.916631
0.915778
0.91494
0.914114
0.913301
0.9125
0.911712
0.910937
0.910173
0.909422
0.908684
0.907956
0.907241
0.906535
0.905842
0.905159
0.904486
0.903823
0.90317
0.902527
0.901893
0.901269
0.900654
0.900048
0.899452
0.898864
0.898284
0.897714
0.897151
0.896597
0.896051
0.895512
0.894982
0.894459
0.893944
0.893436
0.892934
0.89244
0.891952
0.891471
0.890995
0.890525
0.890061
0.889602
0.889147
0.888697
0.888251
0.887809
0.887371
0.886936
0.886503
0.886073
0.885643
0.885215
0.884787
0.884359
0.88393
0.8835
0.883068
0.882634
0.882196
0.881754
0.881308
0.880857
0.880401
0.879937
0.879467
0.878989
0.878503
0.878008
0.877503
0.876988
0.876462
0.875924
0.875375
0.874812
0.874236
0.873647
0.873044
0.872426
0.871793
0.871145
0.870481
0.869801
0.869106
0.868395
0.867668
0.866925
0.866166
0.865391
0.864601
0.863795
0.862974
0.862139
0.861289
0.860425
0.859549
0.85866
0.85776
0.856849
0.855929
0.855
0.854064
0.853122
0.852174
0.851222
0.850267
0.84931
0.848354
0.847399
0.846447
0.8455
0.844558
0.843624
0.8427
0.841786
0.840884
0.839996
0.839123
0.838268
0.837432
0.836616
0.835824
0.835055
0.834312
0.833596
0.832909
0.832253
0.83163
0.83104
0.830486
0.829969
0.829489
0.82905
0.828651
0.828296
0.827984
0.827717
0.827497
0.827323
0.827197
0.82712
0.827093
0.827116
0.82719
0.827316
0.827494
0.827724
0.828007
0.828344
0.828734
0.829177
0.829674
0.830224
0.830828
0.831485
0.832195
0.832958
0.833772
0.834637
0.835553
0.836519
0.837534
0.838596
0.839706
0.840861
0.84206
0.843302
0.844585
0.845909
0.84727
0.848669
0.850102
0.851568
0.853066
0.854594
0.856149
0.85773
0.859335
0.86096
0.862605
0.864267
0.865943
0.867631
0.86933
0.871036
0.872747
0.874462
0.876177
0.877891
0.8796
0.881304
0.882998
0.884682
0.886352
0.888007
0.889644
0.89126
0.892855
0.894425
0.895969
0.897485
0.898971
0.900425
0.901845
0.90323
0.904577
0.905886
0.907154
0.908381
0.909564
0.910703
0.911796
0.912842
0.91384
0.914789
0.915688
0.916536
0.917332
0.918076
0.918767
0.919404
0.919988
0.920518
0.920994
0.921415
0.921781
0.922092
0.922348
0.922549
0.922695
0.922787
0.922824
0.922808
0.922738
0.922616
0.922441
0.922215
0.921937
0.921609
0.92123
0.920803
0.920329
0.919807
0.919239
0.918625
0.917967
0.917267
0.916524
0.915741
0.914918
0.914057
0.91316
0.912227
0.911259
0.910259
0.909227
0.908165
0.907075
0.905958
0.904816
0.903649
0.90246
0.901251
0.900023
0.898777
0.897516
0.89624
0.894952
0.893653
0.892346
0.891031
0.88971
0.888386
0.887059
0.885732
0.884405
0.883081
0.881761
0.880447
0.87914
0.877842
0.876554
0.875279
0.874015
0.872766
0.871533
0.870316
0.869116
0.867936
0.866775
0.865635
0.864517
0.863421
0.862348
0.861299
0.860273
0.859272
0.858296
0.857345
0.85642
0.855521
0.854649
0.853802
0.852982
0.852188
0.85142
0.850678
0.849961
0.849271
0.848606
0.847967
0.847352
0.846761
0.846195
0.845652
0.845133
0.844637
0.844163
0.843712
0.843283
0.842875
0.842489
0.842123
0.841778
0.841454
0.841149
0.840864
0.840599
0.840353
0.840127
0.839919
0.83973
0.839561
0.83941
0.839278
0.839165
0.839072
0.838998
0.838944
0.838909
0.838894
0.838898
0.838922
0.838966
0.839031
0.839117
0.839224
0.839351
0.8395
0.83967
0.839863
0.840077
0.840314
0.840573
0.840855
0.841159
0.841487
0.841838
0.842212
0.84261
0.843033
0.843478
0.843948
0.844442
0.84496
0.845502
0.846068
0.846658
0.847273
0.847912
0.848576
0.849263
0.849974
0.850708
0.851465
0.852246
0.853049
0.853874
0.854721
0.85559
0.856479
0.857388
0.858317
0.859266
0.860233
0.861219
0.862222
0.863243
0.86428
0.865332
0.866399
0.86748
0.868575
0.869683
0.870802
0.871932
0.873073
0.874223
0.875382
0.876548
0.877723
0.878903
0.88009
0.881281
0.882477
0.883675
0.884877
0.88608
0.887285
0.888491
0.889696
0.8909
0.892103
0.893305
0.894503
0.895698
0.89689
0.898077
0.89926
0.900437
0.901607
0.902772
0.903929
0.905078
0.90622
0.907354
0.908478
0.909592
0.910697
0.911792
0.912875
0.913948
0.915009
0.916057
0.917093
0.918115
0.919124
0.920119
0.921099
0.922063
0.923011
0.923942
0.924855
0.925749
0.926625
0.927481
0.928316
0.92913
0.929921
0.93069
0.931436
0.932156
0.932851
0.93352
0.934162
0.934777
0.935362
0.935918
0.936444
0.936939
0.937402
0.937833
0.93823
0.938592
0.93892
0.939213
0.939468
0.939687
0.939868
0.94001
0.940114
0.940178
0.940202
0.940185
0.940128
0.940029
0.93989
0.939709
0.939486
0.939221
0.938914
0.938564
0.938172
0.937738
0.937262
0.936743
0.936183
0.935581
0.934938
0.934253
0.933528
0.932762
0.931957
0.931112
0.930229
0.929309
0.928351
0.927357
0.926327
0.925263
0.924164
0.923032
0.921868
0.920672
0.919446
0.918191
0.916909
0.915599
0.914263
0.912902
0.911517
0.91011
0.908681
0.907232
0.905763
0.904278
0.902777
0.90126
0.89973
0.898187
0.896633
0.895068
0.893494
0.891911
0.890322
0.888728
0.887129
0.885527
0.883923
0.882318
0.880713
0.879109
0.877508
0.875908
0.874313
0.872722
0.871137
0.869558
0.867986
0.866423
0.864869
0.863323
0.861789
0.860265
0.858752
0.857252
0.855764
0.854289
0.852828
0.851382
0.849951
0.848534
0.847133
0.845747
0.844377
0.843023
0.841686
0.840366
0.839064
0.837779
0.836512
0.835263
0.834032
0.83282
0.831627
0.830453
0.829298
0.828163
0.827049
0.825955
0.824882
0.82383
0.8228
0.821791
0.820805
0.819841
0.8189
0.817984
0.817092
0.816225
0.815384
0.814569
0.813781
0.81302
0.812286
0.81158
0.810902
0.810254
0.809635
0.809046
0.808488
0.807962
0.807468
0.807006
0.806577
0.806181
0.805818
0.805489
0.805195
0.804934
0.804709
0.804517
0.804361
0.80424
0.804154
0.804102
0.804085
0.804103
0.804154
0.804239
0.804357
0.804508
0.804692
0.804907
0.805153
0.805429
0.805735
0.806068
0.80643
0.806818
0.807232
0.807669
0.80813
0.808613
0.809117
0.80964
0.81018
0.810737
0.811309
0.811894
0.812492
0.813099
0.813716
0.814339
0.814968
0.815602
0.816237
0.816874
0.817509
0.818142
0.818771
0.819394
0.82001
0.820617
0.821213
0.821797
0.822368
0.822924
0.823463
0.823985
0.824487
0.824969
0.825429
0.825866
0.826278
0.826665
0.827024
0.827356
0.827659
0.827932
0.828175
0.828386
0.828564
0.828711
0.828824
0.828903
0.828949
0.82896
0.828936
0.828877
0.828782
0.828653
0.82849
0.828292
0.828059
0.827794
0.827495
0.827164
0.826802
0.826409
0.825987
0.825536
0.825058
0.824555
0.824026
0.823476
0.822904
0.822314
0.821706
0.821083
0.820446
0.819798
0.819141
0.818476
0.817807
0.817134
0.816461
0.81579
0.815123
0.814462
0.81381
0.813168
0.812539
0.811925
0.811328
0.81075
0.810192
0.809655
0.809143
0.808655
0.808193
0.807759
0.807353
0.806975
0.806626
0.806307
0.806018
0.805758
0.805529
0.805328
0.805157
0.805013
0.804897
0.804806
0.804742
0.804701
0.804684
0.804688
0.804712
0.804754
0.804814
0.804888
0.804977
0.805077
0.805188
0.805308
0.805434
0.805567
0.805703
0.805842
0.805982
0.806122
0.806259
0.806393
0.806522
0.806646
0.806764
0.806874
0.806975
0.807068
0.807151
0.807224
0.807287
0.80734
0.807382
0.807414
0.807435
0.807445
0.807446
0.807437
0.807419
0.807393
0.80736
0.80732
0.807274
0.807224
0.807172
0.807117
0.807062
0.807009
0.806957
0.80691
0.806869
0.806836
0.806814
0.806803
0.806806
0.806825
0.806862
0.80692
0.806999
0.807102
0.807232
0.80739
0.807579
0.807799
0.808054
0.808344
0.808672
0.809039
0.809446
0.809895
0.810386
0.810922
0.811502
0.812127
0.812799
0.813516
0.814279
0.815089
0.815945
0.816847
0.817793
0.818783
0.819816
0.82089
0.822003
0.823155
0.824343
0.825564
0.826818
0.828101
0.829411
0.830747
0.832104
0.833481
0.834875
0.836283
0.837702
0.83913
0.840564
0.842002
0.843441
0.844878
0.846312
0.847739
0.849157
0.850563
0.851957
0.853336
0.854697
0.85604
0.857364
0.858666
0.859945
0.861202
0.862433
0.863639
0.864819
0.865973
0.867099
0.868199
0.869272
0.870316
0.871333
0.872323
0.873284
0.874218
0.875125
0.876006
0.87686
0.877688
0.878491
0.879268
0.88002
0.880748
0.881451
0.88213
0.882787
0.883421
0.884033
0.884623
0.885191
0.885739
0.886266
0.886772
0.88726
0.887727
0.888175
0.888604
0.889014
0.889406
0.889779
0.890135
0.890472
0.890792
0.891095
0.89138
0.891648
0.891899
0.892134
0.892352
0.892554
0.89274
0.89291
0.893065
0.893204
0.893328
0.893437
0.893532
0.893614
0.893681
0.893736
0.893779
0.89381
0.893829
0.893837
0.893836
0.893826
0.893806
0.893779
0.893744
0.893703
0.893656
0.893603
0.893547
0.893488
0.893426
0.893363
0.893299
0.893236
0.893175
0.893117
0.893063
0.893014
0.89297
0.892933
0.892904
0.892884
0.892875
0.892876
0.892891
0.892918
0.89296
0.893017
0.89309
0.893181
0.893291
0.89342
0.893568
0.893737
0.893928
0.894141
0.894377
0.894637
0.894921
0.895229
0.895563
0.895922
0.896308
0.896719
0.897158
0.897623
0.898115
0.898633
0.899178
0.89975
0.900348
0.900972
0.901623
0.902299
0.902999
0.903724
0.904473
0.905245
0.90604
0.906856
0.907693
0.90855
0.909425
0.910319
0.91123
0.912157
0.913098
0.914054
0.915021
0.915999
0.916987
0.917983
0.918987
0.919997
0.921011
0.922028
0.923046
0.924064
0.925082
0.926097
0.927108
0.928114
0.929114
0.930106
0.931089
0.932062
0.933024
0.933974
0.93491
0.935831
0.936737
0.937625
0.938496
0.939348
0.940181
0.940994
0.941785
0.942555
0.943303
0.944028
0.94473
0.945408
0.946063
0.946693
0.947299
0.94788
0.948437
0.948969
0.949475
0.949958
0.950416
0.95085
0.951261
0.951648
0.952011
0.952352
0.952669
0.952965
0.953238
0.953492
0.953724
0.953937
0.95413
0.954305
0.95446
0.954598
0.954718
0.954822
0.95491
0.954982
0.955038
0.955081
0.955109
0.955124
0.955126
0.955115
0.955093
0.955059
0.955013
0.954957
0.95489
0.954811
0.954722
0.954622
0.954511
0.954389
0.954256
0.954112
0.953957
0.953792
0.953614
0.953424
0.953221
0.953005
0.952774
0.952529
0.952269
0.951993
0.9517
0.951389
0.951061
0.950713
0.950346
0.949958
0.949548
0.949115
0.948659
0.948178
0.947672
0.94714
0.94658
0.945992
0.945374
0.944727
0.944048
0.943338
0.942595
0.941819
0.941009
0.940165
0.939286
0.938372
0.937422
0.936436
0.935414
0.934354
0.933258
0.932125
0.930955
0.929748
0.928505
0.927226
0.925911
0.924561
0.923177
0.921758
0.920307
0.918824
0.917311
0.915767
0.914195
0.912596
0.91097
0.90932
0.907646
0.905951
0.904236
0.902502
0.900752
0.898987
0.897211
0.895423
0.893626
0.891822
0.890012
0.888199
0.886385
0.884571
0.88276
0.880953
0.879153
0.87736
0.875576
0.873803
0.872043
0.870296
0.868565
0.866849
0.865152
0.863474
0.861815
0.860176
0.858559
0.856962
0.855388
0.853836
0.852307
0.850801
0.849319
0.84786
0.846425
0.845013
0.843626
0.842263
0.840923
0.839606
0.838312
0.837041
0.835791
0.834563
0.833356
0.83217
0.831005
0.82986
0.828735
0.82763
0.826544
0.825477
0.824428
0.823397
0.822384
0.821388
1.1
1.09943
1.09833
1.09719
1.09604
1.09487
1.09367
1.09246
1.09122
1.08996
1.08868
1.08738
1.08605
1.08471
1.08334
1.08194
1.08053
1.0791
1.07764
1.07616
1.07466
1.07314
1.0716
1.07003
1.06844
1.06684
1.06521
1.06356
1.06189
1.0602
1.0585
1.05677
1.05502
1.05325
1.05147
1.04966
1.04784
1.046
1.04414
1.04227
1.04038
1.03847
1.03654
1.03461
1.03265
1.03069
1.02871
1.02672
1.02471
1.0227
1.02068
1.01865
1.01661
1.01456
1.01251
1.01045
1.00839
1.00633
1.00427
1.00221
1.00015
0.998097
0.996049
0.994008
0.991977
0.989957
0.987949
0.985957
0.983982
0.982026
0.98009
0.978177
0.976289
0.974428
0.972597
0.970797
0.969031
0.967301
0.965608
0.963955
0.962345
0.960779
0.95926
0.95779
0.95637
0.955002
0.953689
0.952433
0.951235
0.950098
0.949023
0.948011
0.947064
0.946183
0.945369
0.944624
0.943948
0.943343
0.942809
0.942347
0.941957
0.94164
0.941396
0.941226
0.94113
0.941106
0.941156
0.941277
0.941471
0.941737
0.942072
0.942478
0.942952
0.943493
0.9441
0.944772
0.945506
0.946303
0.947159
0.948074
0.949046
0.950071
0.951149
0.952277
0.953453
0.954675
0.95594
0.957246
0.95859
0.95997
0.961383
0.962827
0.9643
0.965798
0.967319
0.968861
0.97042
0.971995
0.973582
0.975179
0.976783
0.978393
0.980005
0.981616
0.983224
0.984827
0.986423
0.988008
0.989581
0.991139
0.992681
0.994203
0.995704
0.997182
0.998634
1.00006
1.00146
1.00283
1.00416
1.00546
1.00673
1.00796
1.00915
1.0103
1.01142
1.01249
1.01352
1.01451
1.01546
1.01636
1.01721
1.01803
1.01879
1.01951
1.02019
1.02082
1.0214
1.02194
1.02243
1.02287
1.02327
1.02362
1.02393
1.02419
1.02441
1.02459
1.02472
1.02481
1.02485
1.02485
1.02482
1.02474
1.02462
1.02446
1.02426
1.02403
1.02376
1.02346
1.02312
1.02274
1.02234
1.0219
1.02143
1.02093
1.02041
1.01985
1.01927
1.01866
1.01803
1.01737
1.01669
1.01599
1.01527
1.01453
1.01377
1.01299
1.0122
1.0114
1.01058
1.00975
1.00891
1.00805
1.00719
1.00632
1.00545
1.00456
1.00368
1.00279
1.0019
1.00101
1.00012
0.99923
0.998343
0.99746
0.996582
0.995711
0.994846
0.993989
0.993142
0.992304
0.991477
0.990662
0.98986
0.98907
0.988296
0.987537
0.986794
0.986068
0.98536
0.98467
0.983999
0.983349
0.982718
0.982109
0.981522
0.980957
0.980415
0.979896
0.9794
0.978928
0.97848
0.978056
0.977656
0.977281
0.976929
0.976602
0.976299
0.97602
0.975765
0.975533
0.975325
0.97514
0.974977
0.974837
0.97472
0.974624
0.974549
0.974494
0.97446
0.974445
0.974449
0.974471
0.974511
0.974568
0.974641
0.974731
0.974835
0.974955
0.975088
0.975234
0.975393
0.975564
0.975745
0.975938
0.97614
0.976351
0.976572
0.976802
0.977039
0.977285
0.977537
0.977797
0.978063
0.978335
0.978613
0.978896
0.979185
0.979477
0.979775
0.980076
0.980382
0.980691
0.981003
0.981319
0.981638
0.98196
0.982283
0.982609
0.982936
0.983264
0.983592
0.983922
0.984252
0.984582
0.984912
0.985242
0.98557
0.985898
0.986224
0.986548
0.986869
0.987188
0.987504
0.987815
0.988123
0.988426
0.988725
0.989019
0.989306
0.989586
0.989859
0.990126
0.990384
0.990635
0.990876
0.991109
0.991331
0.991544
0.991747
0.991939
0.992121
0.992292
0.992451
0.992598
0.992733
0.992856
0.992967
0.993065
0.99315
0.993221
0.993279
0.993323
0.993353
0.993368
0.993369
0.993356
0.993328
0.993285
0.993227
0.993153
0.993064
0.992959
0.992838
0.992701
0.992547
0.992375
0.992187
0.991981
0.991757
0.991516
0.991256
0.990979
0.990682
0.990366
0.990029
0.989673
0.989296
0.988898
0.988478
0.988037
0.987574
0.987089
0.986581
0.986049
0.985495
0.984917
0.984315
0.983688
0.983037
0.982362
0.981661
0.980936
0.980186
0.97941
0.978608
0.97778
0.976927
0.976046
0.97514
0.974207
0.973248
0.972264
0.971256
0.970221
0.969161
0.968076
0.966965
0.965829
0.964668
0.963482
0.962273
0.96104
0.959784
0.958506
0.957206
0.955886
0.954546
0.953187
0.95181
0.950417
0.949007
0.947583
0.946145
0.944695
0.943234
0.941763
0.940285
0.938801
0.937312
0.935821
0.93433
0.932839
0.931352
0.929871
0.928398
0.926935
0.925484
0.924048
0.922629
0.921228
0.919849
0.918494
0.917165
0.915864
0.914595
0.91336
0.912161
0.911
0.90988
0.908803
0.907771
0.906786
0.905851
0.904968
0.904138
0.903364
0.902648
0.90199
0.901394
0.900859
0.900389
0.899983
0.899643
0.89937
0.899164
0.899028
0.898959
0.89896
0.899029
0.899168
0.899375
0.899651
0.899995
0.900407
0.900885
0.901428
0.902036
0.902707
0.903439
0.904231
0.905081
0.905986
0.906946
0.907957
0.909018
0.910126
0.91128
0.912477
0.913714
0.91499
0.9163
0.917644
0.919017
0.920419
0.921845
0.923294
0.924762
0.926248
0.927749
0.929263
0.930787
0.93232
0.933859
0.935402
0.936947
0.938492
0.940035
0.941575
0.943111
0.944641
0.946162
0.947675
0.949179
0.950672
0.952154
0.953624
0.955082
0.956529
0.957963
0.959384
0.960792
0.962187
0.96357
0.96494
0.966297
0.967643
0.968977
0.970301
0.971614
0.972919
0.974215
0.975504
0.976787
0.978064
0.979336
0.980604
0.981869
0.983132
0.984393
0.985654
0.986915
0.988177
0.989441
0.990708
0.991979
0.993252
0.99453
0.995812
0.997099
0.998391
0.999688
1.00099
1.0023
1.00361
1.00493
1.00625
1.00757
1.0089
1.01023
1.01156
1.0129
1.01423
1.01556
1.01689
1.01822
1.01954
1.02086
1.02217
1.02347
1.02477
1.02605
1.02732
1.02858
1.02982
1.03105
1.03226
1.03345
1.03462
1.03577
1.0369
1.03801
1.03909
1.04014
1.04117
1.04217
1.04314
1.04409
1.045
1.04589
1.04674
1.04756
1.04836
1.04912
1.04984
1.05054
1.0512
1.05182
1.05242
1.05298
1.0535
1.05399
1.05445
1.05488
1.05527
1.05563
1.05596
1.05626
1.05652
1.05676
1.05696
1.05713
1.05728
1.05739
1.05747
1.05753
1.05756
1.05756
1.05753
1.05748
1.0574
1.0573
1.05718
1.05703
1.05685
1.05666
1.05644
1.05621
1.05595
1.05568
1.05538
1.05507
1.05475
1.0544
1.05404
1.05367
1.05329
1.05289
1.05248
1.05206
1.05164
1.0512
1.05076
1.05031
1.04986
1.0494
1.04895
1.04849
1.04803
1.04757
1.04712
1.04667
1.04622
1.04578
1.04535
1.04492
1.04451
1.0441
1.04371
1.04333
1.04297
1.04261
1.04228
1.04196
1.04166
1.04137
1.0411
1.04085
1.04062
1.04041
1.04022
1.04004
1.03989
1.03975
1.03964
1.03954
1.03946
1.0394
1.03935
1.03932
1.03931
1.0393
1.03932
1.03934
1.03938
1.03942
1.03948
1.03954
1.0396
1.03966
1.03973
1.03979
1.03986
1.03991
1.03996
1.03999
1.04002
1.04002
1.04002
1.03999
1.03994
1.03987
1.03977
1.03965
1.03949
1.0393
1.03908
1.03883
1.03853
1.0382
1.03782
1.03741
1.03695
1.03644
1.03589
1.03529
1.03465
1.03395
1.03321
1.03242
1.03158
1.03069
1.02975
1.02876
1.02773
1.02664
1.02552
1.02434
1.02312
1.02186
1.02056
1.01922
1.01784
1.01642
1.01498
1.0135
1.01199
1.01046
1.00891
1.00734
1.00575
1.00415
1.00254
1.00092
0.999305
0.997689
0.996077
0.994476
0.992887
0.991315
0.989764
0.988237
0.986739
0.985273
0.983842
0.98245
0.981102
0.9798
0.978546
0.977346
0.976202
0.975115
0.974089
0.973126
0.972228
0.971397
0.970634
0.969942
0.969319
0.968768
0.968288
0.96788
0.967543
0.967278
0.967082
0.966957
0.9669
0.966911
0.966986
0.967124
0.967323
0.96758
0.967892
0.968257
0.968672
0.969134
0.96964
0.970187
0.970772
0.97139
0.972039
0.972715
0.973415
0.974136
0.974874
0.975627
0.976391
0.977163
0.977941
0.978721
0.979502
0.980281
0.981054
0.981821
0.98258
0.983327
0.984063
0.984785
0.985491
0.986182
0.986855
0.987511
0.988147
0.988764
0.98936
0.989937
0.990493
0.991029
0.991544
0.992039
0.992515
0.992972
0.99341
0.993831
0.994235
0.994621
0.994992
0.995348
0.99569
0.996019
0.996336
0.996641
0.996937
0.997224
0.997503
0.997776
0.998043
0.998305
0.998564
0.998821
0.999076
0.99933
0.999585
0.999841
1.0001
1.00036
1.00062
1.00089
1.00116
1.00144
1.00173
1.00202
1.00233
1.00263
1.00295
1.00328
1.00362
1.00397
1.00433
1.00469
1.00508
1.00547
1.00587
1.00629
1.00671
1.00715
1.0076
1.00807
1.00854
1.00903
1.00952
1.01003
1.01055
1.01108
1.01162
1.01218
1.01274
1.0133
1.01388
1.01447
1.01506
1.01566
1.01626
1.01687
1.01747
1.01809
1.0187
1.01931
1.01992
1.02053
1.02114
1.02174
1.02233
1.02292
1.0235
1.02407
1.02462
1.02517
1.0257
1.02622
1.02672
1.02721
1.02768
1.02812
1.02855
1.02896
1.02935
1.02971
1.03005
1.03037
1.03066
1.03093
1.03118
1.0314
1.0316
1.03178
1.03193
1.03205
1.03216
1.03224
1.03229
1.03233
1.03235
1.03234
1.03232
1.03228
1.03222
1.03215
1.03206
1.03196
1.03185
1.03173
1.03161
1.03147
1.03133
1.03119
1.03105
1.0309
1.03076
1.03061
1.03048
1.03035
1.03022
1.03011
1.03
1.02991
1.02983
1.02976
1.02971
1.02967
1.02966
1.02966
1.02968
1.02972
1.02978
1.02986
1.02997
1.03009
1.03024
1.03041
1.03061
1.03082
1.03106
1.03131
1.03159
1.03189
1.0322
1.03253
1.03288
1.03324
1.03362
1.034
1.03439
1.03479
1.03519
1.0356
1.036
1.03641
1.0368
1.03719
1.03757
1.03793
1.03828
1.0386
1.03891
1.03919
1.03944
1.03965
1.03984
1.03999
1.0401
1.04016
1.04018
1.04016
1.04008
1.03996
1.03978
1.03954
1.03925
1.03889
1.03848
1.03801
1.03747
1.03686
1.03619
1.03545
1.03465
1.03378
1.03284
1.03183
1.03075
1.02961
1.0284
1.02712
1.02577
1.02436
1.02289
1.02135
1.01974
1.01808
1.01635
1.01457
1.01273
1.01083
1.00889
1.00688
1.00483
1.00274
1.00059
0.998403
0.996172
0.993902
0.991594
0.989252
0.986877
0.984471
0.982038
0.97958
0.977099
0.974599
0.972082
0.96955
0.967006
0.964453
0.961893
0.95933
0.956766
0.954205
0.951648
0.949101
0.946565
0.944042
0.941537
0.939051
0.936589
0.934153
0.931747
0.929373
0.927036
0.924739
0.922483
0.920274
0.918113
0.916004
0.913951
0.911957
0.910025
0.908158
0.906358
0.90463
0.902974
0.901395
0.899894
0.898474
0.897138
0.895887
0.894724
0.89365
0.892667
0.891776
0.890977
0.890271
0.88966
0.889142
0.888719
0.888389
0.888151
0.888006
0.88795
0.887984
0.888105
0.888312
0.888603
0.888975
0.889425
0.889951
0.890549
0.891217
0.891953
0.892751
0.893609
0.894524
0.895491
0.896508
0.897569
0.898673
0.899815
0.900993
0.902203
0.903441
0.904704
0.905991
0.907296
0.908619
0.909956
0.911304
0.912661
0.914025
0.915393
0.916763
0.918133
0.919502
0.920868
0.92223
0.923586
0.924936
0.926279
0.927613
0.928937
0.930252
0.931555
0.932847
0.934127
0.935395
0.936651
0.937895
0.939126
0.940346
0.941553
0.942748
0.943931
0.945104
0.946266
0.947418
0.948559
0.949692
0.950817
0.951934
0.953044
0.954149
0.955248
0.956344
0.957437
0.958529
0.959621
0.960715
0.961811
0.962911
0.964017
0.96513
0.966252
0.967384
0.968527
0.969683
0.970853
0.972039
0.973243
0.974465
0.975707
0.976971
0.978258
0.979568
0.980904
0.982265
0.983654
0.985069
0.986511
0.987982
0.989482
0.99101
0.992567
0.994152
0.995764
0.997404
0.99907
1.00076
1.00248
1.00421
1.00597
1.00775
1.00954
1.01135
1.01317
1.015
1.01683
1.01867
1.02052
1.02236
1.02419
1.02602
1.02784
1.02964
1.03143
1.0332
1.03494
1.03665
1.03834
1.03999
1.0416
1.04318
1.04471
1.0462
1.04763
1.04902
1.05035
1.05162
1.05284
1.05399
1.05509
1.05611
1.05708
1.05797
1.05879
1.05955
1.06023
1.06083
1.06137
1.06183
1.06221
1.06252
1.06275
1.06291
1.06299
1.063
1.06293
1.06279
1.06257
1.06229
1.06193
1.06149
1.061
1.06043
1.05979
1.0591
1.05834
1.05752
1.05664
1.0557
1.05471
1.05367
1.05257
1.05143
1.05025
1.04902
1.04775
1.04645
1.04511
1.04374
1.04235
1.04092
1.03948
1.03801
1.03653
1.03503
1.03352
1.03201
1.03048
1.02896
1.02744
1.02591
1.0244
1.02289
1.02139
1.01991
1.01844
1.01699
1.01556
1.01415
1.01276
1.01141
1.01008
1.00878
1.00751
1.00628
1.00509
1.00393
1.00281
1.00173
1.0007
0.99971
0.998765
0.997865
0.997013
0.996209
0.995454
0.994749
0.994094
0.993491
0.99294
0.992442
0.991998
0.991608
0.991272
0.990992
0.990768
0.990599
0.990487
0.990431
0.990431
0.990488
0.990601
0.990772
0.990998
0.991281
0.99162
0.992014
0.992464
0.992969
0.993528
0.994141
0.994808
0.995527
0.996298
0.99712
0.997992
0.998913
0.999881
1.0009
1.00196
1.00306
1.0042
1.00539
1.00661
1.00788
1.00917
1.0105
1.01186
1.01325
1.01466
1.0161
1.01756
1.01903
1.02053
1.02204
1.02356
1.02508
1.02662
1.02815
1.02969
1.03122
1.03274
1.03426
1.03577
1.03726
1.03873
1.04018
1.04161
1.04302
1.0444
1.04575
1.04706
1.04834
1.04959
1.0508
1.05196
1.05308
1.05416
1.0552
1.05618
1.05712
1.05801
1.05885
1.05964
1.06038
1.06107
1.0617
1.06229
1.06282
1.0633
1.06373
1.06412
1.06445
1.06473
1.06497
1.06516
1.0653
1.0654
1.06546
1.06548
1.06545
1.06539
1.0653
1.06517
1.06501
1.06482
1.06461
1.06437
1.0641
1.06382
1.06351
1.06319
1.06286
1.06251
1.06216
1.0618
1.06143
1.06105
1.06068
1.06031
1.05994
1.05958
1.05922
1.05887
1.05853
1.05821
1.05789
1.0576
1.05731
1.05705
1.05681
1.05658
1.05638
1.0562
1.05604
1.05591
1.0558
1.05571
1.05565
1.05561
1.05561
1.05562
1.05567
1.05574
1.05583
1.05596
1.05611
1.05629
1.05649
1.05672
1.05697
1.05725
1.05756
1.05789
1.05824
1.05861
1.05901
1.05943
1.05987
1.06034
1.06082
1.06132
1.06183
1.06237
1.06292
1.06349
1.06407
1.06466
1.06526
1.06588
1.0665
1.06714
1.06777
1.06842
1.06907
1.06972
1.07037
1.07102
1.07167
1.07232
1.07296
1.0736
1.07423
1.07485
1.07546
1.07606
1.07665
1.07722
1.07777
1.0783
1.07882
1.07931
1.07979
1.08024
1.08066
1.08106
1.08143
1.08178
1.0821
1.08238
1.08264
1.08287
1.08306
1.08323
1.08336
1.08346
1.08352
1.08355
1.08355
1.08351
1.08344
1.08334
1.0832
1.08303
1.08283
1.0826
1.08233
1.08203
1.0817
1.08134
1.08095
1.08053
1.08009
1.07961
1.07911
1.07858
1.07803
1.07746
1.07686
1.07625
1.07561
1.07495
1.07428
1.07359
1.07288
1.07216
1.07143
1.07068
1.06993
1.06916
1.06839
1.06761
1.06683
1.06604
1.06524
1.06445
1.06366
1.06286
1.06207
1.06128
1.0605
1.05972
1.05895
1.05818
1.05742
1.05667
1.05594
1.05521
1.05449
1.05379
1.05309
1.05241
1.05175
1.0511
1.05046
1.04984
1.04923
1.04864
1.04806
1.0475
1.04696
1.04643
1.04591
1.04542
1.04493
1.04446
1.04401
1.04357
1.04314
1.04273
1.04233
1.04194
1.04156
1.0412
1.04084
1.04049
1.04015
1.03982
1.0395
1.03918
1.03887
1.03856
1.03826
1.03796
1.03766
1.03736
1.03707
1.03677
1.03648
1.03618
1.03588
1.03558
1.03527
1.03497
1.03465
1.03434
1.03402
1.03369
1.03336
1.03302
1.03268
1.03233
1.03198
1.03163
1.03126
1.0309
1.03053
1.03015
1.02978
1.0294
1.02902
1.02863
1.02825
1.02786
1.02748
1.02709
1.02671
1.02633
1.02596
1.02558
1.02522
1.02486
1.02451
1.02416
1.02382
1.02349
1.02317
1.02286
1.02256
1.02227
1.02199
1.02173
1.02147
1.02123
1.02101
1.0208
1.0206
1.02041
1.02024
1.02009
1.01994
1.01981
1.01969
1.01959
1.0195
1.01942
1.01935
1.01929
1.01924
1.0192
1.01917
1.01915
1.01914
1.01914
1.01914
1.01914
1.01915
1.01917
1.01919
1.01921
1.01923
1.01926
1.01928
1.01931
1.01934
1.01936
1.01938
1.01941
1.01943
1.01944
1.01946
1.01947
1.01948
1.01949
1.01949
1.01949
1.01948
1.01947
1.01946
1.01945
1.01943
1.01942
1.01939
1.01937
1.01935
1.01932
1.0193
1.01927
1.01925
1.01922
1.0192
1.01918
1.01916
1.01915
1.01914
1.01914
1.01914
1.01914
1.01916
1.01918
1.01921
1.01925
1.0193
1.01937
1.01944
1.01953
1.01963
1.01974
1.01987
1.02002
1.02018
1.02037
1.02057
1.02078
1.02102
1.02128
1.02156
1.02186
1.02219
1.02253
1.0229
1.0233
1.02371
1.02415
1.02462
1.02511
1.02562
1.02616
1.02673
1.02732
1.02793
1.02857
1.02923
1.02991
1.03062
1.03134
1.03209
1.03286
1.03365
1.03446
1.03529
1.03613
1.03699
1.03787
1.03876
1.03966
1.04058
1.0415
1.04244
1.04338
1.04432
1.04527
1.04622
1.04718
1.04813
1.04907
1.05002
1.05096
1.05189
1.05281
1.05372
1.05462
1.0555
1.05637
1.05723
1.05806
1.05887
1.05966
1.06043
1.06117
1.06189
1.06258
1.06325
1.06388
1.06448
1.06505
1.06559
1.0661
1.06657
1.06701
1.06742
1.06778
1.06811
1.06841
1.06866
1.06888
1.06906
1.0692
1.06931
1.06938
1.06941
1.0694
1.06935
1.06927
1.06915
1.069
1.06881
1.06859
1.06833
1.06804
1.06771
1.06735
1.06697
1.06655
1.0661
1.06562
1.06512
1.06459
1.06403
1.06346
1.06285
1.06223
1.06159
1.06092
1.06024
1.05954
1.05883
1.0581
1.05736
1.0566
1.05584
1.05507
1.05429
1.0535
1.05271
1.05191
1.05111
1.05031
1.04951
1.04871
1.04791
1.04711
1.04632
1.04553
1.04475
1.04398
1.04321
1.04246
1.04171
1.04098
1.04025
1.03954
1.03885
1.03817
1.0375
1.03685
1.03622
1.03561
1.03501
1.03444
1.03388
1.03335
1.03283
1.03234
1.03187
1.03143
1.03101
1.03061
1.03024
1.02989
1.02957
1.02928
1.02901
1.02878
1.02857
1.02838
1.02823
1.02811
1.02801
1.02794
1.02791
1.0279
1.02793
1.02798
1.02806
1.02818
1.02832
1.02849
1.0287
1.02893
1.02918
1.02947
1.02978
1.03012
1.03048
1.03087
1.03128
1.03172
1.03218
1.03265
1.03315
1.03367
1.0342
1.03475
1.03531
1.03589
1.03648
1.03707
1.03768
1.03829
1.03891
1.03953
1.04016
1.04078
1.04141
1.04203
1.04264
1.04326
1.04386
1.04446
1.04504
1.04561
1.04617
1.04672
1.04725
1.04776
1.04825
1.04872
1.04917
1.0496
1.05
1.05038
1.05073
1.05106
1.05135
1.05162
1.05186
1.05207
1.05224
1.05239
1.0525
1.05258
1.05262
1.05263
1.0526
1.05253
1.05243
1.05229
1.05212
1.05191
1.05165
1.05136
1.05104
1.05067
1.05026
1.04981
1.04933
1.0488
1.04824
1.04763
1.04699
1.0463
1.04558
1.04482
1.04401
1.04317
1.04229
1.04137
1.04042
1.03942
1.03839
1.03732
1.03621
1.03507
1.03389
1.03267
1.03142
1.03014
1.02882
1.02746
1.02608
1.02466
1.02321
1.02173
1.02023
1.01869
1.01713
1.01555
1.01394
1.01231
1.01066
1.00898
1.0073
1.00559
1.00387
1.00214
1.00041
0.998659
0.996908
0.995153
0.993399
0.991647
1.1
1.09907
1.09724
1.09541
1.09358
1.09176
1.08994
1.08814
1.08636
1.08459
1.08285
1.08113
1.07945
1.07779
1.07618
1.0746
1.07307
1.07158
1.07014
1.06876
1.06743
1.06615
1.06494
1.06379
1.06271
1.06169
1.06074
1.05986
1.05905
1.05831
1.05764
1.05705
1.05652
1.05607
1.05569
1.05539
1.05515
1.05498
1.05488
1.05485
1.05488
1.05498
1.05514
1.05536
1.05564
1.05597
1.05635
1.05679
1.05727
1.05781
1.05838
1.059
1.05965
1.06034
1.06106
1.06182
1.0626
1.06341
1.06425
1.0651
1.06598
1.06687
1.06778
1.0687
1.06963
1.07057
1.07152
1.07247
1.07343
1.07439
1.07535
1.07631
1.07727
1.07822
1.07916
1.0801
1.08104
1.08196
1.08287
1.08377
1.08466
1.08554
1.0864
1.08725
1.08808
1.08889
1.08969
1.09047
1.09124
1.09198
1.09271
1.09342
1.09411
1.09478
1.09544
1.09607
1.09669
1.09728
1.09786
1.09842
1.09896
1.09948
1.09999
1.10048
1.10095
1.10141
1.10185
1.10227
1.10268
1.10308
1.10346
1.10382
1.10418
1.10452
1.10484
1.10516
1.10546
1.10575
1.10602
1.10628
1.10653
1.10677
1.107
1.10721
1.10741
1.10759
1.10776
1.10791
1.10805
1.10818
1.10828
1.10838
1.10845
1.1085
1.10853
1.10855
1.10854
1.10851
1.10845
1.10837
1.10827
1.10814
1.10798
1.1078
1.10759
1.10735
1.10708
1.10679
1.10646
1.10611
1.10573
1.10532
1.10488
1.10441
1.10391
1.10339
1.10283
1.10226
1.10165
1.10102
1.10037
1.0997
1.099
1.09829
1.09755
1.09681
1.09604
1.09526
1.09448
1.09368
1.09287
1.09206
1.09125
1.09043
1.08962
1.0888
1.08799
1.08718
1.08639
1.0856
1.08482
1.08405
1.0833
1.08256
1.08183
1.08113
1.08044
1.07977
1.07913
1.0785
1.0779
1.07732
1.07676
1.07623
1.07572
1.07524
1.07478
1.07435
1.07394
1.07356
1.07321
1.07288
1.07257
1.0723
1.07205
1.07182
1.07162
1.07144
1.07129
1.07116
1.07106
1.07098
1.07093
1.0709
1.07089
1.0709
1.07094
1.071
1.07108
1.07119
1.07131
1.07145
1.07162
1.07181
1.07201
1.07224
1.07248
1.07274
1.07302
1.07331
1.07363
1.07396
1.0743
1.07466
1.07504
1.07543
1.07583
1.07625
1.07668
1.07712
1.07757
1.07803
1.07851
1.07899
1.07948
1.07998
1.08049
1.08101
1.08153
1.08206
1.0826
1.08315
1.08369
1.08425
1.0848
1.08536
1.08593
1.08649
1.08706
1.08764
1.08821
1.08878
1.08936
1.08994
1.09052
1.0911
1.09168
1.09227
1.09285
1.09344
1.09402
1.09461
1.0952
1.09578
1.09637
1.09696
1.09755
1.09813
1.09872
1.09931
1.09991
1.1005
1.10109
1.10169
1.10228
1.10288
1.10347
1.10407
1.10467
1.10527
1.10587
1.10648
1.10708
1.10768
1.10829
1.1089
1.1095
1.11011
1.11072
1.11133
1.11194
1.11255
1.11316
1.11378
1.11439
1.11501
1.11562
1.11624
1.11685
1.11746
1.11808
1.11869
1.1193
1.11991
1.12052
1.12112
1.12173
1.12233
1.12292
1.12351
1.1241
1.12468
1.12526
1.12582
1.12638
1.12693
1.12746
1.12799
1.1285
1.12899
1.12948
1.12994
1.13038
1.13081
1.13121
1.13158
1.13194
1.13226
1.13256
1.13282
1.13305
1.13325
1.13341
1.13353
1.13362
1.13365
1.13365
1.1336
1.1335
1.13335
1.13315
1.1329
1.13259
1.13223
1.13181
1.13133
1.1308
1.13021
1.12956
1.12886
1.1281
1.12728
1.12641
1.12548
1.1245
1.12348
1.12241
1.12129
1.12014
1.11895
1.11773
1.11649
1.11522
1.11394
1.11265
1.11135
1.11006
1.10877
1.1075
1.10626
1.10504
1.10386
1.10272
1.10163
1.10059
1.09962
1.09871
1.09788
1.09712
1.09645
1.09586
1.09535
1.09494
1.09462
1.09439
1.09425
1.0942
1.09425
1.09438
1.09461
1.09491
1.0953
1.09576
1.09629
1.09689
1.09755
1.09826
1.09903
1.09983
1.10068
1.10156
1.10247
1.10339
1.10433
1.10528
1.10622
1.10717
1.10811
1.10904
1.10995
1.11084
1.1117
1.11254
1.11334
1.11412
1.11485
1.11555
1.1162
1.11681
1.11738
1.1179
1.11837
1.1188
1.11918
1.11951
1.1198
1.12004
1.12023
1.12038
1.12049
1.12055
1.12057
1.12055
1.12049
1.12039
1.12027
1.1201
1.11991
1.11969
1.11945
1.11918
1.1189
1.1186
1.11828
1.11795
1.11761
1.11727
1.11692
1.11657
1.11623
1.11589
1.11555
1.11523
1.11491
1.11461
1.11433
1.11406
1.11382
1.11359
1.11339
1.11321
1.11306
1.11293
1.11284
1.11277
1.11273
1.11272
1.11275
1.1128
1.11289
1.113
1.11315
1.11332
1.11352
1.11376
1.11402
1.11431
1.11462
1.11496
1.11532
1.11571
1.11612
1.11655
1.11699
1.11746
1.11794
1.11844
1.11895
1.11947
1.12
1.12055
1.12109
1.12165
1.12221
1.12277
1.12334
1.1239
1.12447
1.12503
1.12558
1.12614
1.12668
1.12722
1.12775
1.12827
1.12879
1.12929
1.12978
1.13025
1.13072
1.13117
1.1316
1.13202
1.13242
1.13281
1.13318
1.13353
1.13387
1.13419
1.13449
1.13477
1.13503
1.13527
1.1355
1.1357
1.13589
1.13606
1.13621
1.13634
1.13645
1.13655
1.13662
1.13668
1.13673
1.13675
1.13676
1.13675
1.13672
1.13668
1.13662
1.13654
1.13645
1.13635
1.13622
1.13609
1.13594
1.13577
1.13559
1.1354
1.1352
1.13498
1.13475
1.13451
1.13426
1.134
1.13373
1.13344
1.13315
1.13285
1.13254
1.13222
1.13189
1.13155
1.13121
1.13086
1.1305
1.13014
1.12977
1.1294
1.12902
1.12864
1.12826
1.12788
1.12749
1.1271
1.1267
1.12631
1.12591
1.12552
1.12512
1.12473
1.12433
1.12394
1.12355
1.12316
1.12277
1.12238
1.122
1.12162
1.12124
1.12086
1.12048
1.1201
1.11972
1.11935
1.11897
1.1186
1.11822
1.11784
1.11746
1.11708
1.11669
1.1163
1.11591
1.1155
1.1151
1.11468
1.11425
1.11382
1.11337
1.11291
1.11244
1.11196
1.11146
1.11095
1.11042
1.10987
1.1093
1.10872
1.10811
1.10749
1.10685
1.10618
1.10549
1.10478
1.10405
1.10329
1.10251
1.10171
1.10088
1.10004
1.09916
1.09827
1.09735
1.09641
1.09545
1.09447
1.09347
1.09245
1.09141
1.09034
1.08927
1.08817
1.08706
1.08593
1.08479
1.08363
1.08246
1.08127
1.08008
1.07888
1.07767
1.07645
1.07522
1.07398
1.07275
1.07151
1.07026
1.06902
1.06778
1.06653
1.0653
1.06406
1.06284
1.06162
1.0604
1.0592
1.05801
1.05684
1.05568
1.05453
1.0534
1.05229
1.0512
1.05013
1.04909
1.04807
1.04707
1.0461
1.04516
1.04425
1.04337
1.04253
1.04171
1.04093
1.04018
1.03947
1.03879
1.03815
1.03755
1.03698
1.03646
1.03597
1.03552
1.03511
1.03473
1.0344
1.0341
1.03384
1.03362
1.03344
1.03329
1.03318
1.0331
1.03306
1.03306
1.03308
1.03315
1.03324
1.03337
1.03353
1.03371
1.03393
1.03418
1.03446
1.03477
1.0351
1.03546
1.03585
1.03627
1.03671
1.03718
1.03768
1.0382
1.03874
1.03932
1.03992
1.04054
1.04119
1.04187
1.04257
1.0433
1.04406
1.04485
1.04566
1.04651
1.04738
1.04828
1.04921
1.05017
1.05116
1.05218
1.05323
1.05432
1.05543
1.05659
1.05777
1.05899
1.06024
1.06153
1.06285
1.06421
1.0656
1.06703
1.0685
1.07
1.07154
1.07312
1.07473
1.07639
1.07808
1.07981
1.08158
1.08339
1.08523
1.08712
1.08904
1.091
1.09299
1.09503
1.09711
1.09922
1.10136
1.10355
1.10577
1.10802
1.11031
1.11263
1.11498
1.11737
1.11978
1.12222
1.12469
1.12718
1.12969
1.13223
1.13478
1.13735
1.13994
1.14253
1.14514
1.14775
1.15036
1.15298
1.15559
1.1582
1.1608
1.16338
1.16595
1.16851
1.17104
1.17355
1.17602
1.17847
1.18088
1.18326
1.18559
1.18788
1.19012
1.19232
1.19446
1.19654
1.19857
1.20054
1.20244
1.20428
1.20606
1.20776
1.20939
1.21096
1.21245
1.21386
1.2152
1.21646
1.21764
1.21875
1.21977
1.22072
1.22159
1.22237
1.22308
1.22371
1.22426
1.22473
1.22512
1.22543
1.22567
1.22583
1.22591
1.22592
1.22586
1.22572
1.22552
1.22524
1.22489
1.22448
1.224
1.22346
1.22286
1.22219
1.22146
1.22068
1.21984
1.21894
1.21799
1.21699
1.21594
1.21484
1.21369
1.2125
1.21127
1.20999
1.20867
1.20732
1.20592
1.2045
1.20304
1.20154
1.20002
1.19847
1.19689
1.19528
1.19365
1.192
1.19032
1.18862
1.18691
1.18517
1.18342
1.18166
1.17988
1.17809
1.17628
1.17447
1.17265
1.17082
1.16899
1.16715
1.16531
1.16347
1.16163
1.15979
1.15795
1.15611
1.15428
1.15246
1.15064
1.14883
1.14703
1.14524
1.14347
1.1417
1.13996
1.13822
1.13651
1.13481
1.13313
1.13147
1.12983
1.12822
1.12663
1.12506
1.12351
1.122
1.1205
1.11904
1.1176
1.11619
1.11481
1.11345
1.11212
1.11082
1.10955
1.10831
1.10709
1.10591
1.10475
1.10361
1.1025
1.10142
1.10036
1.09933
1.09831
1.09732
1.09635
1.0954
1.09447
1.09355
1.09265
1.09177
1.09089
1.09003
1.08918
1.08833
1.0875
1.08666
1.08584
1.08501
1.08419
1.08336
1.08254
1.08171
1.08088
1.08004
1.0792
1.07835
1.07749
1.07663
1.07576
1.07487
1.07398
1.07308
1.07218
1.07126
1.07033
1.06939
1.06844
1.06749
1.06652
1.06555
1.06457
1.06359
1.0626
1.06161
1.06061
1.05962
1.05862
1.05762
1.05662
1.05562
1.05463
1.05364
1.05265
1.05167
1.0507
1.04974
1.04878
1.04784
1.04691
1.04599
1.04509
1.04419
1.04332
1.04246
1.04162
1.04079
1.03999
1.0392
1.03844
1.0377
1.03698
1.03628
1.03561
1.03497
1.03435
1.03376
1.0332
1.03267
1.03216
1.0317
1.03126
1.03086
1.03049
1.03017
1.02988
1.02962
1.02941
1.02924
1.02912
1.02903
1.02899
1.029
1.02905
1.02915
1.0293
1.02949
1.02973
1.03002
1.03036
1.03075
1.03118
1.03167
1.0322
1.03278
1.03341
1.03409
1.03481
1.03558
1.03639
1.03725
1.03814
1.03908
1.04006
1.04108
1.04214
1.04324
1.04437
1.04553
1.04673
1.04796
1.04922
1.05052
1.05184
1.05319
1.05456
1.05596
1.05739
1.05884
1.06031
1.0618
1.06331
1.06484
1.0664
1.06797
1.06956
1.07116
1.07279
1.07442
1.07608
1.07775
1.07943
1.08112
1.08283
1.08455
1.08628
1.08802
1.08977
1.09153
1.0933
1.09507
1.09686
1.09865
1.10045
1.10225
1.10405
1.10586
1.10768
1.10949
1.11131
1.11312
1.11494
1.11675
1.11856
1.12036
1.12217
1.12396
1.12575
1.12753
1.1293
1.13106
1.13282
1.13456
1.13628
1.138
1.1397
1.14138
1.14305
1.14469
1.14632
1.14793
1.14952
1.15109
1.15264
1.15416
1.15566
1.15713
1.15858
1.16
1.1614
1.16276
1.1641
1.1654
1.16668
1.16792
1.16913
1.17031
1.17145
1.17255
1.17362
1.17466
1.17565
1.17661
1.17753
1.17841
1.17925
1.18005
1.1808
1.18151
1.18218
1.1828
1.18338
1.18392
1.18441
1.18485
1.18524
1.18559
1.18589
1.18614
1.18634
1.1865
1.1866
1.18666
1.18666
1.18662
1.18652
1.18638
1.18619
1.18594
1.18565
1.18531
1.18492
1.18448
1.184
1.18347
1.18289
1.18226
1.18158
1.18086
1.1801
1.17929
1.17844
1.17755
1.17661
1.17563
1.17461
1.17355
1.17245
1.17132
1.17014
1.16894
1.16769
1.16642
1.16511
1.16376
1.16239
1.16099
1.15956
1.15811
1.15663
1.15512
1.1536
1.15205
1.15048
1.14889
1.14729
1.14567
1.14403
1.14238
1.14072
1.13905
1.13737
1.13568
1.13399
1.1323
1.1306
1.1289
1.1272
1.1255
1.12381
1.12212
1.12044
1.11877
1.11711
1.11545
1.11382
1.1122
1.11059
1.109
1.10743
1.10589
1.10436
1.10286
1.10138
1.09994
1.09851
1.09712
1.09576
1.09442
1.09312
1.09185
1.09062
1.08941
1.08825
1.08712
1.08602
1.08496
1.08394
1.08295
1.082
1.08109
1.08021
1.07937
1.07856
1.07779
1.07706
1.07636
1.07569
1.07505
1.07444
1.07387
1.07332
1.07281
1.07232
1.07186
1.07142
1.07101
1.07062
1.07025
1.06991
1.06958
1.06927
1.06898
1.06871
1.06845
1.0682
1.06797
1.06775
1.06755
1.06735
1.06716
1.06699
1.06682
1.06666
1.06651
1.06637
1.06624
1.06611
1.06599
1.06588
1.06578
1.06568
1.0656
1.06552
1.06545
1.06539
1.06534
1.0653
1.06527
1.06525
1.06524
1.06525
1.06527
1.0653
1.06535
1.06542
1.0655
1.06561
1.06573
1.06587
1.06603
1.06621
1.06642
1.06664
1.06689
1.06717
1.06747
1.0678
1.06815
1.06853
1.06893
1.06936
1.06982
1.0703
1.07081
1.07135
1.07191
1.0725
1.07312
1.07376
1.07443
1.07512
1.07583
1.07657
1.07732
1.0781
1.0789
1.07972
1.08056
1.08141
1.08228
1.08316
1.08405
1.08496
1.08587
1.0868
1.08773
1.08866
1.0896
1.09054
1.09148
1.09242
1.09336
1.09429
1.09522
1.09614
1.09706
1.09796
1.09885
1.09973
1.1006
1.10146
1.1023
1.10312
1.10393
1.10471
1.10548
1.10623
1.10696
1.10766
1.10835
1.10901
1.10965
1.11026
1.11085
1.11142
1.11196
1.11248
1.11297
1.11344
1.11388
1.11429
1.11468
1.11504
1.11538
1.11568
1.11596
1.11622
1.11644
1.11664
1.11681
1.11695
1.11706
1.11714
1.11719
1.11721
1.11721
1.11717
1.1171
1.117
1.11686
1.11669
1.11649
1.11625
1.11597
1.11566
1.11531
1.11493
1.1145
1.11403
1.11353
1.11298
1.11239
1.11176
1.11109
1.11037
1.10961
1.1088
1.10795
1.10705
1.10611
1.10512
1.10409
1.10301
1.10189
1.10072
1.09951
1.09825
1.09694
1.0956
1.0942
1.09277
1.0913
1.08979
1.08824
1.08665
1.08503
1.08338
1.08169
1.07998
1.07824
1.07647
1.07469
1.07288
1.07106
1.06922
1.06738
1.06552
1.06366
1.0618
1.05994
1.05808
1.05624
1.0544
1.05258
1.05077
1.04899
1.04723
1.04549
1.04378
1.04211
1.04048
1.03888
1.03732
1.03581
1.03434
1.03292
1.03155
1.03024
1.02898
1.02778
1.02663
1.02554
1.02452
1.02355
1.02265
1.02181
1.02104
1.02032
1.01968
1.01909
1.01857
1.01811
1.01772
1.01738
1.01711
1.0169
1.01675
1.01666
1.01663
1.01665
1.01673
1.01687
1.01705
1.01729
1.01758
1.01792
1.01831
1.01874
1.01921
1.01973
1.02029
1.02088
1.02152
1.02219
1.02289
1.02363
1.0244
1.0252
1.02603
1.02688
1.02776
1.02867
1.02959
1.03054
1.03151
1.03249
1.03349
1.03451
1.03554
1.03658
1.03763
1.0387
1.03977
1.04085
1.04193
1.04302
1.04411
1.04521
1.0463
1.0474
1.04849
1.04959
1.05068
1.05176
1.05284
1.05391
1.05497
1.05603
1.05708
1.05811
1.05914
1.06015
1.06115
1.06213
1.0631
1.06406
1.06499
1.06591
1.06682
1.0677
1.06856
1.06941
1.07024
1.07104
1.07183
1.07259
1.07333
1.07406
1.07476
1.07543
1.07609
1.07673
1.07734
1.07793
1.0785
1.07905
1.07958
1.08009
1.08058
1.08105
1.0815
1.08193
1.08234
1.08274
1.08312
1.08348
1.08383
1.08416
1.08447
1.08478
1.08507
1.08534
1.08561
1.08587
1.08611
1.08635
1.08657
1.08679
1.08701
1.08722
1.08742
1.08762
1.08781
1.08801
1.0882
1.08839
1.08858
1.08878
1.08897
1.08917
1.08938
1.08959
1.0898
1.09003
1.09026
1.0905
1.09074
1.091
1.09128
1.09156
1.09186
1.09217
1.0925
1.09284
1.0932
1.09357
1.09397
1.09438
1.09482
1.09527
1.09574
1.09624
1.09675
1.09729
1.09785
1.09843
1.09903
1.09965
1.1003
1.10096
1.10165
1.10236
1.10309
1.10384
1.10461
1.1054
1.10621
1.10703
1.10787
1.10872
1.10958
1.11046
1.11135
1.11224
1.11315
1.11407
1.11498
1.11591
1.11684
1.11776
1.11869
1.11962
1.12054
1.12146
1.12238
1.12328
1.12418
1.12507
1.12595
1.12681
1.12766
1.1285
1.12932
1.13012
1.13091
1.13168
1.13243
1.13316
1.13387
1.13456
1.13523
1.13588
1.13651
1.13711
1.1377
1.13827
1.13881
1.13934
1.13984
1.14033
1.14079
1.14123
1.14166
1.14206
1.14245
1.14282
1.14317
1.14351
1.14383
1.14414
1.14443
1.14471
1.14497
1.14522
1.14547
1.1457
1.14592
1.14613
1.14634
1.14653
1.14672
1.1469
1.14708
1.14725
1.14741
1.14757
1.14772
1.14788
1.14802
1.14817
1.1483
1.14844
1.14857
1.1487
1.14882
1.14894
1.14906
1.14917
1.14928
1.14938
1.14948
1.14958
1.14966
1.14975
1.14982
1.14989
1.14995
1.15
1.15004
1.15007
1.1501
1.15011
1.15011
1.15009
1.15007
1.15003
1.14998
1.14991
1.14983
1.14974
1.14962
1.1495
1.14935
1.14919
1.14901
1.14881
1.14859
1.14836
1.1481
1.14783
1.14754
1.14723
1.14691
1.14657
1.1462
1.14583
1.14543
1.14502
1.14459
1.14415
1.14369
1.14322
1.14274
1.14224
1.14173
1.14121
1.14069
1.14015
1.13961
1.13906
1.13851
1.13795
1.13739
1.13683
1.13627
1.13572
1.13516
1.13462
1.13407
1.13353
1.133
1.13248
1.13197
1.13147
1.13098
1.13051
1.13004
1.1296
1.12917
1.12875
1.12835
1.12797
1.12761
1.12726
1.12693
1.12661
1.12632
1.12604
1.12578
1.12553
1.1253
1.12509
1.12489
1.1247
1.12453
1.12437
1.12422
1.12408
1.12395
1.12383
1.12372
1.12362
1.12352
1.12342
1.12334
1.12325
1.12317
1.12308
1.123
1.12292
1.12284
1.12276
1.12268
1.12259
1.12251
1.12242
1.12233
1.12223
1.12213
1.12203
1.12193
1.12183
1.12172
1.12161
1.12149
1.12138
1.12126
1.12114
1.12102
1.12089
1.12077
1.12064
1.12052
1.12039
1.12027
1.12014
1.12002
1.11989
1.11977
1.11965
1.11954
1.11943
1.11932
1.11921
1.11911
1.11901
1.11891
1.11882
1.11873
1.11865
1.11857
1.1185
1.11843
1.11837
1.11831
1.11826
1.11821
1.11817
1.11814
1.11811
1.11809
1.11808
1.11808
1.11808
1.11809
1.11811
1.11814
1.11817
1.11821
1.11827
1.11833
1.1184
1.11848
1.11856
1.11866
1.11876
1.11888
1.119
1.11913
1.11926
1.11941
1.11956
1.11972
1.11989
1.12007
1.12025
1.12044
1.12063
1.12084
1.12104
1.12125
1.12147
1.12169
1.12191
1.12214
1.12238
1.12261
1.12285
1.12309
1.12334
1.12358
1.12383
1.12408
1.12433
1.12458
1.12484
1.12509
1.12535
1.1256
1.12586
1.12612
1.12638
1.12665
1.12692
1.12719
1.12746
1.12773
1.12801
1.1283
1.12858
1.12888
1.12917
1.12948
1.12979
1.13011
1.13044
1.13078
1.13113
1.13149
1.13186
1.13225
1.13265
1.13306
1.13349
1.13393
1.1344
1.13487
1.13537
1.13589
1.13642
1.13698
1.13755
1.13815
1.13876
1.1394
1.14006
1.14074
1.14144
1.14216
1.14291
1.14368
1.14446
1.14527
1.1461
1.14695
1.14782
1.1487
1.14961
1.15053
1.15146
1.15242
1.15338
1.15436
1.15534
1.15634
1.15734
1.15834
1.15936
1.16037
1.16138
1.16239
1.16339
1.16439
1.16538
1.16636
1.16732
1.16827
1.1692
1.17011
1.171
1.17187
1.17271
1.17352
1.1743
1.17505
1.17576
1.17644
1.17708
1.17768
1.17823
1.1
1.10018
1.10054
1.10087
1.10115
1.1014
1.1016
1.10175
1.10187
1.10193
1.10195
1.10193
1.10186
1.10174
1.10157
1.10135
1.10109
1.10078
1.10042
1.10002
1.09957
1.09907
1.09853
1.09795
1.09732
1.09665
1.09595
1.0952
1.09442
1.0936
1.09275
1.09186
1.09094
1.09
1.08903
1.08804
1.08702
1.08599
1.08494
1.08388
1.0828
1.08172
1.08063
1.07954
1.07845
1.07736
1.07627
1.0752
1.07413
1.07308
1.07204
1.07103
1.07003
1.06906
1.06812
1.0672
1.06632
1.06548
1.06467
1.0639
1.06317
1.06248
1.06184
1.06124
1.06069
1.0602
1.05975
1.05935
1.05901
1.05872
1.05848
1.0583
1.05817
1.05809
1.05808
1.05811
1.0582
1.05835
1.05854
1.05879
1.0591
1.05945
1.05985
1.0603
1.0608
1.06134
1.06193
1.06255
1.06322
1.06392
1.06466
1.06543
1.06623
1.06706
1.06792
1.06879
1.06969
1.0706
1.07152
1.07246
1.07341
1.07436
1.07531
1.07626
1.07721
1.07816
1.07909
1.08001
1.08092
1.08181
1.08268
1.08353
1.08436
1.08516
1.08593
1.08667
1.08738
1.08806
1.0887
1.0893
1.08987
1.0904
1.09088
1.09133
1.09173
1.09209
1.0924
1.09267
1.0929
1.09308
1.09322
1.09331
1.09335
1.09335
1.0933
1.0932
1.09306
1.09287
1.09264
1.09237
1.09205
1.09168
1.09128
1.09083
1.09034
1.0898
1.08923
1.08861
1.08796
1.08727
1.08654
1.08577
1.08496
1.08412
1.08324
1.08233
1.08138
1.0804
1.07938
1.07834
1.07726
1.07615
1.07501
1.07384
1.07264
1.07141
1.07015
1.06886
1.06755
1.06621
1.06484
1.06345
1.06203
1.06058
1.05912
1.05762
1.05611
1.05457
1.053
1.05142
1.04981
1.04819
1.04654
1.04487
1.04319
1.04149
1.03977
1.03804
1.03629
1.03453
1.03276
1.03098
1.02919
1.0274
1.0256
1.02379
1.02198
1.02018
1.01838
1.01658
1.01479
1.01301
1.01124
1.00949
1.00776
1.00604
1.00436
1.00269
1.00106
0.999457
0.997891
0.996363
0.994876
0.993433
0.992037
0.99069
0.989395
0.988154
0.986971
0.985848
0.984787
0.98379
0.98286
0.981997
0.981203
0.980481
0.979831
0.979253
0.97875
0.978321
0.977967
0.977688
0.977485
0.977355
0.9773
0.977319
0.97741
0.977571
0.977802
0.978101
0.978465
0.978894
0.979383
0.979932
0.980538
0.981197
0.981907
0.982664
0.983466
0.984308
0.985188
0.986102
0.987047
0.988018
0.989013
0.990028
0.99106
0.992104
0.993157
0.994215
0.995275
0.996334
0.997388
0.998434
0.999468
1.00049
1.00149
1.00247
1.00343
1.00437
1.00527
1.00615
1.00699
1.0078
1.00857
1.00931
1.01
1.01065
1.01126
1.01183
1.01236
1.01284
1.01327
1.01366
1.01401
1.01431
1.01456
1.01478
1.01494
1.01507
1.01515
1.01519
1.01519
1.01515
1.01508
1.01497
1.01482
1.01465
1.01444
1.0142
1.01394
1.01365
1.01334
1.01301
1.01266
1.0123
1.01192
1.01154
1.01114
1.01074
1.01034
1.00994
1.00954
1.00914
1.00875
1.00838
1.00801
1.00766
1.00732
1.00701
1.00671
1.00644
1.00619
1.00598
1.00579
1.00563
1.0055
1.00541
1.00536
1.00534
1.00536
1.00543
1.00553
1.00568
1.00586
1.0061
1.00637
1.00669
1.00706
1.00747
1.00793
1.00843
1.00898
1.00957
1.01021
1.01089
1.01162
1.01238
1.01319
1.01404
1.01493
1.01586
1.01682
1.01783
1.01886
1.01993
1.02103
1.02217
1.02333
1.02452
1.02573
1.02696
1.02822
1.0295
1.03079
1.0321
1.03342
1.03475
1.03609
1.03743
1.03878
1.04014
1.04149
1.04283
1.04418
1.04551
1.04684
1.04815
1.04945
1.05073
1.05199
1.05323
1.05444
1.05563
1.05679
1.05792
1.05902
1.06008
1.0611
1.06209
1.06303
1.06393
1.06478
1.06559
1.06635
1.06706
1.06772
1.06832
1.06888
1.06937
1.06981
1.07019
1.07052
1.07078
1.07098
1.07112
1.0712
1.07122
1.07118
1.07108
1.07091
1.07069
1.0704
1.07005
1.06963
1.06916
1.06863
1.06804
1.06739
1.06669
1.06592
1.06511
1.06423
1.06331
1.06233
1.0613
1.06023
1.05911
1.05794
1.05673
1.05547
1.05418
1.05285
1.05148
1.05008
1.04865
1.04718
1.04569
1.04418
1.04263
1.04107
1.03949
1.03788
1.03627
1.03463
1.03299
1.03134
1.02967
1.02801
1.02634
1.02466
1.02299
1.02132
1.01965
1.01799
1.01634
1.01469
1.01306
1.01143
1.00982
1.00823
1.00665
1.00509
1.00355
1.00203
1.00054
0.999061
0.997609
0.996182
0.994779
0.993403
0.992054
0.990733
0.989438
0.988172
0.986935
0.985728
0.98455
0.983403
0.982285
0.981198
0.98014
0.979112
0.978114
0.977145
0.976205
0.975293
0.974409
0.973552
0.972722
0.971918
0.97114
0.970386
0.969655
0.968948
0.968263
0.967601
0.966959
0.966337
0.965734
0.965148
0.964579
0.964025
0.963486
0.962961
0.962448
0.961947
0.961456
0.960974
0.960501
0.960036
0.959577
0.959124
0.958676
0.958232
0.957791
0.957352
0.956915
0.956479
0.956043
0.955607
0.95517
0.954732
0.954293
0.953852
0.95341
0.952964
0.952517
0.952067
0.951616
0.951162
0.950705
0.950247
0.949787
0.949326
0.948864
0.948403
0.947942
0.947482
0.947023
0.946567
0.946113
0.945664
0.945218
0.944777
0.944342
0.943914
0.943493
0.94308
0.942676
0.942282
0.941898
0.941525
0.941164
0.940815
0.940479
0.940157
0.939849
0.939556
0.939279
0.939018
0.938773
0.938545
0.938334
0.93814
0.937964
0.937805
0.937663
0.937539
0.937434
0.937347
0.937278
0.937226
0.937192
0.937177
0.937179
0.937199
0.937236
0.93729
0.937362
0.937451
0.937557
0.937679
0.937816
0.937969
0.938138
0.938321
0.93852
0.938735
0.938964
0.939208
0.939466
0.939737
0.940023
0.940321
0.940633
0.940957
0.941295
0.941645
0.942007
0.942381
0.942767
0.943164
0.943572
0.943992
0.944423
0.944865
0.945317
0.945779
0.946251
0.946732
0.947223
0.947723
0.948231
0.948749
0.949275
0.949808
0.95035
0.950898
0.951452
0.952014
0.952581
0.953155
0.953733
0.954318
0.954908
0.955502
0.9561
0.956703
0.957309
0.957918
0.95853
0.959145
0.959762
0.960381
0.961002
0.961624
0.962247
0.962871
0.963496
0.964121
0.964746
0.965371
0.965996
0.96662
0.967244
0.967867
0.968488
0.969109
0.969729
0.970347
0.970965
0.971582
0.972198
0.972813
0.973427
0.97404
0.974653
0.975266
0.975879
0.976492
0.977106
0.977721
0.978336
0.978954
0.979573
0.980195
0.98082
0.981447
0.982078
0.982713
0.983352
0.983994
0.984642
0.985293
0.98595
0.986613
0.987281
0.987954
0.988633
0.989318
0.990009
0.990705
0.991408
0.992116
0.992829
0.993547
0.994269
0.994997
0.995729
0.996465
0.997205
0.997947
0.998692
0.999439
1.00019
1.00094
1.00169
1.00244
1.00319
1.00394
1.00469
1.00543
1.00618
1.00692
1.00766
1.00839
1.00913
1.00986
1.01058
1.01131
1.01203
1.01275
1.01346
1.01417
1.01489
1.01559
1.0163
1.01701
1.01772
1.01842
1.01913
1.01984
1.02055
1.02127
1.02199
1.02271
1.02344
1.02418
1.02493
1.02569
1.02646
1.02723
1.02802
1.02883
1.02965
1.03048
1.03133
1.0322
1.03308
1.03399
1.03491
1.03586
1.03683
1.03781
1.03883
1.03986
1.04092
1.042
1.0431
1.04423
1.04538
1.04655
1.04774
1.04896
1.0502
1.05146
1.05275
1.05405
1.05537
1.05671
1.05807
1.05944
1.06083
1.06223
1.06365
1.06507
1.06651
1.06795
1.0694
1.07085
1.0723
1.07376
1.07521
1.07666
1.0781
1.07953
1.08095
1.08236
1.08375
1.08513
1.08648
1.08782
1.08913
1.09041
1.09166
1.09287
1.09406
1.0952
1.09631
1.09738
1.0984
1.09937
1.1003
1.10117
1.10199
1.10276
1.10347
1.10412
1.10472
1.10525
1.10572
1.10612
1.10646
1.10673
1.10693
1.10706
1.10713
1.10712
1.10704
1.10689
1.10666
1.10637
1.106
1.10555
1.10504
1.10445
1.10379
1.10306
1.10225
1.10138
1.10044
1.09942
1.09834
1.0972
1.09599
1.09471
1.09337
1.09197
1.09051
1.089
1.08743
1.0858
1.08413
1.0824
1.08063
1.07882
1.07696
1.07506
1.07313
1.07116
1.06916
1.06713
1.06508
1.063
1.0609
1.05879
1.05666
1.05451
1.05236
1.0502
1.04803
1.04587
1.04371
1.04155
1.03939
1.03725
1.03512
1.033
1.0309
1.02882
1.02677
1.02473
1.02273
1.02075
1.0188
1.01688
1.015
1.01315
1.01135
1.00958
1.00785
1.00616
1.00452
1.00292
1.00137
0.999867
0.998412
0.997007
0.995653
0.99435
0.9931
0.991903
0.990761
0.989672
0.988639
0.987662
0.98674
0.985875
0.985066
0.984315
0.983622
0.982985
0.982406
0.981884
0.981419
0.981012
0.980662
0.980369
0.980133
0.979952
0.979828
0.97976
0.979747
0.979789
0.979885
0.980034
0.980237
0.980493
0.980799
0.981157
0.981565
0.982021
0.982527
0.983079
0.983679
0.984324
0.985013
0.985745
0.986519
0.987334
0.988189
0.989082
0.990012
0.990979
0.991981
0.993017
0.994084
0.995182
0.996309
0.997464
0.998646
0.999854
1.00109
1.00234
1.00362
1.00492
1.00623
1.00756
1.00891
1.01028
1.01166
1.01305
1.01445
1.01585
1.01727
1.0187
1.02013
1.02156
1.023
1.02443
1.02587
1.02731
1.02875
1.03018
1.0316
1.03302
1.03444
1.03584
1.03724
1.03862
1.04
1.04136
1.0427
1.04403
1.04535
1.04665
1.04793
1.0492
1.05044
1.05167
1.05287
1.05406
1.05522
1.05636
1.05748
1.05857
1.05964
1.06069
1.06172
1.06272
1.0637
1.06466
1.0656
1.06651
1.0674
1.06827
1.06911
1.06994
1.07074
1.07153
1.0723
1.07305
1.07378
1.0745
1.07521
1.0759
1.07658
1.07724
1.0779
1.07854
1.07918
1.07981
1.08044
1.08106
1.08167
1.08229
1.0829
1.08351
1.08413
1.08474
1.08536
1.08599
1.08662
1.08725
1.08789
1.08854
1.0892
1.08987
1.09055
1.09123
1.09193
1.09264
1.09337
1.0941
1.09484
1.0956
1.09637
1.09715
1.09794
1.09874
1.09956
1.10038
1.10121
1.10204
1.10289
1.10374
1.1046
1.10546
1.10632
1.10718
1.10805
1.10891
1.10976
1.11061
1.11145
1.11229
1.11311
1.11391
1.1147
1.11548
1.11623
1.11696
1.11767
1.11835
1.119
1.11962
1.12021
1.12076
1.12127
1.12174
1.12217
1.12255
1.12289
1.12318
1.12342
1.12361
1.12375
1.12382
1.12385
1.12381
1.12371
1.12356
1.12334
1.12306
1.12271
1.1223
1.12183
1.1213
1.1207
1.12004
1.11931
1.11852
1.11767
1.11677
1.1158
1.11478
1.11371
1.11258
1.11141
1.11019
1.10893
1.10764
1.1063
1.10494
1.10355
1.10214
1.10071
1.09927
1.09782
1.09636
1.0949
1.09345
1.09201
1.09057
1.08916
1.08776
1.0864
1.08505
1.08375
1.08247
1.08123
1.08003
1.07886
1.07774
1.07666
1.07561
1.07461
1.07365
1.07272
1.07183
1.07098
1.07015
1.06936
1.06858
1.06783
1.0671
1.06638
1.06567
1.06497
1.06426
1.06355
1.06283
1.06209
1.06133
1.06055
1.05974
1.0589
1.05802
1.0571
1.05613
1.05512
1.05405
1.05293
1.05175
1.05051
1.04921
1.04785
1.04643
1.04494
1.04338
1.04177
1.04008
1.03834
1.03653
1.03466
1.03274
1.03076
1.02873
1.02665
1.02452
1.02235
1.02014
1.0179
1.01563
1.01334
1.01103
1.00871
1.00638
1.00405
1.00172
0.999405
0.997107
0.994832
0.992587
0.990377
0.988209
0.986088
0.984021
0.982014
0.980073
0.978202
0.976407
0.974694
0.973068
0.971532
0.970092
0.968751
0.967513
0.966382
0.96536
0.96445
0.963655
0.962975
0.962413
0.96197
0.961646
0.961442
0.961358
0.961395
0.96155
0.961824
0.962215
0.962722
0.963343
0.964075
0.964916
0.965864
0.966916
0.968068
0.969318
0.970663
0.972098
0.97362
0.975226
0.976912
0.978674
0.980507
0.982408
0.984373
0.986397
0.988477
0.990608
0.992786
0.995007
0.997268
0.999565
1.00189
1.00425
1.00663
1.00903
1.01145
1.01389
1.01633
1.01878
1.02124
1.02369
1.02614
1.02859
1.03103
1.03346
1.03588
1.03828
1.04066
1.04303
1.04537
1.04768
1.04997
1.05223
1.05446
1.05666
1.05882
1.06095
1.06304
1.06509
1.0671
1.06907
1.07099
1.07287
1.07471
1.0765
1.07824
1.07993
1.08157
1.08316
1.0847
1.08618
1.08762
1.08899
1.09032
1.09158
1.09279
1.09394
1.09503
1.09607
1.09704
1.09796
1.09881
1.0996
1.10034
1.10101
1.10161
1.10216
1.10265
1.10307
1.10343
1.10372
1.10396
1.10413
1.10424
1.10428
1.10427
1.10419
1.10405
1.10385
1.10358
1.10326
1.10287
1.10243
1.10193
1.10136
1.10074
1.10007
1.09933
1.09854
1.0977
1.0968
1.09585
1.09485
1.09379
1.09269
1.09154
1.09034
1.0891
1.08782
1.08649
1.08512
1.08372
1.08227
1.0808
1.07929
1.07775
1.07618
1.07458
1.07296
1.07132
1.06965
1.06797
1.06628
1.06457
1.06285
1.06112
1.05939
1.05766
1.05592
1.05419
1.05246
1.05074
1.04902
1.04732
1.04564
1.04397
1.04232
1.04069
1.03908
1.0375
1.03595
1.03442
1.03293
1.03146
1.03003
1.02864
1.02728
1.02596
1.02467
1.02343
1.02222
1.02106
1.01994
1.01885
1.01781
1.01681
1.01586
1.01494
1.01406
1.01323
1.01243
1.01168
1.01096
1.01029
1.00964
1.00904
1.00847
1.00793
1.00743
1.00696
1.00651
1.0061
1.00572
1.00536
1.00502
1.00471
1.00442
1.00415
1.00391
1.00367
1.00346
1.00326
1.00307
1.0029
1.00273
1.00257
1.00242
1.00228
1.00214
1.002
1.00187
1.00173
1.00159
1.00145
1.0013
1.00115
1.00098
1.00081
1.00063
1.00043
1.00022
0.999992
0.999749
0.999488
0.999207
0.998905
0.998581
0.998234
0.997863
0.997466
0.997044
0.996594
0.996117
0.995611
0.995076
0.994512
0.993917
0.993293
0.992639
0.991954
0.99124
0.990496
0.989723
0.988921
0.98809
0.987231
0.986346
0.985434
0.984497
0.983536
0.982552
0.981549
0.980526
0.979487
0.978433
0.977366
0.976287
0.975201
0.97411
0.973016
0.971923
0.970834
0.96975
0.968676
0.967614
0.966569
0.965544
0.964542
0.963568
0.962624
0.961714
0.960843
0.960014
0.959232
0.958501
0.957823
0.957203
0.956643
0.956148
0.955722
0.955366
0.955086
0.954883
0.95476
0.95472
0.954765
0.954896
0.955116
0.955425
0.955826
0.956319
0.956904
0.957581
0.95835
0.959211
0.960161
0.961201
0.962327
0.963538
0.964832
0.966205
0.967655
0.969178
0.970772
0.972432
0.974153
0.975933
0.977765
0.979646
0.981571
0.983534
0.985531
0.987557
0.989607
0.991675
0.993758
0.99585
0.997947
1.00004
1.00213
1.00422
1.00628
1.00833
1.01036
1.01237
1.01434
1.01628
1.01819
1.02006
1.02189
1.02367
1.02541
1.0271
1.02873
1.03032
1.03185
1.03333
1.03475
1.03612
1.03743
1.03868
1.03987
1.041
1.04208
1.0431
1.04406
1.04496
1.04581
1.0466
1.04734
1.04802
1.04865
1.04923
1.04976
1.05024
1.05068
1.05106
1.05141
1.05171
1.05197
1.05219
1.05237
1.05252
1.05263
1.05271
1.05276
1.05278
1.05278
1.05274
1.05268
1.0526
1.0525
1.05237
1.05223
1.05206
1.05188
1.05169
1.05148
1.05126
1.05102
1.05077
1.05051
1.05024
1.04996
1.04967
1.04937
1.04907
1.04875
1.04843
1.0481
1.04776
1.04741
1.04706
1.0467
1.04633
1.04595
1.04557
1.04517
1.04477
1.04436
1.04394
1.04352
1.04308
1.04263
1.04218
1.04171
1.04123
1.04075
1.04025
1.03974
1.03922
1.03869
1.03815
1.03759
1.03703
1.03646
1.03587
1.03527
1.03467
1.03405
1.03342
1.03278
1.03213
1.03147
1.0308
1.03012
1.02943
1.02873
1.02802
1.02731
1.02659
1.02586
1.02512
1.02438
1.02363
1.02288
1.02212
1.02136
1.02059
1.01982
1.01904
1.01827
1.01749
1.01671
1.01592
1.01514
1.01435
1.01357
1.01279
1.012
1.01122
1.01044
1.00966
1.00889
1.00811
1.00734
1.00657
1.0058
1.00504
1.00428
1.00353
1.00277
1.00202
1.00128
1.00053
0.999792
0.999054
0.998318
0.997584
0.996852
0.996122
0.995393
0.994664
0.993935
0.993205
0.992474
0.991741
0.991006
0.990267
0.989526
0.98878
0.988029
0.987273
0.986511
0.985742
0.984966
0.984181
0.983388
0.982586
0.981774
0.980952
0.98012
0.979277
0.978424
0.977561
0.976688
0.975805
0.974912
0.97401
0.973099
0.972179
0.971252
0.970319
0.96938
0.968435
0.967488
0.966538
0.965586
0.964635
0.963685
0.962739
0.961797
0.96086
0.95993
0.95901
0.958099
0.957201
0.956315
0.955444
0.954588
0.95375
0.952931
0.952132
0.951353
0.950596
0.949861
0.949149
0.948462
0.9478
0.947163
0.946551
0.945965
0.945404
0.944869
0.944359
0.943875
0.943415
0.94298
0.942568
0.942179
0.941812
0.941467
0.941142
0.940837
0.940551
0.940283
0.940031
0.939794
0.939572
0.939363
0.939166
0.938979
0.938803
0.938635
0.938475
0.938321
0.938174
0.938031
0.937892
0.937756
0.937623
0.937492
0.937361
0.937232
0.937103
0.936974
0.936844
0.936715
0.936586
0.936456
0.936326
0.936195
0.936065
0.935935
0.935806
0.935678
0.935553
0.935432
0.935314
0.935202
0.935095
0.934996
0.934906
0.934825
0.934755
0.934697
0.934653
0.934624
0.934611
0.934617
0.934642
0.934689
0.934757
0.934849
0.934966
0.93511
0.935281
0.935481
0.935711
0.935973
0.936267
0.936594
0.936955
0.937352
0.937785
0.938255
0.938761
0.939305
0.939886
0.940504
0.94116
0.941853
0.942584
0.943351
0.944155
0.944994
0.945869
0.946779
0.947723
0.9487
0.949709
0.950749
0.951819
0.952918
0.954045
0.955199
0.956377
0.95758
0.958806
0.960053
0.961322
0.962611
0.963917
0.96524
0.96658
0.967933
0.969301
0.970681
0.972074
0.973477
0.974891
0.976316
0.977749
0.979191
0.980641
0.982098
0.983563
0.985035
0.986513
0.987998
0.989489
0.990987
0.99249
0.993999
0.995514
0.997035
0.998562
1.00009
1.00163
1.00318
1.00473
1.00628
1.00784
1.00941
1.01098
1.01255
1.01413
1.01571
1.0173
1.01889
1.02048
1.02208
1.02367
1.02527
1.02687
1.02846
1.03005
1.03164
1.03323
1.03481
1.03638
1.03795
1.03951
1.04106
1.0426
1.04412
1.04564
1.04714
1.04863
1.0501
1.05155
1.05299
1.05441
1.05581
1.05718
1.05854
1.05988
1.06119
1.06248
1.06375
1.06499
1.06621
1.06741
1.06858
1.06972
1.07085
1.07194
1.07301
1.07406
1.07508
1.07607
1.07704
1.07799
1.07891
1.07981
1.08069
1.08154
1.08237
1.08318
1.08396
1.08472
1.08547
1.08619
1.08689
1.08756
1.08822
1.08886
1.08947
1.09006
1.09064
1.09119
1.09171
1.09222
1.09271
1.09317
1.0936
1.09401
1.0944
1.09476
1.09509
1.0954
1.09567
1.09592
1.09613
1.09631
1.09646
1.09657
1.09664
1.09668
1.09668
1.09663
1.09655
1.09642
1.09625
1.09604
1.09577
1.09546
1.0951
1.0947
1.09424
1.09373
1.09316
1.09255
1.09188
1.09116
1.09038
1.08955
1.08866
1.08772
1.08672
1.08567
1.08456
1.0834
1.08219
1.08092
1.0796
1.07823
1.07681
1.07534
1.07382
1.07225
1.07064
1.06899
1.06729
1.06555
1.06377
1.06196
1.06011
1.05823
1.05632
1.05438
1.05241
1.05042
1.04841
1.04638
1.04434
1.04228
1.04021
1.03813
1.03605
1.03396
1.03187
1.02979
1.02771
1.02564
1.02358
1.02153
1.0195
1.01749
1.0155
1.01354
1.0116
1.00969
1.00781
1.1
1.09906
1.09724
1.09545
1.09369
1.09197
1.09028
1.08864
1.08703
1.08546
1.08393
1.08245
1.08101
1.07962
1.07827
1.07698
1.07572
1.07452
1.07337
1.07226
1.0712
1.0702
1.06924
1.06833
1.06746
1.06665
1.06588
1.06516
1.06448
1.06385
1.06326
1.06271
1.0622
1.06173
1.0613
1.06091
1.06055
1.06022
1.05993
1.05966
1.05942
1.05921
1.05903
1.05886
1.05872
1.0586
1.05849
1.0584
1.05832
1.05826
1.05821
1.05816
1.05813
1.05809
1.05807
1.05804
1.05802
1.058
1.05797
1.05795
1.05792
1.05788
1.05784
1.0578
1.05775
1.05769
1.05763
1.05756
1.05748
1.0574
1.0573
1.05721
1.0571
1.05698
1.05686
1.05674
1.0566
1.05646
1.05632
1.05617
1.05602
1.05587
1.05571
1.05555
1.05539
1.05523
1.05508
1.05493
1.05478
1.05463
1.0545
1.05437
1.05425
1.05414
1.05404
1.05395
1.05388
1.05382
1.05378
1.05375
1.05375
1.05376
1.05379
1.05384
1.05391
1.054
1.05412
1.05426
1.05442
1.05461
1.05483
1.05507
1.05533
1.05562
1.05594
1.05628
1.05665
1.05704
1.05746
1.05791
1.05838
1.05888
1.0594
1.05994
1.06051
1.0611
1.06171
1.06234
1.063
1.06367
1.06436
1.06507
1.0658
1.06654
1.0673
1.06807
1.06885
1.06964
1.07044
1.07125
1.07206
1.07289
1.07371
1.07454
1.07537
1.0762
1.07703
1.07786
1.07868
1.0795
1.08031
1.08111
1.08191
1.08269
1.08347
1.08423
1.08498
1.08571
1.08643
1.08714
1.08782
1.08849
1.08914
1.08977
1.09039
1.09098
1.09154
1.09209
1.09262
1.09312
1.09359
1.09405
1.09448
1.09488
1.09526
1.09561
1.09593
1.09623
1.0965
1.09675
1.09697
1.09716
1.09732
1.09745
1.09756
1.09764
1.09769
1.09771
1.09771
1.09767
1.09761
1.09752
1.0974
1.09726
1.09708
1.09688
1.09665
1.09639
1.0961
1.09579
1.09544
1.09507
1.09468
1.09425
1.0938
1.09332
1.09282
1.09229
1.09173
1.09115
1.09054
1.08991
1.08926
1.08858
1.08788
1.08715
1.08641
1.08564
1.08485
1.08405
1.08322
1.08237
1.08151
1.08063
1.07973
1.07882
1.07789
1.07695
1.07599
1.07503
1.07405
1.07306
1.07207
1.07106
1.07005
1.06904
1.06801
1.06699
1.06596
1.06493
1.0639
1.06287
1.06184
1.06082
1.0598
1.05878
1.05777
1.05677
1.05578
1.0548
1.05382
1.05286
1.05192
1.05099
1.05007
1.04917
1.04829
1.04743
1.04659
1.04577
1.04498
1.04421
1.04346
1.04274
1.04204
1.04138
1.04074
1.04013
1.03955
1.039
1.03848
1.038
1.03755
1.03713
1.03675
1.0364
1.03608
1.0358
1.03556
1.03535
1.03518
1.03505
1.03495
1.03489
1.03487
1.03489
1.03495
1.03504
1.03518
1.03535
1.03556
1.0358
1.03609
1.03641
1.03677
1.03716
1.03759
1.03806
1.03857
1.0391
1.03968
1.04028
1.04092
1.04159
1.0423
1.04303
1.04379
1.04458
1.04539
1.04623
1.0471
1.04798
1.04889
1.04982
1.05076
1.05172
1.0527
1.05368
1.05468
1.05568
1.05669
1.0577
1.05871
1.05972
1.06073
1.06173
1.06272
1.0637
1.06467
1.06562
1.06655
1.06747
1.06836
1.06922
1.07006
1.07087
1.07165
1.0724
1.07311
1.07378
1.07442
1.07502
1.07558
1.0761
1.07658
1.07702
1.07742
1.07777
1.07809
1.07836
1.07859
1.07879
1.07894
1.07906
1.07915
1.0792
1.07922
1.07922
1.07919
1.07913
1.07906
1.07897
1.07887
1.07875
1.07863
1.07851
1.07839
1.07828
1.07817
1.07808
1.07801
1.07796
1.07793
1.07793
1.07796
1.07803
1.07813
1.07828
1.07847
1.07871
1.07899
1.07933
1.07972
1.08015
1.08065
1.08119
1.08179
1.08245
1.08315
1.08391
1.08472
1.08558
1.08648
1.08743
1.08843
1.08946
1.09053
1.09164
1.09278
1.09394
1.09513
1.09635
1.09758
1.09883
1.10009
1.10135
1.10263
1.1039
1.10518
1.10645
1.10772
1.10897
1.11022
1.11145
1.11267
1.11386
1.11504
1.1162
1.11734
1.11845
1.11954
1.1206
1.12164
1.12265
1.12364
1.12459
1.12552
1.12643
1.12731
1.12816
1.12899
1.1298
1.13058
1.13135
1.13209
1.13281
1.13352
1.13421
1.13489
1.13556
1.13622
1.13687
1.13751
1.13815
1.13879
1.13942
1.14006
1.1407
1.14134
1.14199
1.14265
1.14332
1.144
1.1447
1.1454
1.14613
1.14687
1.14763
1.1484
1.1492
1.15001
1.15085
1.15171
1.15258
1.15348
1.1544
1.15534
1.15629
1.15726
1.15825
1.15925
1.16027
1.1613
1.16234
1.16339
1.16445
1.16551
1.16657
1.16763
1.16869
1.16974
1.17079
1.17183
1.17285
1.17386
1.17485
1.17582
1.17677
1.1777
1.1786
1.17946
1.1803
1.1811
1.18186
1.18259
1.18328
1.18392
1.18452
1.18508
1.18559
1.18605
1.18646
1.18683
1.18714
1.1874
1.18761
1.18776
1.18786
1.18791
1.18791
1.18784
1.18773
1.18756
1.18734
1.18706
1.18673
1.18635
1.18592
1.18544
1.18491
1.18433
1.1837
1.18302
1.1823
1.18154
1.18074
1.17989
1.17901
1.17808
1.17713
1.17614
1.17512
1.17406
1.17298
1.17188
1.17075
1.1696
1.16842
1.16723
1.16602
1.1648
1.16356
1.16232
1.16106
1.15979
1.15852
1.15724
1.15596
1.15468
1.15339
1.15211
1.15082
1.14953
1.14825
1.14697
1.14569
1.14442
1.14315
1.14188
1.14062
1.13936
1.1381
1.13684
1.13559
1.13434
1.1331
1.13185
1.13061
1.12936
1.12812
1.12687
1.12563
1.12438
1.12313
1.12187
1.12061
1.11935
1.11808
1.11681
1.11553
1.11425
1.11296
1.11166
1.11036
1.10905
1.10773
1.10641
1.10508
1.10375
1.10242
1.10108
1.09973
1.09839
1.09704
1.09569
1.09435
1.093
1.09166
1.09033
1.089
1.08768
1.08637
1.08507
1.08379
1.08252
1.08128
1.08005
1.07884
1.07765
1.0765
1.07537
1.07427
1.0732
1.07217
1.07117
1.07021
1.0693
1.06843
1.0676
1.06682
1.06608
1.0654
1.06477
1.06419
1.06367
1.06321
1.06281
1.06246
1.06218
1.06195
1.06179
1.0617
1.06167
1.0617
1.0618
1.06196
1.06219
1.06248
1.06284
1.06326
1.06374
1.06429
1.0649
1.06557
1.06631
1.0671
1.06794
1.06885
1.0698
1.07081
1.07187
1.07298
1.07413
1.07533
1.07657
1.07786
1.07917
1.08053
1.08192
1.08334
1.08478
1.08626
1.08776
1.08928
1.09081
1.09237
1.09394
1.09553
1.09712
1.09873
1.10034
1.10195
1.10357
1.10519
1.10681
1.10843
1.11004
1.11165
1.11324
1.11483
1.11641
1.11798
1.11953
1.12107
1.12259
1.1241
1.12558
1.12705
1.12849
1.12991
1.13131
1.13269
1.13404
1.13536
1.13666
1.13792
1.13916
1.14037
1.14155
1.1427
1.14381
1.1449
1.14594
1.14696
1.14794
1.14888
1.14979
1.15066
1.15149
1.15228
1.15304
1.15375
1.15443
1.15506
1.15565
1.1562
1.15671
1.15718
1.1576
1.15797
1.15831
1.15859
1.15883
1.15903
1.15918
1.15928
1.15933
1.15934
1.15929
1.1592
1.15905
1.15886
1.15861
1.15831
1.15796
1.15756
1.1571
1.15659
1.15603
1.15541
1.15473
1.15399
1.1532
1.15235
1.15144
1.15048
1.14945
1.14836
1.14722
1.14601
1.14474
1.14341
1.14202
1.14057
1.13906
1.13748
1.13584
1.13415
1.13239
1.13057
1.12869
1.12674
1.12474
1.12268
1.12056
1.11839
1.11615
1.11387
1.11152
1.10913
1.10669
1.1042
1.10166
1.09907
1.09645
1.09378
1.09107
1.08833
1.08556
1.08275
1.07992
1.07706
1.07418
1.07129
1.06838
1.06545
1.06252
1.05959
1.05665
1.05372
1.0508
1.04788
1.04498
1.04211
1.03925
1.03642
1.03362
1.03086
1.02814
1.02546
1.02283
1.02026
1.01773
1.01527
1.01288
1.01055
1.00829
1.0061
1.00399
1.00196
1.00002
0.998161
0.996392
0.994715
0.993132
0.991644
0.990254
0.988963
0.987773
0.986684
0.985699
0.984817
0.984038
0.983362
0.982791
0.982322
0.981957
0.981692
0.981529
0.981465
0.981499
0.981629
0.981853
0.98217
0.982575
0.983068
0.983646
0.984305
0.985043
0.985857
0.986744
0.987701
0.988724
0.98981
0.990955
0.992155
0.993408
0.994709
0.996056
0.997445
0.998871
1.00033
1.00182
1.00334
1.00489
1.00645
1.00803
1.00962
1.01123
1.01284
1.01446
1.01607
1.01769
1.0193
1.0209
1.02249
1.02407
1.02563
1.02718
1.0287
1.0302
1.03167
1.03312
1.03453
1.03592
1.03726
1.03858
1.03985
1.04108
1.04228
1.04342
1.04453
1.04558
1.04659
1.04755
1.04846
1.04932
1.05013
1.05089
1.05159
1.05224
1.05284
1.05338
1.05387
1.0543
1.05468
1.05501
1.05528
1.0555
1.05566
1.05578
1.05585
1.05586
1.05583
1.05575
1.05563
1.05546
1.05525
1.055
1.05471
1.05438
1.05402
1.05363
1.0532
1.05275
1.05228
1.05178
1.05126
1.05072
1.05017
1.0496
1.04902
1.04844
1.04785
1.04726
1.04666
1.04607
1.04548
1.0449
1.04432
1.04376
1.04321
1.04267
1.04215
1.04165
1.04117
1.04071
1.04027
1.03985
1.03946
1.03909
1.03875
1.03844
1.03815
1.0379
1.03767
1.03747
1.0373
1.03715
1.03704
1.03695
1.03689
1.03685
1.03684
1.03686
1.0369
1.03696
1.03705
1.03716
1.03728
1.03743
1.0376
1.03778
1.03798
1.03819
1.03842
1.03867
1.03892
1.03919
1.03947
1.03976
1.04006
1.04037
1.04068
1.04101
1.04134
1.04168
1.04203
1.04238
1.04274
1.04311
1.04349
1.04387
1.04427
1.04467
1.04508
1.0455
1.04594
1.04638
1.04684
1.0473
1.04779
1.04828
1.04879
1.04932
1.04986
1.05043
1.051
1.0516
1.05222
1.05286
1.05352
1.05419
1.0549
1.05562
1.05636
1.05713
1.05792
1.05874
1.05957
1.06043
1.06131
1.06221
1.06313
1.06408
1.06504
1.06602
1.06701
1.06803
1.06906
1.0701
1.07116
1.07224
1.07332
1.07441
1.07552
1.07663
1.07775
1.07887
1.08
1.08113
1.08226
1.08339
1.08453
1.08565
1.08678
1.0879
1.08901
1.09011
1.09121
1.0923
1.09338
1.09444
1.0955
1.09654
1.09756
1.09858
1.09958
1.10056
1.10153
1.10248
1.10341
1.10433
1.10523
1.10612
1.10698
1.10783
1.10867
1.10948
1.11028
1.11107
1.11183
1.11258
1.11332
1.11404
1.11474
1.11543
1.1161
1.11676
1.11741
1.11804
1.11867
1.11928
1.11987
1.12046
1.12104
1.12161
1.12216
1.12271
1.12325
1.12379
1.12431
1.12483
1.12534
1.12585
1.12635
1.12684
1.12733
1.12782
1.1283
1.12878
1.12925
1.12973
1.1302
1.13066
1.13113
1.13159
1.13206
1.13252
1.13298
1.13344
1.13391
1.13437
1.13483
1.1353
1.13576
1.13623
1.1367
1.13717
1.13765
1.13813
1.13861
1.1391
1.13959
1.14008
1.14057
1.14108
1.14158
1.14209
1.1426
1.14312
1.14365
1.14417
1.14471
1.14524
1.14578
1.14633
1.14688
1.14743
1.14798
1.14854
1.1491
1.14966
1.15022
1.15078
1.15135
1.15191
1.15246
1.15302
1.15357
1.15412
1.15466
1.1552
1.15573
1.15624
1.15675
1.15725
1.15774
1.15821
1.15867
1.15911
1.15953
1.15994
1.16032
1.16068
1.16102
1.16133
1.16161
1.16187
1.16209
1.16228
1.16244
1.16256
1.16265
1.1627
1.16271
1.16268
1.1626
1.16248
1.16232
1.1621
1.16184
1.16153
1.16117
1.16075
1.16029
1.15976
1.15919
1.15855
1.15786
1.15711
1.15631
1.15544
1.15452
1.15353
1.15249
1.15139
1.15022
1.149
1.14773
1.14639
1.145
1.14355
1.14205
1.14049
1.13888
1.13722
1.13551
1.13375
1.13194
1.13009
1.1282
1.12627
1.1243
1.12229
1.12025
1.11818
1.11608
1.11396
1.11181
1.10965
1.10747
1.10527
1.10307
1.10086
1.09865
1.09644
1.09423
1.09203
1.08984
1.08766
1.0855
1.08337
1.08126
1.07917
1.07712
1.07511
1.07314
1.0712
1.06932
1.06748
1.06569
1.06396
1.06229
1.06068
1.05913
1.05765
1.05624
1.05491
1.05364
1.05245
1.05134
1.05031
1.04936
1.04849
1.0477
1.047
1.04639
1.04586
1.04542
1.04506
1.04479
1.04461
1.04452
1.04451
1.04458
1.04474
1.04498
1.0453
1.0457
1.04617
1.04673
1.04736
1.04806
1.04883
1.04966
1.05056
1.05153
1.05255
1.05363
1.05476
1.05594
1.05717
1.05844
1.05976
1.06111
1.0625
1.06392
1.06537
1.06685
1.06835
1.06987
1.07141
1.07296
1.07453
1.0761
1.07768
1.07927
1.08086
1.08244
1.08402
1.0856
1.08717
1.08873
1.09028
1.09181
1.09332
1.09482
1.0963
1.09776
1.09919
1.1006
1.10198
1.10334
1.10467
1.10597
1.10724
1.10847
1.10968
1.11085
1.11198
1.11308
1.11415
1.11518
1.11617
1.11712
1.11804
1.11891
1.11975
1.12055
1.12131
1.12203
1.12271
1.12335
1.12396
1.12452
1.12505
1.12553
1.12598
1.12639
1.12677
1.1271
1.1274
1.12767
1.1279
1.12809
1.12826
1.12839
1.12848
1.12855
1.12859
1.12859
1.12857
1.12852
1.12845
1.12835
1.12823
1.12809
1.12792
1.12774
1.12753
1.12731
1.12707
1.12682
1.12656
1.12628
1.12599
1.1257
1.1254
1.12509
1.12478
1.12446
1.12415
1.12383
1.12352
1.1232
1.12289
1.12258
1.12228
1.12199
1.1217
1.12142
1.12115
1.12088
1.12063
1.12039
1.12016
1.11994
1.11974
1.11954
1.11935
1.11918
1.11902
1.11886
1.11872
1.11858
1.11846
1.11834
1.11823
1.11812
1.11802
1.11792
1.11783
1.11774
1.11764
1.11755
1.11745
1.11734
1.11724
1.11712
1.117
1.11687
1.11672
1.11657
1.1164
1.11621
1.11601
1.11579
1.11556
1.11531
1.11504
1.11474
1.11443
1.11409
1.11374
1.11336
1.11296
1.11253
1.11208
1.11161
1.11112
1.11061
1.11007
1.10951
1.10893
1.10834
1.10772
1.10709
1.10644
1.10577
1.10509
1.1044
1.1037
1.10298
1.10226
1.10153
1.10079
1.10004
1.0993
1.09855
1.0978
1.09706
1.09631
1.09558
1.09485
1.09414
1.09343
1.09274
1.09206
1.0914
1.09076
1.09014
1.08954
1.08897
1.08842
1.08791
1.08742
1.08696
1.08654
1.08615
1.0858
1.08548
1.08521
1.08497
1.08478
1.08462
1.08451
1.08445
1.08443
1.08446
1.08454
1.08466
1.08483
1.08505
1.08531
1.08563
1.08599
1.0864
1.08685
1.08736
1.08791
1.08851
1.08915
1.08984
1.09057
1.09135
1.09216
1.09302
1.09392
1.09486
1.09584
1.09685
1.0979
1.09898
1.10009
1.10124
1.10242
1.10363
1.10487
1.10613
1.10743
1.10875
1.11009
1.11146
1.11286
1.11427
1.11571
1.11716
1.11864
1.12014
1.12165
1.12318
1.12473
1.12629
1.12787
1.12947
1.13108
1.1327
1.13434
1.13598
1.13764
1.13931
1.14098
1.14266
1.14435
1.14605
1.14775
1.14945
1.15115
1.15285
1.15455
1.15625
1.15794
1.15963
1.16131
1.16298
1.16464
1.16628
1.16791
1.16952
1.17111
1.17268
1.17423
1.17575
1.17724
1.1787
1.18012
1.18152
1.18287
1.18419
1.18546
1.18669
1.18788
1.18901
1.1901
1.19113
1.19211
1.19303
1.19389
1.1947
1.19544
1.19613
1.19675
1.1973
1.19779
1.19821
1.19856
1.19884
1.19906
1.1992
1.19927
1.19928
1.19921
1.19908
1.19887
1.19859
1.19825
1.19784
1.19736
1.19681
1.1962
1.19553
1.19479
1.19399
1.19314
1.19222
1.19125
1.19023
1.18915
1.18802
1.18685
1.18563
1.18437
1.18307
1.18173
1.18035
1.17895
1.17751
1.17604
1.17455
1.17303
1.1715
1.16994
1.16837
1.16679
1.1652
1.16359
1.16198
1.16037
1.15875
1.15713
1.15552
1.1539
1.15229
1.15068
1.14908
1.14749
1.1459
1.14433
1.14276
1.1412
1.13966
1.13813
1.13661
1.1351
1.1336
1.13212
1.13065
1.12919
1.12774
1.1263
1.12488
1.12347
1.12206
1.12067
1.11928
1.11791
1.11654
1.11519
1.11384
1.11249
1.11116
1.10983
1.1085
1.10718
1.10587
1.10456
1.10326
1.10197
1.10067
1.09939
1.09811
1.09683
1.09556
1.0943
1.09305
1.0918
1.09056
1.08933
1.08812
1.08691
1.08571
1.08452
1.08335
1.08219
1.08105
1.07992
1.07881
1.07772
1.07665
1.0756
1.07456
1.07355
1.07257
1.0716
1.07067
1.06975
1.06887
1.06801
1.06718
1.06639
1.06562
1.06488
1.06418
1.06351
1.06287
1.06227
1.0617
1.06117
1.06067
1.06021
1.05979
1.0594
1.05905
1.05875
1.05848
1.05824
1.05805
1.05789
1.05778
1.05769
1.05765
1.05764
1.05767
1.05774
1.05784
1.05797
1.05814
1.05834
1.05857
1.05883
1.05912
1.05943
1.05977
1.06013
1.06051
1.06091
1.06133
1.06176
1.0622
1.06265
1.06311
1.06357
1.06402
1.06447
1.06492
1.06534
1.06576
1.06615
1.06651
1.06685
1.06716
1.06743
1.06765
1.06783
1.06796
1.06804
1.06805
1.06801
1.06789
1.0677
1.06744
1.0671
1.06668
1.06617
1.06557
1.06487
1.06409
1.0632
1.06222
1.06114
1.05995
1.05867
1.05728
1.0558
1.05422
1.05254
1.05076
1.0489
1.04695
1.04492
1.04282
1.04064
1.0384
1.03611
1.03377
1.0314
1.02899
1.02657
1.02413
1.0217
1.01928
1.01688
1.01452
1.01219
1.00992
1.00772
1.00558
1.00353
1.00157
0.999708
0.997949
0.9963
0.994767
0.993354
0.992064
0.9909
0.989864
0.988955
0.988173
0.987519
0.98699
0.986584
0.986297
0.986126
0.986068
0.986117
0.986269
0.986519
0.986862
0.987295
0.987811
0.988406
0.989077
0.989818
0.990627
0.9915
0.992432
0.99342
0.994461
0.995554
0.996694
0.99788
0.999111
1.00038
1.0017
1.00305
1.00444
1.00587
1.00734
1.00884
1.01038
1.01195
1.01357
1.01521
1.01689
1.01861
1.02035
1.02214
1.02395
1.0258
1.02769
1.0296
1.03155
1.03352
1.03553
1.03757
1.03963
1.04173
1.04384
1.04599
1.04815
1.05034
1.05256
1.05479
1.05704
1.0593
1.06159
1.06388
1.06619
1.06851
1.07083
1.07316
1.0755
1.07784
1.08018
1.08252
1.08486
1.08719
1.08952
1.09184
1.09414
1.09643
1.09871
1.10098
1.10322
1.10544
1.10765
1.10983
1.11198
1.11411
1.11621
1.11828
1.12032
1.12233
1.12431
1.12624
1.12815
1.13001
1.13184
1.13363
1.13538
1.13708
1.13874
1.14036
1.14194
1.14347
1.14495
1.14639
1.14778
1.14912
1.15041
1.15165
1.15284
1.15398
1.15507
1.15611
1.15709
1.15802
1.1589
1.15972
1.16048
1.16119
1.16184
1.16244
1.16297
1.16345
1.16387
1.16422
1.16452
1.16476
1.16493
1.16504
1.16509
1.16507
1.16499
1.16484
1.16463
1.16435
1.16401
1.1636
1.16313
1.16259
1.16198
1.16131
1.16057
1.15977
1.1589
1.15798
1.15698
1.15593
1.15482
1.15364
1.15241
1.15113
1.14979
1.1484
1.14696
1.14547
1.14394
1.14236
1.14075
1.1391
1.13742
1.13571
1.13398
1.13222
1.13044
1.12865
1.12685
1.12505
1.12324
1.12144
1.11964
1.11786
1.11609
1.11434
1.11262
1.11092
1.10926
1.10763
1.10605
1.10451
1.10302
1.10159
1.10021
1.09889
1.09764
1.09645
1.09533
1.09428
1.09331
1.09241
1.09159
1.09086
1.0902
1.08963
1.08914
1.08874
1.08842
1.08819
1.08804
1.08798
1.088
1.0881
1.08829
1.08856
1.08891
1.08933
1.08983
1.0904
1.09105
1.09176
1.09254
1.09338
1.09428
1.09523
1.09624
1.0973
1.0984
